#
# A fatal error has been detected by the Java Runtime Environment:
#
#  EXCEPTION_ACCESS_VIOLATION (0xc0000005) at pc=0x00007ffbe21f21af, pid=5308, tid=3888
#
# JRE version: OpenJDK Runtime Environment Zulu17.44+53-CA (17.0.8.1+1) (build 17.0.8.1+1-LTS)
# Java VM: OpenJDK 64-Bit Server VM Zulu17.44+53-CA (17.0.8.1+1-LTS, mixed mode, sharing, tiered, compressed oops, compressed class ptrs, g1 gc, windows-amd64)
# Problematic frame:
# V  [jvm.dll+0x2421af]
#
# No core dump will be written. Minidumps are not enabled by default on client versions of Windows
#
# If you would like to submit a bug report, please visit:
#   http://www.azul.com/support/
#

---------------  S U M M A R Y ------------

Command Line: --add-opens=java.base/java.util=ALL-UNNAMED --add-opens=java.base/java.lang=ALL-UNNAMED --add-opens=java.base/java.lang.invoke=ALL-UNNAMED --add-opens=java.prefs/java.util.prefs=ALL-UNNAMED --add-opens=java.base/java.nio.charset=ALL-UNNAMED --add-opens=java.base/java.net=ALL-UNNAMED --add-opens=java.base/java.util.concurrent.atomic=ALL-UNNAMED -XX:MaxMetaspaceSize=384m -XX:+HeapDumpOnOutOfMemoryError -Xms256m -Xmx512m -Dfile.encoding=x-windows-949 -Duser.country=KR -Duser.language=ko -Duser.variant -javaagent:C:\Users\Administrator\.gradle\wrapper\dists\gradle-8.5-bin\5t9huq95ubn472n8rpzujfbqh\gradle-8.5\lib\agents\gradle-instrumentation-agent-8.5.jar org.gradle.launcher.daemon.bootstrap.GradleDaemon 8.5

Host: Intel(R) Core(TM) i7-8700 CPU @ 3.20GHz, 12 cores, 15G,  Windows 10 , 64 bit Build 19041 (10.0.19041.3636)
Time: Mon Jan 15 12:43:26 2024  Windows 10 , 64 bit Build 19041 (10.0.19041.3636) elapsed time: 18.653566 seconds (0d 0h 0m 18s)

---------------  T H R E A D  ---------------

Current thread (0x00000288c36c71c0):  VMThread "VM Thread" [stack: 0x0000009a40700000,0x0000009a40800000] [id=3888]

Stack: [0x0000009a40700000,0x0000009a40800000],  sp=0x0000009a407fea00,  free space=1018k
Native frames: (J=compiled Java code, j=interpreted, Vv=VM code, C=native code)
V  [jvm.dll+0x2421af]
V  [jvm.dll+0x1f5f9f]
V  [jvm.dll+0x1f940e]
V  [jvm.dll+0x2eeee3]
V  [jvm.dll+0x322ef0]
V  [jvm.dll+0x841f6b]
V  [jvm.dll+0x842ca4]
V  [jvm.dll+0x8431bd]
V  [jvm.dll+0x843594]
V  [jvm.dll+0x843660]
V  [jvm.dll+0x7ebd7a]
V  [jvm.dll+0x67cf15]
C  [ucrtbase.dll+0x21bb2]
C  [KERNEL32.DLL+0x17344]
C  [ntdll.dll+0x526b1]


siginfo: EXCEPTION_ACCESS_VIOLATION (0xc0000005), reading address 0x00000258da313bc0


Register to memory mapping:

RIP=0x00007ffbe21f21af jvm.dll
RAX=0x0000000000000029 is an unknown value
RBX=0x00000288da313a78 is pointing into metadata
RCX=0x00000288da313a78 is pointing into metadata
RDX=0x00000288ddac4860 points into unknown readable memory: 0x00000288ddc5c740 | 40 c7 c5 dd 88 02 00 00
RSP=0x0000009a407fea00 points into unknown readable memory: 0x00000288ddefb990 | 90 b9 ef dd 88 02 00 00
RBP=0x000000000000000a is an unknown value
RSI=0x00000258da313bc0 is an unknown value
RDI=0x00000288da313a78 is pointing into metadata
R8 =0x000000000000000a is an unknown value
R9 =0x00000288dedc6660 points into unknown readable memory: 0x0000006400000009 | 09 00 00 00 64 00 00 00
R10=0x0000000000000001 is an unknown value
R11=0x00000288a6770a10 points into unknown readable memory: 0x0000002000000017 | 17 00 00 00 20 00 00 00
R12=0x0 is NULL
R13=0x00007ffbe2b75360 jvm.dll
R14=0x00000288ddac4860 points into unknown readable memory: 0x00000288ddc5c740 | 40 c7 c5 dd 88 02 00 00
R15=0x0 is NULL


Registers:
RAX=0x0000000000000029, RBX=0x00000288da313a78, RCX=0x00000288da313a78, RDX=0x00000288ddac4860
RSP=0x0000009a407fea00, RBP=0x000000000000000a, RSI=0x00000258da313bc0, RDI=0x00000288da313a78
R8 =0x000000000000000a, R9 =0x00000288dedc6660, R10=0x0000000000000001, R11=0x00000288a6770a10
R12=0x0000000000000000, R13=0x00007ffbe2b75360, R14=0x00000288ddac4860, R15=0x0000000000000000
RIP=0x00007ffbe21f21af, EFLAGS=0x0000000000010206

Top of Stack: (sp=0x0000009a407fea00)
0x0000009a407fea00:   00000288ddefb990 000000000000001a
0x0000009a407fea10:   00000288ddefb990 000000000000001a
0x0000009a407fea20:   0000000000000009 00000288ddac4860
0x0000009a407fea30:   0000000000000000 00007ffbe21a5f9f
0x0000009a407fea40:   00000288da3149d0 00000288da313a78
0x0000009a407fea50:   0000000000000029 00007ffbe21c1e45
0x0000009a407fea60:   00000288c36bdd01 0000000000000000
0x0000009a407fea70:   00000288a678f160 00007ffbe21a940e
0x0000009a407fea80:   00000288ddac4860 0000009a407febb0
0x0000009a407fea90:   000000000000009c 0000000ddad4bed1
0x0000009a407feaa0:   000000000000000a 00007ffbe229eee3
0x0000009a407feab0:   00000288a67714a0 0000009a407febb0
0x0000009a407feac0:   00000288a67714a0 00000288a65d72b0
0x0000009a407fead0:   000000000b1bfa00 0000000dd8a8a817
0x0000009a407feae0:   000000000b1bfa2c 0000000dd8a8a817
0x0000009a407feaf0:   0000000000000001 00000288a65a0000 

Instructions: (pc=0x00007ffbe21f21af)
0x00007ffbe21f20af:   09 00 00 00 c3 b8 01 00 00 00 c3 66 90 b4 20 24
0x00007ffbe21f20bf:   00 8f 20 24 00 a8 20 24 00 ae 20 24 00 9c 20 24
0x00007ffbe21f20cf:   00 a2 20 24 00 b4 20 24 00 00 01 00 02 02 03 03
0x00007ffbe21f20df:   04 04 02 02 02 02 06 06 05 04 02 02 06 06 06 06
0x00007ffbe21f20ef:   06 06 06 06 06 06 06 06 06 06 06 06 06 06 06 06
0x00007ffbe21f20ff:   06 06 06 06 06 06 06 06 06 06 06 06 06 06 06 06
0x00007ffbe21f210f:   06 06 06 06 06 06 06 06 06 06 06 06 06 06 06 06
0x00007ffbe21f211f:   06 06 06 06 06 06 06 06 06 06 06 06 06 06 06 06
0x00007ffbe21f212f:   06 06 06 06 06 06 06 06 06 06 06 06 06 04 04 04
0x00007ffbe21f213f:   04 05 04 02 cc cc cc cc cc cc cc cc cc cc cc cc
0x00007ffbe21f214f:   cc 48 89 5c 24 10 48 89 74 24 18 57 41 56 41 57
0x00007ffbe21f215f:   48 83 ec 20 48 8b 71 10 45 33 ff 4c 8b f2 48 8b
0x00007ffbe21f216f:   f9 48 85 f6 74 31 8b 06 48 8b ce 8d 1c 85 04 00
0x00007ffbe21f217f:   00 00 e8 ea 6c 00 00 49 8b ce 48 63 db e8 0f 47
0x00007ffbe21f218f:   fb ff 48 8b c8 45 33 c9 4c 8b c3 48 8b d6 e8 4e
0x00007ffbe21f219f:   96 fb ff 4c 89 7f 10 48 8b 77 28 48 85 f6 74 36
0x00007ffbe21f21af:   8b 0e 41 8b c7 ff c9 85 c9 0f 4f c1 49 8b ce 48
0x00007ffbe21f21bf:   98 48 8d 04 c5 17 00 00 00 48 c1 e8 03 48 63 d8
0x00007ffbe21f21cf:   e8 cc 46 fb ff 48 8b c8 45 33 c9 4c 8b c3 48 8b
0x00007ffbe21f21df:   d6 e8 0b 96 fb ff 48 8b 77 20 4c 89 7f 28 48 85
0x00007ffbe21f21ef:   f6 74 36 8b 0e 41 8b c7 ff c9 85 c9 0f 4f c1 49
0x00007ffbe21f21ff:   8b ce 48 98 48 8d 04 45 0f 00 00 00 48 c1 e8 03
0x00007ffbe21f220f:   48 63 d8 e8 89 46 fb ff 48 8b c8 45 33 c9 4c 8b
0x00007ffbe21f221f:   c3 48 8b d6 e8 c8 95 fb ff bb 01 00 00 00 4c 89
0x00007ffbe21f222f:   7f 20 39 5f 3c 7e 33 48 89 6c 24 40 48 8d 77 50
0x00007ffbe21f223f:   8b eb 48 8b 47 08 0f b6 44 28 04 3c 01 75 08 48
0x00007ffbe21f224f:   8b 0e e8 7a 6e 56 00 ff c3 48 ff c5 48 83 c6 08
0x00007ffbe21f225f:   3b 5f 3c 7c dd 48 8b 6c 24 40 48 8b 77 08 48 85
0x00007ffbe21f226f:   f6 74 33 8b 0e 41 8b c7 ff c9 85 c9 0f 4f c1 48
0x00007ffbe21f227f:   63 c8 48 83 c1 0f 48 c1 e9 03 48 63 d9 49 8b ce
0x00007ffbe21f228f:   e8 0c 46 fb ff 48 8b c8 45 33 c9 4c 8b c3 48 8b
0x00007ffbe21f229f:   d6 e8 4b 95 fb ff 48 8b 5c 24 48 48 8b 74 24 50 


Stack slot to memory mapping:
stack at sp + 0 slots: 0x00000288ddefb990 points into unknown readable memory: 0x0000000000000000 | 00 00 00 00 00 00 00 00
stack at sp + 1 slots: 0x000000000000001a is an unknown value
stack at sp + 2 slots: 0x00000288ddefb990 points into unknown readable memory: 0x0000000000000000 | 00 00 00 00 00 00 00 00
stack at sp + 3 slots: 0x000000000000001a is an unknown value
stack at sp + 4 slots: 0x0000000000000009 is an unknown value
stack at sp + 5 slots: 0x00000288ddac4860 points into unknown readable memory: 0x00000288ddc5c740 | 40 c7 c5 dd 88 02 00 00
stack at sp + 6 slots: 0x0 is NULL
stack at sp + 7 slots: 0x00007ffbe21a5f9f jvm.dll

VM_Operation (0x0000009a403ff3e0): G1PauseRemark, mode: safepoint, requested by thread 0x00000288a6793aa0


---------------  P R O C E S S  ---------------

Threads class SMR info:
_java_thread_list=0x00000288de6c1a70, length=42, elements={
0x00000288a675fd90, 0x00000288c36ccd60, 0x00000288c36cef10, 0x00000288c36e5d20,
0x00000288c36e8710, 0x00000288c36e8ff0, 0x00000288c36e98d0, 0x00000288c36ea590,
0x00000288c36eaf60, 0x00000288c36eb880, 0x00000288c36b4690, 0x00000288c394cbe0,
0x00000288deda1c40, 0x00000288c399d930, 0x00000288de1bf480, 0x00000288dedad680,
0x00000288ddd20450, 0x00000288de350030, 0x00000288df36e060, 0x00000288df371300,
0x00000288df36f9b0, 0x00000288df36e570, 0x00000288df3703d0, 0x00000288df3708e0,
0x00000288df36ea80, 0x00000288df36ef90, 0x00000288df36f4a0, 0x00000288df370df0,
0x00000288de9802f0, 0x00000288de984ee0, 0x00000288de986830, 0x00000288de9844c0,
0x00000288de980800, 0x00000288de986d40, 0x00000288de980d10, 0x00000288de983aa0,
0x00000288de9853f0, 0x00000288de981730, 0x00000288de987250, 0x00000288de97fde0,
0x00000288de983fb0, 0x00000288df34d240
}

Java Threads: ( => current thread )
  0x00000288a675fd90 JavaThread "main" [_thread_blocked, id=9712, stack(0x0000009a40100000,0x0000009a40200000)]
  0x00000288c36ccd60 JavaThread "Reference Handler" daemon [_thread_blocked, id=9176, stack(0x0000009a40800000,0x0000009a40900000)]
  0x00000288c36cef10 JavaThread "Finalizer" daemon [_thread_blocked, id=9616, stack(0x0000009a40900000,0x0000009a40a00000)]
  0x00000288c36e5d20 JavaThread "Signal Dispatcher" daemon [_thread_blocked, id=10416, stack(0x0000009a40a00000,0x0000009a40b00000)]
  0x00000288c36e8710 JavaThread "Attach Listener" daemon [_thread_blocked, id=8836, stack(0x0000009a40b00000,0x0000009a40c00000)]
  0x00000288c36e8ff0 JavaThread "Service Thread" daemon [_thread_blocked, id=8248, stack(0x0000009a40c00000,0x0000009a40d00000)]
  0x00000288c36e98d0 JavaThread "Monitor Deflation Thread" daemon [_thread_blocked, id=2520, stack(0x0000009a40d00000,0x0000009a40e00000)]
  0x00000288c36ea590 JavaThread "C2 CompilerThread0" daemon [_thread_in_native, id=920, stack(0x0000009a40e00000,0x0000009a40f00000)]
  0x00000288c36eaf60 JavaThread "C1 CompilerThread0" daemon [_thread_blocked, id=1940, stack(0x0000009a40f00000,0x0000009a41000000)]
  0x00000288c36eb880 JavaThread "Sweeper thread" daemon [_thread_blocked, id=2000, stack(0x0000009a41000000,0x0000009a41100000)]
  0x00000288c36b4690 JavaThread "Common-Cleaner" daemon [_thread_blocked, id=10412, stack(0x0000009a41100000,0x0000009a41200000)]
  0x00000288c394cbe0 JavaThread "Notification Thread" daemon [_thread_blocked, id=4700, stack(0x0000009a41200000,0x0000009a41300000)]
  0x00000288deda1c40 JavaThread "Daemon health stats" [_thread_blocked, id=11460, stack(0x0000009a41b00000,0x0000009a41c00000)]
  0x00000288c399d930 JavaThread "Incoming local TCP Connector on port 51704" [_thread_in_native, id=11816, stack(0x0000009a41400000,0x0000009a41500000)]
  0x00000288de1bf480 JavaThread "Daemon periodic checks" [_thread_blocked, id=11840, stack(0x0000009a41500000,0x0000009a41600000)]
  0x00000288dedad680 JavaThread "Daemon" [_thread_blocked, id=11872, stack(0x0000009a41c00000,0x0000009a41d00000)]
  0x00000288ddd20450 JavaThread "Handler for socket connection from /127.0.0.1:51704 to /127.0.0.1:51705" [_thread_in_native, id=11884, stack(0x0000009a41d00000,0x0000009a41e00000)]
  0x00000288de350030 JavaThread "Cancel handler" [_thread_blocked, id=11928, stack(0x0000009a41e00000,0x0000009a41f00000)]
  0x00000288df36e060 JavaThread "Daemon worker" [_thread_blocked, id=11980, stack(0x0000009a41f00000,0x0000009a42000000)]
  0x00000288df371300 JavaThread "Asynchronous log dispatcher for DefaultDaemonConnection: socket connection from /127.0.0.1:51704 to /127.0.0.1:51705" [_thread_blocked, id=12056, stack(0x0000009a42000000,0x0000009a42100000)]
  0x00000288df36f9b0 JavaThread "Stdin handler" [_thread_blocked, id=12064, stack(0x0000009a42100000,0x0000009a42200000)]
  0x00000288df36e570 JavaThread "Daemon client event forwarder" [_thread_blocked, id=12080, stack(0x0000009a42200000,0x0000009a42300000)]
  0x00000288df3703d0 JavaThread "Cache worker for journal cache (C:\Users\Administrator\.gradle\caches\journal-1)" [_thread_blocked, id=3600, stack(0x0000009a42300000,0x0000009a42400000)]
  0x00000288df3708e0 JavaThread "File lock request listener" [_thread_in_native, id=8680, stack(0x0000009a42400000,0x0000009a42500000)]
  0x00000288df36ea80 JavaThread "File lock release action executor" [_thread_blocked, id=12876, stack(0x0000009a42500000,0x0000009a42600000)]
  0x00000288df36ef90 JavaThread "Cache worker for file hash cache (C:\Users\Administrator\.gradle\caches\8.5\fileHashes)" [_thread_blocked, id=12948, stack(0x0000009a42700000,0x0000009a42800000)]
  0x00000288df36f4a0 JavaThread "File watcher server" daemon [_thread_in_native, id=8504, stack(0x0000009a42800000,0x0000009a42900000)]
  0x00000288df370df0 JavaThread "File watcher consumer" daemon [_thread_blocked, id=12612, stack(0x0000009a42900000,0x0000009a42a00000)]
  0x00000288de9802f0 JavaThread "Cache worker for checksums cache (D:\Students\kth\second_project\.gradle\8.5\checksums)" [_thread_blocked, id=12448, stack(0x0000009a43000000,0x0000009a43100000)]
  0x00000288de984ee0 JavaThread "Cache worker for file hash cache (D:\Students\kth\second_project\.gradle\8.5\fileHashes)" [_thread_blocked, id=12488, stack(0x0000009a43100000,0x0000009a43200000)]
  0x00000288de986830 JavaThread "Cache worker for cache directory md-supplier (C:\Users\Administrator\.gradle\caches\8.5\md-supplier)" [_thread_blocked, id=12324, stack(0x0000009a43200000,0x0000009a43300000)]
  0x00000288de9844c0 JavaThread "Cache worker for cache directory md-rule (C:\Users\Administrator\.gradle\caches\8.5\md-rule)" [_thread_blocked, id=12152, stack(0x0000009a43300000,0x0000009a43400000)]
  0x00000288de980800 JavaThread "Cache worker for file content cache (C:\Users\Administrator\.gradle\caches\8.5\fileContent)" [_thread_blocked, id=12352, stack(0x0000009a43400000,0x0000009a43500000)]
  0x00000288de986d40 JavaThread "Cache worker for execution history cache (C:\Users\Administrator\.gradle\caches\8.5\executionHistory)" [_thread_blocked, id=12572, stack(0x0000009a43500000,0x0000009a43600000)]
  0x00000288de980d10 JavaThread "jar transforms" [_thread_blocked, id=10896, stack(0x0000009a42600000,0x0000009a42700000)]
  0x00000288de983aa0 JavaThread "jar transforms Thread 2" [_thread_blocked, id=13172, stack(0x0000009a43600000,0x0000009a43700000)]
  0x00000288de9853f0 JavaThread "jar transforms Thread 3" [_thread_blocked, id=1856, stack(0x0000009a43700000,0x0000009a43800000)]
  0x00000288de981730 JavaThread "jar transforms Thread 4" [_thread_blocked, id=11968, stack(0x0000009a43800000,0x0000009a43900000)]
  0x00000288de987250 JavaThread "jar transforms Thread 5" [_thread_blocked, id=4036, stack(0x0000009a43900000,0x0000009a43a00000)]
  0x00000288de97fde0 JavaThread "jar transforms Thread 6" [_thread_blocked, id=10812, stack(0x0000009a43a00000,0x0000009a43b00000)]
  0x00000288de983fb0 JavaThread "Cache worker for dependencies-accessors (D:\Students\kth\second_project\.gradle\8.5\dependencies-accessors)" [_thread_blocked, id=6192, stack(0x0000009a43b00000,0x0000009a43c00000)]
  0x00000288df34d240 JavaThread "C2 CompilerThread1" daemon [_thread_in_native, id=4460, stack(0x0000009a43c00000,0x0000009a43d00000)]

Other Threads:
=>0x00000288c36c71c0 VMThread "VM Thread" [stack: 0x0000009a40700000,0x0000009a40800000] [id=3888]
  0x00000288c39a0aa0 WatcherThread [stack: 0x0000009a41300000,0x0000009a41400000] [id=5424]
  0x00000288a678ec30 GCTaskThread "GC Thread#0" [stack: 0x0000009a40200000,0x0000009a40300000] [id=10612]
  0x00000288dda0d0f0 GCTaskThread "GC Thread#1" [stack: 0x0000009a41600000,0x0000009a41700000] [id=4300]
  0x00000288dda0e4a0 GCTaskThread "GC Thread#2" [stack: 0x0000009a41700000,0x0000009a41800000] [id=7600]
  0x00000288dda0dc30 GCTaskThread "GC Thread#3" [stack: 0x0000009a41800000,0x0000009a41900000] [id=11248]
  0x00000288dda0df00 GCTaskThread "GC Thread#4" [stack: 0x0000009a41900000,0x0000009a41a00000] [id=7476]
  0x00000288dda0cb50 GCTaskThread "GC Thread#5" [stack: 0x0000009a41a00000,0x0000009a41b00000] [id=11036]
  0x00000288dfc3e560 GCTaskThread "GC Thread#6" [stack: 0x0000009a42a00000,0x0000009a42b00000] [id=12408]
  0x00000288dfc3f910 GCTaskThread "GC Thread#7" [stack: 0x0000009a42b00000,0x0000009a42c00000] [id=12496]
  0x00000288dfc41530 GCTaskThread "GC Thread#8" [stack: 0x0000009a42c00000,0x0000009a42d00000] [id=12768]
  0x00000288dfc3f0a0 GCTaskThread "GC Thread#9" [stack: 0x0000009a42d00000,0x0000009a42e00000] [id=12128]
  0x00000288a6793aa0 ConcurrentGCThread "G1 Main Marker" [stack: 0x0000009a40300000,0x0000009a40400000] [id=10256]
  0x00000288a67953e0 ConcurrentGCThread "G1 Conc#0" [stack: 0x0000009a40400000,0x0000009a40500000] [id=10504]
  0x00000288dfc3fbe0 ConcurrentGCThread "G1 Conc#1" [stack: 0x0000009a42e00000,0x0000009a42f00000] [id=12716]
  0x00000288dfc3f370 ConcurrentGCThread "G1 Conc#2" [stack: 0x0000009a42f00000,0x0000009a43000000] [id=11852]
  0x00000288c358a510 ConcurrentGCThread "G1 Refine#0" [stack: 0x0000009a40500000,0x0000009a40600000] [id=2608]
  0x00000288c358ad60 ConcurrentGCThread "G1 Service" [stack: 0x0000009a40600000,0x0000009a40700000] [id=4148]

Threads with active compile tasks:
C2 CompilerThread0    18672 4103       4       groovy.lang.MetaClassImpl$1MOPIter::methodNameAction (325 bytes)
C2 CompilerThread1    18672 4160       4       org.objectweb.asm.Frame::execute (2318 bytes)

VM state: at safepoint (normal execution)

VM Mutex/Monitor currently owned by a thread:  ([mutex/lock_event])
[0x00000288a675a7e0] Threads_lock - owner thread: 0x00000288c36c71c0
[0x00000288a675b7a0] Heap_lock - owner thread: 0x00000288a6793aa0

Heap address: 0x00000000e0000000, size: 512 MB, Compressed Oops mode: 32-bit

CDS archive(s) mapped at: [0x00000288c4000000-0x00000288c4c00000-0x00000288c4c00000), size 12582912, SharedBaseAddress: 0x00000288c4000000, ArchiveRelocationMode: 1.
Compressed class space mapped at: 0x00000288c5000000-0x00000288d9000000, reserved size: 335544320
Narrow klass base: 0x00000288c4000000, Narrow klass shift: 0, Narrow klass range: 0x100000000

GC Precious Log:
 CPUs: 12 total, 12 available
 Memory: 16301M
 Large Page Support: Disabled
 NUMA Support: Disabled
 Compressed Oops: Enabled (32-bit)
 Heap Region Size: 1M
 Heap Min Capacity: 256M
 Heap Initial Capacity: 256M
 Heap Max Capacity: 512M
 Pre-touch: Disabled
 Parallel Workers: 10
 Concurrent Workers: 3
 Concurrent Refinement Workers: 10
 Periodic GC: Disabled

Heap:
 garbage-first heap   total 262144K, used 31164K [0x00000000e0000000, 0x0000000100000000)
  region size 1024K, 10 young (10240K), 9 survivors (9216K)
 Metaspace       used 35649K, committed 36032K, reserved 393216K
  class space    used 4925K, committed 5120K, reserved 327680K

Heap Regions: E=young(eden), S=young(survivor), O=old, HS=humongous(starts), HC=humongous(continues), CS=collection set, F=free, OA=open archive, CA=closed archive, TAMS=top-at-mark-start (previous, next)
|   0|0x00000000e0000000, 0x00000000e0100000, 0x00000000e0100000|100%|HS|  |TAMS 0x00000000e0100000, 0x00000000e0000000| Complete 
|   1|0x00000000e0100000, 0x00000000e0200000, 0x00000000e0200000|100%|HC|  |TAMS 0x00000000e0200000, 0x00000000e0100000| Complete 
|   2|0x00000000e0200000, 0x00000000e0300000, 0x00000000e0300000|100%|HC|  |TAMS 0x00000000e0300000, 0x00000000e0200000| Complete 
|   3|0x00000000e0300000, 0x00000000e0400000, 0x00000000e0400000|100%|HC|  |TAMS 0x00000000e0400000, 0x00000000e0300000| Complete 
|   4|0x00000000e0400000, 0x00000000e0500000, 0x00000000e0500000|100%| O|  |TAMS 0x00000000e0500000, 0x00000000e0400000| Untracked 
|   5|0x00000000e0500000, 0x00000000e0600000, 0x00000000e0600000|100%| O|  |TAMS 0x00000000e0600000, 0x00000000e0500000| Untracked 
|   6|0x00000000e0600000, 0x00000000e0700000, 0x00000000e0700000|100%| O|  |TAMS 0x00000000e0700000, 0x00000000e0600000| Untracked 
|   7|0x00000000e0700000, 0x00000000e0800000, 0x00000000e0800000|100%| O|  |TAMS 0x00000000e0800000, 0x00000000e0700000| Untracked 
|   8|0x00000000e0800000, 0x00000000e0900000, 0x00000000e0900000|100%| O|  |TAMS 0x00000000e0900000, 0x00000000e0800000| Untracked 
|   9|0x00000000e0900000, 0x00000000e0a00000, 0x00000000e0a00000|100%| O|  |TAMS 0x00000000e0a00000, 0x00000000e0900000| Untracked 
|  10|0x00000000e0a00000, 0x00000000e0b00000, 0x00000000e0b00000|100%| O|  |TAMS 0x00000000e0a46000, 0x00000000e0a00000| Untracked 
|  11|0x00000000e0b00000, 0x00000000e0b00000, 0x00000000e0c00000|  0%| F|  |TAMS 0x00000000e0b00000, 0x00000000e0b00000| Untracked 
|  12|0x00000000e0c00000, 0x00000000e0c00000, 0x00000000e0d00000|  0%| F|  |TAMS 0x00000000e0c00000, 0x00000000e0c00000| Untracked 
|  13|0x00000000e0d00000, 0x00000000e0d00000, 0x00000000e0e00000|  0%| F|  |TAMS 0x00000000e0d00000, 0x00000000e0d00000| Untracked 
|  14|0x00000000e0e00000, 0x00000000e0e00000, 0x00000000e0f00000|  0%| F|  |TAMS 0x00000000e0e00000, 0x00000000e0e00000| Untracked 
|  15|0x00000000e0f00000, 0x00000000e0f00000, 0x00000000e1000000|  0%| F|  |TAMS 0x00000000e0f00000, 0x00000000e0f00000| Untracked 
|  16|0x00000000e1000000, 0x00000000e1100000, 0x00000000e1100000|100%| O|  |TAMS 0x00000000e1000000, 0x00000000e1000000| Untracked 
|  17|0x00000000e1100000, 0x00000000e1200000, 0x00000000e1200000|100%| O|  |TAMS 0x00000000e1100000, 0x00000000e1100000| Untracked 
|  18|0x00000000e1200000, 0x00000000e1300000, 0x00000000e1300000|100%| O|  |TAMS 0x00000000e1200000, 0x00000000e1200000| Untracked 
|  19|0x00000000e1300000, 0x00000000e1400000, 0x00000000e1400000|100%| O|  |TAMS 0x00000000e1300000, 0x00000000e1300000| Untracked 
|  20|0x00000000e1400000, 0x00000000e1500000, 0x00000000e1500000|100%| O|  |TAMS 0x00000000e1400000, 0x00000000e1400000| Untracked 
|  21|0x00000000e1500000, 0x00000000e1600000, 0x00000000e1600000|100%| O|  |TAMS 0x00000000e1500000, 0x00000000e1500000| Untracked 
|  22|0x00000000e1600000, 0x00000000e1700000, 0x00000000e1700000|100%| O|  |TAMS 0x00000000e1600000, 0x00000000e1600000| Untracked 
|  23|0x00000000e1700000, 0x00000000e1800000, 0x00000000e1800000|100%| O|  |TAMS 0x00000000e1700000, 0x00000000e1700000| Untracked 
|  24|0x00000000e1800000, 0x00000000e1900000, 0x00000000e1900000|100%| O|  |TAMS 0x00000000e1800000, 0x00000000e1800000| Untracked 
|  25|0x00000000e1900000, 0x00000000e1a00000, 0x00000000e1a00000|100%| O|  |TAMS 0x00000000e1900000, 0x00000000e1900000| Untracked 
|  26|0x00000000e1a00000, 0x00000000e1a99a00, 0x00000000e1b00000| 60%| O|  |TAMS 0x00000000e1a00000, 0x00000000e1a00000| Updating 
|  27|0x00000000e1b00000, 0x00000000e1b00000, 0x00000000e1c00000|  0%| F|  |TAMS 0x00000000e1b00000, 0x00000000e1b00000| Untracked 
|  28|0x00000000e1c00000, 0x00000000e1c00000, 0x00000000e1d00000|  0%| F|  |TAMS 0x00000000e1c00000, 0x00000000e1c00000| Untracked 
|  29|0x00000000e1d00000, 0x00000000e1d00000, 0x00000000e1e00000|  0%| F|  |TAMS 0x00000000e1d00000, 0x00000000e1d00000| Untracked 
|  30|0x00000000e1e00000, 0x00000000e1e00000, 0x00000000e1f00000|  0%| F|  |TAMS 0x00000000e1e00000, 0x00000000e1e00000| Untracked 
|  31|0x00000000e1f00000, 0x00000000e1f00000, 0x00000000e2000000|  0%| F|  |TAMS 0x00000000e1f00000, 0x00000000e1f00000| Untracked 
|  32|0x00000000e2000000, 0x00000000e2000000, 0x00000000e2100000|  0%| F|  |TAMS 0x00000000e2000000, 0x00000000e2000000| Untracked 
|  33|0x00000000e2100000, 0x00000000e2100000, 0x00000000e2200000|  0%| F|  |TAMS 0x00000000e2100000, 0x00000000e2100000| Untracked 
|  34|0x00000000e2200000, 0x00000000e2200000, 0x00000000e2300000|  0%| F|  |TAMS 0x00000000e2200000, 0x00000000e2200000| Untracked 
|  35|0x00000000e2300000, 0x00000000e2300000, 0x00000000e2400000|  0%| F|  |TAMS 0x00000000e2300000, 0x00000000e2300000| Untracked 
|  36|0x00000000e2400000, 0x00000000e2400000, 0x00000000e2500000|  0%| F|  |TAMS 0x00000000e2400000, 0x00000000e2400000| Untracked 
|  37|0x00000000e2500000, 0x00000000e2500000, 0x00000000e2600000|  0%| F|  |TAMS 0x00000000e2500000, 0x00000000e2500000| Untracked 
|  38|0x00000000e2600000, 0x00000000e2600000, 0x00000000e2700000|  0%| F|  |TAMS 0x00000000e2600000, 0x00000000e2600000| Untracked 
|  39|0x00000000e2700000, 0x00000000e2700000, 0x00000000e2800000|  0%| F|  |TAMS 0x00000000e2700000, 0x00000000e2700000| Untracked 
|  40|0x00000000e2800000, 0x00000000e2800000, 0x00000000e2900000|  0%| F|  |TAMS 0x00000000e2800000, 0x00000000e2800000| Untracked 
|  41|0x00000000e2900000, 0x00000000e2900000, 0x00000000e2a00000|  0%| F|  |TAMS 0x00000000e2900000, 0x00000000e2900000| Untracked 
|  42|0x00000000e2a00000, 0x00000000e2a00000, 0x00000000e2b00000|  0%| F|  |TAMS 0x00000000e2a00000, 0x00000000e2a00000| Untracked 
|  43|0x00000000e2b00000, 0x00000000e2b00000, 0x00000000e2c00000|  0%| F|  |TAMS 0x00000000e2b00000, 0x00000000e2b00000| Untracked 
|  44|0x00000000e2c00000, 0x00000000e2c00000, 0x00000000e2d00000|  0%| F|  |TAMS 0x00000000e2c00000, 0x00000000e2c00000| Untracked 
|  45|0x00000000e2d00000, 0x00000000e2d00000, 0x00000000e2e00000|  0%| F|  |TAMS 0x00000000e2d00000, 0x00000000e2d00000| Untracked 
|  46|0x00000000e2e00000, 0x00000000e2e00000, 0x00000000e2f00000|  0%| F|  |TAMS 0x00000000e2e00000, 0x00000000e2e00000| Untracked 
|  47|0x00000000e2f00000, 0x00000000e2f00000, 0x00000000e3000000|  0%| F|  |TAMS 0x00000000e2f00000, 0x00000000e2f00000| Untracked 
|  48|0x00000000e3000000, 0x00000000e3000000, 0x00000000e3100000|  0%| F|  |TAMS 0x00000000e3000000, 0x00000000e3000000| Untracked 
|  49|0x00000000e3100000, 0x00000000e3100000, 0x00000000e3200000|  0%| F|  |TAMS 0x00000000e3100000, 0x00000000e3100000| Untracked 
|  50|0x00000000e3200000, 0x00000000e3200000, 0x00000000e3300000|  0%| F|  |TAMS 0x00000000e3200000, 0x00000000e3200000| Untracked 
|  51|0x00000000e3300000, 0x00000000e3300000, 0x00000000e3400000|  0%| F|  |TAMS 0x00000000e3300000, 0x00000000e3300000| Untracked 
|  52|0x00000000e3400000, 0x00000000e3400000, 0x00000000e3500000|  0%| F|  |TAMS 0x00000000e3400000, 0x00000000e3400000| Untracked 
|  53|0x00000000e3500000, 0x00000000e3500000, 0x00000000e3600000|  0%| F|  |TAMS 0x00000000e3500000, 0x00000000e3500000| Untracked 
|  54|0x00000000e3600000, 0x00000000e3600000, 0x00000000e3700000|  0%| F|  |TAMS 0x00000000e3600000, 0x00000000e3600000| Untracked 
|  55|0x00000000e3700000, 0x00000000e3700000, 0x00000000e3800000|  0%| F|  |TAMS 0x00000000e3700000, 0x00000000e3700000| Untracked 
|  56|0x00000000e3800000, 0x00000000e3800000, 0x00000000e3900000|  0%| F|  |TAMS 0x00000000e3800000, 0x00000000e3800000| Untracked 
|  57|0x00000000e3900000, 0x00000000e3900000, 0x00000000e3a00000|  0%| F|  |TAMS 0x00000000e3900000, 0x00000000e3900000| Untracked 
|  58|0x00000000e3a00000, 0x00000000e3a00000, 0x00000000e3b00000|  0%| F|  |TAMS 0x00000000e3a00000, 0x00000000e3a00000| Untracked 
|  59|0x00000000e3b00000, 0x00000000e3b00000, 0x00000000e3c00000|  0%| F|  |TAMS 0x00000000e3b00000, 0x00000000e3b00000| Untracked 
|  60|0x00000000e3c00000, 0x00000000e3c00000, 0x00000000e3d00000|  0%| F|  |TAMS 0x00000000e3c00000, 0x00000000e3c00000| Untracked 
|  61|0x00000000e3d00000, 0x00000000e3d00000, 0x00000000e3e00000|  0%| F|  |TAMS 0x00000000e3d00000, 0x00000000e3d00000| Untracked 
|  62|0x00000000e3e00000, 0x00000000e3e00000, 0x00000000e3f00000|  0%| F|  |TAMS 0x00000000e3e00000, 0x00000000e3e00000| Untracked 
|  63|0x00000000e3f00000, 0x00000000e3f00000, 0x00000000e4000000|  0%| F|  |TAMS 0x00000000e3f00000, 0x00000000e3f00000| Untracked 
|  64|0x00000000e4000000, 0x00000000e4000000, 0x00000000e4100000|  0%| F|  |TAMS 0x00000000e4000000, 0x00000000e4000000| Untracked 
|  65|0x00000000e4100000, 0x00000000e4100000, 0x00000000e4200000|  0%| F|  |TAMS 0x00000000e4100000, 0x00000000e4100000| Untracked 
|  66|0x00000000e4200000, 0x00000000e4200000, 0x00000000e4300000|  0%| F|  |TAMS 0x00000000e4200000, 0x00000000e4200000| Untracked 
|  67|0x00000000e4300000, 0x00000000e4300000, 0x00000000e4400000|  0%| F|  |TAMS 0x00000000e4300000, 0x00000000e4300000| Untracked 
|  68|0x00000000e4400000, 0x00000000e4400000, 0x00000000e4500000|  0%| F|  |TAMS 0x00000000e4400000, 0x00000000e4400000| Untracked 
|  69|0x00000000e4500000, 0x00000000e4500000, 0x00000000e4600000|  0%| F|  |TAMS 0x00000000e4500000, 0x00000000e4500000| Untracked 
|  70|0x00000000e4600000, 0x00000000e4600000, 0x00000000e4700000|  0%| F|  |TAMS 0x00000000e4600000, 0x00000000e4600000| Untracked 
|  71|0x00000000e4700000, 0x00000000e4700000, 0x00000000e4800000|  0%| F|  |TAMS 0x00000000e4700000, 0x00000000e4700000| Untracked 
|  72|0x00000000e4800000, 0x00000000e4800000, 0x00000000e4900000|  0%| F|  |TAMS 0x00000000e4800000, 0x00000000e4800000| Untracked 
|  73|0x00000000e4900000, 0x00000000e4900000, 0x00000000e4a00000|  0%| F|  |TAMS 0x00000000e4900000, 0x00000000e4900000| Untracked 
|  74|0x00000000e4a00000, 0x00000000e4a00000, 0x00000000e4b00000|  0%| F|  |TAMS 0x00000000e4a00000, 0x00000000e4a00000| Untracked 
|  75|0x00000000e4b00000, 0x00000000e4b00000, 0x00000000e4c00000|  0%| F|  |TAMS 0x00000000e4b00000, 0x00000000e4b00000| Untracked 
|  76|0x00000000e4c00000, 0x00000000e4c00000, 0x00000000e4d00000|  0%| F|  |TAMS 0x00000000e4c00000, 0x00000000e4c00000| Untracked 
|  77|0x00000000e4d00000, 0x00000000e4d00000, 0x00000000e4e00000|  0%| F|  |TAMS 0x00000000e4d00000, 0x00000000e4d00000| Untracked 
|  78|0x00000000e4e00000, 0x00000000e4e00000, 0x00000000e4f00000|  0%| F|  |TAMS 0x00000000e4e00000, 0x00000000e4e00000| Untracked 
|  79|0x00000000e4f00000, 0x00000000e4f00000, 0x00000000e5000000|  0%| F|  |TAMS 0x00000000e4f00000, 0x00000000e4f00000| Untracked 
|  80|0x00000000e5000000, 0x00000000e5000000, 0x00000000e5100000|  0%| F|  |TAMS 0x00000000e5000000, 0x00000000e5000000| Untracked 
|  81|0x00000000e5100000, 0x00000000e5100000, 0x00000000e5200000|  0%| F|  |TAMS 0x00000000e5100000, 0x00000000e5100000| Untracked 
|  82|0x00000000e5200000, 0x00000000e5200000, 0x00000000e5300000|  0%| F|  |TAMS 0x00000000e5200000, 0x00000000e5200000| Untracked 
|  83|0x00000000e5300000, 0x00000000e5300000, 0x00000000e5400000|  0%| F|  |TAMS 0x00000000e5300000, 0x00000000e5300000| Untracked 
|  84|0x00000000e5400000, 0x00000000e5400000, 0x00000000e5500000|  0%| F|  |TAMS 0x00000000e5400000, 0x00000000e5400000| Untracked 
|  85|0x00000000e5500000, 0x00000000e5500000, 0x00000000e5600000|  0%| F|  |TAMS 0x00000000e5500000, 0x00000000e5500000| Untracked 
|  86|0x00000000e5600000, 0x00000000e5600000, 0x00000000e5700000|  0%| F|  |TAMS 0x00000000e5600000, 0x00000000e5600000| Untracked 
|  87|0x00000000e5700000, 0x00000000e5700000, 0x00000000e5800000|  0%| F|  |TAMS 0x00000000e5700000, 0x00000000e5700000| Untracked 
|  88|0x00000000e5800000, 0x00000000e5800000, 0x00000000e5900000|  0%| F|  |TAMS 0x00000000e5800000, 0x00000000e5800000| Untracked 
|  89|0x00000000e5900000, 0x00000000e5900000, 0x00000000e5a00000|  0%| F|  |TAMS 0x00000000e5900000, 0x00000000e5900000| Untracked 
|  90|0x00000000e5a00000, 0x00000000e5a00000, 0x00000000e5b00000|  0%| F|  |TAMS 0x00000000e5a00000, 0x00000000e5a00000| Untracked 
|  91|0x00000000e5b00000, 0x00000000e5b00000, 0x00000000e5c00000|  0%| F|  |TAMS 0x00000000e5b00000, 0x00000000e5b00000| Untracked 
|  92|0x00000000e5c00000, 0x00000000e5c00000, 0x00000000e5d00000|  0%| F|  |TAMS 0x00000000e5c00000, 0x00000000e5c00000| Untracked 
|  93|0x00000000e5d00000, 0x00000000e5d00000, 0x00000000e5e00000|  0%| F|  |TAMS 0x00000000e5d00000, 0x00000000e5d00000| Untracked 
|  94|0x00000000e5e00000, 0x00000000e5e00000, 0x00000000e5f00000|  0%| F|  |TAMS 0x00000000e5e00000, 0x00000000e5e00000| Untracked 
|  95|0x00000000e5f00000, 0x00000000e5f00000, 0x00000000e6000000|  0%| F|  |TAMS 0x00000000e5f00000, 0x00000000e5f00000| Untracked 
|  96|0x00000000e6000000, 0x00000000e6000000, 0x00000000e6100000|  0%| F|  |TAMS 0x00000000e6000000, 0x00000000e6000000| Untracked 
|  97|0x00000000e6100000, 0x00000000e6100000, 0x00000000e6200000|  0%| F|  |TAMS 0x00000000e6100000, 0x00000000e6100000| Untracked 
|  98|0x00000000e6200000, 0x00000000e6200000, 0x00000000e6300000|  0%| F|  |TAMS 0x00000000e6200000, 0x00000000e6200000| Untracked 
|  99|0x00000000e6300000, 0x00000000e6300000, 0x00000000e6400000|  0%| F|  |TAMS 0x00000000e6300000, 0x00000000e6300000| Untracked 
| 100|0x00000000e6400000, 0x00000000e6400000, 0x00000000e6500000|  0%| F|  |TAMS 0x00000000e6400000, 0x00000000e6400000| Untracked 
| 101|0x00000000e6500000, 0x00000000e6500000, 0x00000000e6600000|  0%| F|  |TAMS 0x00000000e6500000, 0x00000000e6500000| Untracked 
| 102|0x00000000e6600000, 0x00000000e6600000, 0x00000000e6700000|  0%| F|  |TAMS 0x00000000e6600000, 0x00000000e6600000| Untracked 
| 103|0x00000000e6700000, 0x00000000e6700000, 0x00000000e6800000|  0%| F|  |TAMS 0x00000000e6700000, 0x00000000e6700000| Untracked 
| 104|0x00000000e6800000, 0x00000000e6800000, 0x00000000e6900000|  0%| F|  |TAMS 0x00000000e6800000, 0x00000000e6800000| Untracked 
| 105|0x00000000e6900000, 0x00000000e6900000, 0x00000000e6a00000|  0%| F|  |TAMS 0x00000000e6900000, 0x00000000e6900000| Untracked 
| 106|0x00000000e6a00000, 0x00000000e6a00000, 0x00000000e6b00000|  0%| F|  |TAMS 0x00000000e6a00000, 0x00000000e6a00000| Untracked 
| 107|0x00000000e6b00000, 0x00000000e6b00000, 0x00000000e6c00000|  0%| F|  |TAMS 0x00000000e6b00000, 0x00000000e6b00000| Untracked 
| 108|0x00000000e6c00000, 0x00000000e6c00000, 0x00000000e6d00000|  0%| F|  |TAMS 0x00000000e6c00000, 0x00000000e6c00000| Untracked 
| 109|0x00000000e6d00000, 0x00000000e6d00000, 0x00000000e6e00000|  0%| F|  |TAMS 0x00000000e6d00000, 0x00000000e6d00000| Untracked 
| 110|0x00000000e6e00000, 0x00000000e6e00000, 0x00000000e6f00000|  0%| F|  |TAMS 0x00000000e6e00000, 0x00000000e6e00000| Untracked 
| 111|0x00000000e6f00000, 0x00000000e6f00000, 0x00000000e7000000|  0%| F|  |TAMS 0x00000000e6f00000, 0x00000000e6f00000| Untracked 
| 112|0x00000000e7000000, 0x00000000e7000000, 0x00000000e7100000|  0%| F|  |TAMS 0x00000000e7000000, 0x00000000e7000000| Untracked 
| 113|0x00000000e7100000, 0x00000000e7100000, 0x00000000e7200000|  0%| F|  |TAMS 0x00000000e7100000, 0x00000000e7100000| Untracked 
| 114|0x00000000e7200000, 0x00000000e7200000, 0x00000000e7300000|  0%| F|  |TAMS 0x00000000e7200000, 0x00000000e7200000| Untracked 
| 115|0x00000000e7300000, 0x00000000e7300000, 0x00000000e7400000|  0%| F|  |TAMS 0x00000000e7300000, 0x00000000e7300000| Untracked 
| 116|0x00000000e7400000, 0x00000000e7400000, 0x00000000e7500000|  0%| F|  |TAMS 0x00000000e7400000, 0x00000000e7400000| Untracked 
| 117|0x00000000e7500000, 0x00000000e7500000, 0x00000000e7600000|  0%| F|  |TAMS 0x00000000e7500000, 0x00000000e7500000| Untracked 
| 118|0x00000000e7600000, 0x00000000e7600000, 0x00000000e7700000|  0%| F|  |TAMS 0x00000000e7600000, 0x00000000e7600000| Untracked 
| 119|0x00000000e7700000, 0x00000000e7700000, 0x00000000e7800000|  0%| F|  |TAMS 0x00000000e7700000, 0x00000000e7700000| Untracked 
| 120|0x00000000e7800000, 0x00000000e7800000, 0x00000000e7900000|  0%| F|  |TAMS 0x00000000e7800000, 0x00000000e7800000| Untracked 
| 121|0x00000000e7900000, 0x00000000e7900000, 0x00000000e7a00000|  0%| F|  |TAMS 0x00000000e7900000, 0x00000000e7900000| Untracked 
| 122|0x00000000e7a00000, 0x00000000e7a00000, 0x00000000e7b00000|  0%| F|  |TAMS 0x00000000e7a00000, 0x00000000e7a00000| Untracked 
| 123|0x00000000e7b00000, 0x00000000e7bd5770, 0x00000000e7c00000| 83%| S|CS|TAMS 0x00000000e7b00000, 0x00000000e7b00000| Complete 
| 124|0x00000000e7c00000, 0x00000000e7d00000, 0x00000000e7d00000|100%| S|CS|TAMS 0x00000000e7c00000, 0x00000000e7c00000| Complete 
| 125|0x00000000e7d00000, 0x00000000e7e00000, 0x00000000e7e00000|100%| S|CS|TAMS 0x00000000e7d00000, 0x00000000e7d00000| Complete 
| 126|0x00000000e7e00000, 0x00000000e7f00000, 0x00000000e7f00000|100%| S|CS|TAMS 0x00000000e7e00000, 0x00000000e7e00000| Complete 
| 127|0x00000000e7f00000, 0x00000000e8000000, 0x00000000e8000000|100%| S|CS|TAMS 0x00000000e7f00000, 0x00000000e7f00000| Complete 
| 128|0x00000000e8000000, 0x00000000e8100000, 0x00000000e8100000|100%| S|CS|TAMS 0x00000000e8000000, 0x00000000e8000000| Complete 
| 129|0x00000000e8100000, 0x00000000e8100000, 0x00000000e8200000|  0%| F|  |TAMS 0x00000000e8100000, 0x00000000e8100000| Untracked 
| 130|0x00000000e8200000, 0x00000000e8200000, 0x00000000e8300000|  0%| F|  |TAMS 0x00000000e8200000, 0x00000000e8200000| Untracked 
| 131|0x00000000e8300000, 0x00000000e8300000, 0x00000000e8400000|  0%| F|  |TAMS 0x00000000e8300000, 0x00000000e8300000| Untracked 
| 132|0x00000000e8400000, 0x00000000e8400000, 0x00000000e8500000|  0%| F|  |TAMS 0x00000000e8400000, 0x00000000e8400000| Untracked 
| 133|0x00000000e8500000, 0x00000000e8500000, 0x00000000e8600000|  0%| F|  |TAMS 0x00000000e8500000, 0x00000000e8500000| Untracked 
| 134|0x00000000e8600000, 0x00000000e8600000, 0x00000000e8700000|  0%| F|  |TAMS 0x00000000e8600000, 0x00000000e8600000| Untracked 
| 135|0x00000000e8700000, 0x00000000e8700000, 0x00000000e8800000|  0%| F|  |TAMS 0x00000000e8700000, 0x00000000e8700000| Untracked 
| 136|0x00000000e8800000, 0x00000000e8800000, 0x00000000e8900000|  0%| F|  |TAMS 0x00000000e8800000, 0x00000000e8800000| Untracked 
| 137|0x00000000e8900000, 0x00000000e8900000, 0x00000000e8a00000|  0%| F|  |TAMS 0x00000000e8900000, 0x00000000e8900000| Untracked 
| 138|0x00000000e8a00000, 0x00000000e8a00000, 0x00000000e8b00000|  0%| F|  |TAMS 0x00000000e8a00000, 0x00000000e8a00000| Untracked 
| 139|0x00000000e8b00000, 0x00000000e8b00000, 0x00000000e8c00000|  0%| F|  |TAMS 0x00000000e8b00000, 0x00000000e8b00000| Untracked 
| 140|0x00000000e8c00000, 0x00000000e8c00000, 0x00000000e8d00000|  0%| F|  |TAMS 0x00000000e8c00000, 0x00000000e8c00000| Untracked 
| 141|0x00000000e8d00000, 0x00000000e8e00000, 0x00000000e8e00000|100%| S|CS|TAMS 0x00000000e8d00000, 0x00000000e8d00000| Complete 
| 142|0x00000000e8e00000, 0x00000000e8f00000, 0x00000000e8f00000|100%| S|CS|TAMS 0x00000000e8e00000, 0x00000000e8e00000| Complete 
| 143|0x00000000e8f00000, 0x00000000e9000000, 0x00000000e9000000|100%| S|CS|TAMS 0x00000000e8f00000, 0x00000000e8f00000| Complete 
| 144|0x00000000e9000000, 0x00000000e9000000, 0x00000000e9100000|  0%| F|  |TAMS 0x00000000e9000000, 0x00000000e9000000| Untracked 
| 145|0x00000000e9100000, 0x00000000e9100000, 0x00000000e9200000|  0%| F|  |TAMS 0x00000000e9100000, 0x00000000e9100000| Untracked 
| 146|0x00000000e9200000, 0x00000000e9200000, 0x00000000e9300000|  0%| F|  |TAMS 0x00000000e9200000, 0x00000000e9200000| Untracked 
| 147|0x00000000e9300000, 0x00000000e9300000, 0x00000000e9400000|  0%| F|  |TAMS 0x00000000e9300000, 0x00000000e9300000| Untracked 
| 148|0x00000000e9400000, 0x00000000e9400000, 0x00000000e9500000|  0%| F|  |TAMS 0x00000000e9400000, 0x00000000e9400000| Untracked 
| 149|0x00000000e9500000, 0x00000000e9500000, 0x00000000e9600000|  0%| F|  |TAMS 0x00000000e9500000, 0x00000000e9500000| Untracked 
| 150|0x00000000e9600000, 0x00000000e9600000, 0x00000000e9700000|  0%| F|  |TAMS 0x00000000e9600000, 0x00000000e9600000| Untracked 
| 151|0x00000000e9700000, 0x00000000e9700000, 0x00000000e9800000|  0%| F|  |TAMS 0x00000000e9700000, 0x00000000e9700000| Untracked 
| 152|0x00000000e9800000, 0x00000000e9800000, 0x00000000e9900000|  0%| F|  |TAMS 0x00000000e9800000, 0x00000000e9800000| Untracked 
| 153|0x00000000e9900000, 0x00000000e9900000, 0x00000000e9a00000|  0%| F|  |TAMS 0x00000000e9900000, 0x00000000e9900000| Untracked 
| 154|0x00000000e9a00000, 0x00000000e9a00000, 0x00000000e9b00000|  0%| F|  |TAMS 0x00000000e9a00000, 0x00000000e9a00000| Untracked 
| 155|0x00000000e9b00000, 0x00000000e9b00000, 0x00000000e9c00000|  0%| F|  |TAMS 0x00000000e9b00000, 0x00000000e9b00000| Untracked 
| 156|0x00000000e9c00000, 0x00000000e9c00000, 0x00000000e9d00000|  0%| F|  |TAMS 0x00000000e9c00000, 0x00000000e9c00000| Untracked 
| 157|0x00000000e9d00000, 0x00000000e9d00000, 0x00000000e9e00000|  0%| F|  |TAMS 0x00000000e9d00000, 0x00000000e9d00000| Untracked 
| 158|0x00000000e9e00000, 0x00000000e9e00000, 0x00000000e9f00000|  0%| F|  |TAMS 0x00000000e9e00000, 0x00000000e9e00000| Untracked 
| 159|0x00000000e9f00000, 0x00000000e9f00000, 0x00000000ea000000|  0%| F|  |TAMS 0x00000000e9f00000, 0x00000000e9f00000| Untracked 
| 160|0x00000000ea000000, 0x00000000ea000000, 0x00000000ea100000|  0%| F|  |TAMS 0x00000000ea000000, 0x00000000ea000000| Untracked 
| 161|0x00000000ea100000, 0x00000000ea100000, 0x00000000ea200000|  0%| F|  |TAMS 0x00000000ea100000, 0x00000000ea100000| Untracked 
| 162|0x00000000ea200000, 0x00000000ea200000, 0x00000000ea300000|  0%| F|  |TAMS 0x00000000ea200000, 0x00000000ea200000| Untracked 
| 163|0x00000000ea300000, 0x00000000ea300000, 0x00000000ea400000|  0%| F|  |TAMS 0x00000000ea300000, 0x00000000ea300000| Untracked 
| 164|0x00000000ea400000, 0x00000000ea400000, 0x00000000ea500000|  0%| F|  |TAMS 0x00000000ea400000, 0x00000000ea400000| Untracked 
| 165|0x00000000ea500000, 0x00000000ea500000, 0x00000000ea600000|  0%| F|  |TAMS 0x00000000ea500000, 0x00000000ea500000| Untracked 
| 166|0x00000000ea600000, 0x00000000ea600000, 0x00000000ea700000|  0%| F|  |TAMS 0x00000000ea600000, 0x00000000ea600000| Untracked 
| 167|0x00000000ea700000, 0x00000000ea700000, 0x00000000ea800000|  0%| F|  |TAMS 0x00000000ea700000, 0x00000000ea700000| Untracked 
| 168|0x00000000ea800000, 0x00000000ea800000, 0x00000000ea900000|  0%| F|  |TAMS 0x00000000ea800000, 0x00000000ea800000| Untracked 
| 169|0x00000000ea900000, 0x00000000ea900000, 0x00000000eaa00000|  0%| F|  |TAMS 0x00000000ea900000, 0x00000000ea900000| Untracked 
| 170|0x00000000eaa00000, 0x00000000eaa00000, 0x00000000eab00000|  0%| F|  |TAMS 0x00000000eaa00000, 0x00000000eaa00000| Untracked 
| 171|0x00000000eab00000, 0x00000000eab00000, 0x00000000eac00000|  0%| F|  |TAMS 0x00000000eab00000, 0x00000000eab00000| Untracked 
| 172|0x00000000eac00000, 0x00000000eac00000, 0x00000000ead00000|  0%| F|  |TAMS 0x00000000eac00000, 0x00000000eac00000| Untracked 
| 173|0x00000000ead00000, 0x00000000ead00000, 0x00000000eae00000|  0%| F|  |TAMS 0x00000000ead00000, 0x00000000ead00000| Untracked 
| 174|0x00000000eae00000, 0x00000000eae00000, 0x00000000eaf00000|  0%| F|  |TAMS 0x00000000eae00000, 0x00000000eae00000| Untracked 
| 175|0x00000000eaf00000, 0x00000000eaf00000, 0x00000000eb000000|  0%| F|  |TAMS 0x00000000eaf00000, 0x00000000eaf00000| Untracked 
| 176|0x00000000eb000000, 0x00000000eb000000, 0x00000000eb100000|  0%| F|  |TAMS 0x00000000eb000000, 0x00000000eb000000| Untracked 
| 177|0x00000000eb100000, 0x00000000eb100000, 0x00000000eb200000|  0%| F|  |TAMS 0x00000000eb100000, 0x00000000eb100000| Untracked 
| 178|0x00000000eb200000, 0x00000000eb200000, 0x00000000eb300000|  0%| F|  |TAMS 0x00000000eb200000, 0x00000000eb200000| Untracked 
| 179|0x00000000eb300000, 0x00000000eb300000, 0x00000000eb400000|  0%| F|  |TAMS 0x00000000eb300000, 0x00000000eb300000| Untracked 
| 180|0x00000000eb400000, 0x00000000eb400000, 0x00000000eb500000|  0%| F|  |TAMS 0x00000000eb400000, 0x00000000eb400000| Untracked 
| 181|0x00000000eb500000, 0x00000000eb500000, 0x00000000eb600000|  0%| F|  |TAMS 0x00000000eb500000, 0x00000000eb500000| Untracked 
| 182|0x00000000eb600000, 0x00000000eb600000, 0x00000000eb700000|  0%| F|  |TAMS 0x00000000eb600000, 0x00000000eb600000| Untracked 
| 183|0x00000000eb700000, 0x00000000eb700000, 0x00000000eb800000|  0%| F|  |TAMS 0x00000000eb700000, 0x00000000eb700000| Untracked 
| 184|0x00000000eb800000, 0x00000000eb800000, 0x00000000eb900000|  0%| F|  |TAMS 0x00000000eb800000, 0x00000000eb800000| Untracked 
| 185|0x00000000eb900000, 0x00000000eb900000, 0x00000000eba00000|  0%| F|  |TAMS 0x00000000eb900000, 0x00000000eb900000| Untracked 
| 186|0x00000000eba00000, 0x00000000eba00000, 0x00000000ebb00000|  0%| F|  |TAMS 0x00000000eba00000, 0x00000000eba00000| Untracked 
| 187|0x00000000ebb00000, 0x00000000ebb00000, 0x00000000ebc00000|  0%| F|  |TAMS 0x00000000ebb00000, 0x00000000ebb00000| Untracked 
| 188|0x00000000ebc00000, 0x00000000ebc00000, 0x00000000ebd00000|  0%| F|  |TAMS 0x00000000ebc00000, 0x00000000ebc00000| Untracked 
| 189|0x00000000ebd00000, 0x00000000ebd00000, 0x00000000ebe00000|  0%| F|  |TAMS 0x00000000ebd00000, 0x00000000ebd00000| Untracked 
| 190|0x00000000ebe00000, 0x00000000ebe00000, 0x00000000ebf00000|  0%| F|  |TAMS 0x00000000ebe00000, 0x00000000ebe00000| Untracked 
| 191|0x00000000ebf00000, 0x00000000ebf00000, 0x00000000ec000000|  0%| F|  |TAMS 0x00000000ebf00000, 0x00000000ebf00000| Untracked 
| 192|0x00000000ec000000, 0x00000000ec000000, 0x00000000ec100000|  0%| F|  |TAMS 0x00000000ec000000, 0x00000000ec000000| Untracked 
| 193|0x00000000ec100000, 0x00000000ec100000, 0x00000000ec200000|  0%| F|  |TAMS 0x00000000ec100000, 0x00000000ec100000| Untracked 
| 194|0x00000000ec200000, 0x00000000ec200000, 0x00000000ec300000|  0%| F|  |TAMS 0x00000000ec200000, 0x00000000ec200000| Untracked 
| 195|0x00000000ec300000, 0x00000000ec300000, 0x00000000ec400000|  0%| F|  |TAMS 0x00000000ec300000, 0x00000000ec300000| Untracked 
| 196|0x00000000ec400000, 0x00000000ec400000, 0x00000000ec500000|  0%| F|  |TAMS 0x00000000ec400000, 0x00000000ec400000| Untracked 
| 197|0x00000000ec500000, 0x00000000ec500000, 0x00000000ec600000|  0%| F|  |TAMS 0x00000000ec500000, 0x00000000ec500000| Untracked 
| 198|0x00000000ec600000, 0x00000000ec600000, 0x00000000ec700000|  0%| F|  |TAMS 0x00000000ec600000, 0x00000000ec600000| Untracked 
| 199|0x00000000ec700000, 0x00000000ec700000, 0x00000000ec800000|  0%| F|  |TAMS 0x00000000ec700000, 0x00000000ec700000| Untracked 
| 200|0x00000000ec800000, 0x00000000ec800000, 0x00000000ec900000|  0%| F|  |TAMS 0x00000000ec800000, 0x00000000ec800000| Untracked 
| 201|0x00000000ec900000, 0x00000000ec900000, 0x00000000eca00000|  0%| F|  |TAMS 0x00000000ec900000, 0x00000000ec900000| Untracked 
| 202|0x00000000eca00000, 0x00000000eca00000, 0x00000000ecb00000|  0%| F|  |TAMS 0x00000000eca00000, 0x00000000eca00000| Untracked 
| 203|0x00000000ecb00000, 0x00000000ecb00000, 0x00000000ecc00000|  0%| F|  |TAMS 0x00000000ecb00000, 0x00000000ecb00000| Untracked 
| 204|0x00000000ecc00000, 0x00000000ecc00000, 0x00000000ecd00000|  0%| F|  |TAMS 0x00000000ecc00000, 0x00000000ecc00000| Untracked 
| 205|0x00000000ecd00000, 0x00000000ecd00000, 0x00000000ece00000|  0%| F|  |TAMS 0x00000000ecd00000, 0x00000000ecd00000| Untracked 
| 206|0x00000000ece00000, 0x00000000ece00000, 0x00000000ecf00000|  0%| F|  |TAMS 0x00000000ece00000, 0x00000000ece00000| Untracked 
| 207|0x00000000ecf00000, 0x00000000ecf00000, 0x00000000ed000000|  0%| F|  |TAMS 0x00000000ecf00000, 0x00000000ecf00000| Untracked 
| 208|0x00000000ed000000, 0x00000000ed000000, 0x00000000ed100000|  0%| F|  |TAMS 0x00000000ed000000, 0x00000000ed000000| Untracked 
| 209|0x00000000ed100000, 0x00000000ed100000, 0x00000000ed200000|  0%| F|  |TAMS 0x00000000ed100000, 0x00000000ed100000| Untracked 
| 210|0x00000000ed200000, 0x00000000ed200000, 0x00000000ed300000|  0%| F|  |TAMS 0x00000000ed200000, 0x00000000ed200000| Untracked 
| 211|0x00000000ed300000, 0x00000000ed300000, 0x00000000ed400000|  0%| F|  |TAMS 0x00000000ed300000, 0x00000000ed300000| Untracked 
| 212|0x00000000ed400000, 0x00000000ed400000, 0x00000000ed500000|  0%| F|  |TAMS 0x00000000ed400000, 0x00000000ed400000| Untracked 
| 213|0x00000000ed500000, 0x00000000ed500000, 0x00000000ed600000|  0%| F|  |TAMS 0x00000000ed500000, 0x00000000ed500000| Untracked 
| 214|0x00000000ed600000, 0x00000000ed600000, 0x00000000ed700000|  0%| F|  |TAMS 0x00000000ed600000, 0x00000000ed600000| Untracked 
| 215|0x00000000ed700000, 0x00000000ed700000, 0x00000000ed800000|  0%| F|  |TAMS 0x00000000ed700000, 0x00000000ed700000| Untracked 
| 216|0x00000000ed800000, 0x00000000ed800000, 0x00000000ed900000|  0%| F|  |TAMS 0x00000000ed800000, 0x00000000ed800000| Untracked 
| 217|0x00000000ed900000, 0x00000000ed900000, 0x00000000eda00000|  0%| F|  |TAMS 0x00000000ed900000, 0x00000000ed900000| Untracked 
| 218|0x00000000eda00000, 0x00000000eda00000, 0x00000000edb00000|  0%| F|  |TAMS 0x00000000eda00000, 0x00000000eda00000| Untracked 
| 219|0x00000000edb00000, 0x00000000edb00000, 0x00000000edc00000|  0%| F|  |TAMS 0x00000000edb00000, 0x00000000edb00000| Untracked 
| 220|0x00000000edc00000, 0x00000000edc00000, 0x00000000edd00000|  0%| F|  |TAMS 0x00000000edc00000, 0x00000000edc00000| Untracked 
| 221|0x00000000edd00000, 0x00000000edd00000, 0x00000000ede00000|  0%| F|  |TAMS 0x00000000edd00000, 0x00000000edd00000| Untracked 
| 222|0x00000000ede00000, 0x00000000ede00000, 0x00000000edf00000|  0%| F|  |TAMS 0x00000000ede00000, 0x00000000ede00000| Untracked 
| 223|0x00000000edf00000, 0x00000000edf00000, 0x00000000ee000000|  0%| F|  |TAMS 0x00000000edf00000, 0x00000000edf00000| Untracked 
| 224|0x00000000ee000000, 0x00000000ee000000, 0x00000000ee100000|  0%| F|  |TAMS 0x00000000ee000000, 0x00000000ee000000| Untracked 
| 225|0x00000000ee100000, 0x00000000ee100000, 0x00000000ee200000|  0%| F|  |TAMS 0x00000000ee100000, 0x00000000ee100000| Untracked 
| 226|0x00000000ee200000, 0x00000000ee200000, 0x00000000ee300000|  0%| F|  |TAMS 0x00000000ee200000, 0x00000000ee200000| Untracked 
| 227|0x00000000ee300000, 0x00000000ee300000, 0x00000000ee400000|  0%| F|  |TAMS 0x00000000ee300000, 0x00000000ee300000| Untracked 
| 228|0x00000000ee400000, 0x00000000ee400000, 0x00000000ee500000|  0%| F|  |TAMS 0x00000000ee400000, 0x00000000ee400000| Untracked 
| 229|0x00000000ee500000, 0x00000000ee500000, 0x00000000ee600000|  0%| F|  |TAMS 0x00000000ee500000, 0x00000000ee500000| Untracked 
| 230|0x00000000ee600000, 0x00000000ee600000, 0x00000000ee700000|  0%| F|  |TAMS 0x00000000ee600000, 0x00000000ee600000| Untracked 
| 231|0x00000000ee700000, 0x00000000ee700000, 0x00000000ee800000|  0%| F|  |TAMS 0x00000000ee700000, 0x00000000ee700000| Untracked 
| 232|0x00000000ee800000, 0x00000000ee800000, 0x00000000ee900000|  0%| F|  |TAMS 0x00000000ee800000, 0x00000000ee800000| Untracked 
| 233|0x00000000ee900000, 0x00000000ee900000, 0x00000000eea00000|  0%| F|  |TAMS 0x00000000ee900000, 0x00000000ee900000| Untracked 
| 234|0x00000000eea00000, 0x00000000eea00000, 0x00000000eeb00000|  0%| F|  |TAMS 0x00000000eea00000, 0x00000000eea00000| Untracked 
| 235|0x00000000eeb00000, 0x00000000eeb00000, 0x00000000eec00000|  0%| F|  |TAMS 0x00000000eeb00000, 0x00000000eeb00000| Untracked 
| 236|0x00000000eec00000, 0x00000000eec00000, 0x00000000eed00000|  0%| F|  |TAMS 0x00000000eec00000, 0x00000000eec00000| Untracked 
| 237|0x00000000eed00000, 0x00000000eed00000, 0x00000000eee00000|  0%| F|  |TAMS 0x00000000eed00000, 0x00000000eed00000| Untracked 
| 238|0x00000000eee00000, 0x00000000eee00000, 0x00000000eef00000|  0%| F|  |TAMS 0x00000000eee00000, 0x00000000eee00000| Untracked 
| 239|0x00000000eef00000, 0x00000000eef00000, 0x00000000ef000000|  0%| F|  |TAMS 0x00000000eef00000, 0x00000000eef00000| Untracked 
| 240|0x00000000ef000000, 0x00000000ef000000, 0x00000000ef100000|  0%| F|  |TAMS 0x00000000ef000000, 0x00000000ef000000| Untracked 
| 241|0x00000000ef100000, 0x00000000ef100000, 0x00000000ef200000|  0%| F|  |TAMS 0x00000000ef100000, 0x00000000ef100000| Untracked 
| 242|0x00000000ef200000, 0x00000000ef200000, 0x00000000ef300000|  0%| F|  |TAMS 0x00000000ef200000, 0x00000000ef200000| Untracked 
| 243|0x00000000ef300000, 0x00000000ef300000, 0x00000000ef400000|  0%| F|  |TAMS 0x00000000ef300000, 0x00000000ef300000| Untracked 
| 244|0x00000000ef400000, 0x00000000ef400000, 0x00000000ef500000|  0%| F|  |TAMS 0x00000000ef400000, 0x00000000ef400000| Untracked 
| 245|0x00000000ef500000, 0x00000000ef500000, 0x00000000ef600000|  0%| F|  |TAMS 0x00000000ef500000, 0x00000000ef500000| Untracked 
| 246|0x00000000ef600000, 0x00000000ef600000, 0x00000000ef700000|  0%| F|  |TAMS 0x00000000ef600000, 0x00000000ef600000| Untracked 
| 247|0x00000000ef700000, 0x00000000ef700000, 0x00000000ef800000|  0%| F|  |TAMS 0x00000000ef700000, 0x00000000ef700000| Untracked 
| 248|0x00000000ef800000, 0x00000000ef800000, 0x00000000ef900000|  0%| F|  |TAMS 0x00000000ef800000, 0x00000000ef800000| Untracked 
| 249|0x00000000ef900000, 0x00000000ef900000, 0x00000000efa00000|  0%| F|  |TAMS 0x00000000ef900000, 0x00000000ef900000| Untracked 
| 250|0x00000000efa00000, 0x00000000efa00000, 0x00000000efb00000|  0%| F|  |TAMS 0x00000000efa00000, 0x00000000efa00000| Untracked 
| 251|0x00000000efb00000, 0x00000000efb00000, 0x00000000efc00000|  0%| F|  |TAMS 0x00000000efb00000, 0x00000000efb00000| Untracked 
| 252|0x00000000efc00000, 0x00000000efc00000, 0x00000000efd00000|  0%| F|  |TAMS 0x00000000efc00000, 0x00000000efc00000| Untracked 
| 253|0x00000000efd00000, 0x00000000efd00000, 0x00000000efe00000|  0%| F|  |TAMS 0x00000000efd00000, 0x00000000efd00000| Untracked 
| 254|0x00000000efe00000, 0x00000000efe00000, 0x00000000eff00000|  0%| F|  |TAMS 0x00000000efe00000, 0x00000000efe00000| Untracked 
| 255|0x00000000eff00000, 0x00000000effe77b0, 0x00000000f0000000| 90%| E|  |TAMS 0x00000000eff00000, 0x00000000eff00000| Complete 

Card table byte_map: [0x00000288bf850000,0x00000288bf950000] _byte_map_base: 0x00000288bf150000

Marking Bits (Prev, Next): (CMBitMap*) 0x00000288a678f170, (CMBitMap*) 0x00000288a678f1b0
 Prev Bits: [0x00000288bfa50000, 0x00000288c0250000)
 Next Bits: [0x00000288c0250000, 0x00000288c0a50000)

Polling page: 0x00000288a6820000

Metaspace:

Usage:
  Non-class:     30.00 MB used.
      Class:      4.81 MB used.
       Both:     34.81 MB used.

Virtual space:
  Non-class space:       64.00 MB reserved,      30.19 MB ( 47%) committed,  1 nodes.
      Class space:      320.00 MB reserved,       5.00 MB (  2%) committed,  1 nodes.
             Both:      384.00 MB reserved,      35.19 MB (  9%) committed. 

Chunk freelists:
   Non-Class:  1.45 MB
       Class:  10.84 MB
        Both:  12.30 MB

MaxMetaspaceSize: 384.00 MB
CompressedClassSpaceSize: 320.00 MB
Initial GC threshold: 21.00 MB
Current GC threshold: 35.44 MB
CDS: on
MetaspaceReclaimPolicy: balanced
 - commit_granule_bytes: 65536.
 - commit_granule_words: 8192.
 - virtual_space_node_default_size: 8388608.
 - enlarge_chunks_in_place: 1.
 - new_chunks_are_fully_committed: 0.
 - uncommit_free_chunks: 1.
 - use_allocation_guard: 0.
 - handle_deallocations: 1.


Internal statistics:

num_allocs_failed_limit: 6.
num_arena_births: 364.
num_arena_deaths: 0.
num_vsnodes_births: 2.
num_vsnodes_deaths: 0.
num_space_committed: 563.
num_space_uncommitted: 0.
num_chunks_returned_to_freelist: 6.
num_chunks_taken_from_freelist: 1633.
num_chunk_merges: 6.
num_chunk_splits: 1109.
num_chunks_enlarged: 796.
num_inconsistent_stats: 0.

CodeHeap 'non-profiled nmethods': size=120000Kb used=2383Kb max_used=2383Kb free=117617Kb
 bounds [0x00000288b75a0000, 0x00000288b7810000, 0x00000288bead0000]
CodeHeap 'profiled nmethods': size=120000Kb used=8781Kb max_used=8781Kb free=111218Kb
 bounds [0x00000288afad0000, 0x00000288b0370000, 0x00000288b7000000]
CodeHeap 'non-nmethods': size=5760Kb used=2295Kb max_used=2348Kb free=3464Kb
 bounds [0x00000288b7000000, 0x00000288b7270000, 0x00000288b75a0000]
 total_blobs=5002 nmethods=4200 adapters=714
 compilation: enabled
              stopped_count=0, restarted_count=0
 full_count=0

Compilation events (20 events):
Event: 18.631 Thread 0x00000288c36eaf60 4202       3       java.lang.reflect.ProxyGenerator::computeUniqueCatchList (163 bytes)
Event: 18.632 Thread 0x00000288c36eaf60 nmethod 4202 0x00000288b035c590 code [0x00000288b035c8e0, 0x00000288b035df58]
Event: 18.634 Thread 0x00000288c36eaf60 4204       3       java.util.concurrent.ConcurrentHashMap::containsKey (14 bytes)
Event: 18.634 Thread 0x00000288c36eaf60 nmethod 4204 0x00000288b035e810 code [0x00000288b035e9c0, 0x00000288b035eb68]
Event: 18.634 Thread 0x00000288c36eaf60 4205       1       java.io.ObjectStreamField::isUnshared (5 bytes)
Event: 18.634 Thread 0x00000288c36eaf60 nmethod 4205 0x00000288b77f2f10 code [0x00000288b77f30a0, 0x00000288b77f3178]
Event: 18.634 Thread 0x00000288c36eaf60 4206       1       java.io.ObjectStreamClass::getPrimDataSize (5 bytes)
Event: 18.634 Thread 0x00000288c36eaf60 nmethod 4206 0x00000288b77f3210 code [0x00000288b77f33a0, 0x00000288b77f3478]
Event: 18.634 Thread 0x00000288c36eaf60 4207       1       java.io.ObjectStreamClass::getNumObjFields (5 bytes)
Event: 18.634 Thread 0x00000288c36eaf60 nmethod 4207 0x00000288b77f3510 code [0x00000288b77f36a0, 0x00000288b77f3778]
Event: 18.635 Thread 0x00000288c36eaf60 4208       3       java.io.ObjectStreamClass::forClass (52 bytes)
Event: 18.636 Thread 0x00000288c36eaf60 nmethod 4208 0x00000288b035ec10 code [0x00000288b035f0c0, 0x00000288b0361968]
Event: 18.637 Thread 0x00000288c36eaf60 4209       3       jdk.internal.loader.URLClassPath$JarLoader::findResource (18 bytes)
Event: 18.637 Thread 0x00000288c36eaf60 nmethod 4209 0x00000288b0362510 code [0x00000288b03626c0, 0x00000288b0362938]
Event: 18.646 Thread 0x00000288c36eaf60 4210   !   3       jdk.internal.ref.PhantomCleanable::isListEmpty (34 bytes)
Event: 18.646 Thread 0x00000288c36eaf60 nmethod 4210 0x00000288b0362a10 code [0x00000288b0362ba0, 0x00000288b0362df8]
Event: 18.646 Thread 0x00000288c36eaf60 4211       3       jdk.internal.misc.InnocuousThread::eraseThreadLocals (23 bytes)
Event: 18.646 Thread 0x00000288c36eaf60 nmethod 4211 0x00000288b0362f10 code [0x00000288b03630a0, 0x00000288b0363298]
Event: 18.646 Thread 0x00000288c36eaf60 4212       3       java.lang.invoke.MethodHandleNatives$CallSiteContext::run (5 bytes)
Event: 18.646 Thread 0x00000288c36eaf60 nmethod 4212 0x00000288b0363310 code [0x00000288b03634a0, 0x00000288b03635c8]

GC Heap History (8 events):
Event: 0.850 GC heap before
{Heap before GC invocations=0 (full 0):
 garbage-first heap   total 262144K, used 26624K [0x00000000e0000000, 0x0000000100000000)
  region size 1024K, 23 young (23552K), 0 survivors (0K)
 Metaspace       used 2987K, committed 3136K, reserved 393216K
  class space    used 386K, committed 448K, reserved 327680K
}
Event: 0.906 GC heap after
{Heap after GC invocations=1 (full 0):
 garbage-first heap   total 262144K, used 10600K [0x00000000e0000000, 0x0000000100000000)
  region size 1024K, 3 young (3072K), 3 survivors (3072K)
 Metaspace       used 2987K, committed 3136K, reserved 393216K
  class space    used 386K, committed 448K, reserved 327680K
}
Event: 1.273 GC heap before
{Heap before GC invocations=1 (full 0):
 garbage-first heap   total 262144K, used 38248K [0x00000000e0000000, 0x0000000100000000)
  region size 1024K, 30 young (30720K), 3 survivors (3072K)
 Metaspace       used 4074K, committed 4224K, reserved 393216K
  class space    used 504K, committed 576K, reserved 327680K
}
Event: 1.277 GC heap after
{Heap after GC invocations=2 (full 0):
 garbage-first heap   total 262144K, used 11366K [0x00000000e0000000, 0x0000000100000000)
  region size 1024K, 1 young (1024K), 1 survivors (1024K)
 Metaspace       used 4074K, committed 4224K, reserved 393216K
  class space    used 504K, committed 576K, reserved 327680K
}
Event: 7.800 GC heap before
{Heap before GC invocations=2 (full 0):
 garbage-first heap   total 262144K, used 127078K [0x00000000e0000000, 0x0000000100000000)
  region size 1024K, 115 young (117760K), 1 survivors (1024K)
 Metaspace       used 21203K, committed 21504K, reserved 393216K
  class space    used 3103K, committed 3264K, reserved 327680K
}
Event: 7.809 GC heap after
{Heap after GC invocations=3 (full 0):
 garbage-first heap   total 262144K, used 22483K [0x00000000e0000000, 0x0000000100000000)
  region size 1024K, 12 young (12288K), 12 survivors (12288K)
 Metaspace       used 21203K, committed 21504K, reserved 393216K
  class space    used 3103K, committed 3264K, reserved 327680K
}
Event: 18.638 GC heap before
{Heap before GC invocations=4 (full 0):
 garbage-first heap   total 262144K, used 140243K [0x00000000e0000000, 0x0000000100000000)
  region size 1024K, 124 young (126976K), 12 survivors (12288K)
 Metaspace       used 35603K, committed 35968K, reserved 393216K
  class space    used 4916K, committed 5120K, reserved 327680K
}
Event: 18.646 GC heap after
{Heap after GC invocations=5 (full 0):
 garbage-first heap   total 262144K, used 31164K [0x00000000e0000000, 0x0000000100000000)
  region size 1024K, 9 young (9216K), 9 survivors (9216K)
 Metaspace       used 35603K, committed 35968K, reserved 393216K
  class space    used 4916K, committed 5120K, reserved 327680K
}

Dll operation events (14 events):
Event: 0.007 Loaded shared library C:\Users\Administrator\.jdks\azul-17.0.8.1\bin\java.dll
Event: 0.026 Loaded shared library C:\Users\Administrator\.jdks\azul-17.0.8.1\bin\jsvml.dll
Event: 0.100 Loaded shared library C:\Users\Administrator\.jdks\azul-17.0.8.1\bin\zip.dll
Event: 0.102 Loaded shared library C:\Users\Administrator\.jdks\azul-17.0.8.1\bin\instrument.dll
Event: 0.106 Loaded shared library C:\Users\Administrator\.jdks\azul-17.0.8.1\bin\net.dll
Event: 0.107 Loaded shared library C:\Users\Administrator\.jdks\azul-17.0.8.1\bin\nio.dll
Event: 0.111 Loaded shared library C:\Users\Administrator\.jdks\azul-17.0.8.1\bin\zip.dll
Event: 0.265 Loaded shared library C:\Users\Administrator\.jdks\azul-17.0.8.1\bin\jimage.dll
Event: 0.340 Loaded shared library C:\Users\Administrator\.jdks\azul-17.0.8.1\bin\verify.dll
Event: 0.700 Loaded shared library C:\Users\Administrator\.gradle\native\c067742578af261105cb4f569cf0c3c89f3d7b1fecec35dd04571415982c5e48\windows-amd64\native-platform.dll
Event: 0.704 Loaded shared library C:\Users\Administrator\.gradle\native\38dada09dfb8b06ba9b0570ebf7e218e3eb74d4ef43ca46872605cf95ebc2f47\windows-amd64\native-platform-file-events.dll
Event: 1.934 Loaded shared library C:\Users\Administrator\.jdks\azul-17.0.8.1\bin\management.dll
Event: 1.938 Loaded shared library C:\Users\Administrator\.jdks\azul-17.0.8.1\bin\management_ext.dll
Event: 3.213 Loaded shared library C:\Users\Administrator\.jdks\azul-17.0.8.1\bin\sunmscapi.dll

Deoptimization events (20 events):
Event: 18.624 Thread 0x00000288df36e060 Uncommon trap: trap_request=0xffffff45 fr.pc=0x00000288b772a23c relative=0x000000000000075c
Event: 18.624 Thread 0x00000288df36e060 Uncommon trap: reason=unstable_if action=reinterpret pc=0x00000288b772a23c method=java.util.HashMap.putVal(ILjava/lang/Object;Ljava/lang/Object;ZZ)Ljava/lang/Object; @ 109 c2
Event: 18.624 Thread 0x00000288df36e060 DEOPT PACKING pc=0x00000288b772a23c sp=0x0000009a41ff8740
Event: 18.624 Thread 0x00000288df36e060 DEOPT UNPACKING pc=0x00000288b70569a3 sp=0x0000009a41ff8658 mode 2
Event: 18.624 Thread 0x00000288df36e060 Uncommon trap: trap_request=0xffffff45 fr.pc=0x00000288b760aec8 relative=0x0000000000000a68
Event: 18.624 Thread 0x00000288df36e060 Uncommon trap: reason=unstable_if action=reinterpret pc=0x00000288b760aec8 method=java.util.HashMap.resize()[Ljava/util/HashMap$Node; @ 203 c2
Event: 18.624 Thread 0x00000288df36e060 DEOPT PACKING pc=0x00000288b760aec8 sp=0x0000009a41ff85f0
Event: 18.624 Thread 0x00000288df36e060 DEOPT UNPACKING pc=0x00000288b70569a3 sp=0x0000009a41ff8590 mode 2
Event: 18.624 Thread 0x00000288df36e060 Uncommon trap: trap_request=0xffffff45 fr.pc=0x00000288b7759a6c relative=0x000000000000024c
Event: 18.624 Thread 0x00000288df36e060 Uncommon trap: reason=unstable_if action=reinterpret pc=0x00000288b7759a6c method=java.util.HashMap.getNode(Ljava/lang/Object;)Ljava/util/HashMap$Node; @ 85 c2
Event: 18.624 Thread 0x00000288df36e060 DEOPT PACKING pc=0x00000288b7759a6c sp=0x0000009a41ff8730
Event: 18.624 Thread 0x00000288df36e060 DEOPT UNPACKING pc=0x00000288b70569a3 sp=0x0000009a41ff86a0 mode 2
Event: 18.624 Thread 0x00000288df36e060 Uncommon trap: trap_request=0xffffff45 fr.pc=0x00000288b7728f34 relative=0x00000000000006d4
Event: 18.624 Thread 0x00000288df36e060 Uncommon trap: reason=unstable_if action=reinterpret pc=0x00000288b7728f34 method=java.util.HashMap.putVal(ILjava/lang/Object;Ljava/lang/Object;ZZ)Ljava/lang/Object; @ 109 c2
Event: 18.624 Thread 0x00000288df36e060 DEOPT PACKING pc=0x00000288b7728f34 sp=0x0000009a41ff8690
Event: 18.624 Thread 0x00000288df36e060 DEOPT UNPACKING pc=0x00000288b70569a3 sp=0x0000009a41ff8648 mode 2
Event: 18.634 Thread 0x00000288df36e060 Uncommon trap: trap_request=0xffffffde fr.pc=0x00000288b76ab454 relative=0x00000000000002b4
Event: 18.634 Thread 0x00000288df36e060 Uncommon trap: reason=class_check action=maybe_recompile pc=0x00000288b76ab454 method=java.util.Collections$SetFromMap.remove(Ljava/lang/Object;)Z @ 5 c2
Event: 18.634 Thread 0x00000288df36e060 DEOPT PACKING pc=0x00000288b76ab454 sp=0x0000009a41ffb160
Event: 18.634 Thread 0x00000288df36e060 DEOPT UNPACKING pc=0x00000288b70569a3 sp=0x0000009a41ffb148 mode 2

Classes unloaded (0 events):
No events

Classes redefined (0 events):
No events

Internal exceptions (20 events):
Event: 15.772 Thread 0x00000288df36e060 Exception <a 'java/lang/NoSuchMethodError'{0x00000000e9eb6db0}: 'java.lang.Object java.lang.invoke.DirectMethodHandle$Holder.newInvokeSpecial(java.lang.Object, java.lang.Object, int, int)'> (0x00000000e9eb6db0) 
thrown [s\src\hotspot\share\interpreter\linkResolver.cpp, line 759]
Event: 15.777 Thread 0x00000288df36e060 Exception <a 'sun/nio/fs/WindowsException'{0x00000000e9d24720}> (0x00000000e9d24720) 
thrown [s\src\hotspot\share\prims\jni.cpp, line 516]
Event: 15.777 Thread 0x00000288df36e060 Exception <a 'sun/nio/fs/WindowsException'{0x00000000e9d25d48}> (0x00000000e9d25d48) 
thrown [s\src\hotspot\share\prims\jni.cpp, line 516]
Event: 15.778 Thread 0x00000288df36e060 Exception <a 'sun/nio/fs/WindowsException'{0x00000000e9d27328}> (0x00000000e9d27328) 
thrown [s\src\hotspot\share\prims\jni.cpp, line 516]
Event: 15.778 Thread 0x00000288df36e060 Exception <a 'sun/nio/fs/WindowsException'{0x00000000e9d28910}> (0x00000000e9d28910) 
thrown [s\src\hotspot\share\prims\jni.cpp, line 516]
Event: 17.919 Thread 0x00000288df36e060 Exception <a 'java/lang/IncompatibleClassChangeError'{0x00000000e9dc9138}: Found class java.lang.Object, but interface was expected> (0x00000000e9dc9138) 
thrown [s\src\hotspot\share\interpreter\linkResolver.cpp, line 826]
Event: 18.551 Thread 0x00000288df36e060 Exception <a 'java/lang/ClassNotFoundException'{0x00000000e9b85968}: settings_2ylt2ej3q5p89rwzrjh9nac87BeanInfo> (0x00000000e9b85968) 
thrown [s\src\hotspot\share\classfile\systemDictionary.cpp, line 259]
Event: 18.551 Thread 0x00000288df36e060 Exception <a 'java/lang/ClassNotFoundException'{0x00000000e9b900b8}: org/gradle/initialization/SettingsScriptBeanInfo> (0x00000000e9b900b8) 
thrown [s\src\hotspot\share\classfile\systemDictionary.cpp, line 259]
Event: 18.551 Thread 0x00000288df36e060 Exception <a 'java/lang/ClassNotFoundException'{0x00000000e9b9a968}: org/gradle/plugin/use/internal/PluginsAwareScriptBeanInfo> (0x00000000e9b9a968) 
thrown [s\src\hotspot\share\classfile\systemDictionary.cpp, line 259]
Event: 18.551 Thread 0x00000288df36e060 Exception <a 'java/lang/ClassNotFoundException'{0x00000000e9ba5210}: org/gradle/plugin/use/internal/PluginsAwareScriptCustomizer> (0x00000000e9ba5210) 
thrown [s\src\hotspot\share\classfile\systemDictionary.cpp, line 259]
Event: 18.552 Thread 0x00000288df36e060 Exception <a 'java/lang/ClassNotFoundException'{0x00000000e9bb7a30}: org/gradle/initialization/SettingsScriptCustomizer> (0x00000000e9bb7a30) 
thrown [s\src\hotspot\share\classfile\systemDictionary.cpp, line 259]
Event: 18.552 Thread 0x00000288df36e060 Exception <a 'java/lang/ClassNotFoundException'{0x00000000e9bc59b0}: settings_2ylt2ej3q5p89rwzrjh9nac87Customizer> (0x00000000e9bc59b0) 
thrown [s\src\hotspot\share\classfile\systemDictionary.cpp, line 259]
Event: 18.556 Thread 0x00000288df36e060 Exception <a 'java/lang/ClassNotFoundException'{0x00000000e9a5ebb0}: org/gradle/initialization/DefaultSettings_DecoratedBeanInfo> (0x00000000e9a5ebb0) 
thrown [s\src\hotspot\share\classfile\systemDictionary.cpp, line 259]
Event: 18.556 Thread 0x00000288df36e060 Exception <a 'java/lang/ClassNotFoundException'{0x00000000e9a6ee38}: org/gradle/initialization/DefaultSettingsBeanInfo> (0x00000000e9a6ee38) 
thrown [s\src\hotspot\share\classfile\systemDictionary.cpp, line 259]
Event: 18.557 Thread 0x00000288df36e060 Exception <a 'java/lang/ClassNotFoundException'{0x00000000e9a7e9c0}: org/gradle/initialization/DefaultSettingsCustomizer> (0x00000000e9a7e9c0) 
thrown [s\src\hotspot\share\classfile\systemDictionary.cpp, line 259]
Event: 18.559 Thread 0x00000288df36e060 Exception <a 'java/lang/ClassNotFoundException'{0x00000000e9ac4890}: org/gradle/initialization/DefaultSettings_DecoratedCustomizer> (0x00000000e9ac4890) 
thrown [s\src\hotspot\share\classfile\systemDictionary.cpp, line 259]
Event: 18.562 Thread 0x00000288df36e060 Exception <a 'java/lang/ClassNotFoundException'{0x00000000e993ad88}: org/gradle/initialization/DefaultProjectDescriptorBeanInfo> (0x00000000e993ad88) 
thrown [s\src\hotspot\share\classfile\systemDictionary.cpp, line 259]
Event: 18.563 Thread 0x00000288df36e060 Exception <a 'java/lang/ClassNotFoundException'{0x00000000e99496f8}: org/gradle/initialization/DefaultProjectDescriptorCustomizer> (0x00000000e99496f8) 
thrown [s\src\hotspot\share\classfile\systemDictionary.cpp, line 259]
Event: 18.566 Thread 0x00000288df36e060 Exception <a 'java/lang/NoSuchMethodError'{0x00000000e9991278}: 'void java.lang.invoke.DirectMethodHandle$Holder.invokeInterface(java.lang.Object, java.lang.Object)'> (0x00000000e9991278) 
thrown [s\src\hotspot\share\interpreter\linkResolver.cpp, line 759]
Event: 18.576 Thread 0x00000288df36e060 Implicit null exception at 0x00000288b773cc6c to 0x00000288b773cd1c

VM Operations (20 events):
Event: 12.215 Executing VM operation: ICBufferFull done
Event: 13.196 Executing VM operation: HandshakeAllThreads
Event: 13.196 Executing VM operation: HandshakeAllThreads done
Event: 14.210 Executing VM operation: Cleanup
Event: 14.210 Executing VM operation: Cleanup done
Event: 15.219 Executing VM operation: Cleanup
Event: 15.220 Executing VM operation: Cleanup done
Event: 16.226 Executing VM operation: Cleanup
Event: 16.226 Executing VM operation: Cleanup done
Event: 17.238 Executing VM operation: Cleanup
Event: 17.238 Executing VM operation: Cleanup done
Event: 18.247 Executing VM operation: Cleanup
Event: 18.247 Executing VM operation: Cleanup done
Event: 18.617 Executing VM operation: HandshakeAllThreads
Event: 18.617 Executing VM operation: HandshakeAllThreads done
Event: 18.635 Executing VM operation: HandshakeAllThreads
Event: 18.635 Executing VM operation: HandshakeAllThreads done
Event: 18.638 Executing VM operation: CollectForMetadataAllocation
Event: 18.646 Executing VM operation: CollectForMetadataAllocation done
Event: 18.650 Executing VM operation: G1PauseRemark

Events (20 events):
Event: 15.775 loading class jdk/internal/reflect/UnsafeStaticIntegerFieldAccessorImpl done
Event: 15.777 loading class sun/nio/fs/WindowsException
Event: 15.777 loading class sun/nio/fs/WindowsException done
Event: 16.100 Thread 0x00000288de943d90 Thread exited: 0x00000288de943d90
Event: 17.491 Thread 0x00000288de987250 Thread added: 0x00000288de987250
Event: 18.345 Thread 0x00000288de97fde0 Thread added: 0x00000288de97fde0
Event: 18.564 loading class jdk/internal/math/FDBigInteger
Event: 18.564 loading class jdk/internal/math/FDBigInteger done
Event: 18.570 loading class java/util/zip/GZIPOutputStream
Event: 18.571 loading class java/util/zip/GZIPOutputStream done
Event: 18.571 loading class java/util/zip/GZIPInputStream
Event: 18.571 loading class java/util/zip/GZIPInputStream done
Event: 18.585 Thread 0x00000288de983fb0 Thread added: 0x00000288de983fb0
Event: 18.589 Thread 0x00000288df34d240 Thread added: 0x00000288df34d240
Event: 18.608 loading class java/nio/file/AtomicMoveNotSupportedException
Event: 18.608 loading class java/nio/file/AtomicMoveNotSupportedException done
Event: 18.617 loading class java/io/FileWriter
Event: 18.617 loading class java/io/FileWriter done
Event: 18.634 loading class java/util/ArrayList$ListItr
Event: 18.634 loading class java/util/ArrayList$ListItr done


Dynamic libraries:
0x00007ff71e120000 - 0x00007ff71e12e000 	C:\Users\Administrator\.jdks\azul-17.0.8.1\bin\java.exe
0x00007ffc28a70000 - 0x00007ffc28c68000 	C:\Windows\SYSTEM32\ntdll.dll
0x00007ffc28540000 - 0x00007ffc285fd000 	C:\Windows\System32\KERNEL32.DLL
0x00007ffc263f0000 - 0x00007ffc266e6000 	C:\Windows\System32\KERNELBASE.dll
0x00007ffc26260000 - 0x00007ffc26360000 	C:\Windows\System32\ucrtbase.dll
0x00007ffc1de20000 - 0x00007ffc1de39000 	C:\Users\Administrator\.jdks\azul-17.0.8.1\bin\jli.dll
0x00007ffc26b20000 - 0x00007ffc26cbe000 	C:\Windows\System32\USER32.dll
0x00007ffc268c0000 - 0x00007ffc268e2000 	C:\Windows\System32\win32u.dll
0x00007ffc27060000 - 0x00007ffc2708c000 	C:\Windows\System32\GDI32.dll
0x00007ffc267a0000 - 0x00007ffc268ba000 	C:\Windows\System32\gdi32full.dll
0x00007ffc26140000 - 0x00007ffc261dd000 	C:\Windows\System32\msvcp_win.dll
0x00007ffc1de40000 - 0x00007ffc1de5b000 	C:\Users\Administrator\.jdks\azul-17.0.8.1\bin\VCRUNTIME140.dll
0x00007ffc11ff0000 - 0x00007ffc1228a000 	C:\Windows\WinSxS\amd64_microsoft.windows.common-controls_6595b64144ccf1df_6.0.19041.3636_none_60b6a03d71f818d5\COMCTL32.dll
0x00007ffc277e0000 - 0x00007ffc2787e000 	C:\Windows\System32\msvcrt.dll
0x00007ffc28510000 - 0x00007ffc28540000 	C:\Windows\System32\IMM32.DLL
0x00007ffc1de10000 - 0x00007ffc1de1c000 	C:\Users\Administrator\.jdks\azul-17.0.8.1\bin\vcruntime140_1.dll
0x00007ffbfc1f0000 - 0x00007ffbfc27d000 	C:\Users\Administrator\.jdks\azul-17.0.8.1\bin\msvcp140.dll
0x00007ffbe1fb0000 - 0x00007ffbe2c18000 	C:\Users\Administrator\.jdks\azul-17.0.8.1\bin\server\jvm.dll
0x00007ffc28690000 - 0x00007ffc28743000 	C:\Windows\System32\ADVAPI32.dll
0x00007ffc27db0000 - 0x00007ffc27e4f000 	C:\Windows\System32\sechost.dll
0x00007ffc28750000 - 0x00007ffc28876000 	C:\Windows\System32\RPCRT4.dll
0x00007ffc26230000 - 0x00007ffc26257000 	C:\Windows\System32\bcrypt.dll
0x00007ffc256e0000 - 0x00007ffc2572b000 	C:\Windows\SYSTEM32\POWRPROF.dll
0x00007ffc1dd30000 - 0x00007ffc1dd39000 	C:\Windows\SYSTEM32\WSOCK32.dll
0x00007ffc279d0000 - 0x00007ffc27a3b000 	C:\Windows\System32\WS2_32.dll
0x00007ffc14fa0000 - 0x00007ffc14fc7000 	C:\Windows\SYSTEM32\WINMM.dll
0x00007ffc20820000 - 0x00007ffc2082a000 	C:\Windows\SYSTEM32\VERSION.dll
0x00007ffc25550000 - 0x00007ffc25562000 	C:\Windows\SYSTEM32\UMPDC.dll
0x00007ffc24010000 - 0x00007ffc24022000 	C:\Windows\SYSTEM32\kernel.appcore.dll
0x00007ffc0f380000 - 0x00007ffc0f38a000 	C:\Users\Administrator\.jdks\azul-17.0.8.1\bin\jimage.dll
0x00007ffc12cb0000 - 0x00007ffc12e94000 	C:\Windows\SYSTEM32\DBGHELP.DLL
0x00007ffc0b030000 - 0x00007ffc0b064000 	C:\Windows\SYSTEM32\dbgcore.DLL
0x00007ffc26360000 - 0x00007ffc263e2000 	C:\Windows\System32\bcryptPrimitives.dll
0x00007ffc0aa60000 - 0x00007ffc0aa6e000 	C:\Users\Administrator\.jdks\azul-17.0.8.1\bin\instrument.dll
0x00007ffc0aa70000 - 0x00007ffc0aa95000 	C:\Users\Administrator\.jdks\azul-17.0.8.1\bin\java.dll
0x00007ffbfa9a0000 - 0x00007ffbfaa77000 	C:\Users\Administrator\.jdks\azul-17.0.8.1\bin\jsvml.dll
0x00007ffc27090000 - 0x00007ffc277d5000 	C:\Windows\System32\SHELL32.dll
0x00007ffc24210000 - 0x00007ffc249ab000 	C:\Windows\SYSTEM32\windows.storage.dll
0x00007ffc27a40000 - 0x00007ffc27d94000 	C:\Windows\System32\combase.dll
0x00007ffc25b70000 - 0x00007ffc25b9d000 	C:\Windows\SYSTEM32\Wldp.dll
0x00007ffc28460000 - 0x00007ffc2850d000 	C:\Windows\System32\SHCORE.dll
0x00007ffc26de0000 - 0x00007ffc26e35000 	C:\Windows\System32\shlwapi.dll
0x00007ffc26070000 - 0x00007ffc26095000 	C:\Windows\SYSTEM32\profapi.dll
0x00007ffc0abd0000 - 0x00007ffc0abe8000 	C:\Users\Administrator\.jdks\azul-17.0.8.1\bin\zip.dll
0x00007ffc0b2d0000 - 0x00007ffc0b2e9000 	C:\Users\Administrator\.jdks\azul-17.0.8.1\bin\net.dll
0x00007ffc20070000 - 0x00007ffc2017a000 	C:\Windows\SYSTEM32\WINHTTP.dll
0x00007ffc258d0000 - 0x00007ffc2593a000 	C:\Windows\system32\mswsock.dll
0x00007ffc0ad00000 - 0x00007ffc0ad16000 	C:\Users\Administrator\.jdks\azul-17.0.8.1\bin\nio.dll
0x00007ffc0acb0000 - 0x00007ffc0acc0000 	C:\Users\Administrator\.jdks\azul-17.0.8.1\bin\verify.dll
0x00007ffc0a5a0000 - 0x00007ffc0a5c7000 	C:\Users\Administrator\.gradle\native\c067742578af261105cb4f569cf0c3c89f3d7b1fecec35dd04571415982c5e48\windows-amd64\native-platform.dll
0x00007ffbf84a0000 - 0x00007ffbf85e4000 	C:\Users\Administrator\.gradle\native\38dada09dfb8b06ba9b0570ebf7e218e3eb74d4ef43ca46872605cf95ebc2f47\windows-amd64\native-platform-file-events.dll
0x00007ffc0aa50000 - 0x00007ffc0aa59000 	C:\Users\Administrator\.jdks\azul-17.0.8.1\bin\management.dll
0x00007ffc0a590000 - 0x00007ffc0a59b000 	C:\Users\Administrator\.jdks\azul-17.0.8.1\bin\management_ext.dll
0x00007ffc27da0000 - 0x00007ffc27da8000 	C:\Windows\System32\PSAPI.DLL
0x00007ffc25ac0000 - 0x00007ffc25ad8000 	C:\Windows\SYSTEM32\CRYPTSP.dll
0x00007ffc25190000 - 0x00007ffc251c4000 	C:\Windows\system32\rsaenh.dll
0x00007ffc25ff0000 - 0x00007ffc2601e000 	C:\Windows\SYSTEM32\USERENV.dll
0x00007ffc25ae0000 - 0x00007ffc25aec000 	C:\Windows\SYSTEM32\CRYPTBASE.dll
0x00007ffc25570000 - 0x00007ffc255ab000 	C:\Windows\SYSTEM32\IPHLPAPI.DLL
0x00007ffc26e40000 - 0x00007ffc26e48000 	C:\Windows\System32\NSI.dll
0x00007ffc208b0000 - 0x00007ffc208c7000 	C:\Windows\SYSTEM32\dhcpcsvc6.DLL
0x00007ffc20a70000 - 0x00007ffc20a8d000 	C:\Windows\SYSTEM32\dhcpcsvc.DLL
0x00007ffc255c0000 - 0x00007ffc2568a000 	C:\Windows\SYSTEM32\DNSAPI.dll
0x00007ffc0a580000 - 0x00007ffc0a58e000 	C:\Users\Administrator\.jdks\azul-17.0.8.1\bin\sunmscapi.dll
0x00007ffc26960000 - 0x00007ffc26abd000 	C:\Windows\System32\CRYPT32.dll
0x00007ffc25be0000 - 0x00007ffc25c08000 	C:\Windows\SYSTEM32\ncrypt.dll
0x00007ffc25ba0000 - 0x00007ffc25bdb000 	C:\Windows\SYSTEM32\NTASN1.dll
0x00007ffc0def0000 - 0x00007ffc0def7000 	C:\Windows\system32\wshunix.dll

dbghelp: loaded successfully - version: 4.0.5 - missing functions: none
symbol engine: initialized successfully - sym options: 0x614 - pdb path: .;C:\Users\Administrator\.jdks\azul-17.0.8.1\bin;C:\Windows\SYSTEM32;C:\Windows\WinSxS\amd64_microsoft.windows.common-controls_6595b64144ccf1df_6.0.19041.3636_none_60b6a03d71f818d5;C:\Users\Administrator\.jdks\azul-17.0.8.1\bin\server;C:\Users\Administrator\.gradle\native\c067742578af261105cb4f569cf0c3c89f3d7b1fecec35dd04571415982c5e48\windows-amd64;C:\Users\Administrator\.gradle\native\38dada09dfb8b06ba9b0570ebf7e218e3eb74d4ef43ca46872605cf95ebc2f47\windows-amd64

VM Arguments:
jvm_args: --add-opens=java.base/java.util=ALL-UNNAMED --add-opens=java.base/java.lang=ALL-UNNAMED --add-opens=java.base/java.lang.invoke=ALL-UNNAMED --add-opens=java.prefs/java.util.prefs=ALL-UNNAMED --add-opens=java.base/java.nio.charset=ALL-UNNAMED --add-opens=java.base/java.net=ALL-UNNAMED --add-opens=java.base/java.util.concurrent.atomic=ALL-UNNAMED -XX:MaxMetaspaceSize=384m -XX:+HeapDumpOnOutOfMemoryError -Xms256m -Xmx512m -Dfile.encoding=x-windows-949 -Duser.country=KR -Duser.language=ko -Duser.variant -javaagent:C:\Users\Administrator\.gradle\wrapper\dists\gradle-8.5-bin\5t9huq95ubn472n8rpzujfbqh\gradle-8.5\lib\agents\gradle-instrumentation-agent-8.5.jar 
java_command: org.gradle.launcher.daemon.bootstrap.GradleDaemon 8.5
java_class_path (initial): C:\Users\Administrator\.gradle\wrapper\dists\gradle-8.5-bin\5t9huq95ubn472n8rpzujfbqh\gradle-8.5\lib\gradle-launcher-8.5.jar
Launcher Type: SUN_STANDARD

[Global flags]
     intx CICompilerCount                          = 4                                         {product} {ergonomic}
   size_t CompressedClassSpaceSize                 = 335544320                                 {product} {ergonomic}
     uint ConcGCThreads                            = 3                                         {product} {ergonomic}
     uint G1ConcRefinementThreads                  = 10                                        {product} {ergonomic}
   size_t G1HeapRegionSize                         = 1048576                                   {product} {ergonomic}
    uintx GCDrainStackTargetSize                   = 64                                        {product} {ergonomic}
     bool HeapDumpOnOutOfMemoryError               = true                                   {manageable} {command line}
   size_t InitialHeapSize                          = 268435456                                 {product} {command line}
   size_t MarkStackSize                            = 4194304                                   {product} {ergonomic}
   size_t MaxHeapSize                              = 536870912                                 {product} {command line}
   size_t MaxMetaspaceSize                         = 402653184                                 {product} {command line}
   size_t MaxNewSize                               = 321912832                                 {product} {ergonomic}
   size_t MinHeapDeltaBytes                        = 1048576                                   {product} {ergonomic}
   size_t MinHeapSize                              = 268435456                                 {product} {command line}
    uintx NonNMethodCodeHeapSize                   = 5839372                                {pd product} {ergonomic}
    uintx NonProfiledCodeHeapSize                  = 122909434                              {pd product} {ergonomic}
    uintx ProfiledCodeHeapSize                     = 122909434                              {pd product} {ergonomic}
    uintx ReservedCodeCacheSize                    = 251658240                              {pd product} {ergonomic}
     bool SegmentedCodeCache                       = true                                      {product} {ergonomic}
   size_t SoftMaxHeapSize                          = 536870912                              {manageable} {ergonomic}
     bool UseCompressedClassPointers               = true                           {product lp64_product} {ergonomic}
     bool UseCompressedOops                        = true                           {product lp64_product} {ergonomic}
     bool UseG1GC                                  = true                                      {product} {ergonomic}
     bool UseLargePagesIndividualAllocation        = false                                  {pd product} {ergonomic}

Logging:
Log output configuration:
 #0: stdout all=warning uptime,level,tags
 #1: stderr all=off uptime,level,tags

Environment Variables:
JAVA_HOME=C:\Users\Administrator\.jdks\azul-17.0.8.1
CLASSPATH=C:\Users\Administrator\.jdks\azul-17.0.8.1\lib
PATH=C:\Program Files (x86)\Common Files\Intel\Shared Libraries\redist\intel64_win\compiler;C:\Program Files (x86)\Common Files\Intel\Shared Libraries\redist\intel64\compiler;C:\Windows\system32;C:\Windows;C:\Windows\System32\Wbem;C:\Windows\System32\WindowsPowerShell\v1.0\;C:\Windows\System32\OpenSSH\;C:\Program Files\Bandizip\;C:\Program Files\Git\cmd;C:\Users\Administrator\.jdks\azul-17.0.8.1\bin;C:\Users\Administrator\AppData\Local\Microsoft\WindowsApps;;C:\Users\Administrator\AppData\Local\Programs\Microsoft VS Code\bin;C:\Program Files\JetBrains\IntelliJ IDEA 2023.2.2\bin;
USERNAME=Administrator
OS=Windows_NT
PROCESSOR_IDENTIFIER=Intel64 Family 6 Model 158 Stepping 10, GenuineIntel
TMP=C:\Users\ADMINI~1\AppData\Local\Temp
TEMP=C:\Users\ADMINI~1\AppData\Local\Temp



---------------  S Y S T E M  ---------------

OS:
 Windows 10 , 64 bit Build 19041 (10.0.19041.3636)
OS uptime: 0 days 3:59 hours

CPU: total 12 (initial active 12) (6 cores per cpu, 2 threads per core) family 6 model 158 stepping 10 microcode 0xb4, cx8, cmov, fxsr, ht, mmx, 3dnowpref, sse, sse2, sse3, ssse3, sse4.1, sse4.2, popcnt, lzcnt, tsc, tscinvbit, avx, avx2, aes, erms, clmul, bmi1, bmi2, rtm, adx, fma, vzeroupper, clflush, clflushopt
Processor Information for all 12 processors :
  Max Mhz: 3192, Current Mhz: 3192, Mhz Limit: 3192

Memory: 4k page, system-wide physical 16301M (4864M free)
TotalPageFile size 20796M (AvailPageFile size 4227M)
current process WorkingSet (physical memory assigned to process): 311M, peak: 312M
current process commit charge ("private bytes"): 460M, peak: 461M

vm_info: OpenJDK 64-Bit Server VM (17.0.8.1+1-LTS) for windows-amd64 JRE (17.0.8.1+1-LTS) (Zulu17.44+53-CA), built on Aug 23 2023 12:46:03 by "zulu_re" with MS VC++ 16.10 / 16.11 (VS2019)

END.
