#
# A fatal error has been detected by the Java Runtime Environment:
#
#  EXCEPTION_ACCESS_VIOLATION (0xc0000005) at pc=0x00007ffc198f0256, pid=8600, tid=6900
#
# JRE version: OpenJDK Runtime Environment Zulu17.44+53-CA (17.0.8.1+1) (build 17.0.8.1+1-LTS)
# Java VM: OpenJDK 64-Bit Server VM Zulu17.44+53-CA (17.0.8.1+1-LTS, mixed mode, sharing, tiered, compressed oops, compressed class ptrs, g1 gc, windows-amd64)
# Problematic frame:
# V  [jvm.dll+0x1c0256]
#
# No core dump will be written. Minidumps are not enabled by default on client versions of Windows
#
# If you would like to submit a bug report, please visit:
#   http://www.azul.com/support/
#

---------------  S U M M A R Y ------------

Command Line: --add-opens=java.base/java.util=ALL-UNNAMED --add-opens=java.base/java.lang=ALL-UNNAMED --add-opens=java.base/java.lang.invoke=ALL-UNNAMED --add-opens=java.prefs/java.util.prefs=ALL-UNNAMED --add-opens=java.base/java.nio.charset=ALL-UNNAMED --add-opens=java.base/java.net=ALL-UNNAMED --add-opens=java.base/java.util.concurrent.atomic=ALL-UNNAMED -XX:MaxMetaspaceSize=384m -XX:+HeapDumpOnOutOfMemoryError -Xms256m -Xmx512m -Dfile.encoding=x-windows-949 -Duser.country=KR -Duser.language=ko -Duser.variant -javaagent:C:\Users\Administrator\.gradle\wrapper\dists\gradle-8.5-bin\5t9huq95ubn472n8rpzujfbqh\gradle-8.5\lib\agents\gradle-instrumentation-agent-8.5.jar org.gradle.launcher.daemon.bootstrap.GradleDaemon 8.5

Host: Intel(R) Core(TM) i7-8700 CPU @ 3.20GHz, 12 cores, 15G,  Windows 10 , 64 bit Build 19041 (10.0.19041.3636)
Time: Fri Jan 19 11:02:54 2024  Windows 10 , 64 bit Build 19041 (10.0.19041.3636) elapsed time: 32.482317 seconds (0d 0h 0m 32s)

---------------  T H R E A D  ---------------

Current thread (0x00000214a3fed750):  JavaThread "C2 CompilerThread0" daemon [_thread_in_native, id=6900, stack(0x0000002401600000,0x0000002401700000)]


Current CompileTask:
C2:  32482 5170       4       org.objectweb.asm.SymbolTable::addConstantMemberReference (147 bytes)

Stack: [0x0000002401600000,0x0000002401700000],  sp=0x00000024016fb790,  free space=1005k
Native frames: (J=compiled Java code, j=interpreted, Vv=VM code, C=native code)
V  [jvm.dll+0x1c0256]
V  [jvm.dll+0x36a39b]
V  [jvm.dll+0x369315]
V  [jvm.dll+0x1bd4e6]
V  [jvm.dll+0x21a299]
V  [jvm.dll+0x219561]
V  [jvm.dll+0x1a576d]
V  [jvm.dll+0x229259]
V  [jvm.dll+0x22729c]
V  [jvm.dll+0x7f195c]
V  [jvm.dll+0x7ebd7a]
V  [jvm.dll+0x67cf15]
C  [ucrtbase.dll+0x21bb2]
C  [KERNEL32.DLL+0x17344]
C  [ntdll.dll+0x526b1]


siginfo: EXCEPTION_ACCESS_VIOLATION (0xc0000005), reading address 0x00000204c2d08940


Register to memory mapping:

RIP=0x00007ffc198f0256 jvm.dll
RAX=0x00000204c2d088f0 is an unknown value
RBX=0x00000214c3a57160 points into unknown readable memory: 0x000000e000000000 | 00 00 00 00 e0 00 00 00
RCX=0x000000000000000a is an unknown value
RDX=0x0000000000000a8a is an unknown value
RSP=0x00000024016fb790 is pointing into the stack for thread: 0x00000214a3fed750
RBP=0x00000024016fbb10 is pointing into the stack for thread: 0x00000214a3fed750
RSI=0x000000000000154f is an unknown value
RDI=0x0000000000000a8a is an unknown value
R8 =0x0000000000000a8a is an unknown value
R9 =0x00000000000003fe is an unknown value
R10=0xffffffffffffffff is an unknown value
R11=0x000000000000000a is an unknown value
R12=0x000000000000154f is an unknown value
R13=0x00000214be923c90 points into unknown readable memory: 0x00007ffc1a067a78 | 78 7a 06 1a fc 7f 00 00
R14=0x00000024016fbeb0 is pointing into the stack for thread: 0x00000214a3fed750
R15=0x0 is NULL


Registers:
RAX=0x00000204c2d088f0, RBX=0x00000214c3a57160, RCX=0x000000000000000a, RDX=0x0000000000000a8a
RSP=0x00000024016fb790, RBP=0x00000024016fbb10, RSI=0x000000000000154f, RDI=0x0000000000000a8a
R8 =0x0000000000000a8a, R9 =0x00000000000003fe, R10=0xffffffffffffffff, R11=0x000000000000000a
R12=0x000000000000154f, R13=0x00000214be923c90, R14=0x00000024016fbeb0, R15=0x0000000000000000
RIP=0x00007ffc198f0256, EFLAGS=0x0000000000010207

Top of Stack: (sp=0x00000024016fb790)
0x00000024016fb790:   00000214c3a57200 0000000000000000
0x00000024016fb7a0:   ffffffff3f3fffff ffffffffffffffff
0x00000024016fb7b0:   00000214a4f61f30 00007ffc19a9a39b
0x00000024016fb7c0:   00000214a4fd86a0 00000214a4fd86a0
0x00000024016fb7d0:   ffffffffffffffff ffffffffffffffff
0x00000024016fb7e0:   00000000000003fe 0000000300000a8a
0x00000024016fb7f0:   000000160000000b 00000214c16f60e0
0x00000024016fb800:   00000214c16f6210 00000024016fb900
0x00000024016fb810:   0000000000000002 0000000000000000
0x00000024016fb820:   00000214a4fd86a0 00007ffc19a99315
0x00000024016fb830:   0000000000000016 00000024016fb930
0x00000024016fb840:   00000024016fbeb0 00007ffc4cd147b1
0x00000024016fb850:   00000024016fb870 0000021400000006
0x00000024016fb860:   000000150000001b 000000000000000c
0x00000024016fb870:   0000001b00000000 0000000e00000020
0x00000024016fb880:   0000000000000000 0000001d00000002 

Instructions: (pc=0x00007ffc198f0256)
0x00007ffc198f0156:   00 00 83 f8 01 76 17 f7 83 a8 00 00 00 00 02 00
0x00007ffc198f0166:   00 75 0b 8b d0 48 8d 4b 38 e8 cc d4 50 00 48 83
0x00007ffc198f0176:   bb 88 00 00 00 00 7d 07 b8 ff ff 0f 00 eb 09 48
0x00007ffc198f0186:   8d 4b 38 e8 b2 d3 50 00 0f b7 8b 9c 00 00 00 3b
0x00007ffc198f0196:   c1 89 83 98 00 00 00 79 11 81 8b a8 00 00 00 80
0x00007ffc198f01a6:   00 00 00 c7 43 30 2f 75 00 00 ff c7 c7 43 34 00
0x00007ffc198f01b6:   00 00 00 3b be e0 00 00 00 0f 82 7b ff ff ff 48
0x00007ffc198f01c6:   81 c4 80 00 00 00 5f 5e 5b c3 a9 fd 1b 00 3b fe
0x00007ffc198f01d6:   1b 00 a9 fd 1b 00 a9 fd 1b 00 26 fd 1b 00 a9 fd
0x00007ffc198f01e6:   1b 00 69 fd 1b 00 69 fd 1b 00 ed fd 1b 00 a9 fd
0x00007ffc198f01f6:   1b 00 c1 fd 1b 00 d7 fd 1b 00 ed fd 1b 00 03 fe
0x00007ffc198f0206:   1b 00 c1 fd 1b 00 a9 fd 1b 00 48 8b 41 58 48 63
0x00007ffc198f0216:   48 10 48 8d 05 55 5f 97 00 48 c1 e1 05 8b 04 01
0x00007ffc198f0226:   c3 cc cc cc cc cc cc cc cc cc 40 53 48 83 ec 20
0x00007ffc198f0236:   48 8b d9 85 d2 75 08 32 c0 48 83 c4 20 5b c3 48
0x00007ffc198f0246:   8b 43 08 8b ca 48 c1 e9 08 48 89 7c 24 30 8b fa
0x00007ffc198f0256:   4c 8b 04 c8 48 8d 05 87 b6 9c 00 4c 3b c0 75 0b
0x00007ffc198f0266:   48 8b cb e8 22 f0 1a 00 4c 8b c0 40 0f b6 cf ba
0x00007ffc198f0276:   01 00 00 00 48 c1 ef 06 80 e1 3f 83 e7 03 48 d3
0x00007ffc198f0286:   e2 49 8b 0c f8 48 8b c1 48 0b c2 49 89 04 f8 48
0x00007ffc198f0296:   8b 7c 24 30 48 23 ca 75 02 ff 03 48 85 c9 0f 94
0x00007ffc198f02a6:   c0 48 83 c4 20 5b c3 cc cc cc 44 8b d2 41 3b d0
0x00007ffc198f02b6:   7c 47 41 8d 80 c0 02 00 00 3b d0 7d 3c 44 8b ca
0x00007ffc198f02c6:   45 2b c8 41 8b c1 83 e0 3f 0f b6 d0 41 8b c1 48
0x00007ffc198f02d6:   c1 e8 06 48 8b 44 c1 38 48 0f a3 d0 73 1b 0f b7
0x00007ffc198f02e6:   81 9c 00 00 00 83 f8 01 74 0c 8d 48 ff 8b c1 41
0x00007ffc198f02f6:   23 c2 3b c1 75 03 b0 01 c3 32 c0 c3 cc cc cc cc
0x00007ffc198f0306:   cc cc cc cc cc cc cc cc cc cc 40 57 41 57 48 83
0x00007ffc198f0316:   ec 38 4c 8b 41 48 33 ff 48 89 5c 24 58 4c 8b f9
0x00007ffc198f0326:   48 89 74 24 68 4c 89 64 24 30 44 8b e7 4c 89 6c
0x00007ffc198f0336:   24 28 44 8b ef 41 39 78 40 0f 86 ba 00 00 00 48
0x00007ffc198f0346:   89 6c 24 60 4c 89 74 24 20 90 49 8b 40 30 8b ef 


Stack slot to memory mapping:
stack at sp + 0 slots: 0x00000214c3a57200 points into unknown readable memory: 0x0000001600000013 | 13 00 00 00 16 00 00 00
stack at sp + 1 slots: 0x0 is NULL
stack at sp + 2 slots: 0xffffffff3f3fffff is an unknown value
stack at sp + 3 slots: 0xffffffffffffffff is an unknown value
stack at sp + 4 slots: 0x00000214a4f61f30 points into unknown readable memory: 0x0000000000000000 | 00 00 00 00 00 00 00 00
stack at sp + 5 slots: 0x00007ffc19a9a39b jvm.dll
stack at sp + 6 slots: 0x00000214a4fd86a0 points into unknown readable memory: 0x3e8f0a5763bc7a2c | 2c 7a bc 63 57 0a 8f 3e
stack at sp + 7 slots: 0x00000214a4fd86a0 points into unknown readable memory: 0x3e8f0a5763bc7a2c | 2c 7a bc 63 57 0a 8f 3e


---------------  P R O C E S S  ---------------

Threads class SMR info:
_java_thread_list=0x00000214c1c61d80, length=63, elements={
0x00000214870457d0, 0x00000214a3fcd900, 0x00000214a3fcfab0, 0x00000214a3fe75f0,
0x00000214a3fe9fe0, 0x00000214a3feb060, 0x00000214a3feb940, 0x00000214a3fed750,
0x00000214a3ff39f0, 0x00000214a4009ec0, 0x00000214a419bae0, 0x00000214a427a930,
0x00000214be770d70, 0x00000214bfb32ae0, 0x00000214be78f3d0, 0x00000214bef50030,
0x00000214be51fb20, 0x00000214be522dc0, 0x00000214be520a50, 0x00000214be521470,
0x00000214be520030, 0x00000214be5232d0, 0x00000214be521e90, 0x00000214be5223a0,
0x00000214be5228b0, 0x00000214c0364e60, 0x00000214c03676e0, 0x00000214c0368b20,
0x00000214c0368100, 0x00000214c0366cc0, 0x00000214c0364440, 0x00000214c03671d0,
0x00000214c0369030, 0x00000214c0369540, 0x00000214c0369a50, 0x00000214c0369f60,
0x00000214c036a470, 0x00000214c03662a0, 0x00000214c03667b0, 0x00000214bf824bc0,
0x00000214bf8297b0, 0x00000214bf828370, 0x00000214bf826000, 0x00000214bf826a20,
0x00000214bf82a6e0, 0x00000214bf82abf0, 0x00000214bf826f30, 0x00000214bf8246b0,
0x00000214bf827440, 0x00000214bf827950, 0x00000214bf823780, 0x00000214bf827e60,
0x00000214bf828d90, 0x00000214bf8292a0, 0x00000214bf829cc0, 0x00000214bf8250d0,
0x00000214bf82a1d0, 0x00000214bf82b100, 0x00000214bf8255e0, 0x00000214bf823c90,
0x00000214c243a7c0, 0x00000214a445d7b0, 0x00000214bf8241a0
}

Java Threads: ( => current thread )
  0x00000214870457d0 JavaThread "main" [_thread_blocked, id=10952, stack(0x0000002400900000,0x0000002400a00000)]
  0x00000214a3fcd900 JavaThread "Reference Handler" daemon [_thread_blocked, id=10996, stack(0x0000002401000000,0x0000002401100000)]
  0x00000214a3fcfab0 JavaThread "Finalizer" daemon [_thread_blocked, id=7088, stack(0x0000002401100000,0x0000002401200000)]
  0x00000214a3fe75f0 JavaThread "Signal Dispatcher" daemon [_thread_blocked, id=4676, stack(0x0000002401200000,0x0000002401300000)]
  0x00000214a3fe9fe0 JavaThread "Attach Listener" daemon [_thread_blocked, id=5916, stack(0x0000002401300000,0x0000002401400000)]
  0x00000214a3feb060 JavaThread "Service Thread" daemon [_thread_blocked, id=9968, stack(0x0000002401400000,0x0000002401500000)]
  0x00000214a3feb940 JavaThread "Monitor Deflation Thread" daemon [_thread_blocked, id=10024, stack(0x0000002401500000,0x0000002401600000)]
=>0x00000214a3fed750 JavaThread "C2 CompilerThread0" daemon [_thread_in_native, id=6900, stack(0x0000002401600000,0x0000002401700000)]
  0x00000214a3ff39f0 JavaThread "C1 CompilerThread0" daemon [_thread_blocked, id=4288, stack(0x0000002401700000,0x0000002401800000)]
  0x00000214a4009ec0 JavaThread "Sweeper thread" daemon [_thread_blocked, id=4952, stack(0x0000002401800000,0x0000002401900000)]
  0x00000214a419bae0 JavaThread "Common-Cleaner" daemon [_thread_blocked, id=6752, stack(0x0000002401900000,0x0000002401a00000)]
  0x00000214a427a930 JavaThread "Notification Thread" daemon [_thread_blocked, id=7548, stack(0x0000002401b00000,0x0000002401c00000)]
  0x00000214be770d70 JavaThread "Daemon health stats" [_thread_blocked, id=10832, stack(0x0000002402300000,0x0000002402400000)]
  0x00000214bfb32ae0 JavaThread "Incoming local TCP Connector on port 61097" [_thread_in_native, id=8336, stack(0x0000002402400000,0x0000002402500000)]
  0x00000214be78f3d0 JavaThread "Daemon periodic checks" [_thread_blocked, id=10408, stack(0x0000002402500000,0x0000002402600000)]
  0x00000214bef50030 JavaThread "Daemon" [_thread_blocked, id=9360, stack(0x0000002402600000,0x0000002402700000)]
  0x00000214be51fb20 JavaThread "Handler for socket connection from /127.0.0.1:61097 to /127.0.0.1:61099" [_thread_in_native, id=11124, stack(0x0000002402700000,0x0000002402800000)]
  0x00000214be522dc0 JavaThread "Cancel handler" [_thread_blocked, id=7080, stack(0x0000002402800000,0x0000002402900000)]
  0x00000214be520a50 JavaThread "Daemon worker" [_thread_in_vm, id=9364, stack(0x0000002402900000,0x0000002402a00000)]
  0x00000214be521470 JavaThread "Asynchronous log dispatcher for DefaultDaemonConnection: socket connection from /127.0.0.1:61097 to /127.0.0.1:61099" [_thread_blocked, id=9868, stack(0x0000002402a00000,0x0000002402b00000)]
  0x00000214be520030 JavaThread "Stdin handler" [_thread_blocked, id=5324, stack(0x0000002402b00000,0x0000002402c00000)]
  0x00000214be5232d0 JavaThread "Daemon client event forwarder" [_thread_blocked, id=2724, stack(0x0000002402c00000,0x0000002402d00000)]
  0x00000214be521e90 JavaThread "Cache worker for journal cache (C:\Users\Administrator\.gradle\caches\journal-1)" [_thread_blocked, id=10568, stack(0x0000002401a00000,0x0000002401b00000)]
  0x00000214be5223a0 JavaThread "File lock request listener" [_thread_in_native, id=1432, stack(0x0000002401d00000,0x0000002401e00000)]
  0x00000214be5228b0 JavaThread "File lock release action executor" [_thread_blocked, id=10912, stack(0x0000002402d00000,0x0000002402e00000)]
  0x00000214c0364e60 JavaThread "Cache worker for file hash cache (C:\Users\Administrator\.gradle\caches\8.5\fileHashes)" [_thread_blocked, id=7468, stack(0x0000002402f00000,0x0000002403000000)]
  0x00000214c03676e0 JavaThread "File watcher server" daemon [_thread_in_native, id=10664, stack(0x0000002403100000,0x0000002403200000)]
  0x00000214c0368b20 JavaThread "File watcher consumer" daemon [_thread_blocked, id=11060, stack(0x0000002403200000,0x0000002403300000)]
  0x00000214c0368100 JavaThread "Cache worker for checksums cache (D:\Students\kth\second_project\.gradle\8.5\checksums)" [_thread_blocked, id=10716, stack(0x0000002402e00000,0x0000002402f00000)]
  0x00000214c0366cc0 JavaThread "Cache worker for file hash cache (D:\Students\kth\second_project\.gradle\8.5\fileHashes)" [_thread_blocked, id=9900, stack(0x0000002403000000,0x0000002403100000)]
  0x00000214c0364440 JavaThread "Cache worker for cache directory md-supplier (C:\Users\Administrator\.gradle\caches\8.5\md-supplier)" [_thread_blocked, id=10420, stack(0x0000002403900000,0x0000002403a00000)]
  0x00000214c03671d0 JavaThread "Cache worker for cache directory md-rule (C:\Users\Administrator\.gradle\caches\8.5\md-rule)" [_thread_blocked, id=11000, stack(0x0000002403a00000,0x0000002403b00000)]
  0x00000214c0369030 JavaThread "File lock release action executor Thread 2" [_thread_blocked, id=10668, stack(0x0000002403b00000,0x0000002403c00000)]
  0x00000214c0369540 JavaThread "Cache worker for file content cache (C:\Users\Administrator\.gradle\caches\8.5\fileContent)" [_thread_blocked, id=11332, stack(0x0000002403c00000,0x0000002403d00000)]
  0x00000214c0369a50 JavaThread "Cache worker for execution history cache (C:\Users\Administrator\.gradle\caches\8.5\executionHistory)" [_thread_blocked, id=11588, stack(0x0000002403e00000,0x0000002403f00000)]
  0x00000214c0369f60 JavaThread "jar transforms" [_thread_blocked, id=7544, stack(0x0000002403d00000,0x0000002403e00000)]
  0x00000214c036a470 JavaThread "jar transforms Thread 2" [_thread_blocked, id=12248, stack(0x0000002403f00000,0x0000002404000000)]
  0x00000214c03662a0 JavaThread "jar transforms Thread 3" [_thread_blocked, id=13304, stack(0x0000002404000000,0x0000002404100000)]
  0x00000214c03667b0 JavaThread "jar transforms Thread 4" [_thread_blocked, id=9448, stack(0x0000002404100000,0x0000002404200000)]
  0x00000214bf824bc0 JavaThread "jar transforms Thread 5" [_thread_blocked, id=3764, stack(0x0000002404200000,0x0000002404300000)]
  0x00000214bf8297b0 JavaThread "jar transforms Thread 6" [_thread_blocked, id=11660, stack(0x0000002404300000,0x0000002404400000)]
  0x00000214bf828370 JavaThread "Cache worker for dependencies-accessors (D:\Students\kth\second_project\.gradle\8.5\dependencies-accessors)" [_thread_blocked, id=12500, stack(0x0000002404400000,0x0000002404500000)]
  0x00000214bf826000 JavaThread "jar transforms Thread 7" [_thread_blocked, id=604, stack(0x0000002404500000,0x0000002404600000)]
  0x00000214bf826a20 JavaThread "Cache worker for Build Output Cleanup Cache (D:\Students\kth\second_project\.gradle\buildOutputCleanup)" [_thread_blocked, id=2932, stack(0x0000002404700000,0x0000002404800000)]
  0x00000214bf82a6e0 JavaThread "Unconstrained build operations" [_thread_blocked, id=10148, stack(0x0000002404900000,0x0000002404a00000)]
  0x00000214bf82abf0 JavaThread "Unconstrained build operations Thread 2" [_thread_blocked, id=1616, stack(0x0000002404a00000,0x0000002404b00000)]
  0x00000214bf826f30 JavaThread "Unconstrained build operations Thread 3" [_thread_blocked, id=1612, stack(0x0000002404b00000,0x0000002404c00000)]
  0x00000214bf8246b0 JavaThread "Unconstrained build operations Thread 4" [_thread_blocked, id=9248, stack(0x0000002404c00000,0x0000002404d00000)]
  0x00000214bf827440 JavaThread "Unconstrained build operations Thread 5" [_thread_blocked, id=9384, stack(0x0000002404d00000,0x0000002404e00000)]
  0x00000214bf827950 JavaThread "Unconstrained build operations Thread 6" [_thread_blocked, id=10028, stack(0x0000002404e00000,0x0000002404f00000)]
  0x00000214bf823780 JavaThread "Unconstrained build operations Thread 7" [_thread_blocked, id=4492, stack(0x0000002404f00000,0x0000002405000000)]
  0x00000214bf827e60 JavaThread "Unconstrained build operations Thread 8" [_thread_blocked, id=8340, stack(0x0000002405000000,0x0000002405100000)]
  0x00000214bf828d90 JavaThread "Unconstrained build operations Thread 9" [_thread_blocked, id=1236, stack(0x0000002405100000,0x0000002405200000)]
  0x00000214bf8292a0 JavaThread "Unconstrained build operations Thread 10" [_thread_blocked, id=9296, stack(0x0000002405200000,0x0000002405300000)]
  0x00000214bf829cc0 JavaThread "Unconstrained build operations Thread 11" [_thread_blocked, id=9480, stack(0x0000002405300000,0x0000002405400000)]
  0x00000214bf8250d0 JavaThread "jar transforms Thread 8" [_thread_blocked, id=1780, stack(0x0000002404600000,0x0000002404700000)]
  0x00000214bf82a1d0 JavaThread "jar transforms Thread 9" [_thread_blocked, id=9844, stack(0x0000002404800000,0x0000002404900000)]
  0x00000214bf82b100 JavaThread "jar transforms Thread 10" [_thread_blocked, id=9436, stack(0x0000002405400000,0x0000002405500000)]
  0x00000214bf8255e0 JavaThread "jar transforms Thread 11" [_thread_blocked, id=288, stack(0x0000002405500000,0x0000002405600000)]
  0x00000214bf823c90 JavaThread "jar transforms Thread 12" [_thread_blocked, id=7576, stack(0x0000002405600000,0x0000002405700000)]
  0x00000214c243a7c0 JavaThread "C2 CompilerThread1" daemon [_thread_in_native, id=13232, stack(0x0000002405900000,0x0000002405a00000)]
  0x00000214a445d7b0 JavaThread "C2 CompilerThread2" daemon [_thread_in_native, id=12888, stack(0x0000002405a00000,0x0000002405b00000)]
  0x00000214bf8241a0 JavaThread "Memory manager" [_thread_blocked, id=12920, stack(0x0000002405b00000,0x0000002405c00000)]

Other Threads:
  0x00000214a3fc8d70 VMThread "VM Thread" [stack: 0x0000002400f00000,0x0000002401000000] [id=10580]
  0x00000214a4289840 WatcherThread [stack: 0x0000002401c00000,0x0000002401d00000] [id=9396]
  0x0000021487073050 GCTaskThread "GC Thread#0" [stack: 0x0000002400a00000,0x0000002400b00000] [id=10632]
  0x00000214be29c6a0 GCTaskThread "GC Thread#1" [stack: 0x0000002401e00000,0x0000002401f00000] [id=9324]
  0x00000214be29c970 GCTaskThread "GC Thread#2" [stack: 0x0000002401f00000,0x0000002402000000] [id=10992]
  0x00000214be29dd20 GCTaskThread "GC Thread#3" [stack: 0x0000002402000000,0x0000002402100000] [id=4340]
  0x00000214be29da50 GCTaskThread "GC Thread#4" [stack: 0x0000002402100000,0x0000002402200000] [id=5228]
  0x00000214be29cc40 GCTaskThread "GC Thread#5" [stack: 0x0000002402200000,0x0000002402300000] [id=2548]
  0x00000214be29c3d0 GCTaskThread "GC Thread#6" [stack: 0x0000002403300000,0x0000002403400000] [id=10300]
  0x00000214c1d18870 GCTaskThread "GC Thread#7" [stack: 0x0000002403400000,0x0000002403500000] [id=6932]
  0x00000214c1d19680 GCTaskThread "GC Thread#8" [stack: 0x0000002403500000,0x0000002403600000] [id=8664]
  0x00000214c1d1bde0 GCTaskThread "GC Thread#9" [stack: 0x0000002403600000,0x0000002403700000] [id=10256]
  0x0000021486fcdf80 ConcurrentGCThread "G1 Main Marker" [stack: 0x0000002400b00000,0x0000002400c00000] [id=9184]
  0x0000021486fce8b0 ConcurrentGCThread "G1 Conc#0" [stack: 0x0000002400c00000,0x0000002400d00000] [id=3304]
  0x00000214c1d185a0 ConcurrentGCThread "G1 Conc#1" [stack: 0x0000002403700000,0x0000002403800000] [id=9672]
  0x00000214c1d1aa30 ConcurrentGCThread "G1 Conc#2" [stack: 0x0000002403800000,0x0000002403900000] [id=2984]
  0x00000214870fe520 ConcurrentGCThread "G1 Refine#0" [stack: 0x0000002400d00000,0x0000002400e00000] [id=1708]
  0x00000214a3e8a110 ConcurrentGCThread "G1 Service" [stack: 0x0000002400e00000,0x0000002400f00000] [id=6600]

Threads with active compile tasks:
C2 CompilerThread0    32528 5170       4       org.objectweb.asm.SymbolTable::addConstantMemberReference (147 bytes)
C2 CompilerThread1    32528 5110       4       org.objectweb.asm.Frame::execute (2318 bytes)
C2 CompilerThread2    32528 5212       4       org.gradle.internal.reflect.MethodSet::add (50 bytes)

VM state: not at safepoint (normal execution)

VM Mutex/Monitor currently owned by a thread: None

Heap address: 0x00000000e0000000, size: 512 MB, Compressed Oops mode: 32-bit

CDS archive(s) mapped at: [0x00000214a5000000-0x00000214a5c00000-0x00000214a5c00000), size 12582912, SharedBaseAddress: 0x00000214a5000000, ArchiveRelocationMode: 1.
Compressed class space mapped at: 0x00000214a6000000-0x00000214ba000000, reserved size: 335544320
Narrow klass base: 0x00000214a5000000, Narrow klass shift: 0, Narrow klass range: 0x100000000

GC Precious Log:
 CPUs: 12 total, 12 available
 Memory: 16301M
 Large Page Support: Disabled
 NUMA Support: Disabled
 Compressed Oops: Enabled (32-bit)
 Heap Region Size: 1M
 Heap Min Capacity: 256M
 Heap Initial Capacity: 256M
 Heap Max Capacity: 512M
 Pre-touch: Disabled
 Parallel Workers: 10
 Concurrent Workers: 3
 Concurrent Refinement Workers: 10
 Periodic GC: Disabled

Heap:
 garbage-first heap   total 262144K, used 117156K [0x00000000e0000000, 0x0000000100000000)
  region size 1024K, 85 young (87040K), 1 survivors (1024K)
 Metaspace       used 44932K, committed 45440K, reserved 393216K
  class space    used 6291K, committed 6528K, reserved 327680K

Heap Regions: E=young(eden), S=young(survivor), O=old, HS=humongous(starts), HC=humongous(continues), CS=collection set, F=free, OA=open archive, CA=closed archive, TAMS=top-at-mark-start (previous, next)
|   0|0x00000000e0000000, 0x00000000e0100000, 0x00000000e0100000|100%|HS|  |TAMS 0x00000000e0100000, 0x00000000e0000000| Complete 
|   1|0x00000000e0100000, 0x00000000e0200000, 0x00000000e0200000|100%|HC|  |TAMS 0x00000000e0200000, 0x00000000e0100000| Complete 
|   2|0x00000000e0200000, 0x00000000e0300000, 0x00000000e0300000|100%|HC|  |TAMS 0x00000000e0300000, 0x00000000e0200000| Complete 
|   3|0x00000000e0300000, 0x00000000e0400000, 0x00000000e0400000|100%|HC|  |TAMS 0x00000000e0400000, 0x00000000e0300000| Complete 
|   4|0x00000000e0400000, 0x00000000e0500000, 0x00000000e0500000|100%| O|  |TAMS 0x00000000e0500000, 0x00000000e0400000| Untracked 
|   5|0x00000000e0500000, 0x00000000e0600000, 0x00000000e0600000|100%| O|  |TAMS 0x00000000e0600000, 0x00000000e0500000| Untracked 
|   6|0x00000000e0600000, 0x00000000e0700000, 0x00000000e0700000|100%| O|  |TAMS 0x00000000e0700000, 0x00000000e0600000| Untracked 
|   7|0x00000000e0700000, 0x00000000e0800000, 0x00000000e0800000|100%| O|  |TAMS 0x00000000e0800000, 0x00000000e0700000| Untracked 
|   8|0x00000000e0800000, 0x00000000e0900000, 0x00000000e0900000|100%|HS|  |TAMS 0x00000000e0800000, 0x00000000e0800000| Complete 
|   9|0x00000000e0900000, 0x00000000e0a00000, 0x00000000e0a00000|100%| O|  |TAMS 0x00000000e0a00000, 0x00000000e0900000| Untracked 
|  10|0x00000000e0a00000, 0x00000000e0b00000, 0x00000000e0b00000|100%| O|  |TAMS 0x00000000e0b00000, 0x00000000e0a00000| Untracked 
|  11|0x00000000e0b00000, 0x00000000e0c00000, 0x00000000e0c00000|100%| O|  |TAMS 0x00000000e0c00000, 0x00000000e0b00000| Untracked 
|  12|0x00000000e0c00000, 0x00000000e0d00000, 0x00000000e0d00000|100%| O|  |TAMS 0x00000000e0d00000, 0x00000000e0c00000| Untracked 
|  13|0x00000000e0d00000, 0x00000000e0e00000, 0x00000000e0e00000|100%| O|  |TAMS 0x00000000e0e00000, 0x00000000e0d00000| Complete 
|  14|0x00000000e0e00000, 0x00000000e0f00000, 0x00000000e0f00000|100%| O|  |TAMS 0x00000000e0f00000, 0x00000000e0e00000| Untracked 
|  15|0x00000000e0f00000, 0x00000000e1000000, 0x00000000e1000000|100%| O|  |TAMS 0x00000000e1000000, 0x00000000e0f00000| Untracked 
|  16|0x00000000e1000000, 0x00000000e1100000, 0x00000000e1100000|100%| O|  |TAMS 0x00000000e1100000, 0x00000000e1000000| Untracked 
|  17|0x00000000e1100000, 0x00000000e1200000, 0x00000000e1200000|100%| O|  |TAMS 0x00000000e1200000, 0x00000000e1100000| Untracked 
|  18|0x00000000e1200000, 0x00000000e1300000, 0x00000000e1300000|100%| O|  |TAMS 0x00000000e1300000, 0x00000000e1200000| Untracked 
|  19|0x00000000e1300000, 0x00000000e1400000, 0x00000000e1400000|100%| O|  |TAMS 0x00000000e1400000, 0x00000000e1300000| Untracked 
|  20|0x00000000e1400000, 0x00000000e1500000, 0x00000000e1500000|100%| O|  |TAMS 0x00000000e1500000, 0x00000000e1400000| Untracked 
|  21|0x00000000e1500000, 0x00000000e1600000, 0x00000000e1600000|100%| O|  |TAMS 0x00000000e1600000, 0x00000000e1500000| Untracked 
|  22|0x00000000e1600000, 0x00000000e1700000, 0x00000000e1700000|100%| O|  |TAMS 0x00000000e1700000, 0x00000000e1600000| Untracked 
|  23|0x00000000e1700000, 0x00000000e1800000, 0x00000000e1800000|100%| O|  |TAMS 0x00000000e1800000, 0x00000000e1700000| Untracked 
|  24|0x00000000e1800000, 0x00000000e1900000, 0x00000000e1900000|100%| O|  |TAMS 0x00000000e1900000, 0x00000000e1800000| Untracked 
|  25|0x00000000e1900000, 0x00000000e1a00000, 0x00000000e1a00000|100%| O|  |TAMS 0x00000000e1a00000, 0x00000000e1900000| Untracked 
|  26|0x00000000e1a00000, 0x00000000e1b00000, 0x00000000e1b00000|100%| O|  |TAMS 0x00000000e1b00000, 0x00000000e1a00000| Untracked 
|  27|0x00000000e1b00000, 0x00000000e1c00000, 0x00000000e1c00000|100%| O|  |TAMS 0x00000000e1c00000, 0x00000000e1b00000| Untracked 
|  28|0x00000000e1c00000, 0x00000000e1d00000, 0x00000000e1d00000|100%| O|  |TAMS 0x00000000e1d00000, 0x00000000e1c00000| Untracked 
|  29|0x00000000e1d00000, 0x00000000e1e00000, 0x00000000e1e00000|100%| O|  |TAMS 0x00000000e1e00000, 0x00000000e1d00000| Untracked 
|  30|0x00000000e1e00000, 0x00000000e1eed400, 0x00000000e1f00000| 92%| O|  |TAMS 0x00000000e1eed400, 0x00000000e1e00000| Untracked 
|  31|0x00000000e1f00000, 0x00000000e2000000, 0x00000000e2000000|100%|HS|  |TAMS 0x00000000e1f00000, 0x00000000e1f00000| Complete 
|  32|0x00000000e2000000, 0x00000000e2000000, 0x00000000e2100000|  0%| F|  |TAMS 0x00000000e2000000, 0x00000000e2000000| Untracked 
|  33|0x00000000e2100000, 0x00000000e2100000, 0x00000000e2200000|  0%| F|  |TAMS 0x00000000e2100000, 0x00000000e2100000| Untracked 
|  34|0x00000000e2200000, 0x00000000e2200000, 0x00000000e2300000|  0%| F|  |TAMS 0x00000000e2200000, 0x00000000e2200000| Untracked 
|  35|0x00000000e2300000, 0x00000000e2300000, 0x00000000e2400000|  0%| F|  |TAMS 0x00000000e2300000, 0x00000000e2300000| Untracked 
|  36|0x00000000e2400000, 0x00000000e2400000, 0x00000000e2500000|  0%| F|  |TAMS 0x00000000e2400000, 0x00000000e2400000| Untracked 
|  37|0x00000000e2500000, 0x00000000e2500000, 0x00000000e2600000|  0%| F|  |TAMS 0x00000000e2500000, 0x00000000e2500000| Untracked 
|  38|0x00000000e2600000, 0x00000000e2600000, 0x00000000e2700000|  0%| F|  |TAMS 0x00000000e2600000, 0x00000000e2600000| Untracked 
|  39|0x00000000e2700000, 0x00000000e2700000, 0x00000000e2800000|  0%| F|  |TAMS 0x00000000e2700000, 0x00000000e2700000| Untracked 
|  40|0x00000000e2800000, 0x00000000e2800000, 0x00000000e2900000|  0%| F|  |TAMS 0x00000000e2800000, 0x00000000e2800000| Untracked 
|  41|0x00000000e2900000, 0x00000000e2900000, 0x00000000e2a00000|  0%| F|  |TAMS 0x00000000e2900000, 0x00000000e2900000| Untracked 
|  42|0x00000000e2a00000, 0x00000000e2a00000, 0x00000000e2b00000|  0%| F|  |TAMS 0x00000000e2a00000, 0x00000000e2a00000| Untracked 
|  43|0x00000000e2b00000, 0x00000000e2b00000, 0x00000000e2c00000|  0%| F|  |TAMS 0x00000000e2b00000, 0x00000000e2b00000| Untracked 
|  44|0x00000000e2c00000, 0x00000000e2c00000, 0x00000000e2d00000|  0%| F|  |TAMS 0x00000000e2c00000, 0x00000000e2c00000| Untracked 
|  45|0x00000000e2d00000, 0x00000000e2d00000, 0x00000000e2e00000|  0%| F|  |TAMS 0x00000000e2d00000, 0x00000000e2d00000| Untracked 
|  46|0x00000000e2e00000, 0x00000000e2e00000, 0x00000000e2f00000|  0%| F|  |TAMS 0x00000000e2e00000, 0x00000000e2e00000| Untracked 
|  47|0x00000000e2f00000, 0x00000000e2f00000, 0x00000000e3000000|  0%| F|  |TAMS 0x00000000e2f00000, 0x00000000e2f00000| Untracked 
|  48|0x00000000e3000000, 0x00000000e3000000, 0x00000000e3100000|  0%| F|  |TAMS 0x00000000e3000000, 0x00000000e3000000| Untracked 
|  49|0x00000000e3100000, 0x00000000e3100000, 0x00000000e3200000|  0%| F|  |TAMS 0x00000000e3100000, 0x00000000e3100000| Untracked 
|  50|0x00000000e3200000, 0x00000000e3200000, 0x00000000e3300000|  0%| F|  |TAMS 0x00000000e3200000, 0x00000000e3200000| Untracked 
|  51|0x00000000e3300000, 0x00000000e3300000, 0x00000000e3400000|  0%| F|  |TAMS 0x00000000e3300000, 0x00000000e3300000| Untracked 
|  52|0x00000000e3400000, 0x00000000e3400000, 0x00000000e3500000|  0%| F|  |TAMS 0x00000000e3400000, 0x00000000e3400000| Untracked 
|  53|0x00000000e3500000, 0x00000000e3500000, 0x00000000e3600000|  0%| F|  |TAMS 0x00000000e3500000, 0x00000000e3500000| Untracked 
|  54|0x00000000e3600000, 0x00000000e3600000, 0x00000000e3700000|  0%| F|  |TAMS 0x00000000e3600000, 0x00000000e3600000| Untracked 
|  55|0x00000000e3700000, 0x00000000e3700000, 0x00000000e3800000|  0%| F|  |TAMS 0x00000000e3700000, 0x00000000e3700000| Untracked 
|  56|0x00000000e3800000, 0x00000000e3800000, 0x00000000e3900000|  0%| F|  |TAMS 0x00000000e3800000, 0x00000000e3800000| Untracked 
|  57|0x00000000e3900000, 0x00000000e3900000, 0x00000000e3a00000|  0%| F|  |TAMS 0x00000000e3900000, 0x00000000e3900000| Untracked 
|  58|0x00000000e3a00000, 0x00000000e3a00000, 0x00000000e3b00000|  0%| F|  |TAMS 0x00000000e3a00000, 0x00000000e3a00000| Untracked 
|  59|0x00000000e3b00000, 0x00000000e3b00000, 0x00000000e3c00000|  0%| F|  |TAMS 0x00000000e3b00000, 0x00000000e3b00000| Untracked 
|  60|0x00000000e3c00000, 0x00000000e3c00000, 0x00000000e3d00000|  0%| F|  |TAMS 0x00000000e3c00000, 0x00000000e3c00000| Untracked 
|  61|0x00000000e3d00000, 0x00000000e3d00000, 0x00000000e3e00000|  0%| F|  |TAMS 0x00000000e3d00000, 0x00000000e3d00000| Untracked 
|  62|0x00000000e3e00000, 0x00000000e3e00000, 0x00000000e3f00000|  0%| F|  |TAMS 0x00000000e3e00000, 0x00000000e3e00000| Untracked 
|  63|0x00000000e3f00000, 0x00000000e3f00000, 0x00000000e4000000|  0%| F|  |TAMS 0x00000000e3f00000, 0x00000000e3f00000| Untracked 
|  64|0x00000000e4000000, 0x00000000e4000000, 0x00000000e4100000|  0%| F|  |TAMS 0x00000000e4000000, 0x00000000e4000000| Untracked 
|  65|0x00000000e4100000, 0x00000000e4100000, 0x00000000e4200000|  0%| F|  |TAMS 0x00000000e4100000, 0x00000000e4100000| Untracked 
|  66|0x00000000e4200000, 0x00000000e4200000, 0x00000000e4300000|  0%| F|  |TAMS 0x00000000e4200000, 0x00000000e4200000| Untracked 
|  67|0x00000000e4300000, 0x00000000e4300000, 0x00000000e4400000|  0%| F|  |TAMS 0x00000000e4300000, 0x00000000e4300000| Untracked 
|  68|0x00000000e4400000, 0x00000000e4400000, 0x00000000e4500000|  0%| F|  |TAMS 0x00000000e4400000, 0x00000000e4400000| Untracked 
|  69|0x00000000e4500000, 0x00000000e4500000, 0x00000000e4600000|  0%| F|  |TAMS 0x00000000e4500000, 0x00000000e4500000| Untracked 
|  70|0x00000000e4600000, 0x00000000e4600000, 0x00000000e4700000|  0%| F|  |TAMS 0x00000000e4600000, 0x00000000e4600000| Untracked 
|  71|0x00000000e4700000, 0x00000000e4700000, 0x00000000e4800000|  0%| F|  |TAMS 0x00000000e4700000, 0x00000000e4700000| Untracked 
|  72|0x00000000e4800000, 0x00000000e4800000, 0x00000000e4900000|  0%| F|  |TAMS 0x00000000e4800000, 0x00000000e4800000| Untracked 
|  73|0x00000000e4900000, 0x00000000e4900000, 0x00000000e4a00000|  0%| F|  |TAMS 0x00000000e4900000, 0x00000000e4900000| Untracked 
|  74|0x00000000e4a00000, 0x00000000e4a00000, 0x00000000e4b00000|  0%| F|  |TAMS 0x00000000e4a00000, 0x00000000e4a00000| Untracked 
|  75|0x00000000e4b00000, 0x00000000e4b00000, 0x00000000e4c00000|  0%| F|  |TAMS 0x00000000e4b00000, 0x00000000e4b00000| Untracked 
|  76|0x00000000e4c00000, 0x00000000e4c00000, 0x00000000e4d00000|  0%| F|  |TAMS 0x00000000e4c00000, 0x00000000e4c00000| Untracked 
|  77|0x00000000e4d00000, 0x00000000e4d00000, 0x00000000e4e00000|  0%| F|  |TAMS 0x00000000e4d00000, 0x00000000e4d00000| Untracked 
|  78|0x00000000e4e00000, 0x00000000e4e00000, 0x00000000e4f00000|  0%| F|  |TAMS 0x00000000e4e00000, 0x00000000e4e00000| Untracked 
|  79|0x00000000e4f00000, 0x00000000e4f00000, 0x00000000e5000000|  0%| F|  |TAMS 0x00000000e4f00000, 0x00000000e4f00000| Untracked 
|  80|0x00000000e5000000, 0x00000000e5000000, 0x00000000e5100000|  0%| F|  |TAMS 0x00000000e5000000, 0x00000000e5000000| Untracked 
|  81|0x00000000e5100000, 0x00000000e5100000, 0x00000000e5200000|  0%| F|  |TAMS 0x00000000e5100000, 0x00000000e5100000| Untracked 
|  82|0x00000000e5200000, 0x00000000e5200000, 0x00000000e5300000|  0%| F|  |TAMS 0x00000000e5200000, 0x00000000e5200000| Untracked 
|  83|0x00000000e5300000, 0x00000000e5300000, 0x00000000e5400000|  0%| F|  |TAMS 0x00000000e5300000, 0x00000000e5300000| Untracked 
|  84|0x00000000e5400000, 0x00000000e5400000, 0x00000000e5500000|  0%| F|  |TAMS 0x00000000e5400000, 0x00000000e5400000| Untracked 
|  85|0x00000000e5500000, 0x00000000e5500000, 0x00000000e5600000|  0%| F|  |TAMS 0x00000000e5500000, 0x00000000e5500000| Untracked 
|  86|0x00000000e5600000, 0x00000000e5600000, 0x00000000e5700000|  0%| F|  |TAMS 0x00000000e5600000, 0x00000000e5600000| Untracked 
|  87|0x00000000e5700000, 0x00000000e5700000, 0x00000000e5800000|  0%| F|  |TAMS 0x00000000e5700000, 0x00000000e5700000| Untracked 
|  88|0x00000000e5800000, 0x00000000e5800000, 0x00000000e5900000|  0%| F|  |TAMS 0x00000000e5800000, 0x00000000e5800000| Untracked 
|  89|0x00000000e5900000, 0x00000000e5900000, 0x00000000e5a00000|  0%| F|  |TAMS 0x00000000e5900000, 0x00000000e5900000| Untracked 
|  90|0x00000000e5a00000, 0x00000000e5a00000, 0x00000000e5b00000|  0%| F|  |TAMS 0x00000000e5a00000, 0x00000000e5a00000| Untracked 
|  91|0x00000000e5b00000, 0x00000000e5b00000, 0x00000000e5c00000|  0%| F|  |TAMS 0x00000000e5b00000, 0x00000000e5b00000| Untracked 
|  92|0x00000000e5c00000, 0x00000000e5c00000, 0x00000000e5d00000|  0%| F|  |TAMS 0x00000000e5c00000, 0x00000000e5c00000| Untracked 
|  93|0x00000000e5d00000, 0x00000000e5d00000, 0x00000000e5e00000|  0%| F|  |TAMS 0x00000000e5d00000, 0x00000000e5d00000| Untracked 
|  94|0x00000000e5e00000, 0x00000000e5e00000, 0x00000000e5f00000|  0%| F|  |TAMS 0x00000000e5e00000, 0x00000000e5e00000| Untracked 
|  95|0x00000000e5f00000, 0x00000000e5f00000, 0x00000000e6000000|  0%| F|  |TAMS 0x00000000e5f00000, 0x00000000e5f00000| Untracked 
|  96|0x00000000e6000000, 0x00000000e6000000, 0x00000000e6100000|  0%| F|  |TAMS 0x00000000e6000000, 0x00000000e6000000| Untracked 
|  97|0x00000000e6100000, 0x00000000e6100000, 0x00000000e6200000|  0%| F|  |TAMS 0x00000000e6100000, 0x00000000e6100000| Untracked 
|  98|0x00000000e6200000, 0x00000000e6200000, 0x00000000e6300000|  0%| F|  |TAMS 0x00000000e6200000, 0x00000000e6200000| Untracked 
|  99|0x00000000e6300000, 0x00000000e6300000, 0x00000000e6400000|  0%| F|  |TAMS 0x00000000e6300000, 0x00000000e6300000| Untracked 
| 100|0x00000000e6400000, 0x00000000e6400000, 0x00000000e6500000|  0%| F|  |TAMS 0x00000000e6400000, 0x00000000e6400000| Untracked 
| 101|0x00000000e6500000, 0x00000000e6500000, 0x00000000e6600000|  0%| F|  |TAMS 0x00000000e6500000, 0x00000000e6500000| Untracked 
| 102|0x00000000e6600000, 0x00000000e6600000, 0x00000000e6700000|  0%| F|  |TAMS 0x00000000e6600000, 0x00000000e6600000| Untracked 
| 103|0x00000000e6700000, 0x00000000e6700000, 0x00000000e6800000|  0%| F|  |TAMS 0x00000000e6700000, 0x00000000e6700000| Untracked 
| 104|0x00000000e6800000, 0x00000000e6800000, 0x00000000e6900000|  0%| F|  |TAMS 0x00000000e6800000, 0x00000000e6800000| Untracked 
| 105|0x00000000e6900000, 0x00000000e6900000, 0x00000000e6a00000|  0%| F|  |TAMS 0x00000000e6900000, 0x00000000e6900000| Untracked 
| 106|0x00000000e6a00000, 0x00000000e6a00000, 0x00000000e6b00000|  0%| F|  |TAMS 0x00000000e6a00000, 0x00000000e6a00000| Untracked 
| 107|0x00000000e6b00000, 0x00000000e6b00000, 0x00000000e6c00000|  0%| F|  |TAMS 0x00000000e6b00000, 0x00000000e6b00000| Untracked 
| 108|0x00000000e6c00000, 0x00000000e6c00000, 0x00000000e6d00000|  0%| F|  |TAMS 0x00000000e6c00000, 0x00000000e6c00000| Untracked 
| 109|0x00000000e6d00000, 0x00000000e6d00000, 0x00000000e6e00000|  0%| F|  |TAMS 0x00000000e6d00000, 0x00000000e6d00000| Untracked 
| 110|0x00000000e6e00000, 0x00000000e6e00000, 0x00000000e6f00000|  0%| F|  |TAMS 0x00000000e6e00000, 0x00000000e6e00000| Untracked 
| 111|0x00000000e6f00000, 0x00000000e6f00000, 0x00000000e7000000|  0%| F|  |TAMS 0x00000000e6f00000, 0x00000000e6f00000| Untracked 
| 112|0x00000000e7000000, 0x00000000e7000000, 0x00000000e7100000|  0%| F|  |TAMS 0x00000000e7000000, 0x00000000e7000000| Untracked 
| 113|0x00000000e7100000, 0x00000000e7100000, 0x00000000e7200000|  0%| F|  |TAMS 0x00000000e7100000, 0x00000000e7100000| Untracked 
| 114|0x00000000e7200000, 0x00000000e7200000, 0x00000000e7300000|  0%| F|  |TAMS 0x00000000e7200000, 0x00000000e7200000| Untracked 
| 115|0x00000000e7300000, 0x00000000e7300000, 0x00000000e7400000|  0%| F|  |TAMS 0x00000000e7300000, 0x00000000e7300000| Untracked 
| 116|0x00000000e7400000, 0x00000000e7400000, 0x00000000e7500000|  0%| F|  |TAMS 0x00000000e7400000, 0x00000000e7400000| Untracked 
| 117|0x00000000e7500000, 0x00000000e7500000, 0x00000000e7600000|  0%| F|  |TAMS 0x00000000e7500000, 0x00000000e7500000| Untracked 
| 118|0x00000000e7600000, 0x00000000e7600000, 0x00000000e7700000|  0%| F|  |TAMS 0x00000000e7600000, 0x00000000e7600000| Untracked 
| 119|0x00000000e7700000, 0x00000000e7700000, 0x00000000e7800000|  0%| F|  |TAMS 0x00000000e7700000, 0x00000000e7700000| Untracked 
| 120|0x00000000e7800000, 0x00000000e7800000, 0x00000000e7900000|  0%| F|  |TAMS 0x00000000e7800000, 0x00000000e7800000| Untracked 
| 121|0x00000000e7900000, 0x00000000e7900000, 0x00000000e7a00000|  0%| F|  |TAMS 0x00000000e7900000, 0x00000000e7900000| Untracked 
| 122|0x00000000e7a00000, 0x00000000e7a00000, 0x00000000e7b00000|  0%| F|  |TAMS 0x00000000e7a00000, 0x00000000e7a00000| Untracked 
| 123|0x00000000e7b00000, 0x00000000e7b00000, 0x00000000e7c00000|  0%| F|  |TAMS 0x00000000e7b00000, 0x00000000e7b00000| Untracked 
| 124|0x00000000e7c00000, 0x00000000e7c00000, 0x00000000e7d00000|  0%| F|  |TAMS 0x00000000e7c00000, 0x00000000e7c00000| Untracked 
| 125|0x00000000e7d00000, 0x00000000e7d00000, 0x00000000e7e00000|  0%| F|  |TAMS 0x00000000e7d00000, 0x00000000e7d00000| Untracked 
| 126|0x00000000e7e00000, 0x00000000e7e00000, 0x00000000e7f00000|  0%| F|  |TAMS 0x00000000e7e00000, 0x00000000e7e00000| Untracked 
| 127|0x00000000e7f00000, 0x00000000e7f00000, 0x00000000e8000000|  0%| F|  |TAMS 0x00000000e7f00000, 0x00000000e7f00000| Untracked 
| 128|0x00000000e8000000, 0x00000000e8000000, 0x00000000e8100000|  0%| F|  |TAMS 0x00000000e8000000, 0x00000000e8000000| Untracked 
| 129|0x00000000e8100000, 0x00000000e8100000, 0x00000000e8200000|  0%| F|  |TAMS 0x00000000e8100000, 0x00000000e8100000| Untracked 
| 130|0x00000000e8200000, 0x00000000e8200000, 0x00000000e8300000|  0%| F|  |TAMS 0x00000000e8200000, 0x00000000e8200000| Untracked 
| 131|0x00000000e8300000, 0x00000000e8300000, 0x00000000e8400000|  0%| F|  |TAMS 0x00000000e8300000, 0x00000000e8300000| Untracked 
| 132|0x00000000e8400000, 0x00000000e8400000, 0x00000000e8500000|  0%| F|  |TAMS 0x00000000e8400000, 0x00000000e8400000| Untracked 
| 133|0x00000000e8500000, 0x00000000e8500000, 0x00000000e8600000|  0%| F|  |TAMS 0x00000000e8500000, 0x00000000e8500000| Untracked 
| 134|0x00000000e8600000, 0x00000000e8600000, 0x00000000e8700000|  0%| F|  |TAMS 0x00000000e8600000, 0x00000000e8600000| Untracked 
| 135|0x00000000e8700000, 0x00000000e8700000, 0x00000000e8800000|  0%| F|  |TAMS 0x00000000e8700000, 0x00000000e8700000| Untracked 
| 136|0x00000000e8800000, 0x00000000e8800000, 0x00000000e8900000|  0%| F|  |TAMS 0x00000000e8800000, 0x00000000e8800000| Untracked 
| 137|0x00000000e8900000, 0x00000000e8900000, 0x00000000e8a00000|  0%| F|  |TAMS 0x00000000e8900000, 0x00000000e8900000| Untracked 
| 138|0x00000000e8a00000, 0x00000000e8a00000, 0x00000000e8b00000|  0%| F|  |TAMS 0x00000000e8a00000, 0x00000000e8a00000| Untracked 
| 139|0x00000000e8b00000, 0x00000000e8b00000, 0x00000000e8c00000|  0%| F|  |TAMS 0x00000000e8b00000, 0x00000000e8b00000| Untracked 
| 140|0x00000000e8c00000, 0x00000000e8c00000, 0x00000000e8d00000|  0%| F|  |TAMS 0x00000000e8c00000, 0x00000000e8c00000| Untracked 
| 141|0x00000000e8d00000, 0x00000000e8d00000, 0x00000000e8e00000|  0%| F|  |TAMS 0x00000000e8d00000, 0x00000000e8d00000| Untracked 
| 142|0x00000000e8e00000, 0x00000000e8e00000, 0x00000000e8f00000|  0%| F|  |TAMS 0x00000000e8e00000, 0x00000000e8e00000| Untracked 
| 143|0x00000000e8f00000, 0x00000000e8f00000, 0x00000000e9000000|  0%| F|  |TAMS 0x00000000e8f00000, 0x00000000e8f00000| Untracked 
| 144|0x00000000e9000000, 0x00000000e9000000, 0x00000000e9100000|  0%| F|  |TAMS 0x00000000e9000000, 0x00000000e9000000| Untracked 
| 145|0x00000000e9100000, 0x00000000e9100000, 0x00000000e9200000|  0%| F|  |TAMS 0x00000000e9100000, 0x00000000e9100000| Untracked 
| 146|0x00000000e9200000, 0x00000000e9200000, 0x00000000e9300000|  0%| F|  |TAMS 0x00000000e9200000, 0x00000000e9200000| Untracked 
| 147|0x00000000e9300000, 0x00000000e9300000, 0x00000000e9400000|  0%| F|  |TAMS 0x00000000e9300000, 0x00000000e9300000| Untracked 
| 148|0x00000000e9400000, 0x00000000e9400000, 0x00000000e9500000|  0%| F|  |TAMS 0x00000000e9400000, 0x00000000e9400000| Untracked 
| 149|0x00000000e9500000, 0x00000000e9500000, 0x00000000e9600000|  0%| F|  |TAMS 0x00000000e9500000, 0x00000000e9500000| Untracked 
| 150|0x00000000e9600000, 0x00000000e9600000, 0x00000000e9700000|  0%| F|  |TAMS 0x00000000e9600000, 0x00000000e9600000| Untracked 
| 151|0x00000000e9700000, 0x00000000e9700000, 0x00000000e9800000|  0%| F|  |TAMS 0x00000000e9700000, 0x00000000e9700000| Untracked 
| 152|0x00000000e9800000, 0x00000000e9800000, 0x00000000e9900000|  0%| F|  |TAMS 0x00000000e9800000, 0x00000000e9800000| Untracked 
| 153|0x00000000e9900000, 0x00000000e9900000, 0x00000000e9a00000|  0%| F|  |TAMS 0x00000000e9900000, 0x00000000e9900000| Untracked 
| 154|0x00000000e9a00000, 0x00000000e9a00000, 0x00000000e9b00000|  0%| F|  |TAMS 0x00000000e9a00000, 0x00000000e9a00000| Untracked 
| 155|0x00000000e9b00000, 0x00000000e9b00000, 0x00000000e9c00000|  0%| F|  |TAMS 0x00000000e9b00000, 0x00000000e9b00000| Untracked 
| 156|0x00000000e9c00000, 0x00000000e9c00000, 0x00000000e9d00000|  0%| F|  |TAMS 0x00000000e9c00000, 0x00000000e9c00000| Untracked 
| 157|0x00000000e9d00000, 0x00000000e9d00000, 0x00000000e9e00000|  0%| F|  |TAMS 0x00000000e9d00000, 0x00000000e9d00000| Untracked 
| 158|0x00000000e9e00000, 0x00000000e9e00000, 0x00000000e9f00000|  0%| F|  |TAMS 0x00000000e9e00000, 0x00000000e9e00000| Untracked 
| 159|0x00000000e9f00000, 0x00000000e9f00000, 0x00000000ea000000|  0%| F|  |TAMS 0x00000000e9f00000, 0x00000000e9f00000| Untracked 
| 160|0x00000000ea000000, 0x00000000ea000000, 0x00000000ea100000|  0%| F|  |TAMS 0x00000000ea000000, 0x00000000ea000000| Untracked 
| 161|0x00000000ea100000, 0x00000000ea100000, 0x00000000ea200000|  0%| F|  |TAMS 0x00000000ea100000, 0x00000000ea100000| Untracked 
| 162|0x00000000ea200000, 0x00000000ea200000, 0x00000000ea300000|  0%| F|  |TAMS 0x00000000ea200000, 0x00000000ea200000| Untracked 
| 163|0x00000000ea300000, 0x00000000ea300000, 0x00000000ea400000|  0%| F|  |TAMS 0x00000000ea300000, 0x00000000ea300000| Untracked 
| 164|0x00000000ea400000, 0x00000000ea400000, 0x00000000ea500000|  0%| F|  |TAMS 0x00000000ea400000, 0x00000000ea400000| Untracked 
| 165|0x00000000ea500000, 0x00000000ea500000, 0x00000000ea600000|  0%| F|  |TAMS 0x00000000ea500000, 0x00000000ea500000| Untracked 
| 166|0x00000000ea600000, 0x00000000ea600000, 0x00000000ea700000|  0%| F|  |TAMS 0x00000000ea600000, 0x00000000ea600000| Untracked 
| 167|0x00000000ea700000, 0x00000000ea700000, 0x00000000ea800000|  0%| F|  |TAMS 0x00000000ea700000, 0x00000000ea700000| Untracked 
| 168|0x00000000ea800000, 0x00000000ea800000, 0x00000000ea900000|  0%| F|  |TAMS 0x00000000ea800000, 0x00000000ea800000| Untracked 
| 169|0x00000000ea900000, 0x00000000ea900000, 0x00000000eaa00000|  0%| F|  |TAMS 0x00000000ea900000, 0x00000000ea900000| Untracked 
| 170|0x00000000eaa00000, 0x00000000eaa00000, 0x00000000eab00000|  0%| F|  |TAMS 0x00000000eaa00000, 0x00000000eaa00000| Untracked 
| 171|0x00000000eab00000, 0x00000000eac00000, 0x00000000eac00000|100%| E|  |TAMS 0x00000000eab00000, 0x00000000eab00000| Complete 
| 172|0x00000000eac00000, 0x00000000ead00000, 0x00000000ead00000|100%| E|CS|TAMS 0x00000000eac00000, 0x00000000eac00000| Complete 
| 173|0x00000000ead00000, 0x00000000eae00000, 0x00000000eae00000|100%| E|CS|TAMS 0x00000000ead00000, 0x00000000ead00000| Complete 
| 174|0x00000000eae00000, 0x00000000eaf00000, 0x00000000eaf00000|100%| E|CS|TAMS 0x00000000eae00000, 0x00000000eae00000| Complete 
| 175|0x00000000eaf00000, 0x00000000eb000000, 0x00000000eb000000|100%| E|CS|TAMS 0x00000000eaf00000, 0x00000000eaf00000| Complete 
| 176|0x00000000eb000000, 0x00000000eb100000, 0x00000000eb100000|100%| E|CS|TAMS 0x00000000eb000000, 0x00000000eb000000| Complete 
| 177|0x00000000eb100000, 0x00000000eb200000, 0x00000000eb200000|100%| E|CS|TAMS 0x00000000eb100000, 0x00000000eb100000| Complete 
| 178|0x00000000eb200000, 0x00000000eb300000, 0x00000000eb300000|100%| E|CS|TAMS 0x00000000eb200000, 0x00000000eb200000| Complete 
| 179|0x00000000eb300000, 0x00000000eb400000, 0x00000000eb400000|100%| E|CS|TAMS 0x00000000eb300000, 0x00000000eb300000| Complete 
| 180|0x00000000eb400000, 0x00000000eb500000, 0x00000000eb500000|100%| E|CS|TAMS 0x00000000eb400000, 0x00000000eb400000| Complete 
| 181|0x00000000eb500000, 0x00000000eb600000, 0x00000000eb600000|100%| E|CS|TAMS 0x00000000eb500000, 0x00000000eb500000| Complete 
| 182|0x00000000eb600000, 0x00000000eb700000, 0x00000000eb700000|100%| E|CS|TAMS 0x00000000eb600000, 0x00000000eb600000| Complete 
| 183|0x00000000eb700000, 0x00000000eb800000, 0x00000000eb800000|100%| E|CS|TAMS 0x00000000eb700000, 0x00000000eb700000| Complete 
| 184|0x00000000eb800000, 0x00000000eb900000, 0x00000000eb900000|100%| E|CS|TAMS 0x00000000eb800000, 0x00000000eb800000| Complete 
| 185|0x00000000eb900000, 0x00000000eba00000, 0x00000000eba00000|100%| E|CS|TAMS 0x00000000eb900000, 0x00000000eb900000| Complete 
| 186|0x00000000eba00000, 0x00000000ebb00000, 0x00000000ebb00000|100%| E|CS|TAMS 0x00000000eba00000, 0x00000000eba00000| Complete 
| 187|0x00000000ebb00000, 0x00000000ebc00000, 0x00000000ebc00000|100%| E|CS|TAMS 0x00000000ebb00000, 0x00000000ebb00000| Complete 
| 188|0x00000000ebc00000, 0x00000000ebd00000, 0x00000000ebd00000|100%| E|CS|TAMS 0x00000000ebc00000, 0x00000000ebc00000| Complete 
| 189|0x00000000ebd00000, 0x00000000ebe00000, 0x00000000ebe00000|100%| E|CS|TAMS 0x00000000ebd00000, 0x00000000ebd00000| Complete 
| 190|0x00000000ebe00000, 0x00000000ebf00000, 0x00000000ebf00000|100%| E|CS|TAMS 0x00000000ebe00000, 0x00000000ebe00000| Complete 
| 191|0x00000000ebf00000, 0x00000000ec000000, 0x00000000ec000000|100%| E|CS|TAMS 0x00000000ebf00000, 0x00000000ebf00000| Complete 
| 192|0x00000000ec000000, 0x00000000ec100000, 0x00000000ec100000|100%| E|CS|TAMS 0x00000000ec000000, 0x00000000ec000000| Complete 
| 193|0x00000000ec100000, 0x00000000ec200000, 0x00000000ec200000|100%| E|CS|TAMS 0x00000000ec100000, 0x00000000ec100000| Complete 
| 194|0x00000000ec200000, 0x00000000ec300000, 0x00000000ec300000|100%| E|CS|TAMS 0x00000000ec200000, 0x00000000ec200000| Complete 
| 195|0x00000000ec300000, 0x00000000ec400000, 0x00000000ec400000|100%| E|CS|TAMS 0x00000000ec300000, 0x00000000ec300000| Complete 
| 196|0x00000000ec400000, 0x00000000ec500000, 0x00000000ec500000|100%| E|CS|TAMS 0x00000000ec400000, 0x00000000ec400000| Complete 
| 197|0x00000000ec500000, 0x00000000ec600000, 0x00000000ec600000|100%| E|CS|TAMS 0x00000000ec500000, 0x00000000ec500000| Complete 
| 198|0x00000000ec600000, 0x00000000ec700000, 0x00000000ec700000|100%| E|CS|TAMS 0x00000000ec600000, 0x00000000ec600000| Complete 
| 199|0x00000000ec700000, 0x00000000ec800000, 0x00000000ec800000|100%| E|CS|TAMS 0x00000000ec700000, 0x00000000ec700000| Complete 
| 200|0x00000000ec800000, 0x00000000ec900000, 0x00000000ec900000|100%| E|CS|TAMS 0x00000000ec800000, 0x00000000ec800000| Complete 
| 201|0x00000000ec900000, 0x00000000eca00000, 0x00000000eca00000|100%| E|CS|TAMS 0x00000000ec900000, 0x00000000ec900000| Complete 
| 202|0x00000000eca00000, 0x00000000ecb00000, 0x00000000ecb00000|100%| E|CS|TAMS 0x00000000eca00000, 0x00000000eca00000| Complete 
| 203|0x00000000ecb00000, 0x00000000ecc00000, 0x00000000ecc00000|100%| E|CS|TAMS 0x00000000ecb00000, 0x00000000ecb00000| Complete 
| 204|0x00000000ecc00000, 0x00000000ecd00000, 0x00000000ecd00000|100%| E|CS|TAMS 0x00000000ecc00000, 0x00000000ecc00000| Complete 
| 205|0x00000000ecd00000, 0x00000000ece00000, 0x00000000ece00000|100%| E|CS|TAMS 0x00000000ecd00000, 0x00000000ecd00000| Complete 
| 206|0x00000000ece00000, 0x00000000ecf00000, 0x00000000ecf00000|100%| E|CS|TAMS 0x00000000ece00000, 0x00000000ece00000| Complete 
| 207|0x00000000ecf00000, 0x00000000ed000000, 0x00000000ed000000|100%| E|CS|TAMS 0x00000000ecf00000, 0x00000000ecf00000| Complete 
| 208|0x00000000ed000000, 0x00000000ed100000, 0x00000000ed100000|100%| E|CS|TAMS 0x00000000ed000000, 0x00000000ed000000| Complete 
| 209|0x00000000ed100000, 0x00000000ed200000, 0x00000000ed200000|100%| E|CS|TAMS 0x00000000ed100000, 0x00000000ed100000| Complete 
| 210|0x00000000ed200000, 0x00000000ed300000, 0x00000000ed300000|100%| E|CS|TAMS 0x00000000ed200000, 0x00000000ed200000| Complete 
| 211|0x00000000ed300000, 0x00000000ed400000, 0x00000000ed400000|100%| E|CS|TAMS 0x00000000ed300000, 0x00000000ed300000| Complete 
| 212|0x00000000ed400000, 0x00000000ed500000, 0x00000000ed500000|100%| E|CS|TAMS 0x00000000ed400000, 0x00000000ed400000| Complete 
| 213|0x00000000ed500000, 0x00000000ed600000, 0x00000000ed600000|100%| E|CS|TAMS 0x00000000ed500000, 0x00000000ed500000| Complete 
| 214|0x00000000ed600000, 0x00000000ed700000, 0x00000000ed700000|100%| E|CS|TAMS 0x00000000ed600000, 0x00000000ed600000| Complete 
| 215|0x00000000ed700000, 0x00000000ed800000, 0x00000000ed800000|100%| E|CS|TAMS 0x00000000ed700000, 0x00000000ed700000| Complete 
| 216|0x00000000ed800000, 0x00000000ed900000, 0x00000000ed900000|100%| E|CS|TAMS 0x00000000ed800000, 0x00000000ed800000| Complete 
| 217|0x00000000ed900000, 0x00000000eda00000, 0x00000000eda00000|100%| E|CS|TAMS 0x00000000ed900000, 0x00000000ed900000| Complete 
| 218|0x00000000eda00000, 0x00000000edb00000, 0x00000000edb00000|100%| E|CS|TAMS 0x00000000eda00000, 0x00000000eda00000| Complete 
| 219|0x00000000edb00000, 0x00000000edc00000, 0x00000000edc00000|100%| E|CS|TAMS 0x00000000edb00000, 0x00000000edb00000| Complete 
| 220|0x00000000edc00000, 0x00000000edd00000, 0x00000000edd00000|100%| E|CS|TAMS 0x00000000edc00000, 0x00000000edc00000| Complete 
| 221|0x00000000edd00000, 0x00000000ede00000, 0x00000000ede00000|100%| E|CS|TAMS 0x00000000edd00000, 0x00000000edd00000| Complete 
| 222|0x00000000ede00000, 0x00000000edf00000, 0x00000000edf00000|100%| E|CS|TAMS 0x00000000ede00000, 0x00000000ede00000| Complete 
| 223|0x00000000edf00000, 0x00000000ee000000, 0x00000000ee000000|100%| E|CS|TAMS 0x00000000edf00000, 0x00000000edf00000| Complete 
| 224|0x00000000ee000000, 0x00000000ee100000, 0x00000000ee100000|100%| E|CS|TAMS 0x00000000ee000000, 0x00000000ee000000| Complete 
| 225|0x00000000ee100000, 0x00000000ee200000, 0x00000000ee200000|100%| E|CS|TAMS 0x00000000ee100000, 0x00000000ee100000| Complete 
| 226|0x00000000ee200000, 0x00000000ee300000, 0x00000000ee300000|100%| E|CS|TAMS 0x00000000ee200000, 0x00000000ee200000| Complete 
| 227|0x00000000ee300000, 0x00000000ee400000, 0x00000000ee400000|100%| E|CS|TAMS 0x00000000ee300000, 0x00000000ee300000| Complete 
| 228|0x00000000ee400000, 0x00000000ee500000, 0x00000000ee500000|100%| E|CS|TAMS 0x00000000ee400000, 0x00000000ee400000| Complete 
| 229|0x00000000ee500000, 0x00000000ee600000, 0x00000000ee600000|100%| E|CS|TAMS 0x00000000ee500000, 0x00000000ee500000| Complete 
| 230|0x00000000ee600000, 0x00000000ee700000, 0x00000000ee700000|100%| E|CS|TAMS 0x00000000ee600000, 0x00000000ee600000| Complete 
| 231|0x00000000ee700000, 0x00000000ee800000, 0x00000000ee800000|100%| E|CS|TAMS 0x00000000ee700000, 0x00000000ee700000| Complete 
| 232|0x00000000ee800000, 0x00000000ee900000, 0x00000000ee900000|100%| E|CS|TAMS 0x00000000ee800000, 0x00000000ee800000| Complete 
| 233|0x00000000ee900000, 0x00000000eea00000, 0x00000000eea00000|100%| E|CS|TAMS 0x00000000ee900000, 0x00000000ee900000| Complete 
| 234|0x00000000eea00000, 0x00000000eeb00000, 0x00000000eeb00000|100%| E|CS|TAMS 0x00000000eea00000, 0x00000000eea00000| Complete 
| 235|0x00000000eeb00000, 0x00000000eec00000, 0x00000000eec00000|100%| E|CS|TAMS 0x00000000eeb00000, 0x00000000eeb00000| Complete 
| 236|0x00000000eec00000, 0x00000000eed00000, 0x00000000eed00000|100%| E|CS|TAMS 0x00000000eec00000, 0x00000000eec00000| Complete 
| 237|0x00000000eed00000, 0x00000000eee00000, 0x00000000eee00000|100%| E|CS|TAMS 0x00000000eed00000, 0x00000000eed00000| Complete 
| 238|0x00000000eee00000, 0x00000000eef00000, 0x00000000eef00000|100%| E|CS|TAMS 0x00000000eee00000, 0x00000000eee00000| Complete 
| 239|0x00000000eef00000, 0x00000000ef000000, 0x00000000ef000000|100%| E|CS|TAMS 0x00000000eef00000, 0x00000000eef00000| Complete 
| 240|0x00000000ef000000, 0x00000000ef100000, 0x00000000ef100000|100%| E|CS|TAMS 0x00000000ef000000, 0x00000000ef000000| Complete 
| 241|0x00000000ef100000, 0x00000000ef200000, 0x00000000ef200000|100%| E|CS|TAMS 0x00000000ef100000, 0x00000000ef100000| Complete 
| 242|0x00000000ef200000, 0x00000000ef300000, 0x00000000ef300000|100%| E|CS|TAMS 0x00000000ef200000, 0x00000000ef200000| Complete 
| 243|0x00000000ef300000, 0x00000000ef400000, 0x00000000ef400000|100%| E|  |TAMS 0x00000000ef300000, 0x00000000ef300000| Complete 
| 244|0x00000000ef400000, 0x00000000ef500000, 0x00000000ef500000|100%| E|CS|TAMS 0x00000000ef400000, 0x00000000ef400000| Complete 
| 245|0x00000000ef500000, 0x00000000ef600000, 0x00000000ef600000|100%| E|CS|TAMS 0x00000000ef500000, 0x00000000ef500000| Complete 
| 246|0x00000000ef600000, 0x00000000ef700000, 0x00000000ef700000|100%| E|CS|TAMS 0x00000000ef600000, 0x00000000ef600000| Complete 
| 247|0x00000000ef700000, 0x00000000ef800000, 0x00000000ef800000|100%| E|CS|TAMS 0x00000000ef700000, 0x00000000ef700000| Complete 
| 248|0x00000000ef800000, 0x00000000ef900000, 0x00000000ef900000|100%| E|CS|TAMS 0x00000000ef800000, 0x00000000ef800000| Complete 
| 249|0x00000000ef900000, 0x00000000efa00000, 0x00000000efa00000|100%| E|CS|TAMS 0x00000000ef900000, 0x00000000ef900000| Complete 
| 250|0x00000000efa00000, 0x00000000efb00000, 0x00000000efb00000|100%| E|CS|TAMS 0x00000000efa00000, 0x00000000efa00000| Complete 
| 251|0x00000000efb00000, 0x00000000efc00000, 0x00000000efc00000|100%| E|CS|TAMS 0x00000000efb00000, 0x00000000efb00000| Complete 
| 252|0x00000000efc00000, 0x00000000efd00000, 0x00000000efd00000|100%| E|CS|TAMS 0x00000000efc00000, 0x00000000efc00000| Complete 
| 253|0x00000000efd00000, 0x00000000efe00000, 0x00000000efe00000|100%| E|CS|TAMS 0x00000000efd00000, 0x00000000efd00000| Complete 
| 254|0x00000000efe00000, 0x00000000efe7bd48, 0x00000000eff00000| 48%| S|CS|TAMS 0x00000000efe00000, 0x00000000efe00000| Complete 
| 255|0x00000000eff00000, 0x00000000f0000000, 0x00000000f0000000|100%| E|CS|TAMS 0x00000000eff00000, 0x00000000eff00000| Complete 

Card table byte_map: [0x00000214a0190000,0x00000214a0290000] _byte_map_base: 0x000002149fa90000

Marking Bits (Prev, Next): (CMBitMap*) 0x0000021487073590, (CMBitMap*) 0x00000214870735d0
 Prev Bits: [0x00000214a0390000, 0x00000214a0b90000)
 Next Bits: [0x00000214a0b90000, 0x00000214a1390000)

Polling page: 0x0000021487100000

Metaspace:

Usage:
  Non-class:     37.74 MB used.
      Class:      6.14 MB used.
       Both:     43.88 MB used.

Virtual space:
  Non-class space:       64.00 MB reserved,      38.00 MB ( 59%) committed,  1 nodes.
      Class space:      320.00 MB reserved,       6.38 MB (  2%) committed,  1 nodes.
             Both:      384.00 MB reserved,      44.38 MB ( 12%) committed. 

Chunk freelists:
   Non-Class:  9.23 MB
       Class:  9.47 MB
        Both:  18.70 MB

MaxMetaspaceSize: 384.00 MB
CompressedClassSpaceSize: 320.00 MB
Initial GC threshold: 21.00 MB
Current GC threshold: 59.62 MB
CDS: on
MetaspaceReclaimPolicy: balanced
 - commit_granule_bytes: 65536.
 - commit_granule_words: 8192.
 - virtual_space_node_default_size: 8388608.
 - enlarge_chunks_in_place: 1.
 - new_chunks_are_fully_committed: 0.
 - uncommit_free_chunks: 1.
 - use_allocation_guard: 0.
 - handle_deallocations: 1.


Internal statistics:

num_allocs_failed_limit: 9.
num_arena_births: 500.
num_arena_deaths: 0.
num_vsnodes_births: 2.
num_vsnodes_deaths: 0.
num_space_committed: 710.
num_space_uncommitted: 0.
num_chunks_returned_to_freelist: 9.
num_chunks_taken_from_freelist: 2218.
num_chunk_merges: 9.
num_chunk_splits: 1476.
num_chunks_enlarged: 1012.
num_inconsistent_stats: 0.

CodeHeap 'non-profiled nmethods': size=120000Kb used=2334Kb max_used=3178Kb free=117665Kb
 bounds [0x0000021497eb0000, 0x00000214981d0000, 0x000002149f3e0000]
CodeHeap 'profiled nmethods': size=120000Kb used=8515Kb max_used=10623Kb free=111484Kb
 bounds [0x00000214903e0000, 0x0000021490e40000, 0x0000021497910000]
CodeHeap 'non-nmethods': size=5760Kb used=2322Kb max_used=2424Kb free=3438Kb
 bounds [0x0000021497910000, 0x0000021497b90000, 0x0000021497eb0000]
 total_blobs=5265 nmethods=4429 adapters=748
 compilation: enabled
              stopped_count=0, restarted_count=0
 full_count=0

Compilation events (20 events):
Event: 32.415 Thread 0x00000214a445d7b0 nmethod 5194 0x00000214981c8e90 code [0x00000214981c9080, 0x00000214981c9f18]
Event: 32.415 Thread 0x00000214a445d7b0 5195       4       jdk.internal.org.objectweb.asm.ClassReader::<init> (371 bytes)
Event: 32.424 Thread 0x00000214a3ff39f0 5198       3       com.google.common.collect.AbstractSetMultimap::wrapCollection (14 bytes)
Event: 32.424 Thread 0x00000214a3ff39f0 nmethod 5198 0x00000214903e7d10 code [0x00000214903e7ec0, 0x00000214903e8188]
Event: 32.449 Thread 0x00000214a445d7b0 nmethod 5195 0x0000021497f0db90 code [0x0000021497f0dd40, 0x0000021497f0e8e8]
Event: 32.449 Thread 0x00000214a445d7b0 5199       4       org.objectweb.asm.MethodVisitor::<init> (94 bytes)
Event: 32.451 Thread 0x00000214a445d7b0 nmethod 5199 0x0000021498035990 code [0x0000021498035b00, 0x0000021498035c98]
Event: 32.451 Thread 0x00000214a445d7b0 5193       4       jdk.internal.org.objectweb.asm.Frame::merge (317 bytes)
Event: 32.458 Thread 0x00000214a445d7b0 nmethod 5193 0x0000021497ef3910 code [0x0000021497ef3ae0, 0x0000021497ef4028]
Event: 32.458 Thread 0x00000214a445d7b0 5190  s!   4       java.util.jar.JarFile::ensureInitialization (74 bytes)
Event: 32.460 Thread 0x00000214a445d7b0 nmethod 5190 0x0000021497f17690 code [0x0000021497f17820, 0x0000021497f17b68]
Event: 32.468 Thread 0x00000214a3ff39f0 5200       1       org.objectweb.asm.SymbolTable::getSource (5 bytes)
Event: 32.468 Thread 0x00000214a3ff39f0 nmethod 5200 0x0000021497eb0a10 code [0x0000021497eb0ba0, 0x0000021497eb0c78]
Event: 32.470 Thread 0x00000214a3ff39f0 5201       3       sun.reflect.generics.reflectiveObjects.LazyReflectiveObjectGenerator::reifyBounds (51 bytes)
Event: 32.470 Thread 0x00000214a3ff39f0 nmethod 5201 0x0000021490546010 code [0x0000021490546200, 0x0000021490546a88]
Event: 32.471 Thread 0x00000214a445d7b0 5202       4       org.objectweb.asm.Frame::pop (42 bytes)
Event: 32.472 Thread 0x00000214a445d7b0 nmethod 5202 0x0000021497ebef90 code [0x0000021497ebf100, 0x0000021497ebf1d8]
Event: 32.472 Thread 0x00000214a445d7b0 5203       4       org.objectweb.asm.Frame::accept (264 bytes)
Event: 32.476 Thread 0x00000214a3ff39f0 5204       1       org.gradle.api.internal.collections.SortedSetElementSource::getMutationGuard (5 bytes)
Event: 32.476 Thread 0x00000214a3ff39f0 nmethod 5204 0x0000021497f15b90 code [0x0000021497f15d20, 0x0000021497f15df8]

GC Heap History (14 events):
Event: 0.402 GC heap before
{Heap before GC invocations=0 (full 0):
 garbage-first heap   total 262144K, used 27648K [0x00000000e0000000, 0x0000000100000000)
  region size 1024K, 23 young (23552K), 0 survivors (0K)
 Metaspace       used 3030K, committed 3136K, reserved 393216K
  class space    used 387K, committed 448K, reserved 327680K
}
Event: 0.404 GC heap after
{Heap after GC invocations=1 (full 0):
 garbage-first heap   total 262144K, used 11043K [0x00000000e0000000, 0x0000000100000000)
  region size 1024K, 3 young (3072K), 3 survivors (3072K)
 Metaspace       used 3030K, committed 3136K, reserved 393216K
  class space    used 387K, committed 448K, reserved 327680K
}
Event: 0.599 GC heap before
{Heap before GC invocations=1 (full 0):
 garbage-first heap   total 262144K, used 38691K [0x00000000e0000000, 0x0000000100000000)
  region size 1024K, 30 young (30720K), 3 survivors (3072K)
 Metaspace       used 4096K, committed 4288K, reserved 393216K
  class space    used 504K, committed 576K, reserved 327680K
}
Event: 0.601 GC heap after
{Heap after GC invocations=2 (full 0):
 garbage-first heap   total 262144K, used 11654K [0x00000000e0000000, 0x0000000100000000)
  region size 1024K, 1 young (1024K), 1 survivors (1024K)
 Metaspace       used 4096K, committed 4288K, reserved 393216K
  class space    used 504K, committed 576K, reserved 327680K
}
Event: 4.172 GC heap before
{Heap before GC invocations=2 (full 0):
 garbage-first heap   total 262144K, used 125318K [0x00000000e0000000, 0x0000000100000000)
  region size 1024K, 111 young (113664K), 1 survivors (1024K)
 Metaspace       used 20604K, committed 20864K, reserved 393216K
  class space    used 3033K, committed 3136K, reserved 327680K
}
Event: 4.180 GC heap after
{Heap after GC invocations=3 (full 0):
 garbage-first heap   total 262144K, used 22903K [0x00000000e0000000, 0x0000000100000000)
  region size 1024K, 12 young (12288K), 12 survivors (12288K)
 Metaspace       used 20604K, committed 20864K, reserved 393216K
  class space    used 3033K, committed 3136K, reserved 327680K
}
Event: 4.272 GC heap before
{Heap before GC invocations=3 (full 0):
 garbage-first heap   total 262144K, used 28023K [0x00000000e0000000, 0x0000000100000000)
  region size 1024K, 18 young (18432K), 12 survivors (12288K)
 Metaspace       used 21258K, committed 21504K, reserved 393216K
  class space    used 3112K, committed 3264K, reserved 327680K
}
Event: 4.276 GC heap after
{Heap after GC invocations=4 (full 0):
 garbage-first heap   total 262144K, used 23720K [0x00000000e0000000, 0x0000000100000000)
  region size 1024K, 1 young (1024K), 1 survivors (1024K)
 Metaspace       used 21258K, committed 21504K, reserved 393216K
  class space    used 3112K, committed 3264K, reserved 327680K
}
Event: 22.509 GC heap before
{Heap before GC invocations=5 (full 0):
 garbage-first heap   total 262144K, used 144552K [0x00000000e0000000, 0x0000000100000000)
  region size 1024K, 116 young (118784K), 1 survivors (1024K)
 Metaspace       used 35580K, committed 35968K, reserved 393216K
  class space    used 4904K, committed 5120K, reserved 327680K
}
Event: 22.513 GC heap after
{Heap after GC invocations=6 (full 0):
 garbage-first heap   total 262144K, used 31456K [0x00000000e0000000, 0x0000000100000000)
  region size 1024K, 9 young (9216K), 9 survivors (9216K)
 Metaspace       used 35580K, committed 35968K, reserved 393216K
  class space    used 4904K, committed 5120K, reserved 327680K
}
Event: 22.539 GC heap before
{Heap before GC invocations=6 (full 0):
 garbage-first heap   total 262144K, used 34528K [0x00000000e0000000, 0x0000000100000000)
  region size 1024K, 12 young (12288K), 9 survivors (9216K)
 Metaspace       used 35898K, committed 36224K, reserved 393216K
  class space    used 4964K, committed 5120K, reserved 327680K
}
Event: 22.544 GC heap after
{Heap after GC invocations=7 (full 0):
 garbage-first heap   total 262144K, used 31649K [0x00000000e0000000, 0x0000000100000000)
  region size 1024K, 1 young (1024K), 1 survivors (1024K)
 Metaspace       used 35898K, committed 36224K, reserved 393216K
  class space    used 4964K, committed 5120K, reserved 327680K
}
Event: 22.549 GC heap before
{Heap before GC invocations=7 (full 0):
 garbage-first heap   total 262144K, used 31649K [0x00000000e0000000, 0x0000000100000000)
  region size 1024K, 2 young (2048K), 1 survivors (1024K)
 Metaspace       used 35969K, committed 36288K, reserved 393216K
  class space    used 4972K, committed 5120K, reserved 327680K
}
Event: 22.549 GC heap after
{Heap after GC invocations=8 (full 0):
 garbage-first heap   total 262144K, used 31140K [0x00000000e0000000, 0x0000000100000000)
  region size 1024K, 1 young (1024K), 1 survivors (1024K)
 Metaspace       used 35969K, committed 36288K, reserved 393216K
  class space    used 4972K, committed 5120K, reserved 327680K
}

Dll operation events (14 events):
Event: 0.003 Loaded shared library C:\Users\Administrator\.jdks\azul-17.0.8.1\bin\java.dll
Event: 0.016 Loaded shared library C:\Users\Administrator\.jdks\azul-17.0.8.1\bin\jsvml.dll
Event: 0.058 Loaded shared library C:\Users\Administrator\.jdks\azul-17.0.8.1\bin\zip.dll
Event: 0.059 Loaded shared library C:\Users\Administrator\.jdks\azul-17.0.8.1\bin\instrument.dll
Event: 0.062 Loaded shared library C:\Users\Administrator\.jdks\azul-17.0.8.1\bin\net.dll
Event: 0.063 Loaded shared library C:\Users\Administrator\.jdks\azul-17.0.8.1\bin\nio.dll
Event: 0.065 Loaded shared library C:\Users\Administrator\.jdks\azul-17.0.8.1\bin\zip.dll
Event: 0.178 Loaded shared library C:\Users\Administrator\.jdks\azul-17.0.8.1\bin\jimage.dll
Event: 0.231 Loaded shared library C:\Users\Administrator\.jdks\azul-17.0.8.1\bin\verify.dll
Event: 0.341 Loaded shared library C:\Users\Administrator\.gradle\native\c067742578af261105cb4f569cf0c3c89f3d7b1fecec35dd04571415982c5e48\windows-amd64\native-platform.dll
Event: 0.345 Loaded shared library C:\Users\Administrator\.gradle\native\38dada09dfb8b06ba9b0570ebf7e218e3eb74d4ef43ca46872605cf95ebc2f47\windows-amd64\native-platform-file-events.dll
Event: 0.952 Loaded shared library C:\Users\Administrator\.jdks\azul-17.0.8.1\bin\management.dll
Event: 0.954 Loaded shared library C:\Users\Administrator\.jdks\azul-17.0.8.1\bin\management_ext.dll
Event: 1.253 Loaded shared library C:\Users\Administrator\.jdks\azul-17.0.8.1\bin\sunmscapi.dll

Deoptimization events (20 events):
Event: 32.037 Thread 0x00000214bf8250d0 Uncommon trap: reason=intrinsic_or_type_checked_inlining action=make_not_entrant pc=0x00000214981a6d08 method=java.util.ArrayList.toArray([Ljava/lang/Object;)[Ljava/lang/Object; @ 36 c2
Event: 32.037 Thread 0x00000214bf82b100 Uncommon trap: reason=intrinsic_or_type_checked_inlining action=make_not_entrant pc=0x00000214981a6d08 method=java.util.ArrayList.toArray([Ljava/lang/Object;)[Ljava/lang/Object; @ 36 c2
Event: 32.038 Thread 0x00000214c036a470 DEOPT PACKING pc=0x00000214981a6d08 sp=0x0000002403ffeca0
Event: 32.038 Thread 0x00000214bf82b100 DEOPT PACKING pc=0x00000214981a6d08 sp=0x00000024054fed10
Event: 32.038 Thread 0x00000214bf8250d0 DEOPT PACKING pc=0x00000214981a6d08 sp=0x00000024046fea00
Event: 32.038 Thread 0x00000214bf82b100 DEOPT UNPACKING pc=0x00000214979669a3 sp=0x00000024054fec60 mode 2
Event: 32.038 Thread 0x00000214c036a470 DEOPT UNPACKING pc=0x00000214979669a3 sp=0x0000002403ffebf0 mode 2
Event: 32.038 Thread 0x00000214bf8250d0 DEOPT UNPACKING pc=0x00000214979669a3 sp=0x00000024046fe950 mode 2
Event: 32.053 Thread 0x00000214be520a50 Uncommon trap: trap_request=0xffffffcc fr.pc=0x000002149816dd84 relative=0x0000000000000364
Event: 32.053 Thread 0x00000214be520a50 Uncommon trap: reason=intrinsic_or_type_checked_inlining action=make_not_entrant pc=0x000002149816dd84 method=java.util.Arrays.copyOf([Ljava/lang/Object;ILjava/lang/Class;)[Ljava/lang/Object; @ 35 c2
Event: 32.053 Thread 0x00000214be520a50 DEOPT PACKING pc=0x000002149816dd84 sp=0x00000024029f8780
Event: 32.053 Thread 0x00000214be520a50 DEOPT UNPACKING pc=0x00000214979669a3 sp=0x00000024029f8710 mode 2
Event: 32.245 Thread 0x00000214be520a50 Uncommon trap: trap_request=0xffffff3d fr.pc=0x0000021498058880 relative=0x0000000000000d60
Event: 32.245 Thread 0x00000214be520a50 Uncommon trap: reason=unstable_fused_if action=reinterpret pc=0x0000021498058880 method=org.objectweb.asm.ByteVector.putUTF8(Ljava/lang/String;)Lorg/objectweb/asm/ByteVector; @ 93 c2
Event: 32.245 Thread 0x00000214be520a50 DEOPT PACKING pc=0x0000021498058880 sp=0x00000024029f3490
Event: 32.245 Thread 0x00000214be520a50 DEOPT UNPACKING pc=0x00000214979669a3 sp=0x00000024029f33e8 mode 2
Event: 32.249 Thread 0x00000214be520a50 Uncommon trap: trap_request=0xffffffde fr.pc=0x000002149814321c relative=0x0000000000005b5c
Event: 32.249 Thread 0x00000214be520a50 Uncommon trap: reason=class_check action=maybe_recompile pc=0x000002149814321c method=java.lang.Class.createAnnotationData(I)Ljava/lang/Class$AnnotationData; @ 103 c2
Event: 32.249 Thread 0x00000214be520a50 DEOPT PACKING pc=0x000002149814321c sp=0x00000024029f49a0
Event: 32.249 Thread 0x00000214be520a50 DEOPT UNPACKING pc=0x00000214979669a3 sp=0x00000024029f4960 mode 2

Classes unloaded (0 events):
No events

Classes redefined (0 events):
No events

Internal exceptions (20 events):
Event: 24.057 Thread 0x00000214be520a50 Exception <a 'java/lang/NoSuchMethodError'{0x00000000ed331770}: 'int java.lang.invoke.DirectMethodHandle$Holder.invokeStaticInit(java.lang.Object)'> (0x00000000ed331770) 
thrown [s\src\hotspot\share\interpreter\linkResolver.cpp, line 759]
Event: 24.062 Thread 0x00000214be520a50 Exception <a 'java/lang/NoSuchMethodError'{0x00000000ed3be698}: 'java.lang.Object java.lang.invoke.DirectMethodHandle$Holder.newInvokeSpecial(java.lang.Object, java.lang.Object, java.lang.Object, java.lang.Object, java.lang.Object, int)'> (0x00000000ed3be698) 
thrown [s\src\hotspot\share\interpreter\linkResolver.cpp, line 759]
Event: 24.062 Thread 0x00000214be520a50 Exception <a 'java/lang/NoSuchMethodError'{0x00000000ed3c3cf0}: 'java.lang.Object java.lang.invoke.DirectMethodHandle$Holder.invokeSpecial(java.lang.Object, java.lang.Object, java.lang.Object, java.lang.Object, java.lang.Object, java.lang.Object, int)'> (0x00000000ed3c3cf0) 
thrown [s\src\hotspot\share\interpreter\linkResolver.cpp, line 759]
Event: 24.066 Thread 0x00000214be520a50 Exception <a 'java/lang/NoSuchMethodError'{0x00000000ed21e010}: 'java.lang.Object java.lang.invoke.DirectMethodHandle$Holder.invokeSpecial(java.lang.Object, java.lang.Object, java.lang.Object, java.lang.Object, java.lang.Object, long)'> (0x00000000ed21e010) 
thrown [s\src\hotspot\share\interpreter\linkResolver.cpp, line 759]
Event: 24.067 Thread 0x00000214be520a50 Exception <a 'java/lang/NoSuchMethodError'{0x00000000ed24cef0}: 'void java.lang.invoke.DirectMethodHandle$Holder.invokeStatic(java.lang.Object, java.lang.Object, java.lang.Object, int, java.lang.Object)'> (0x00000000ed24cef0) 
thrown [s\src\hotspot\share\interpreter\linkResolver.cpp, line 759]
Event: 24.111 Thread 0x00000214be520a50 Exception <a 'java/lang/NoSuchMethodError'{0x00000000ecdbe318}: 'java.lang.Object java.lang.invoke.DelegatingMethodHandle$Holder.reinvoke_L(java.lang.Object, java.lang.Object, java.lang.Object, java.lang.Object, java.lang.Object, java.lang.Object, java.lang.Object, java.lang.Object, java.lang.Object, java.lang.Object, java.lang.Object, java.lang.Object, java.lang.Object, java.lang.Object, java.lang.Object, java.lang.Object, java.lang.Object, java.lang.Object, java.lang.Object, java.lang.Object, java.lang.O
Event: 24.111 Thread 0x00000214be520a50 Exception <a 'java/lang/NoSuchMethodError'{0x00000000ecdca6c8}: 'java.lang.Object java.lang.invoke.Invokers$Holder.invoker(java.lang.Object, java.lang.Object, java.lang.Object, java.lang.Object, java.lang.Object, java.lang.Object, java.lang.Object, java.lang.Object, java.lang.Object, java.lang.Object, java.lang.Object, java.lang.Object, java.lang.Object, java.lang.Object, java.lang.Object, java.lang.Object, java.lang.Object, java.lang.Object, java.lang.Object, java.lang.Object, java.lang.Object, java.lang.
Event: 24.112 Thread 0x00000214be520a50 Exception <a 'java/lang/NoSuchMethodError'{0x00000000ecdd1b48}: 'java.lang.Object java.lang.invoke.DelegatingMethodHandle$Holder.delegate(java.lang.Object, java.lang.Object, java.lang.Object, java.lang.Object, java.lang.Object, java.lang.Object, java.lang.Object, java.lang.Object, java.lang.Object, java.lang.Object, java.lang.Object, java.lang.Object, java.lang.Object, java.lang.Object, java.lang.Object, java.lang.Object, java.lang.Object, java.lang.Object, java.lang.Object, java.lang.Object, java.lang.Obj
Event: 24.115 Thread 0x00000214be520a50 Exception <a 'java/lang/NoSuchMethodError'{0x00000000ecc4c980}: 'java.lang.Object java.lang.invoke.DirectMethodHandle$Holder.invokeStatic(java.lang.Object, java.lang.Object, java.lang.Object, java.lang.Object, java.lang.Object, java.lang.Object, java.lang.Object, java.lang.Object, java.lang.Object, java.lang.Object, java.lang.Object, java.lang.Object, java.lang.Object, java.lang.Object, java.lang.Object, java.lang.Object, java.lang.Object)'> (0x00000000ecc4c980) 
thrown [s\src\hotspot\share\interpreter\lin
Event: 24.116 Thread 0x00000214be520a50 Exception <a 'java/lang/NoSuchMethodError'{0x00000000ecc76240}: 'java.lang.Object java.lang.invoke.DirectMethodHandle$Holder.invokeStatic(java.lang.Object, java.lang.Object, java.lang.Object, java.lang.Object, java.lang.Object, java.lang.Object, java.lang.Object, java.lang.Object, java.lang.Object, java.lang.Object, java.lang.Object, java.lang.Object, java.lang.Object, java.lang.Object, java.lang.Object, java.lang.Object, java.lang.Object, java.lang.Object)'> (0x00000000ecc76240) 
thrown [s\src\hotspot\sha
Event: 24.117 Thread 0x00000214be520a50 Exception <a 'java/lang/NoSuchMethodError'{0x00000000ecca1088}: 'java.lang.Object java.lang.invoke.DirectMethodHandle$Holder.invokeStatic(java.lang.Object, java.lang.Object, java.lang.Object, java.lang.Object, java.lang.Object, java.lang.Object, java.lang.Object, java.lang.Object, java.lang.Object, java.lang.Object, java.lang.Object, java.lang.Object, java.lang.Object, java.lang.Object, java.lang.Object, java.lang.Object, java.lang.Object, java.lang.Object, java.lang.Object)'> (0x00000000ecca1088) 
thrown 
Event: 24.118 Thread 0x00000214be520a50 Exception <a 'java/lang/NoSuchMethodError'{0x00000000ecccca98}: 'java.lang.Object java.lang.invoke.DirectMethodHandle$Holder.invokeStatic(java.lang.Object, java.lang.Object, java.lang.Object, java.lang.Object, java.lang.Object, java.lang.Object, java.lang.Object, java.lang.Object, java.lang.Object, java.lang.Object, java.lang.Object, java.lang.Object, java.lang.Object, java.lang.Object, java.lang.Object, java.lang.Object, java.lang.Object, java.lang.Object, java.lang.Object, java.lang.Object)'> (0x00000000
Event: 24.119 Thread 0x00000214be520a50 Exception <a 'java/lang/NoSuchMethodError'{0x00000000eccf93c8}: 'java.lang.Object java.lang.invoke.DirectMethodHandle$Holder.invokeStatic(java.lang.Object, java.lang.Object, java.lang.Object, java.lang.Object, java.lang.Object, java.lang.Object, java.lang.Object, java.lang.Object, java.lang.Object, java.lang.Object, java.lang.Object, java.lang.Object, java.lang.Object, java.lang.Object, java.lang.Object, java.lang.Object, java.lang.Object, java.lang.Object, java.lang.Object, java.lang.Object, java.lang.Obj
Event: 24.119 Thread 0x00000214be520a50 Exception <a 'java/lang/NoSuchMethodError'{0x00000000ecb272b8}: 'java.lang.Object java.lang.invoke.DirectMethodHandle$Holder.invokeStatic(java.lang.Object, java.lang.Object, java.lang.Object, java.lang.Object, java.lang.Object, java.lang.Object, java.lang.Object, java.lang.Object, java.lang.Object, java.lang.Object, java.lang.Object, java.lang.Object, java.lang.Object, java.lang.Object, java.lang.Object, java.lang.Object, java.lang.Object, java.lang.Object, java.lang.Object, java.lang.Object, java.lang.Obj
Event: 24.120 Thread 0x00000214be520a50 Exception <a 'java/lang/NoSuchMethodError'{0x00000000ecb55720}: 'java.lang.Object java.lang.invoke.DirectMethodHandle$Holder.invokeStatic(java.lang.Object, java.lang.Object, java.lang.Object, java.lang.Object, java.lang.Object, java.lang.Object, java.lang.Object, java.lang.Object, java.lang.Object, java.lang.Object, java.lang.Object, java.lang.Object, java.lang.Object, java.lang.Object, java.lang.Object, java.lang.Object, java.lang.Object, java.lang.Object, java.lang.Object, java.lang.Object, java.lang.Obj
Event: 24.121 Thread 0x00000214be520a50 Exception <a 'java/lang/NoSuchMethodError'{0x00000000ecb85a10}: 'java.lang.Object java.lang.invoke.DirectMethodHandle$Holder.invokeStatic(java.lang.Object, java.lang.Object, java.lang.Object, java.lang.Object, java.lang.Object, java.lang.Object, java.lang.Object, java.lang.Object, java.lang.Object, java.lang.Object, java.lang.Object, java.lang.Object, java.lang.Object, java.lang.Object, java.lang.Object, java.lang.Object, java.lang.Object, java.lang.Object, java.lang.Object, java.lang.Object, java.lang.Obj
Event: 24.122 Thread 0x00000214be520a50 Exception <a 'java/lang/NoSuchMethodError'{0x00000000ecbb75c0}: 'java.lang.Object java.lang.invoke.DirectMethodHandle$Holder.invokeStatic(java.lang.Object, java.lang.Object, java.lang.Object, java.lang.Object, java.lang.Object, java.lang.Object, java.lang.Object, java.lang.Object, java.lang.Object, java.lang.Object, java.lang.Object, java.lang.Object, java.lang.Object, java.lang.Object, java.lang.Object, java.lang.Object, java.lang.Object, java.lang.Object, java.lang.Object, java.lang.Object, java.lang.Obj
Event: 32.159 Thread 0x00000214be520a50 Exception <a 'java/lang/NoSuchMethodError'{0x00000000eb6797c8}: 'java.lang.Object java.lang.invoke.DirectMethodHandle$Holder.newInvokeSpecial(java.lang.Object, java.lang.Object, java.lang.Object, java.lang.Object, int)'> (0x00000000eb6797c8) 
thrown [s\src\hotspot\share\interpreter\linkResolver.cpp, line 759]
Event: 32.160 Thread 0x00000214be520a50 Exception <a 'java/lang/NoSuchMethodError'{0x00000000eb67eeb8}: 'java.lang.Object java.lang.invoke.DirectMethodHandle$Holder.invokeSpecial(java.lang.Object, java.lang.Object, java.lang.Object, java.lang.Object, java.lang.Object, int)'> (0x00000000eb67eeb8) 
thrown [s\src\hotspot\share\interpreter\linkResolver.cpp, line 759]
Event: 32.163 Thread 0x00000214be520a50 Exception <a 'java/lang/NoSuchMethodError'{0x00000000eb684128}: 'java.lang.Object java.lang.invoke.Invokers$Holder.linkToTargetMethod(java.lang.Object, java.lang.Object, java.lang.Object, int, java.lang.Object)'> (0x00000000eb684128) 
thrown [s\src\hotspot\share\interpreter\linkResolver.cpp, line 759]

VM Operations (20 events):
Event: 22.595 Executing VM operation: HandshakeAllThreads
Event: 22.595 Executing VM operation: HandshakeAllThreads done
Event: 23.606 Executing VM operation: Cleanup
Event: 23.606 Executing VM operation: Cleanup done
Event: 24.618 Executing VM operation: Cleanup
Event: 24.618 Executing VM operation: Cleanup done
Event: 25.620 Executing VM operation: Cleanup
Event: 25.620 Executing VM operation: Cleanup done
Event: 27.648 Executing VM operation: Cleanup
Event: 27.648 Executing VM operation: Cleanup done
Event: 31.683 Executing VM operation: Cleanup
Event: 31.683 Executing VM operation: Cleanup done
Event: 32.310 Executing VM operation: HandshakeAllThreads
Event: 32.310 Executing VM operation: HandshakeAllThreads done
Event: 32.317 Executing VM operation: ICBufferFull
Event: 32.317 Executing VM operation: ICBufferFull done
Event: 32.403 Executing VM operation: HandshakeAllThreads
Event: 32.416 Executing VM operation: HandshakeAllThreads done
Event: 32.449 Executing VM operation: HandshakeAllThreads
Event: 32.450 Executing VM operation: HandshakeAllThreads done

Events (20 events):
Event: 32.455 Thread 0x00000214a4009ec0 flushing nmethod 0x0000021490b52910
Event: 32.455 Thread 0x00000214a4009ec0 flushing nmethod 0x0000021490b84b10
Event: 32.455 Thread 0x00000214a4009ec0 flushing nmethod 0x0000021490ba0090
Event: 32.455 Thread 0x00000214a4009ec0 flushing nmethod 0x0000021490bc4110
Event: 32.455 Thread 0x00000214a4009ec0 flushing nmethod 0x0000021490bc4b90
Event: 32.455 Thread 0x00000214a4009ec0 flushing nmethod 0x0000021490bc6d90
Event: 32.455 Thread 0x00000214a4009ec0 flushing nmethod 0x0000021490c00190
Event: 32.455 Thread 0x00000214a4009ec0 flushing nmethod 0x0000021490c0e110
Event: 32.455 Thread 0x00000214a4009ec0 flushing nmethod 0x0000021490c3f410
Event: 32.455 Thread 0x00000214a4009ec0 flushing nmethod 0x0000021490c5a010
Event: 32.456 Thread 0x00000214a4009ec0 flushing nmethod 0x0000021490c79990
Event: 32.456 Thread 0x00000214a4009ec0 flushing nmethod 0x0000021490c7bb10
Event: 32.456 Thread 0x00000214a4009ec0 flushing nmethod 0x0000021490c8f910
Event: 32.456 Thread 0x00000214a4009ec0 flushing nmethod 0x0000021490c8ff10
Event: 32.456 Thread 0x00000214a4009ec0 flushing nmethod 0x0000021490ca2490
Event: 32.456 Thread 0x00000214a4009ec0 flushing nmethod 0x0000021490cac790
Event: 32.456 Thread 0x00000214a4009ec0 flushing nmethod 0x0000021490cb3810
Event: 32.456 Thread 0x00000214a4009ec0 flushing nmethod 0x0000021490cb3c10
Event: 32.456 Thread 0x00000214a4009ec0 flushing nmethod 0x0000021490cb4510
Event: 32.456 Thread 0x00000214a4009ec0 flushing nmethod 0x0000021490cb5690


Dynamic libraries:
0x00007ff784910000 - 0x00007ff78491e000 	C:\Users\Administrator\.jdks\azul-17.0.8.1\bin\java.exe
0x00007ffc4ccf0000 - 0x00007ffc4cee8000 	C:\Windows\SYSTEM32\ntdll.dll
0x00007ffc4ad40000 - 0x00007ffc4adfd000 	C:\Windows\System32\KERNEL32.DLL
0x00007ffc4a740000 - 0x00007ffc4aa36000 	C:\Windows\System32\KERNELBASE.dll
0x00007ffc4ac40000 - 0x00007ffc4ad40000 	C:\Windows\System32\ucrtbase.dll
0x00007ffc316a0000 - 0x00007ffc316b9000 	C:\Users\Administrator\.jdks\azul-17.0.8.1\bin\jli.dll
0x00007ffc31680000 - 0x00007ffc3169b000 	C:\Users\Administrator\.jdks\azul-17.0.8.1\bin\VCRUNTIME140.dll
0x00007ffc4b100000 - 0x00007ffc4b29e000 	C:\Windows\System32\USER32.dll
0x00007ffc3d470000 - 0x00007ffc3d70a000 	C:\Windows\WinSxS\amd64_microsoft.windows.common-controls_6595b64144ccf1df_6.0.19041.3636_none_60b6a03d71f818d5\COMCTL32.dll
0x00007ffc4a460000 - 0x00007ffc4a482000 	C:\Windows\System32\win32u.dll
0x00007ffc4b6f0000 - 0x00007ffc4b78e000 	C:\Windows\System32\msvcrt.dll
0x00007ffc4b2a0000 - 0x00007ffc4b2cc000 	C:\Windows\System32\GDI32.dll
0x00007ffc4a490000 - 0x00007ffc4a5aa000 	C:\Windows\System32\gdi32full.dll
0x00007ffc4a3c0000 - 0x00007ffc4a45d000 	C:\Windows\System32\msvcp_win.dll
0x00007ffc4aec0000 - 0x00007ffc4aef0000 	C:\Windows\System32\IMM32.DLL
0x00007ffc31e60000 - 0x00007ffc31e6c000 	C:\Users\Administrator\.jdks\azul-17.0.8.1\bin\vcruntime140_1.dll
0x00007ffc1c2c0000 - 0x00007ffc1c34d000 	C:\Users\Administrator\.jdks\azul-17.0.8.1\bin\msvcp140.dll
0x00007ffc19730000 - 0x00007ffc1a398000 	C:\Users\Administrator\.jdks\azul-17.0.8.1\bin\server\jvm.dll
0x00007ffc4cbf0000 - 0x00007ffc4cca3000 	C:\Windows\System32\ADVAPI32.dll
0x00007ffc4b2d0000 - 0x00007ffc4b36f000 	C:\Windows\System32\sechost.dll
0x00007ffc4b4d0000 - 0x00007ffc4b5f6000 	C:\Windows\System32\RPCRT4.dll
0x00007ffc4ac10000 - 0x00007ffc4ac37000 	C:\Windows\System32\bcrypt.dll
0x00007ffc45f20000 - 0x00007ffc45f29000 	C:\Windows\SYSTEM32\WSOCK32.dll
0x00007ffc4b790000 - 0x00007ffc4b7fb000 	C:\Windows\System32\WS2_32.dll
0x00007ffc49900000 - 0x00007ffc4994b000 	C:\Windows\SYSTEM32\POWRPROF.dll
0x00007ffc44c40000 - 0x00007ffc44c4a000 	C:\Windows\SYSTEM32\VERSION.dll
0x00007ffc3f730000 - 0x00007ffc3f757000 	C:\Windows\SYSTEM32\WINMM.dll
0x00007ffc497d0000 - 0x00007ffc497e2000 	C:\Windows\SYSTEM32\UMPDC.dll
0x00007ffc48290000 - 0x00007ffc482a2000 	C:\Windows\SYSTEM32\kernel.appcore.dll
0x00007ffc31c10000 - 0x00007ffc31c1a000 	C:\Users\Administrator\.jdks\azul-17.0.8.1\bin\jimage.dll
0x00007ffc3e170000 - 0x00007ffc3e354000 	C:\Windows\SYSTEM32\DBGHELP.DLL
0x00007ffc2f680000 - 0x00007ffc2f6b4000 	C:\Windows\SYSTEM32\dbgcore.DLL
0x00007ffc4a6b0000 - 0x00007ffc4a732000 	C:\Windows\System32\bcryptPrimitives.dll
0x00007ffc31b00000 - 0x00007ffc31b0e000 	C:\Users\Administrator\.jdks\azul-17.0.8.1\bin\instrument.dll
0x00007ffc2ee20000 - 0x00007ffc2ee45000 	C:\Users\Administrator\.jdks\azul-17.0.8.1\bin\java.dll
0x00007ffc1c1e0000 - 0x00007ffc1c2b7000 	C:\Users\Administrator\.jdks\azul-17.0.8.1\bin\jsvml.dll
0x00007ffc4b800000 - 0x00007ffc4bf45000 	C:\Windows\System32\SHELL32.dll
0x00007ffc48490000 - 0x00007ffc48c2b000 	C:\Windows\SYSTEM32\windows.storage.dll
0x00007ffc4bf50000 - 0x00007ffc4c2a4000 	C:\Windows\System32\combase.dll
0x00007ffc49df0000 - 0x00007ffc49e1d000 	C:\Windows\SYSTEM32\Wldp.dll
0x00007ffc4aef0000 - 0x00007ffc4af9d000 	C:\Windows\System32\SHCORE.dll
0x00007ffc4b600000 - 0x00007ffc4b655000 	C:\Windows\System32\shlwapi.dll
0x00007ffc4a2f0000 - 0x00007ffc4a315000 	C:\Windows\SYSTEM32\profapi.dll
0x00007ffc2f0c0000 - 0x00007ffc2f0d8000 	C:\Users\Administrator\.jdks\azul-17.0.8.1\bin\zip.dll
0x00007ffc2ee00000 - 0x00007ffc2ee19000 	C:\Users\Administrator\.jdks\azul-17.0.8.1\bin\net.dll
0x00007ffc443d0000 - 0x00007ffc444da000 	C:\Windows\SYSTEM32\WINHTTP.dll
0x00007ffc49b50000 - 0x00007ffc49bba000 	C:\Windows\system32\mswsock.dll
0x00007ffc2ea60000 - 0x00007ffc2ea76000 	C:\Users\Administrator\.jdks\azul-17.0.8.1\bin\nio.dll
0x00007ffc318d0000 - 0x00007ffc318e0000 	C:\Users\Administrator\.jdks\azul-17.0.8.1\bin\verify.dll
0x00007ffc45fb0000 - 0x00007ffc45fd7000 	C:\Users\Administrator\.gradle\native\c067742578af261105cb4f569cf0c3c89f3d7b1fecec35dd04571415982c5e48\windows-amd64\native-platform.dll
0x00007ffc074c0000 - 0x00007ffc07604000 	C:\Users\Administrator\.gradle\native\38dada09dfb8b06ba9b0570ebf7e218e3eb74d4ef43ca46872605cf95ebc2f47\windows-amd64\native-platform-file-events.dll
0x00007ffc31670000 - 0x00007ffc31679000 	C:\Users\Administrator\.jdks\azul-17.0.8.1\bin\management.dll
0x00007ffc2f5f0000 - 0x00007ffc2f5fb000 	C:\Users\Administrator\.jdks\azul-17.0.8.1\bin\management_ext.dll
0x00007ffc4b0f0000 - 0x00007ffc4b0f8000 	C:\Windows\System32\PSAPI.DLL
0x00007ffc49d40000 - 0x00007ffc49d58000 	C:\Windows\SYSTEM32\CRYPTSP.dll
0x00007ffc49410000 - 0x00007ffc49444000 	C:\Windows\system32\rsaenh.dll
0x00007ffc4a270000 - 0x00007ffc4a29e000 	C:\Windows\SYSTEM32\USERENV.dll
0x00007ffc49d60000 - 0x00007ffc49d6c000 	C:\Windows\SYSTEM32\CRYPTBASE.dll
0x00007ffc497f0000 - 0x00007ffc4982b000 	C:\Windows\SYSTEM32\IPHLPAPI.DLL
0x00007ffc4b060000 - 0x00007ffc4b068000 	C:\Windows\System32\NSI.dll
0x00007ffc44b50000 - 0x00007ffc44b67000 	C:\Windows\SYSTEM32\dhcpcsvc6.DLL
0x00007ffc44ce0000 - 0x00007ffc44cfd000 	C:\Windows\SYSTEM32\dhcpcsvc.DLL
0x00007ffc49830000 - 0x00007ffc498fa000 	C:\Windows\SYSTEM32\DNSAPI.dll
0x00007ffc2f5a0000 - 0x00007ffc2f5ae000 	C:\Users\Administrator\.jdks\azul-17.0.8.1\bin\sunmscapi.dll
0x00007ffc4aa40000 - 0x00007ffc4ab9d000 	C:\Windows\System32\CRYPT32.dll
0x00007ffc49e60000 - 0x00007ffc49e88000 	C:\Windows\SYSTEM32\ncrypt.dll
0x00007ffc49e20000 - 0x00007ffc49e5b000 	C:\Windows\SYSTEM32\NTASN1.dll
0x00007ffc3e150000 - 0x00007ffc3e157000 	C:\Windows\system32\wshunix.dll

dbghelp: loaded successfully - version: 4.0.5 - missing functions: none
symbol engine: initialized successfully - sym options: 0x614 - pdb path: .;C:\Users\Administrator\.jdks\azul-17.0.8.1\bin;C:\Windows\SYSTEM32;C:\Windows\WinSxS\amd64_microsoft.windows.common-controls_6595b64144ccf1df_6.0.19041.3636_none_60b6a03d71f818d5;C:\Users\Administrator\.jdks\azul-17.0.8.1\bin\server;C:\Users\Administrator\.gradle\native\c067742578af261105cb4f569cf0c3c89f3d7b1fecec35dd04571415982c5e48\windows-amd64;C:\Users\Administrator\.gradle\native\38dada09dfb8b06ba9b0570ebf7e218e3eb74d4ef43ca46872605cf95ebc2f47\windows-amd64

VM Arguments:
jvm_args: --add-opens=java.base/java.util=ALL-UNNAMED --add-opens=java.base/java.lang=ALL-UNNAMED --add-opens=java.base/java.lang.invoke=ALL-UNNAMED --add-opens=java.prefs/java.util.prefs=ALL-UNNAMED --add-opens=java.base/java.nio.charset=ALL-UNNAMED --add-opens=java.base/java.net=ALL-UNNAMED --add-opens=java.base/java.util.concurrent.atomic=ALL-UNNAMED -XX:MaxMetaspaceSize=384m -XX:+HeapDumpOnOutOfMemoryError -Xms256m -Xmx512m -Dfile.encoding=x-windows-949 -Duser.country=KR -Duser.language=ko -Duser.variant -javaagent:C:\Users\Administrator\.gradle\wrapper\dists\gradle-8.5-bin\5t9huq95ubn472n8rpzujfbqh\gradle-8.5\lib\agents\gradle-instrumentation-agent-8.5.jar 
java_command: org.gradle.launcher.daemon.bootstrap.GradleDaemon 8.5
java_class_path (initial): C:\Users\Administrator\.gradle\wrapper\dists\gradle-8.5-bin\5t9huq95ubn472n8rpzujfbqh\gradle-8.5\lib\gradle-launcher-8.5.jar
Launcher Type: SUN_STANDARD

[Global flags]
     intx CICompilerCount                          = 4                                         {product} {ergonomic}
   size_t CompressedClassSpaceSize                 = 335544320                                 {product} {ergonomic}
     uint ConcGCThreads                            = 3                                         {product} {ergonomic}
     uint G1ConcRefinementThreads                  = 10                                        {product} {ergonomic}
   size_t G1HeapRegionSize                         = 1048576                                   {product} {ergonomic}
    uintx GCDrainStackTargetSize                   = 64                                        {product} {ergonomic}
     bool HeapDumpOnOutOfMemoryError               = true                                   {manageable} {command line}
   size_t InitialHeapSize                          = 268435456                                 {product} {command line}
   size_t MarkStackSize                            = 4194304                                   {product} {ergonomic}
   size_t MaxHeapSize                              = 536870912                                 {product} {command line}
   size_t MaxMetaspaceSize                         = 402653184                                 {product} {command line}
   size_t MaxNewSize                               = 321912832                                 {product} {ergonomic}
   size_t MinHeapDeltaBytes                        = 1048576                                   {product} {ergonomic}
   size_t MinHeapSize                              = 268435456                                 {product} {command line}
    uintx NonNMethodCodeHeapSize                   = 5839372                                {pd product} {ergonomic}
    uintx NonProfiledCodeHeapSize                  = 122909434                              {pd product} {ergonomic}
    uintx ProfiledCodeHeapSize                     = 122909434                              {pd product} {ergonomic}
    uintx ReservedCodeCacheSize                    = 251658240                              {pd product} {ergonomic}
     bool SegmentedCodeCache                       = true                                      {product} {ergonomic}
   size_t SoftMaxHeapSize                          = 536870912                              {manageable} {ergonomic}
     bool UseCompressedClassPointers               = true                           {product lp64_product} {ergonomic}
     bool UseCompressedOops                        = true                           {product lp64_product} {ergonomic}
     bool UseG1GC                                  = true                                      {product} {ergonomic}
     bool UseLargePagesIndividualAllocation        = false                                  {pd product} {ergonomic}

Logging:
Log output configuration:
 #0: stdout all=warning uptime,level,tags
 #1: stderr all=off uptime,level,tags

Environment Variables:
JAVA_HOME=C:\Users\Administrator\.jdks\azul-17.0.8.1
CLASSPATH=C:\Users\Administrator\.jdks\azul-17.0.8.1\lib
PATH=C:\Program Files (x86)\Common Files\Intel\Shared Libraries\redist\intel64_win\compiler;C:\Program Files (x86)\Common Files\Intel\Shared Libraries\redist\intel64\compiler;C:\Windows\system32;C:\Windows;C:\Windows\System32\Wbem;C:\Windows\System32\WindowsPowerShell\v1.0\;C:\Windows\System32\OpenSSH\;C:\Program Files\Bandizip\;C:\Program Files\Git\cmd;C:\Users\Administrator\.jdks\azul-17.0.8.1\bin;C:\Users\Administrator\AppData\Local\Microsoft\WindowsApps;;C:\Users\Administrator\AppData\Local\Programs\Microsoft VS Code\bin;C:\Program Files\JetBrains\IntelliJ IDEA 2023.2.2\bin;
USERNAME=Administrator
OS=Windows_NT
PROCESSOR_IDENTIFIER=Intel64 Family 6 Model 158 Stepping 10, GenuineIntel
TMP=C:\Users\ADMINI~1\AppData\Local\Temp
TEMP=C:\Users\ADMINI~1\AppData\Local\Temp



---------------  S Y S T E M  ---------------

OS:
 Windows 10 , 64 bit Build 19041 (10.0.19041.3636)
OS uptime: 0 days 2:18 hours

CPU: total 12 (initial active 12) (6 cores per cpu, 2 threads per core) family 6 model 158 stepping 10 microcode 0xb4, cx8, cmov, fxsr, ht, mmx, 3dnowpref, sse, sse2, sse3, ssse3, sse4.1, sse4.2, popcnt, lzcnt, tsc, tscinvbit, avx, avx2, aes, erms, clmul, bmi1, bmi2, rtm, adx, fma, vzeroupper, clflush, clflushopt
Processor Information for all 12 processors :
  Max Mhz: 3192, Current Mhz: 3192, Mhz Limit: 3192

Memory: 4k page, system-wide physical 16301M (4460M free)
TotalPageFile size 19777M (AvailPageFile size 2752M)
current process WorkingSet (physical memory assigned to process): 340M, peak: 358M
current process commit charge ("private bytes"): 484M, peak: 502M

vm_info: OpenJDK 64-Bit Server VM (17.0.8.1+1-LTS) for windows-amd64 JRE (17.0.8.1+1-LTS) (Zulu17.44+53-CA), built on Aug 23 2023 12:46:03 by "zulu_re" with MS VC++ 16.10 / 16.11 (VS2019)

END.
