#
# A fatal error has been detected by the Java Runtime Environment:
#
#  EXCEPTION_ACCESS_VIOLATION (0xc0000005) at pc=0x00000000e070ba38, pid=11740, tid=12636
#
# JRE version: OpenJDK Runtime Environment Zulu17.44+53-CA (17.0.8.1+1) (build 17.0.8.1+1-LTS)
# Java VM: OpenJDK 64-Bit Server VM Zulu17.44+53-CA (17.0.8.1+1-LTS, mixed mode, sharing, tiered, compressed oops, compressed class ptrs, g1 gc, windows-amd64)
# Problematic frame:
# C  0x00000000e070ba38
#
# No core dump will be written. Minidumps are not enabled by default on client versions of Windows
#
# If you would like to submit a bug report, please visit:
#   http://www.azul.com/support/
#

---------------  S U M M A R Y ------------

Command Line: --add-opens=java.base/java.util=ALL-UNNAMED --add-opens=java.base/java.lang=ALL-UNNAMED --add-opens=java.base/java.lang.invoke=ALL-UNNAMED --add-opens=java.prefs/java.util.prefs=ALL-UNNAMED --add-opens=java.base/java.nio.charset=ALL-UNNAMED --add-opens=java.base/java.net=ALL-UNNAMED --add-opens=java.base/java.util.concurrent.atomic=ALL-UNNAMED -XX:MaxMetaspaceSize=384m -XX:+HeapDumpOnOutOfMemoryError -Xms256m -Xmx512m -Dfile.encoding=x-windows-949 -Duser.country=KR -Duser.language=ko -Duser.variant -javaagent:C:\Users\Administrator\.gradle\wrapper\dists\gradle-8.5-bin\5t9huq95ubn472n8rpzujfbqh\gradle-8.5\lib\agents\gradle-instrumentation-agent-8.5.jar org.gradle.launcher.daemon.bootstrap.GradleDaemon 8.5

Host: Intel(R) Core(TM) i7-8700 CPU @ 3.20GHz, 12 cores, 15G,  Windows 10 , 64 bit Build 19041 (10.0.19041.3636)
Time: Mon Jan 15 12:43:16 2024  Windows 10 , 64 bit Build 19041 (10.0.19041.3636) elapsed time: 5.987079 seconds (0d 0h 0m 5s)

---------------  T H R E A D  ---------------

Current thread (0x000002aaa4a92970):  JavaThread "Daemon worker" [_thread_in_Java, id=12636, stack(0x000000d0e2f00000,0x000000d0e3000000)]

Stack: [0x000000d0e2f00000,0x000000d0e3000000],  sp=0x000000d0e2ffb608,  free space=1005k
Native frames: (J=compiled Java code, j=interpreted, Vv=VM code, C=native code)
C  0x00000000e070ba38


siginfo: EXCEPTION_ACCESS_VIOLATION (0xc0000005), data execution prevention violation at address 0x00000000e070ba38


Register to memory mapping:

RIP=0x00000000e070ba38 is an oop: java.lang.Class 
{0x00000000e070ba38} - klass: 'java/lang/Class'
 - ---- fields (total size 14 words):
 - private volatile transient 'classRedefinedCount' 'I' @12  0
 - private volatile transient 'cachedConstructor' 'Ljava/lang/reflect/Constructor;' @40  NULL (0)
 - private transient 'name' 'Ljava/lang/String;' @44  NULL (0)
 - private transient 'module' 'Ljava/lang/Module;' @48  a 'java/lang/Module'{0x00000000e078b330} (e078b330)
 - private final 'classLoader' 'Ljava/lang/ClassLoader;' @52  NULL (0)
 - private transient 'classData' 'Ljava/lang/Object;' @56  NULL (0)
 - private transient 'packageName' 'Ljava/lang/String;' @60  NULL (0)
 - private final 'componentType' 'Ljava/lang/Class;' @64  NULL (0)
 - private volatile transient 'reflectionData' 'Ljava/lang/ref/SoftReference;' @68  NULL (0)
 - private volatile transient 'genericInfo' 'Lsun/reflect/generics/repository/ClassRepository;' @72  NULL (0)
 - private volatile transient 'enumConstants' '[Ljava/lang/Object;' @76  NULL (0)
 - private volatile transient 'enumConstantDirectory' 'Ljava/util/Map;' @80  NULL (0)
 - private volatile transient 'annotationData' 'Ljava/lang/Class$AnnotationData;' @84  NULL (0)
 - private volatile transient 'annotationType' 'Lsun/reflect/annotation/AnnotationType;' @88  NULL (0)
 - transient 'classValueMap' 'Ljava/lang/ClassValue$ClassValueMap;' @92  NULL (0)
 - signature: Ljdk/internal/org/objectweb/asm/SymbolTable;
 - fake entry for mirror: 'jdk/internal/org/objectweb/asm/SymbolTable'
 - fake entry for array: NULL
 - fake entry for oop_size: 14
 - fake entry for static_oop_field_count: 0
RAX=0x00000000eadde0e0 is an oop: jdk.internal.org.objectweb.asm.SymbolTable 
{0x00000000eadde0e0} - klass: 'jdk/internal/org/objectweb/asm/SymbolTable'
 - ---- fields (total size 8 words):
 - private 'majorVersion' 'I' @12  58 (3a)
 - private 'entryCount' 'I' @16  67 (43)
 - private 'constantPoolCount' 'I' @20  56 (38)
 - private 'bootstrapMethodCount' 'I' @24  0
 - private 'typeCount' 'I' @28  11 (b)
 - final 'classWriter' 'Ljdk/internal/org/objectweb/asm/ClassWriter;' @32  a 'java/lang/reflect/ProxyGenerator'{0x00000000eadde030} (eadde030)
 - private final 'sourceClassReader' 'Ljdk/internal/org/objectweb/asm/ClassReader;' @36  NULL (0)
 - private 'className' 'Ljava/lang/String;' @40  "jdk/proxy1/$Proxy24"{0x00000000eadde5f8} (eadde5f8)
 - private 'entries' '[Ljdk/internal/org/objectweb/asm/SymbolTable$Entry;' @44  a 'jdk/internal/org/objectweb/asm/SymbolTable$Entry'[256] {0x00000000eadde120} (eadde120)
 - private 'constantPool' 'Ljdk/internal/org/objectweb/asm/ByteVector;' @48  a 'jdk/internal/org/objectweb/asm/ByteVector'{0x00000000eadde530} (eadde530)
 - private 'bootstrapMethods' 'Ljdk/internal/org/objectweb/asm/ByteVector;' @52  NULL (0)
 - private 'typeTable' '[Ljdk/internal/org/objectweb/asm/SymbolTable$Entry;' @56  a 'jdk/internal/org/objectweb/asm/SymbolTable$Entry'[16] {0x00000000eaddf308} (eaddf308)
RBX=0x0000000000000001 is an unknown value
RCX=0x000002aafb2b6178 is pointing into metadata
RDX=0x00000000eade0e58 is an oop: jdk.internal.org.objectweb.asm.MethodWriter 
{0x00000000eade0e58} - klass: 'jdk/internal/org/objectweb/asm/MethodWriter'
 - ---- fields (total size 28 words):
 - protected final 'api' 'I' @12  524288 (80000)
 - protected 'mv' 'Ljdk/internal/org/objectweb/asm/MethodVisitor;' @16  NULL (0)
 - private final 'accessFlags' 'I' @20  17 (11)
 - private final 'nameIndex' 'I' @24  44 (2c)
 - private final 'descriptorIndex' 'I' @28  45 (2d)
 - private 'maxStack' 'I' @32  0
 - private 'maxLocals' 'I' @36  2
 - private 'lineNumberTableLength' 'I' @40  0
 - private 'localVariableTableLength' 'I' @44  0
 - private 'localVariableTypeTableLength' 'I' @48  0
 - private 'stackMapTableNumberOfEntries' 'I' @52  0
 - private final 'numberOfExceptions' 'I' @56  0
 - private final 'signatureIndex' 'I' @60  0
 - private 'visibleAnnotableParameterCount' 'I' @64  0
 - private 'invisibleAnnotableParameterCount' 'I' @68  0
 - private 'parametersCount' 'I' @72  0
 - private final 'compute' 'I' @76  4
 - private 'relativeStackSize' 'I' @80  0
 - private 'maxRelativeStackSize' 'I' @84  0
 - private 'currentLocals' 'I' @88  2
 - private 'previousFrameOffset' 'I' @92  0
 - private 'lastBytecodeOffset' 'I' @96  38 (26)
 - private 'sourceOffset' 'I' @100  0
 - private 'sourceLength' 'I' @104  0
 - private 'hasSubroutines' 'Z' @108  false
 - private 'hasAsmInstructions' 'Z' @109  false
 - private final 'symbolTable' 'Ljdk/internal/org/objectweb/asm/SymbolTable;' @112  a 'jdk/internal/org/objectweb/asm/SymbolTable'{0x00000000eadde0e0} (eadde0e0)
 - private final 'name' 'Ljava/lang/String;' @116  "equals"{0x00000000e0643700} (e0643700)
 - private final 'descriptor' 'Ljava/lang/String;' @120  "(Ljava/lang/Object;)Z"{0x00000000e0676ff8} (e0676ff8)
 - private final 'code' 'Ljdk/internal/org/objectweb/asm/ByteVector;' @124  a 'jdk/internal/org/objectweb/asm/ByteVector'{0x00000000eade0f38} (eade0f38)
 - private 'firstHandler' 'Ljdk/internal/org/objectweb/asm/Handler;' @128  a 'jdk/internal/org/objectweb/asm/Handler'{0x00000000eade1218} (eade1218)
 - private 'lastHandler' 'Ljdk/internal/org/objectweb/asm/Handler;' @132  a 'jdk/internal/org/objectweb/asm/Handler'{0x00000000eade12b0} (eade12b0)
 - private 'lineNumberTable' 'Ljdk/internal/org/objectweb/asm/ByteVector;' @136  NULL (0)
 - private 'localVariableTable' 'Ljdk/internal/org/objectweb/asm/ByteVector;' @140  NULL (0)
 - private 'localVariableTypeTable' 'Ljdk/internal/org/objectweb/asm/ByteVector;' @144  NULL (0)
 - private 'stackMapTableEntries' 'Ljdk/internal/org/objectweb/asm/ByteVector;' @148  a 'jdk/internal/org/objectweb/asm/ByteVector'{0x00000000eade1af0} (eade1af0)
 - private 'lastCodeRuntimeVisibleTypeAnnotation' 'Ljdk/internal/org/objectweb/asm/AnnotationWriter;' @152  NULL (0)
 - private 'lastCodeRuntimeInvisibleTypeAnnotation' 'Ljdk/internal/org/objectweb/asm/AnnotationWriter;' @156  NULL (0)
 - private 'firstCodeAttribute' 'Ljdk/internal/org/objectweb/asm/Attribute;' @160  NULL (0)
 - private final 'exceptionIndexTable' '[I' @164  NULL (0)
 - private 'lastRuntimeVisibleAnnotation' 'Ljdk/internal/org/objectweb/asm/AnnotationWriter;' @168  NULL (0)
 - private 'lastRuntimeInvisibleAnnotation' 'Ljdk/internal/org/objectweb/asm/AnnotationWriter;' @172  NULL (0)
 - private 'lastRuntimeVisibleParameterAnnotations' '[Ljdk/internal/org/objectweb/asm/AnnotationWriter;' @176  NULL (0)
 - private 'lastRuntimeInvisibleParameterAnnotations' '[Ljdk/internal/org/objectweb/asm/AnnotationWriter;' @180  NULL (0)
 - private 'lastRuntimeVisibleTypeAnnotation' 'Ljdk/internal/org/objectweb/asm/AnnotationWriter;' @184  NULL (0)
 - private 'lastRuntimeInvisibleTypeAnnotation' 'Ljdk/internal/org/objectweb/asm/AnnotationWriter;' @188  NULL (0)
 - private 'defaultValue' 'Ljdk/internal/org/objectweb/asm/ByteVector;' @192  NULL (0)
 - private 'parameters' 'Ljdk/internal/org/objectweb/asm/ByteVector;' @196  NULL (0)
 - private 'firstAttribute' 'Ljdk/internal/org/objectweb/asm/Attribute;' @200  NULL (0)
 - private 'firstBasicBlock' 'Ljdk/internal/org/objectweb/asm/Label;' @204  a 'jdk/internal/org/objectweb/asm/Label'{0x00000000eade1010} (eade1010)
 - private 'lastBasicBlock' 'Ljdk/internal/org/objectweb/asm/Label;' @208  a 'jdk/internal/org/objectweb/asm/Label'{0x00000000eade1890} (eade1890)
 - private 'currentBasicBlock' 'Ljdk/internal/org/objectweb/asm/Label;' @212  NULL (0)
 - private 'previousFrame' '[I' @216  [I{0x00000000eade1a18} (eade1a18)
 - private 'currentFrame' '[I' @220  [I{0x00000000eade1ac8} (eade1ac8)
RSP=0x000000d0e2ffb608 is pointing into the stack for thread: 0x000002aaa4a92970
RBP=0x000000d0e2ffb920 is pointing into the stack for thread: 0x000002aaa4a92970
RSI=0x00000000eade1ac8 is an oop: [I 
{0x00000000eade1ac8} - klass: {type array int}
 - length: 6
RDI=0x0000000000000002 is an unknown value
R8 =0x000000000000003a is an unknown value
R9 =0x00000000eade1af0 is an oop: jdk.internal.org.objectweb.asm.ByteVector 
{0x00000000eade1af0} - klass: 'jdk/internal/org/objectweb/asm/ByteVector'
 - ---- fields (total size 3 words):
 - 'length' 'I' @12  0
 - 'data' '[B' @16  [B{0x00000000eade1b08} (eade1b08)
R10=0x00000000eade1af0 is an oop: jdk.internal.org.objectweb.asm.ByteVector 
{0x00000000eade1af0} - klass: 'jdk/internal/org/objectweb/asm/ByteVector'
 - ---- fields (total size 3 words):
 - 'length' 'I' @12  0
 - 'data' '[B' @16  [B{0x00000000eade1b08} (eade1b08)
R11=0x0000000000000890 is an unknown value
R12=0x0 is NULL
R13=0x0000000000000001 is an unknown value
R14=0x00000000000000c9 is an unknown value
R15=0x000002aaa4a92970 is a thread


Registers:
RAX=0x00000000eadde0e0, RBX=0x0000000000000001, RCX=0x000002aafb2b6178, RDX=0x00000000eade0e58
RSP=0x000000d0e2ffb608, RBP=0x000000d0e2ffb920, RSI=0x00000000eade1ac8, RDI=0x0000000000000002
R8 =0x000000000000003a, R9 =0x00000000eade1af0, R10=0x00000000eade1af0, R11=0x0000000000000890
R12=0x0000000000000000, R13=0x0000000000000001, R14=0x00000000000000c9, R15=0x000002aaa4a92970
RIP=0x00000000e070ba38, EFLAGS=0x0000000000010202

Top of Stack: (sp=0x000000d0e2ffb608)
0x000000d0e2ffb608:   000002aa8f24dea0 0000000000000000
0x000000d0e2ffb618:   000000d0e2ffb680 000000d0e2ffb920
0x000000d0e2ffb628:   000002aa802a0c2c 0000000000000000
0x000000d0e2ffb638:   0000000000000000 0000000000000000
0x000000d0e2ffb648:   0000000100000002 00000000eade0e58
0x000000d0e2ffb658:   0000000600000005 0000000000000000
0x000000d0e2ffb668:   0000000200000006 000000d000000005
0x000000d0e2ffb678:   00000000eadde0e0 0000000100000001
0x000000d0e2ffb688:   000002aa00000000 00000000eade1968
0x000000d0e2ffb698:   00000000eade19a0 00000000eadde0e0
0x000000d0e2ffb6a8:   000000d0e2ffb748 000000d0e2ffb920
0x000000d0e2ffb6b8:   000002aa80319e14 00000000eadde0e0
0x000000d0e2ffb6c8:   0080000600800000 0000000000000000
0x000000d0e2ffb6d8:   00000000eade1a88 0000000000000001
0x000000d0e2ffb6e8:   00000000eade17d8 000000d0e2ffb920
0x000000d0e2ffb6f8:   000002aa80313d84 00000000eade0e58 

Instructions: (pc=0x00000000e070ba38)
0x00000000e070b938:   01 00 00 00 00 00 00 00 50 80 00 00 02 00 00 00
0x00000000e070b948:   68 b9 70 e0 50 b9 70 e0 01 00 00 00 00 00 00 00
0x00000000e070b958:   f8 86 00 00 01 00 00 00 d8 b8 70 e0 04 00 00 00
0x00000000e070b968:   01 00 00 00 00 00 00 00 f8 86 00 00 00 00 00 00
0x00000000e070b978:   08 b9 70 e0 01 00 00 00 01 00 00 00 00 00 00 00
0x00000000e070b988:   f0 ee 00 00 2a 7d 83 e0 00 00 00 00 98 b9 70 e0
0x00000000e070b998:   01 00 00 00 00 00 00 00 f8 69 00 00 19 00 00 00
0x00000000e070b9a8:   52 75 6e 74 69 6d 65 56 69 73 69 62 6c 65 41 6e
0x00000000e070b9b8:   6e 6f 74 61 74 69 6f 6e 73 00 00 00 00 00 00 00
0x00000000e070b9c8:   01 00 00 00 00 00 00 00 80 17 00 00 00 00 00 00
0x00000000e070b9d8:   e8 e1 24 8f aa 02 00 00 88 bd 16 90 aa 02 00 00
0x00000000e070b9e8:   0e 00 00 00 00 00 00 00 00 00 00 00 00 00 00 00
0x00000000e070b9f8:   30 b3 78 e0 00 00 00 00 00 00 00 00 00 00 00 00
0x00000000e070ba08:   00 00 00 00 00 00 00 00 00 00 00 00 00 00 00 00
0x00000000e070ba18:   00 00 00 00 00 00 00 00 00 00 00 00 00 00 00 00
0x00000000e070ba28:   00 00 00 00 00 00 00 00 00 00 00 00 00 00 00 00
0x00000000e070ba38:   01 00 00 00 00 00 00 00 80 17 00 00 00 00 00 00
0x00000000e070ba48:   c0 ab 24 8f aa 02 00 00 00 00 00 00 00 00 00 00
0x00000000e070ba58:   0e 00 00 00 00 00 00 00 00 00 00 00 00 00 00 00
0x00000000e070ba68:   30 b3 78 e0 00 00 00 00 00 00 00 00 00 00 00 00
0x00000000e070ba78:   00 00 00 00 00 00 00 00 00 00 00 00 00 00 00 00
0x00000000e070ba88:   00 00 00 00 00 00 00 00 00 00 00 00 00 00 00 00
0x00000000e070ba98:   00 00 00 00 00 00 00 00 00 00 00 00 00 00 00 00
0x00000000e070baa8:   01 00 00 00 00 00 00 00 78 15 00 00 02 00 00 00
0x00000000e070bab8:   c8 d6 70 e0 98 d6 70 e0 01 00 00 00 00 00 00 00
0x00000000e070bac8:   80 17 00 00 00 00 00 00 f0 c3 24 8f aa 02 00 00
0x00000000e070bad8:   18 40 25 8f aa 02 00 00 19 00 00 00 00 00 00 00
0x00000000e070bae8:   00 00 00 00 00 00 00 00 30 b3 78 e0 00 00 00 00
0x00000000e070baf8:   00 00 00 00 00 00 00 00 00 00 00 00 00 00 00 00
0x00000000e070bb08:   00 00 00 00 00 00 00 00 00 00 00 00 00 00 00 00
0x00000000e070bb18:   00 00 00 00 00 00 00 00 00 00 00 00 00 00 00 00
0x00000000e070bb28:   00 00 00 00 00 00 00 00 07 00 00 00 09 00 00 00 


Stack slot to memory mapping:
stack at sp + 0 slots: {method} {0x000002aa8f24dea8} 'addMergedType' '(II)I' in 'jdk/internal/org/objectweb/asm/SymbolTable'
stack at sp + 1 slots: 0x0 is NULL
stack at sp + 2 slots: 0x000000d0e2ffb680 is pointing into the stack for thread: 0x000002aaa4a92970
stack at sp + 3 slots: 0x000000d0e2ffb920 is pointing into the stack for thread: 0x000002aaa4a92970
stack at sp + 4 slots: 0x000002aa802a0c2c is at entry_point+748 in (nmethod*)0x000002aa802a0710
stack at sp + 5 slots: 0x0 is NULL
stack at sp + 6 slots: 0x0 is NULL
stack at sp + 7 slots: 0x0 is NULL


---------------  P R O C E S S  ---------------

Threads class SMR info:
_java_thread_list=0x000002aaa582ce80, length=27, elements={
0x000002aaee42fcd0, 0x000002aafa45eee0, 0x000002aafa460c90, 0x000002aafa477ce0,
0x000002aafa47a5d0, 0x000002aafa47aeb0, 0x000002aafa47b790, 0x000002aafa47c450,
0x000002aafa47ce20, 0x000002aafa4906b0, 0x000002aafa4476f0, 0x000002aafa623bb0,
0x000002aaa5164cd0, 0x000002aaa4fba630, 0x000002aaa4faf020, 0x000002aaa5b27320,
0x000002aaa4dbfec0, 0x000002aaa4a92460, 0x000002aaa4a92970, 0x000002aaa4a91020,
0x000002aaa4a91530, 0x000002aaa4a91a40, 0x000002aaa5939340, 0x000002aaa59374e0,
0x000002aaa5938920, 0x000002aaa555eaf0, 0x000002aaa5933310
}

Java Threads: ( => current thread )
  0x000002aaee42fcd0 JavaThread "main" [_thread_blocked, id=11880, stack(0x000000d0e0f00000,0x000000d0e1000000)]
  0x000002aafa45eee0 JavaThread "Reference Handler" daemon [_thread_blocked, id=11932, stack(0x000000d0e1600000,0x000000d0e1700000)]
  0x000002aafa460c90 JavaThread "Finalizer" daemon [_thread_blocked, id=11936, stack(0x000000d0e1700000,0x000000d0e1800000)]
  0x000002aafa477ce0 JavaThread "Signal Dispatcher" daemon [_thread_blocked, id=12024, stack(0x000000d0e1900000,0x000000d0e1a00000)]
  0x000002aafa47a5d0 JavaThread "Attach Listener" daemon [_thread_blocked, id=12028, stack(0x000000d0e1a00000,0x000000d0e1b00000)]
  0x000002aafa47aeb0 JavaThread "Service Thread" daemon [_thread_blocked, id=12032, stack(0x000000d0e1b00000,0x000000d0e1c00000)]
  0x000002aafa47b790 JavaThread "Monitor Deflation Thread" daemon [_thread_blocked, id=12036, stack(0x000000d0e1c00000,0x000000d0e1d00000)]
  0x000002aafa47c450 JavaThread "C2 CompilerThread0" daemon [_thread_in_native, id=12040, stack(0x000000d0e1d00000,0x000000d0e1e00000)]
  0x000002aafa47ce20 JavaThread "C1 CompilerThread0" daemon [_thread_blocked, id=12044, stack(0x000000d0e1e00000,0x000000d0e1f00000)]
  0x000002aafa4906b0 JavaThread "Sweeper thread" daemon [_thread_blocked, id=12048, stack(0x000000d0e1f00000,0x000000d0e2000000)]
  0x000002aafa4476f0 JavaThread "Common-Cleaner" daemon [_thread_blocked, id=12068, stack(0x000000d0e2000000,0x000000d0e2100000)]
  0x000002aafa623bb0 JavaThread "Notification Thread" daemon [_thread_blocked, id=12116, stack(0x000000d0e2100000,0x000000d0e2200000)]
  0x000002aaa5164cd0 JavaThread "Daemon health stats" [_thread_blocked, id=884, stack(0x000000d0e2a00000,0x000000d0e2b00000)]
  0x000002aaa4fba630 JavaThread "Incoming local TCP Connector on port 51714" [_thread_in_native, id=12500, stack(0x000000d0e2300000,0x000000d0e2400000)]
  0x000002aaa4faf020 JavaThread "Daemon periodic checks" [_thread_blocked, id=12564, stack(0x000000d0e2900000,0x000000d0e2a00000)]
  0x000002aaa5b27320 JavaThread "Daemon" [_thread_blocked, id=12592, stack(0x000000d0e2c00000,0x000000d0e2d00000)]
  0x000002aaa4dbfec0 JavaThread "Handler for socket connection from /127.0.0.1:51714 to /127.0.0.1:51715" [_thread_in_native, id=12600, stack(0x000000d0e2d00000,0x000000d0e2e00000)]
  0x000002aaa4a92460 JavaThread "Cancel handler" [_thread_blocked, id=12628, stack(0x000000d0e2e00000,0x000000d0e2f00000)]
=>0x000002aaa4a92970 JavaThread "Daemon worker" [_thread_in_Java, id=12636, stack(0x000000d0e2f00000,0x000000d0e3000000)]
  0x000002aaa4a91020 JavaThread "Asynchronous log dispatcher for DefaultDaemonConnection: socket connection from /127.0.0.1:51714 to /127.0.0.1:51715" [_thread_blocked, id=12652, stack(0x000000d0e3000000,0x000000d0e3100000)]
  0x000002aaa4a91530 JavaThread "Stdin handler" [_thread_blocked, id=12660, stack(0x000000d0e3100000,0x000000d0e3200000)]
  0x000002aaa4a91a40 JavaThread "Daemon client event forwarder" [_thread_blocked, id=12664, stack(0x000000d0e3200000,0x000000d0e3300000)]
  0x000002aaa5939340 JavaThread "Cache worker for journal cache (C:\Users\Administrator\.gradle\caches\journal-1)" [_thread_blocked, id=12856, stack(0x000000d0e2b00000,0x000000d0e2c00000)]
  0x000002aaa59374e0 JavaThread "File lock request listener" [_thread_in_native, id=12864, stack(0x000000d0e3300000,0x000000d0e3400000)]
  0x000002aaa5938920 JavaThread "File lock release action executor" [_thread_blocked, id=12744, stack(0x000000d0e3400000,0x000000d0e3500000)]
  0x000002aaa555eaf0 JavaThread "C2 CompilerThread1" daemon [_thread_in_native, id=12604, stack(0x000000d0e3500000,0x000000d0e3600000)]
  0x000002aaa5933310 JavaThread "Cache worker for file hash cache (C:\Users\Administrator\.gradle\caches\8.5\fileHashes)" [_thread_blocked, id=11492, stack(0x000000d0e3600000,0x000000d0e3700000)]

Other Threads:
  0x000002aafa4587a0 VMThread "VM Thread" [stack: 0x000000d0e1500000,0x000000d0e1600000] [id=11920]
  0x000002aafa6240a0 WatcherThread [stack: 0x000000d0e2200000,0x000000d0e2300000] [id=12120]
  0x000002aaee45fb80 GCTaskThread "GC Thread#0" [stack: 0x000000d0e1000000,0x000000d0e1100000] [id=11896]
  0x000002aaff767170 GCTaskThread "GC Thread#1" [stack: 0x000000d0e2400000,0x000000d0e2500000] [id=4676]
  0x000002aaff766360 GCTaskThread "GC Thread#2" [stack: 0x000000d0e2500000,0x000000d0e2600000] [id=1400]
  0x000002aaff766630 GCTaskThread "GC Thread#3" [stack: 0x000000d0e2600000,0x000000d0e2700000] [id=7628]
  0x000002aaff7679e0 GCTaskThread "GC Thread#4" [stack: 0x000000d0e2700000,0x000000d0e2800000] [id=5956]
  0x000002aaff766900 GCTaskThread "GC Thread#5" [stack: 0x000000d0e2800000,0x000000d0e2900000] [id=6724]
  0x000002aaee4649f0 ConcurrentGCThread "G1 Main Marker" [stack: 0x000000d0e1100000,0x000000d0e1200000] [id=11900]
  0x000002aaee466330 ConcurrentGCThread "G1 Conc#0" [stack: 0x000000d0e1200000,0x000000d0e1300000] [id=11904]
  0x000002aaee4ee110 ConcurrentGCThread "G1 Refine#0" [stack: 0x000000d0e1300000,0x000000d0e1400000] [id=11908]
  0x000002aaee4eea60 ConcurrentGCThread "G1 Service" [stack: 0x000000d0e1400000,0x000000d0e1500000] [id=11912]

Threads with active compile tasks:
C2 CompilerThread0     6026 2293   !   4       java.lang.ClassLoader::loadClass (121 bytes)
C2 CompilerThread1     6026 2338   !   4       java.net.URLClassLoader::findClass (47 bytes)

VM state: not at safepoint (normal execution)

VM Mutex/Monitor currently owned by a thread: None

Heap address: 0x00000000e0000000, size: 512 MB, Compressed Oops mode: 32-bit

CDS archive(s) mapped at: [0x000002aa8f000000-0x000002aa8fc00000-0x000002aa8fc00000), size 12582912, SharedBaseAddress: 0x000002aa8f000000, ArchiveRelocationMode: 1.
Compressed class space mapped at: 0x000002aa90000000-0x000002aaa4000000, reserved size: 335544320
Narrow klass base: 0x000002aa8f000000, Narrow klass shift: 0, Narrow klass range: 0x100000000

GC Precious Log:
 CPUs: 12 total, 12 available
 Memory: 16301M
 Large Page Support: Disabled
 NUMA Support: Disabled
 Compressed Oops: Enabled (32-bit)
 Heap Region Size: 1M
 Heap Min Capacity: 256M
 Heap Initial Capacity: 256M
 Heap Max Capacity: 512M
 Pre-touch: Disabled
 Parallel Workers: 10
 Concurrent Workers: 3
 Concurrent Refinement Workers: 10
 Periodic GC: Disabled

Heap:
 garbage-first heap   total 262144K, used 94838K [0x00000000e0000000, 0x0000000100000000)
  region size 1024K, 83 young (84992K), 1 survivors (1024K)
 Metaspace       used 16881K, committed 17216K, reserved 393216K
  class space    used 2413K, committed 2560K, reserved 327680K

Heap Regions: E=young(eden), S=young(survivor), O=old, HS=humongous(starts), HC=humongous(continues), CS=collection set, F=free, OA=open archive, CA=closed archive, TAMS=top-at-mark-start (previous, next)
|   0|0x00000000e0000000, 0x00000000e0100000, 0x00000000e0100000|100%|HS|  |TAMS 0x00000000e0000000, 0x00000000e0000000| Complete 
|   1|0x00000000e0100000, 0x00000000e0200000, 0x00000000e0200000|100%|HC|  |TAMS 0x00000000e0100000, 0x00000000e0100000| Complete 
|   2|0x00000000e0200000, 0x00000000e0300000, 0x00000000e0300000|100%|HC|  |TAMS 0x00000000e0200000, 0x00000000e0200000| Complete 
|   3|0x00000000e0300000, 0x00000000e0400000, 0x00000000e0400000|100%|HC|  |TAMS 0x00000000e0300000, 0x00000000e0300000| Complete 
|   4|0x00000000e0400000, 0x00000000e0500000, 0x00000000e0500000|100%| O|  |TAMS 0x00000000e0400000, 0x00000000e0400000| Untracked 
|   5|0x00000000e0500000, 0x00000000e0600000, 0x00000000e0600000|100%| O|  |TAMS 0x00000000e0500000, 0x00000000e0500000| Untracked 
|   6|0x00000000e0600000, 0x00000000e0700000, 0x00000000e0700000|100%| O|  |TAMS 0x00000000e0600000, 0x00000000e0600000| Untracked 
|   7|0x00000000e0700000, 0x00000000e0800000, 0x00000000e0800000|100%| O|  |TAMS 0x00000000e0700000, 0x00000000e0700000| Untracked 
|   8|0x00000000e0800000, 0x00000000e0900000, 0x00000000e0900000|100%| O|  |TAMS 0x00000000e0800000, 0x00000000e0800000| Untracked 
|   9|0x00000000e0900000, 0x00000000e0a00000, 0x00000000e0a00000|100%| O|  |TAMS 0x00000000e0900000, 0x00000000e0900000| Untracked 
|  10|0x00000000e0a00000, 0x00000000e0abe800, 0x00000000e0b00000| 74%| O|  |TAMS 0x00000000e0a00000, 0x00000000e0a00000| Untracked 
|  11|0x00000000e0b00000, 0x00000000e0c00000, 0x00000000e0c00000|100%|HS|  |TAMS 0x00000000e0b00000, 0x00000000e0b00000| Complete 
|  12|0x00000000e0c00000, 0x00000000e0c00000, 0x00000000e0d00000|  0%| F|  |TAMS 0x00000000e0c00000, 0x00000000e0c00000| Untracked 
|  13|0x00000000e0d00000, 0x00000000e0d00000, 0x00000000e0e00000|  0%| F|  |TAMS 0x00000000e0d00000, 0x00000000e0d00000| Untracked 
|  14|0x00000000e0e00000, 0x00000000e0e00000, 0x00000000e0f00000|  0%| F|  |TAMS 0x00000000e0e00000, 0x00000000e0e00000| Untracked 
|  15|0x00000000e0f00000, 0x00000000e0f00000, 0x00000000e1000000|  0%| F|  |TAMS 0x00000000e0f00000, 0x00000000e0f00000| Untracked 
|  16|0x00000000e1000000, 0x00000000e1000000, 0x00000000e1100000|  0%| F|  |TAMS 0x00000000e1000000, 0x00000000e1000000| Untracked 
|  17|0x00000000e1100000, 0x00000000e1100000, 0x00000000e1200000|  0%| F|  |TAMS 0x00000000e1100000, 0x00000000e1100000| Untracked 
|  18|0x00000000e1200000, 0x00000000e1200000, 0x00000000e1300000|  0%| F|  |TAMS 0x00000000e1200000, 0x00000000e1200000| Untracked 
|  19|0x00000000e1300000, 0x00000000e1300000, 0x00000000e1400000|  0%| F|  |TAMS 0x00000000e1300000, 0x00000000e1300000| Untracked 
|  20|0x00000000e1400000, 0x00000000e1400000, 0x00000000e1500000|  0%| F|  |TAMS 0x00000000e1400000, 0x00000000e1400000| Untracked 
|  21|0x00000000e1500000, 0x00000000e1500000, 0x00000000e1600000|  0%| F|  |TAMS 0x00000000e1500000, 0x00000000e1500000| Untracked 
|  22|0x00000000e1600000, 0x00000000e1600000, 0x00000000e1700000|  0%| F|  |TAMS 0x00000000e1600000, 0x00000000e1600000| Untracked 
|  23|0x00000000e1700000, 0x00000000e1700000, 0x00000000e1800000|  0%| F|  |TAMS 0x00000000e1700000, 0x00000000e1700000| Untracked 
|  24|0x00000000e1800000, 0x00000000e1800000, 0x00000000e1900000|  0%| F|  |TAMS 0x00000000e1800000, 0x00000000e1800000| Untracked 
|  25|0x00000000e1900000, 0x00000000e1900000, 0x00000000e1a00000|  0%| F|  |TAMS 0x00000000e1900000, 0x00000000e1900000| Untracked 
|  26|0x00000000e1a00000, 0x00000000e1a00000, 0x00000000e1b00000|  0%| F|  |TAMS 0x00000000e1a00000, 0x00000000e1a00000| Untracked 
|  27|0x00000000e1b00000, 0x00000000e1b00000, 0x00000000e1c00000|  0%| F|  |TAMS 0x00000000e1b00000, 0x00000000e1b00000| Untracked 
|  28|0x00000000e1c00000, 0x00000000e1c00000, 0x00000000e1d00000|  0%| F|  |TAMS 0x00000000e1c00000, 0x00000000e1c00000| Untracked 
|  29|0x00000000e1d00000, 0x00000000e1d00000, 0x00000000e1e00000|  0%| F|  |TAMS 0x00000000e1d00000, 0x00000000e1d00000| Untracked 
|  30|0x00000000e1e00000, 0x00000000e1e00000, 0x00000000e1f00000|  0%| F|  |TAMS 0x00000000e1e00000, 0x00000000e1e00000| Untracked 
|  31|0x00000000e1f00000, 0x00000000e1f00000, 0x00000000e2000000|  0%| F|  |TAMS 0x00000000e1f00000, 0x00000000e1f00000| Untracked 
|  32|0x00000000e2000000, 0x00000000e2000000, 0x00000000e2100000|  0%| F|  |TAMS 0x00000000e2000000, 0x00000000e2000000| Untracked 
|  33|0x00000000e2100000, 0x00000000e2100000, 0x00000000e2200000|  0%| F|  |TAMS 0x00000000e2100000, 0x00000000e2100000| Untracked 
|  34|0x00000000e2200000, 0x00000000e2200000, 0x00000000e2300000|  0%| F|  |TAMS 0x00000000e2200000, 0x00000000e2200000| Untracked 
|  35|0x00000000e2300000, 0x00000000e2300000, 0x00000000e2400000|  0%| F|  |TAMS 0x00000000e2300000, 0x00000000e2300000| Untracked 
|  36|0x00000000e2400000, 0x00000000e2400000, 0x00000000e2500000|  0%| F|  |TAMS 0x00000000e2400000, 0x00000000e2400000| Untracked 
|  37|0x00000000e2500000, 0x00000000e2500000, 0x00000000e2600000|  0%| F|  |TAMS 0x00000000e2500000, 0x00000000e2500000| Untracked 
|  38|0x00000000e2600000, 0x00000000e2600000, 0x00000000e2700000|  0%| F|  |TAMS 0x00000000e2600000, 0x00000000e2600000| Untracked 
|  39|0x00000000e2700000, 0x00000000e2700000, 0x00000000e2800000|  0%| F|  |TAMS 0x00000000e2700000, 0x00000000e2700000| Untracked 
|  40|0x00000000e2800000, 0x00000000e2800000, 0x00000000e2900000|  0%| F|  |TAMS 0x00000000e2800000, 0x00000000e2800000| Untracked 
|  41|0x00000000e2900000, 0x00000000e2900000, 0x00000000e2a00000|  0%| F|  |TAMS 0x00000000e2900000, 0x00000000e2900000| Untracked 
|  42|0x00000000e2a00000, 0x00000000e2a00000, 0x00000000e2b00000|  0%| F|  |TAMS 0x00000000e2a00000, 0x00000000e2a00000| Untracked 
|  43|0x00000000e2b00000, 0x00000000e2b00000, 0x00000000e2c00000|  0%| F|  |TAMS 0x00000000e2b00000, 0x00000000e2b00000| Untracked 
|  44|0x00000000e2c00000, 0x00000000e2c00000, 0x00000000e2d00000|  0%| F|  |TAMS 0x00000000e2c00000, 0x00000000e2c00000| Untracked 
|  45|0x00000000e2d00000, 0x00000000e2d00000, 0x00000000e2e00000|  0%| F|  |TAMS 0x00000000e2d00000, 0x00000000e2d00000| Untracked 
|  46|0x00000000e2e00000, 0x00000000e2e00000, 0x00000000e2f00000|  0%| F|  |TAMS 0x00000000e2e00000, 0x00000000e2e00000| Untracked 
|  47|0x00000000e2f00000, 0x00000000e2f00000, 0x00000000e3000000|  0%| F|  |TAMS 0x00000000e2f00000, 0x00000000e2f00000| Untracked 
|  48|0x00000000e3000000, 0x00000000e3000000, 0x00000000e3100000|  0%| F|  |TAMS 0x00000000e3000000, 0x00000000e3000000| Untracked 
|  49|0x00000000e3100000, 0x00000000e3100000, 0x00000000e3200000|  0%| F|  |TAMS 0x00000000e3100000, 0x00000000e3100000| Untracked 
|  50|0x00000000e3200000, 0x00000000e3200000, 0x00000000e3300000|  0%| F|  |TAMS 0x00000000e3200000, 0x00000000e3200000| Untracked 
|  51|0x00000000e3300000, 0x00000000e3300000, 0x00000000e3400000|  0%| F|  |TAMS 0x00000000e3300000, 0x00000000e3300000| Untracked 
|  52|0x00000000e3400000, 0x00000000e3400000, 0x00000000e3500000|  0%| F|  |TAMS 0x00000000e3400000, 0x00000000e3400000| Untracked 
|  53|0x00000000e3500000, 0x00000000e3500000, 0x00000000e3600000|  0%| F|  |TAMS 0x00000000e3500000, 0x00000000e3500000| Untracked 
|  54|0x00000000e3600000, 0x00000000e3600000, 0x00000000e3700000|  0%| F|  |TAMS 0x00000000e3600000, 0x00000000e3600000| Untracked 
|  55|0x00000000e3700000, 0x00000000e3700000, 0x00000000e3800000|  0%| F|  |TAMS 0x00000000e3700000, 0x00000000e3700000| Untracked 
|  56|0x00000000e3800000, 0x00000000e3800000, 0x00000000e3900000|  0%| F|  |TAMS 0x00000000e3800000, 0x00000000e3800000| Untracked 
|  57|0x00000000e3900000, 0x00000000e3900000, 0x00000000e3a00000|  0%| F|  |TAMS 0x00000000e3900000, 0x00000000e3900000| Untracked 
|  58|0x00000000e3a00000, 0x00000000e3a00000, 0x00000000e3b00000|  0%| F|  |TAMS 0x00000000e3a00000, 0x00000000e3a00000| Untracked 
|  59|0x00000000e3b00000, 0x00000000e3b00000, 0x00000000e3c00000|  0%| F|  |TAMS 0x00000000e3b00000, 0x00000000e3b00000| Untracked 
|  60|0x00000000e3c00000, 0x00000000e3c00000, 0x00000000e3d00000|  0%| F|  |TAMS 0x00000000e3c00000, 0x00000000e3c00000| Untracked 
|  61|0x00000000e3d00000, 0x00000000e3d00000, 0x00000000e3e00000|  0%| F|  |TAMS 0x00000000e3d00000, 0x00000000e3d00000| Untracked 
|  62|0x00000000e3e00000, 0x00000000e3e00000, 0x00000000e3f00000|  0%| F|  |TAMS 0x00000000e3e00000, 0x00000000e3e00000| Untracked 
|  63|0x00000000e3f00000, 0x00000000e3f00000, 0x00000000e4000000|  0%| F|  |TAMS 0x00000000e3f00000, 0x00000000e3f00000| Untracked 
|  64|0x00000000e4000000, 0x00000000e4000000, 0x00000000e4100000|  0%| F|  |TAMS 0x00000000e4000000, 0x00000000e4000000| Untracked 
|  65|0x00000000e4100000, 0x00000000e4100000, 0x00000000e4200000|  0%| F|  |TAMS 0x00000000e4100000, 0x00000000e4100000| Untracked 
|  66|0x00000000e4200000, 0x00000000e4200000, 0x00000000e4300000|  0%| F|  |TAMS 0x00000000e4200000, 0x00000000e4200000| Untracked 
|  67|0x00000000e4300000, 0x00000000e4300000, 0x00000000e4400000|  0%| F|  |TAMS 0x00000000e4300000, 0x00000000e4300000| Untracked 
|  68|0x00000000e4400000, 0x00000000e4400000, 0x00000000e4500000|  0%| F|  |TAMS 0x00000000e4400000, 0x00000000e4400000| Untracked 
|  69|0x00000000e4500000, 0x00000000e4500000, 0x00000000e4600000|  0%| F|  |TAMS 0x00000000e4500000, 0x00000000e4500000| Untracked 
|  70|0x00000000e4600000, 0x00000000e4600000, 0x00000000e4700000|  0%| F|  |TAMS 0x00000000e4600000, 0x00000000e4600000| Untracked 
|  71|0x00000000e4700000, 0x00000000e4700000, 0x00000000e4800000|  0%| F|  |TAMS 0x00000000e4700000, 0x00000000e4700000| Untracked 
|  72|0x00000000e4800000, 0x00000000e4800000, 0x00000000e4900000|  0%| F|  |TAMS 0x00000000e4800000, 0x00000000e4800000| Untracked 
|  73|0x00000000e4900000, 0x00000000e4900000, 0x00000000e4a00000|  0%| F|  |TAMS 0x00000000e4900000, 0x00000000e4900000| Untracked 
|  74|0x00000000e4a00000, 0x00000000e4a00000, 0x00000000e4b00000|  0%| F|  |TAMS 0x00000000e4a00000, 0x00000000e4a00000| Untracked 
|  75|0x00000000e4b00000, 0x00000000e4b00000, 0x00000000e4c00000|  0%| F|  |TAMS 0x00000000e4b00000, 0x00000000e4b00000| Untracked 
|  76|0x00000000e4c00000, 0x00000000e4c00000, 0x00000000e4d00000|  0%| F|  |TAMS 0x00000000e4c00000, 0x00000000e4c00000| Untracked 
|  77|0x00000000e4d00000, 0x00000000e4d00000, 0x00000000e4e00000|  0%| F|  |TAMS 0x00000000e4d00000, 0x00000000e4d00000| Untracked 
|  78|0x00000000e4e00000, 0x00000000e4e00000, 0x00000000e4f00000|  0%| F|  |TAMS 0x00000000e4e00000, 0x00000000e4e00000| Untracked 
|  79|0x00000000e4f00000, 0x00000000e4f00000, 0x00000000e5000000|  0%| F|  |TAMS 0x00000000e4f00000, 0x00000000e4f00000| Untracked 
|  80|0x00000000e5000000, 0x00000000e5000000, 0x00000000e5100000|  0%| F|  |TAMS 0x00000000e5000000, 0x00000000e5000000| Untracked 
|  81|0x00000000e5100000, 0x00000000e5100000, 0x00000000e5200000|  0%| F|  |TAMS 0x00000000e5100000, 0x00000000e5100000| Untracked 
|  82|0x00000000e5200000, 0x00000000e5200000, 0x00000000e5300000|  0%| F|  |TAMS 0x00000000e5200000, 0x00000000e5200000| Untracked 
|  83|0x00000000e5300000, 0x00000000e5300000, 0x00000000e5400000|  0%| F|  |TAMS 0x00000000e5300000, 0x00000000e5300000| Untracked 
|  84|0x00000000e5400000, 0x00000000e5400000, 0x00000000e5500000|  0%| F|  |TAMS 0x00000000e5400000, 0x00000000e5400000| Untracked 
|  85|0x00000000e5500000, 0x00000000e5500000, 0x00000000e5600000|  0%| F|  |TAMS 0x00000000e5500000, 0x00000000e5500000| Untracked 
|  86|0x00000000e5600000, 0x00000000e5600000, 0x00000000e5700000|  0%| F|  |TAMS 0x00000000e5600000, 0x00000000e5600000| Untracked 
|  87|0x00000000e5700000, 0x00000000e5700000, 0x00000000e5800000|  0%| F|  |TAMS 0x00000000e5700000, 0x00000000e5700000| Untracked 
|  88|0x00000000e5800000, 0x00000000e5800000, 0x00000000e5900000|  0%| F|  |TAMS 0x00000000e5800000, 0x00000000e5800000| Untracked 
|  89|0x00000000e5900000, 0x00000000e5900000, 0x00000000e5a00000|  0%| F|  |TAMS 0x00000000e5900000, 0x00000000e5900000| Untracked 
|  90|0x00000000e5a00000, 0x00000000e5a00000, 0x00000000e5b00000|  0%| F|  |TAMS 0x00000000e5a00000, 0x00000000e5a00000| Untracked 
|  91|0x00000000e5b00000, 0x00000000e5b00000, 0x00000000e5c00000|  0%| F|  |TAMS 0x00000000e5b00000, 0x00000000e5b00000| Untracked 
|  92|0x00000000e5c00000, 0x00000000e5c00000, 0x00000000e5d00000|  0%| F|  |TAMS 0x00000000e5c00000, 0x00000000e5c00000| Untracked 
|  93|0x00000000e5d00000, 0x00000000e5d00000, 0x00000000e5e00000|  0%| F|  |TAMS 0x00000000e5d00000, 0x00000000e5d00000| Untracked 
|  94|0x00000000e5e00000, 0x00000000e5e00000, 0x00000000e5f00000|  0%| F|  |TAMS 0x00000000e5e00000, 0x00000000e5e00000| Untracked 
|  95|0x00000000e5f00000, 0x00000000e5f00000, 0x00000000e6000000|  0%| F|  |TAMS 0x00000000e5f00000, 0x00000000e5f00000| Untracked 
|  96|0x00000000e6000000, 0x00000000e6000000, 0x00000000e6100000|  0%| F|  |TAMS 0x00000000e6000000, 0x00000000e6000000| Untracked 
|  97|0x00000000e6100000, 0x00000000e6100000, 0x00000000e6200000|  0%| F|  |TAMS 0x00000000e6100000, 0x00000000e6100000| Untracked 
|  98|0x00000000e6200000, 0x00000000e6200000, 0x00000000e6300000|  0%| F|  |TAMS 0x00000000e6200000, 0x00000000e6200000| Untracked 
|  99|0x00000000e6300000, 0x00000000e6300000, 0x00000000e6400000|  0%| F|  |TAMS 0x00000000e6300000, 0x00000000e6300000| Untracked 
| 100|0x00000000e6400000, 0x00000000e6400000, 0x00000000e6500000|  0%| F|  |TAMS 0x00000000e6400000, 0x00000000e6400000| Untracked 
| 101|0x00000000e6500000, 0x00000000e6500000, 0x00000000e6600000|  0%| F|  |TAMS 0x00000000e6500000, 0x00000000e6500000| Untracked 
| 102|0x00000000e6600000, 0x00000000e6600000, 0x00000000e6700000|  0%| F|  |TAMS 0x00000000e6600000, 0x00000000e6600000| Untracked 
| 103|0x00000000e6700000, 0x00000000e6700000, 0x00000000e6800000|  0%| F|  |TAMS 0x00000000e6700000, 0x00000000e6700000| Untracked 
| 104|0x00000000e6800000, 0x00000000e6800000, 0x00000000e6900000|  0%| F|  |TAMS 0x00000000e6800000, 0x00000000e6800000| Untracked 
| 105|0x00000000e6900000, 0x00000000e6900000, 0x00000000e6a00000|  0%| F|  |TAMS 0x00000000e6900000, 0x00000000e6900000| Untracked 
| 106|0x00000000e6a00000, 0x00000000e6a00000, 0x00000000e6b00000|  0%| F|  |TAMS 0x00000000e6a00000, 0x00000000e6a00000| Untracked 
| 107|0x00000000e6b00000, 0x00000000e6b00000, 0x00000000e6c00000|  0%| F|  |TAMS 0x00000000e6b00000, 0x00000000e6b00000| Untracked 
| 108|0x00000000e6c00000, 0x00000000e6c00000, 0x00000000e6d00000|  0%| F|  |TAMS 0x00000000e6c00000, 0x00000000e6c00000| Untracked 
| 109|0x00000000e6d00000, 0x00000000e6d00000, 0x00000000e6e00000|  0%| F|  |TAMS 0x00000000e6d00000, 0x00000000e6d00000| Untracked 
| 110|0x00000000e6e00000, 0x00000000e6e00000, 0x00000000e6f00000|  0%| F|  |TAMS 0x00000000e6e00000, 0x00000000e6e00000| Untracked 
| 111|0x00000000e6f00000, 0x00000000e6f00000, 0x00000000e7000000|  0%| F|  |TAMS 0x00000000e6f00000, 0x00000000e6f00000| Untracked 
| 112|0x00000000e7000000, 0x00000000e7000000, 0x00000000e7100000|  0%| F|  |TAMS 0x00000000e7000000, 0x00000000e7000000| Untracked 
| 113|0x00000000e7100000, 0x00000000e7100000, 0x00000000e7200000|  0%| F|  |TAMS 0x00000000e7100000, 0x00000000e7100000| Untracked 
| 114|0x00000000e7200000, 0x00000000e7200000, 0x00000000e7300000|  0%| F|  |TAMS 0x00000000e7200000, 0x00000000e7200000| Untracked 
| 115|0x00000000e7300000, 0x00000000e7300000, 0x00000000e7400000|  0%| F|  |TAMS 0x00000000e7300000, 0x00000000e7300000| Untracked 
| 116|0x00000000e7400000, 0x00000000e7400000, 0x00000000e7500000|  0%| F|  |TAMS 0x00000000e7400000, 0x00000000e7400000| Untracked 
| 117|0x00000000e7500000, 0x00000000e7500000, 0x00000000e7600000|  0%| F|  |TAMS 0x00000000e7500000, 0x00000000e7500000| Untracked 
| 118|0x00000000e7600000, 0x00000000e7600000, 0x00000000e7700000|  0%| F|  |TAMS 0x00000000e7600000, 0x00000000e7600000| Untracked 
| 119|0x00000000e7700000, 0x00000000e7700000, 0x00000000e7800000|  0%| F|  |TAMS 0x00000000e7700000, 0x00000000e7700000| Untracked 
| 120|0x00000000e7800000, 0x00000000e7800000, 0x00000000e7900000|  0%| F|  |TAMS 0x00000000e7800000, 0x00000000e7800000| Untracked 
| 121|0x00000000e7900000, 0x00000000e7900000, 0x00000000e7a00000|  0%| F|  |TAMS 0x00000000e7900000, 0x00000000e7900000| Untracked 
| 122|0x00000000e7a00000, 0x00000000e7a00000, 0x00000000e7b00000|  0%| F|  |TAMS 0x00000000e7a00000, 0x00000000e7a00000| Untracked 
| 123|0x00000000e7b00000, 0x00000000e7b00000, 0x00000000e7c00000|  0%| F|  |TAMS 0x00000000e7b00000, 0x00000000e7b00000| Untracked 
| 124|0x00000000e7c00000, 0x00000000e7c00000, 0x00000000e7d00000|  0%| F|  |TAMS 0x00000000e7c00000, 0x00000000e7c00000| Untracked 
| 125|0x00000000e7d00000, 0x00000000e7d00000, 0x00000000e7e00000|  0%| F|  |TAMS 0x00000000e7d00000, 0x00000000e7d00000| Untracked 
| 126|0x00000000e7e00000, 0x00000000e7e00000, 0x00000000e7f00000|  0%| F|  |TAMS 0x00000000e7e00000, 0x00000000e7e00000| Untracked 
| 127|0x00000000e7f00000, 0x00000000e7f00000, 0x00000000e8000000|  0%| F|  |TAMS 0x00000000e7f00000, 0x00000000e7f00000| Untracked 
| 128|0x00000000e8000000, 0x00000000e8000000, 0x00000000e8100000|  0%| F|  |TAMS 0x00000000e8000000, 0x00000000e8000000| Untracked 
| 129|0x00000000e8100000, 0x00000000e8100000, 0x00000000e8200000|  0%| F|  |TAMS 0x00000000e8100000, 0x00000000e8100000| Untracked 
| 130|0x00000000e8200000, 0x00000000e8200000, 0x00000000e8300000|  0%| F|  |TAMS 0x00000000e8200000, 0x00000000e8200000| Untracked 
| 131|0x00000000e8300000, 0x00000000e8300000, 0x00000000e8400000|  0%| F|  |TAMS 0x00000000e8300000, 0x00000000e8300000| Untracked 
| 132|0x00000000e8400000, 0x00000000e8400000, 0x00000000e8500000|  0%| F|  |TAMS 0x00000000e8400000, 0x00000000e8400000| Untracked 
| 133|0x00000000e8500000, 0x00000000e8500000, 0x00000000e8600000|  0%| F|  |TAMS 0x00000000e8500000, 0x00000000e8500000| Untracked 
| 134|0x00000000e8600000, 0x00000000e8600000, 0x00000000e8700000|  0%| F|  |TAMS 0x00000000e8600000, 0x00000000e8600000| Untracked 
| 135|0x00000000e8700000, 0x00000000e8700000, 0x00000000e8800000|  0%| F|  |TAMS 0x00000000e8700000, 0x00000000e8700000| Untracked 
| 136|0x00000000e8800000, 0x00000000e8800000, 0x00000000e8900000|  0%| F|  |TAMS 0x00000000e8800000, 0x00000000e8800000| Untracked 
| 137|0x00000000e8900000, 0x00000000e8900000, 0x00000000e8a00000|  0%| F|  |TAMS 0x00000000e8900000, 0x00000000e8900000| Untracked 
| 138|0x00000000e8a00000, 0x00000000e8a00000, 0x00000000e8b00000|  0%| F|  |TAMS 0x00000000e8a00000, 0x00000000e8a00000| Untracked 
| 139|0x00000000e8b00000, 0x00000000e8b00000, 0x00000000e8c00000|  0%| F|  |TAMS 0x00000000e8b00000, 0x00000000e8b00000| Untracked 
| 140|0x00000000e8c00000, 0x00000000e8c00000, 0x00000000e8d00000|  0%| F|  |TAMS 0x00000000e8c00000, 0x00000000e8c00000| Untracked 
| 141|0x00000000e8d00000, 0x00000000e8d00000, 0x00000000e8e00000|  0%| F|  |TAMS 0x00000000e8d00000, 0x00000000e8d00000| Untracked 
| 142|0x00000000e8e00000, 0x00000000e8e00000, 0x00000000e8f00000|  0%| F|  |TAMS 0x00000000e8e00000, 0x00000000e8e00000| Untracked 
| 143|0x00000000e8f00000, 0x00000000e8f00000, 0x00000000e9000000|  0%| F|  |TAMS 0x00000000e8f00000, 0x00000000e8f00000| Untracked 
| 144|0x00000000e9000000, 0x00000000e9000000, 0x00000000e9100000|  0%| F|  |TAMS 0x00000000e9000000, 0x00000000e9000000| Untracked 
| 145|0x00000000e9100000, 0x00000000e9100000, 0x00000000e9200000|  0%| F|  |TAMS 0x00000000e9100000, 0x00000000e9100000| Untracked 
| 146|0x00000000e9200000, 0x00000000e9200000, 0x00000000e9300000|  0%| F|  |TAMS 0x00000000e9200000, 0x00000000e9200000| Untracked 
| 147|0x00000000e9300000, 0x00000000e9300000, 0x00000000e9400000|  0%| F|  |TAMS 0x00000000e9300000, 0x00000000e9300000| Untracked 
| 148|0x00000000e9400000, 0x00000000e9400000, 0x00000000e9500000|  0%| F|  |TAMS 0x00000000e9400000, 0x00000000e9400000| Untracked 
| 149|0x00000000e9500000, 0x00000000e9500000, 0x00000000e9600000|  0%| F|  |TAMS 0x00000000e9500000, 0x00000000e9500000| Untracked 
| 150|0x00000000e9600000, 0x00000000e9600000, 0x00000000e9700000|  0%| F|  |TAMS 0x00000000e9600000, 0x00000000e9600000| Untracked 
| 151|0x00000000e9700000, 0x00000000e9700000, 0x00000000e9800000|  0%| F|  |TAMS 0x00000000e9700000, 0x00000000e9700000| Untracked 
| 152|0x00000000e9800000, 0x00000000e9800000, 0x00000000e9900000|  0%| F|  |TAMS 0x00000000e9800000, 0x00000000e9800000| Untracked 
| 153|0x00000000e9900000, 0x00000000e9900000, 0x00000000e9a00000|  0%| F|  |TAMS 0x00000000e9900000, 0x00000000e9900000| Untracked 
| 154|0x00000000e9a00000, 0x00000000e9a00000, 0x00000000e9b00000|  0%| F|  |TAMS 0x00000000e9a00000, 0x00000000e9a00000| Untracked 
| 155|0x00000000e9b00000, 0x00000000e9b00000, 0x00000000e9c00000|  0%| F|  |TAMS 0x00000000e9b00000, 0x00000000e9b00000| Untracked 
| 156|0x00000000e9c00000, 0x00000000e9c00000, 0x00000000e9d00000|  0%| F|  |TAMS 0x00000000e9c00000, 0x00000000e9c00000| Untracked 
| 157|0x00000000e9d00000, 0x00000000e9d00000, 0x00000000e9e00000|  0%| F|  |TAMS 0x00000000e9d00000, 0x00000000e9d00000| Untracked 
| 158|0x00000000e9e00000, 0x00000000e9e00000, 0x00000000e9f00000|  0%| F|  |TAMS 0x00000000e9e00000, 0x00000000e9e00000| Untracked 
| 159|0x00000000e9f00000, 0x00000000e9f00000, 0x00000000ea000000|  0%| F|  |TAMS 0x00000000e9f00000, 0x00000000e9f00000| Untracked 
| 160|0x00000000ea000000, 0x00000000ea000000, 0x00000000ea100000|  0%| F|  |TAMS 0x00000000ea000000, 0x00000000ea000000| Untracked 
| 161|0x00000000ea100000, 0x00000000ea100000, 0x00000000ea200000|  0%| F|  |TAMS 0x00000000ea100000, 0x00000000ea100000| Untracked 
| 162|0x00000000ea200000, 0x00000000ea200000, 0x00000000ea300000|  0%| F|  |TAMS 0x00000000ea200000, 0x00000000ea200000| Untracked 
| 163|0x00000000ea300000, 0x00000000ea300000, 0x00000000ea400000|  0%| F|  |TAMS 0x00000000ea300000, 0x00000000ea300000| Untracked 
| 164|0x00000000ea400000, 0x00000000ea400000, 0x00000000ea500000|  0%| F|  |TAMS 0x00000000ea400000, 0x00000000ea400000| Untracked 
| 165|0x00000000ea500000, 0x00000000ea500000, 0x00000000ea600000|  0%| F|  |TAMS 0x00000000ea500000, 0x00000000ea500000| Untracked 
| 166|0x00000000ea600000, 0x00000000ea600000, 0x00000000ea700000|  0%| F|  |TAMS 0x00000000ea600000, 0x00000000ea600000| Untracked 
| 167|0x00000000ea700000, 0x00000000ea700000, 0x00000000ea800000|  0%| F|  |TAMS 0x00000000ea700000, 0x00000000ea700000| Untracked 
| 168|0x00000000ea800000, 0x00000000ea800000, 0x00000000ea900000|  0%| F|  |TAMS 0x00000000ea800000, 0x00000000ea800000| Untracked 
| 169|0x00000000ea900000, 0x00000000ea900000, 0x00000000eaa00000|  0%| F|  |TAMS 0x00000000ea900000, 0x00000000ea900000| Untracked 
| 170|0x00000000eaa00000, 0x00000000eaa00000, 0x00000000eab00000|  0%| F|  |TAMS 0x00000000eaa00000, 0x00000000eaa00000| Untracked 
| 171|0x00000000eab00000, 0x00000000eab00000, 0x00000000eac00000|  0%| F|  |TAMS 0x00000000eab00000, 0x00000000eab00000| Untracked 
| 172|0x00000000eac00000, 0x00000000eac00000, 0x00000000ead00000|  0%| F|  |TAMS 0x00000000eac00000, 0x00000000eac00000| Untracked 
| 173|0x00000000ead00000, 0x00000000eae00000, 0x00000000eae00000|100%| E|  |TAMS 0x00000000ead00000, 0x00000000ead00000| Complete 
| 174|0x00000000eae00000, 0x00000000eaf00000, 0x00000000eaf00000|100%| E|CS|TAMS 0x00000000eae00000, 0x00000000eae00000| Complete 
| 175|0x00000000eaf00000, 0x00000000eb000000, 0x00000000eb000000|100%| E|CS|TAMS 0x00000000eaf00000, 0x00000000eaf00000| Complete 
| 176|0x00000000eb000000, 0x00000000eb100000, 0x00000000eb100000|100%| E|CS|TAMS 0x00000000eb000000, 0x00000000eb000000| Complete 
| 177|0x00000000eb100000, 0x00000000eb200000, 0x00000000eb200000|100%| E|CS|TAMS 0x00000000eb100000, 0x00000000eb100000| Complete 
| 178|0x00000000eb200000, 0x00000000eb300000, 0x00000000eb300000|100%| E|CS|TAMS 0x00000000eb200000, 0x00000000eb200000| Complete 
| 179|0x00000000eb300000, 0x00000000eb400000, 0x00000000eb400000|100%| E|CS|TAMS 0x00000000eb300000, 0x00000000eb300000| Complete 
| 180|0x00000000eb400000, 0x00000000eb500000, 0x00000000eb500000|100%| E|CS|TAMS 0x00000000eb400000, 0x00000000eb400000| Complete 
| 181|0x00000000eb500000, 0x00000000eb600000, 0x00000000eb600000|100%| E|CS|TAMS 0x00000000eb500000, 0x00000000eb500000| Complete 
| 182|0x00000000eb600000, 0x00000000eb700000, 0x00000000eb700000|100%| E|CS|TAMS 0x00000000eb600000, 0x00000000eb600000| Complete 
| 183|0x00000000eb700000, 0x00000000eb800000, 0x00000000eb800000|100%| E|CS|TAMS 0x00000000eb700000, 0x00000000eb700000| Complete 
| 184|0x00000000eb800000, 0x00000000eb900000, 0x00000000eb900000|100%| E|CS|TAMS 0x00000000eb800000, 0x00000000eb800000| Complete 
| 185|0x00000000eb900000, 0x00000000eba00000, 0x00000000eba00000|100%| E|CS|TAMS 0x00000000eb900000, 0x00000000eb900000| Complete 
| 186|0x00000000eba00000, 0x00000000ebb00000, 0x00000000ebb00000|100%| E|CS|TAMS 0x00000000eba00000, 0x00000000eba00000| Complete 
| 187|0x00000000ebb00000, 0x00000000ebc00000, 0x00000000ebc00000|100%| E|CS|TAMS 0x00000000ebb00000, 0x00000000ebb00000| Complete 
| 188|0x00000000ebc00000, 0x00000000ebd00000, 0x00000000ebd00000|100%| E|CS|TAMS 0x00000000ebc00000, 0x00000000ebc00000| Complete 
| 189|0x00000000ebd00000, 0x00000000ebe00000, 0x00000000ebe00000|100%| E|CS|TAMS 0x00000000ebd00000, 0x00000000ebd00000| Complete 
| 190|0x00000000ebe00000, 0x00000000ebf00000, 0x00000000ebf00000|100%| E|CS|TAMS 0x00000000ebe00000, 0x00000000ebe00000| Complete 
| 191|0x00000000ebf00000, 0x00000000ec000000, 0x00000000ec000000|100%| E|CS|TAMS 0x00000000ebf00000, 0x00000000ebf00000| Complete 
| 192|0x00000000ec000000, 0x00000000ec100000, 0x00000000ec100000|100%| E|CS|TAMS 0x00000000ec000000, 0x00000000ec000000| Complete 
| 193|0x00000000ec100000, 0x00000000ec200000, 0x00000000ec200000|100%| E|CS|TAMS 0x00000000ec100000, 0x00000000ec100000| Complete 
| 194|0x00000000ec200000, 0x00000000ec300000, 0x00000000ec300000|100%| E|CS|TAMS 0x00000000ec200000, 0x00000000ec200000| Complete 
| 195|0x00000000ec300000, 0x00000000ec400000, 0x00000000ec400000|100%| E|CS|TAMS 0x00000000ec300000, 0x00000000ec300000| Complete 
| 196|0x00000000ec400000, 0x00000000ec500000, 0x00000000ec500000|100%| E|CS|TAMS 0x00000000ec400000, 0x00000000ec400000| Complete 
| 197|0x00000000ec500000, 0x00000000ec600000, 0x00000000ec600000|100%| E|CS|TAMS 0x00000000ec500000, 0x00000000ec500000| Complete 
| 198|0x00000000ec600000, 0x00000000ec700000, 0x00000000ec700000|100%| E|CS|TAMS 0x00000000ec600000, 0x00000000ec600000| Complete 
| 199|0x00000000ec700000, 0x00000000ec800000, 0x00000000ec800000|100%| E|CS|TAMS 0x00000000ec700000, 0x00000000ec700000| Complete 
| 200|0x00000000ec800000, 0x00000000ec900000, 0x00000000ec900000|100%| E|CS|TAMS 0x00000000ec800000, 0x00000000ec800000| Complete 
| 201|0x00000000ec900000, 0x00000000eca00000, 0x00000000eca00000|100%| E|CS|TAMS 0x00000000ec900000, 0x00000000ec900000| Complete 
| 202|0x00000000eca00000, 0x00000000ecb00000, 0x00000000ecb00000|100%| E|CS|TAMS 0x00000000eca00000, 0x00000000eca00000| Complete 
| 203|0x00000000ecb00000, 0x00000000ecc00000, 0x00000000ecc00000|100%| E|CS|TAMS 0x00000000ecb00000, 0x00000000ecb00000| Complete 
| 204|0x00000000ecc00000, 0x00000000ecd00000, 0x00000000ecd00000|100%| E|CS|TAMS 0x00000000ecc00000, 0x00000000ecc00000| Complete 
| 205|0x00000000ecd00000, 0x00000000ece00000, 0x00000000ece00000|100%| E|CS|TAMS 0x00000000ecd00000, 0x00000000ecd00000| Complete 
| 206|0x00000000ece00000, 0x00000000ecf00000, 0x00000000ecf00000|100%| E|CS|TAMS 0x00000000ece00000, 0x00000000ece00000| Complete 
| 207|0x00000000ecf00000, 0x00000000ed000000, 0x00000000ed000000|100%| E|CS|TAMS 0x00000000ecf00000, 0x00000000ecf00000| Complete 
| 208|0x00000000ed000000, 0x00000000ed100000, 0x00000000ed100000|100%| E|CS|TAMS 0x00000000ed000000, 0x00000000ed000000| Complete 
| 209|0x00000000ed100000, 0x00000000ed200000, 0x00000000ed200000|100%| E|CS|TAMS 0x00000000ed100000, 0x00000000ed100000| Complete 
| 210|0x00000000ed200000, 0x00000000ed300000, 0x00000000ed300000|100%| E|CS|TAMS 0x00000000ed200000, 0x00000000ed200000| Complete 
| 211|0x00000000ed300000, 0x00000000ed400000, 0x00000000ed400000|100%| E|CS|TAMS 0x00000000ed300000, 0x00000000ed300000| Complete 
| 212|0x00000000ed400000, 0x00000000ed500000, 0x00000000ed500000|100%| E|CS|TAMS 0x00000000ed400000, 0x00000000ed400000| Complete 
| 213|0x00000000ed500000, 0x00000000ed600000, 0x00000000ed600000|100%| E|CS|TAMS 0x00000000ed500000, 0x00000000ed500000| Complete 
| 214|0x00000000ed600000, 0x00000000ed700000, 0x00000000ed700000|100%| E|CS|TAMS 0x00000000ed600000, 0x00000000ed600000| Complete 
| 215|0x00000000ed700000, 0x00000000ed800000, 0x00000000ed800000|100%| E|CS|TAMS 0x00000000ed700000, 0x00000000ed700000| Complete 
| 216|0x00000000ed800000, 0x00000000ed900000, 0x00000000ed900000|100%| E|CS|TAMS 0x00000000ed800000, 0x00000000ed800000| Complete 
| 217|0x00000000ed900000, 0x00000000eda00000, 0x00000000eda00000|100%| E|CS|TAMS 0x00000000ed900000, 0x00000000ed900000| Complete 
| 218|0x00000000eda00000, 0x00000000edb00000, 0x00000000edb00000|100%| E|CS|TAMS 0x00000000eda00000, 0x00000000eda00000| Complete 
| 219|0x00000000edb00000, 0x00000000edc00000, 0x00000000edc00000|100%| E|CS|TAMS 0x00000000edb00000, 0x00000000edb00000| Complete 
| 220|0x00000000edc00000, 0x00000000edd00000, 0x00000000edd00000|100%| E|CS|TAMS 0x00000000edc00000, 0x00000000edc00000| Complete 
| 221|0x00000000edd00000, 0x00000000ede00000, 0x00000000ede00000|100%| E|CS|TAMS 0x00000000edd00000, 0x00000000edd00000| Complete 
| 222|0x00000000ede00000, 0x00000000edf00000, 0x00000000edf00000|100%| E|CS|TAMS 0x00000000ede00000, 0x00000000ede00000| Complete 
| 223|0x00000000edf00000, 0x00000000ee000000, 0x00000000ee000000|100%| E|CS|TAMS 0x00000000edf00000, 0x00000000edf00000| Complete 
| 224|0x00000000ee000000, 0x00000000ee100000, 0x00000000ee100000|100%| E|CS|TAMS 0x00000000ee000000, 0x00000000ee000000| Complete 
| 225|0x00000000ee100000, 0x00000000ee1df120, 0x00000000ee200000| 87%| S|CS|TAMS 0x00000000ee100000, 0x00000000ee100000| Complete 
| 226|0x00000000ee200000, 0x00000000ee300000, 0x00000000ee300000|100%| E|CS|TAMS 0x00000000ee200000, 0x00000000ee200000| Complete 
| 227|0x00000000ee300000, 0x00000000ee400000, 0x00000000ee400000|100%| E|CS|TAMS 0x00000000ee300000, 0x00000000ee300000| Complete 
| 228|0x00000000ee400000, 0x00000000ee500000, 0x00000000ee500000|100%| E|CS|TAMS 0x00000000ee400000, 0x00000000ee400000| Complete 
| 229|0x00000000ee500000, 0x00000000ee600000, 0x00000000ee600000|100%| E|CS|TAMS 0x00000000ee500000, 0x00000000ee500000| Complete 
| 230|0x00000000ee600000, 0x00000000ee700000, 0x00000000ee700000|100%| E|CS|TAMS 0x00000000ee600000, 0x00000000ee600000| Complete 
| 231|0x00000000ee700000, 0x00000000ee800000, 0x00000000ee800000|100%| E|CS|TAMS 0x00000000ee700000, 0x00000000ee700000| Complete 
| 232|0x00000000ee800000, 0x00000000ee900000, 0x00000000ee900000|100%| E|CS|TAMS 0x00000000ee800000, 0x00000000ee800000| Complete 
| 233|0x00000000ee900000, 0x00000000eea00000, 0x00000000eea00000|100%| E|CS|TAMS 0x00000000ee900000, 0x00000000ee900000| Complete 
| 234|0x00000000eea00000, 0x00000000eeb00000, 0x00000000eeb00000|100%| E|CS|TAMS 0x00000000eea00000, 0x00000000eea00000| Complete 
| 235|0x00000000eeb00000, 0x00000000eec00000, 0x00000000eec00000|100%| E|CS|TAMS 0x00000000eeb00000, 0x00000000eeb00000| Complete 
| 236|0x00000000eec00000, 0x00000000eed00000, 0x00000000eed00000|100%| E|CS|TAMS 0x00000000eec00000, 0x00000000eec00000| Complete 
| 237|0x00000000eed00000, 0x00000000eee00000, 0x00000000eee00000|100%| E|CS|TAMS 0x00000000eed00000, 0x00000000eed00000| Complete 
| 238|0x00000000eee00000, 0x00000000eef00000, 0x00000000eef00000|100%| E|CS|TAMS 0x00000000eee00000, 0x00000000eee00000| Complete 
| 239|0x00000000eef00000, 0x00000000ef000000, 0x00000000ef000000|100%| E|CS|TAMS 0x00000000eef00000, 0x00000000eef00000| Complete 
| 240|0x00000000ef000000, 0x00000000ef100000, 0x00000000ef100000|100%| E|CS|TAMS 0x00000000ef000000, 0x00000000ef000000| Complete 
| 241|0x00000000ef100000, 0x00000000ef200000, 0x00000000ef200000|100%| E|CS|TAMS 0x00000000ef100000, 0x00000000ef100000| Complete 
| 242|0x00000000ef200000, 0x00000000ef300000, 0x00000000ef300000|100%| E|CS|TAMS 0x00000000ef200000, 0x00000000ef200000| Complete 
| 243|0x00000000ef300000, 0x00000000ef400000, 0x00000000ef400000|100%| E|CS|TAMS 0x00000000ef300000, 0x00000000ef300000| Complete 
| 244|0x00000000ef400000, 0x00000000ef500000, 0x00000000ef500000|100%| E|CS|TAMS 0x00000000ef400000, 0x00000000ef400000| Complete 
| 245|0x00000000ef500000, 0x00000000ef600000, 0x00000000ef600000|100%| E|CS|TAMS 0x00000000ef500000, 0x00000000ef500000| Complete 
| 246|0x00000000ef600000, 0x00000000ef700000, 0x00000000ef700000|100%| E|CS|TAMS 0x00000000ef600000, 0x00000000ef600000| Complete 
| 247|0x00000000ef700000, 0x00000000ef800000, 0x00000000ef800000|100%| E|CS|TAMS 0x00000000ef700000, 0x00000000ef700000| Complete 
| 248|0x00000000ef800000, 0x00000000ef900000, 0x00000000ef900000|100%| E|CS|TAMS 0x00000000ef800000, 0x00000000ef800000| Complete 
| 249|0x00000000ef900000, 0x00000000efa00000, 0x00000000efa00000|100%| E|CS|TAMS 0x00000000ef900000, 0x00000000ef900000| Complete 
| 250|0x00000000efa00000, 0x00000000efb00000, 0x00000000efb00000|100%| E|  |TAMS 0x00000000efa00000, 0x00000000efa00000| Complete 
| 251|0x00000000efb00000, 0x00000000efc00000, 0x00000000efc00000|100%| E|CS|TAMS 0x00000000efb00000, 0x00000000efb00000| Complete 
| 252|0x00000000efc00000, 0x00000000efd00000, 0x00000000efd00000|100%| E|CS|TAMS 0x00000000efc00000, 0x00000000efc00000| Complete 
| 253|0x00000000efd00000, 0x00000000efe00000, 0x00000000efe00000|100%| E|CS|TAMS 0x00000000efd00000, 0x00000000efd00000| Complete 
| 254|0x00000000efe00000, 0x00000000eff00000, 0x00000000eff00000|100%| E|CS|TAMS 0x00000000efe00000, 0x00000000efe00000| Complete 
| 255|0x00000000eff00000, 0x00000000f0000000, 0x00000000f0000000|100%| E|CS|TAMS 0x00000000eff00000, 0x00000000eff00000| Complete 

Card table byte_map: [0x000002aaf6620000,0x000002aaf6720000] _byte_map_base: 0x000002aaf5f20000

Marking Bits (Prev, Next): (CMBitMap*) 0x000002aaee4600c0, (CMBitMap*) 0x000002aaee460100
 Prev Bits: [0x000002aaf6820000, 0x000002aaf7020000)
 Next Bits: [0x000002aaf7020000, 0x000002aaf7820000)

Polling page: 0x000002aaec350000

Metaspace:

Usage:
  Non-class:     14.13 MB used.
      Class:      2.36 MB used.
       Both:     16.49 MB used.

Virtual space:
  Non-class space:       64.00 MB reserved,      14.31 MB ( 22%) committed,  1 nodes.
      Class space:      320.00 MB reserved,       2.50 MB ( <1%) committed,  1 nodes.
             Both:      384.00 MB reserved,      16.81 MB (  4%) committed. 

Chunk freelists:
   Non-Class:  1.66 MB
       Class:  13.53 MB
        Both:  15.19 MB

MaxMetaspaceSize: 384.00 MB
CompressedClassSpaceSize: 320.00 MB
Initial GC threshold: 21.00 MB
Current GC threshold: 21.00 MB
CDS: on
MetaspaceReclaimPolicy: balanced
 - commit_granule_bytes: 65536.
 - commit_granule_words: 8192.
 - virtual_space_node_default_size: 8388608.
 - enlarge_chunks_in_place: 1.
 - new_chunks_are_fully_committed: 0.
 - uncommit_free_chunks: 1.
 - use_allocation_guard: 0.
 - handle_deallocations: 1.


Internal statistics:

num_allocs_failed_limit: 0.
num_arena_births: 210.
num_arena_deaths: 0.
num_vsnodes_births: 2.
num_vsnodes_deaths: 0.
num_space_committed: 269.
num_space_uncommitted: 0.
num_chunks_returned_to_freelist: 0.
num_chunks_taken_from_freelist: 747.
num_chunk_merges: 0.
num_chunk_splits: 503.
num_chunks_enlarged: 381.
num_inconsistent_stats: 0.

CodeHeap 'non-profiled nmethods': size=120000Kb used=1225Kb max_used=1225Kb free=118774Kb
 bounds [0x000002aa87ad0000, 0x000002aa87d40000, 0x000002aa8f000000]
CodeHeap 'profiled nmethods': size=120000Kb used=4859Kb max_used=4859Kb free=115140Kb
 bounds [0x000002aa80000000, 0x000002aa804c0000, 0x000002aa87530000]
CodeHeap 'non-nmethods': size=5760Kb used=1231Kb max_used=1288Kb free=4528Kb
 bounds [0x000002aa87530000, 0x000002aa877a0000, 0x000002aa87ad0000]
 total_blobs=2930 nmethods=2386 adapters=456
 compilation: enabled
              stopped_count=0, restarted_count=0
 full_count=0

Compilation events (20 events):
Event: 5.877 Thread 0x000002aafa47ce20 nmethod 2380 0x000002aa804ba390 code [0x000002aa804ba640, 0x000002aa804bb558]
Event: 5.877 Thread 0x000002aafa47ce20 2381       3       sun.security.provider.MD5::FF (33 bytes)
Event: 5.877 Thread 0x000002aafa47ce20 nmethod 2381 0x000002aa804bba90 code [0x000002aa804bbc20, 0x000002aa804bbd38]
Event: 5.878 Thread 0x000002aafa47ce20 2382       3       sun.security.provider.MD5::GG (33 bytes)
Event: 5.878 Thread 0x000002aafa47ce20 nmethod 2382 0x000002aa804bbe10 code [0x000002aa804bbfa0, 0x000002aa804bc0b8]
Event: 5.878 Thread 0x000002aafa47ce20 2383       3       sun.security.provider.MD5::HH (29 bytes)
Event: 5.878 Thread 0x000002aafa47ce20 nmethod 2383 0x000002aa804bc190 code [0x000002aa804bc320, 0x000002aa804bc438]
Event: 5.878 Thread 0x000002aafa47ce20 2384       3       sun.security.provider.MD5::II (31 bytes)
Event: 5.878 Thread 0x000002aafa47ce20 nmethod 2384 0x000002aa804bc510 code [0x000002aa804bc6a0, 0x000002aa804bc7b8]
Event: 5.885 Thread 0x000002aafa47ce20 2385       3       jdk.internal.misc.Unsafe::getAndAddInt (27 bytes)
Event: 5.885 Thread 0x000002aafa47ce20 nmethod 2385 0x000002aa804bc890 code [0x000002aa804bca40, 0x000002aa804bcc88]
Event: 5.887 Thread 0x000002aafa47ce20 2386       3       java.util.concurrent.locks.AbstractQueuedSynchronizer::<init> (5 bytes)
Event: 5.887 Thread 0x000002aafa47ce20 nmethod 2386 0x000002aa804bcd90 code [0x000002aa804bcf40, 0x000002aa804bd0f8]
Event: 5.888 Thread 0x000002aafa47ce20 2387       3       java.util.concurrent.locks.AbstractOwnableSynchronizer::<init> (5 bytes)
Event: 5.888 Thread 0x000002aafa47ce20 nmethod 2387 0x000002aa804bd210 code [0x000002aa804bd3a0, 0x000002aa804bd4f8]
Event: 5.919 Thread 0x000002aafa47ce20 2388       3       jdk.internal.reflect.NativeConstructorAccessorImpl::<init> (10 bytes)
Event: 5.919 Thread 0x000002aafa47ce20 nmethod 2388 0x000002aa804bd590 code [0x000002aa804bd740, 0x000002aa804bd9b8]
Event: 5.919 Thread 0x000002aafa47ce20 2389       3       jdk.internal.reflect.DelegatingConstructorAccessorImpl::<init> (10 bytes)
Event: 5.920 Thread 0x000002aafa47ce20 nmethod 2389 0x000002aa804bda90 code [0x000002aa804bdc40, 0x000002aa804bdef8]
Event: 5.920 Thread 0x000002aafa47ce20 2390       3       java.lang.reflect.ProxyGenerator$ProxyMethod::emitIconstInsn (75 bytes)

GC Heap History (4 events):
Event: 0.963 GC heap before
{Heap before GC invocations=0 (full 0):
 garbage-first heap   total 262144K, used 27648K [0x00000000e0000000, 0x0000000100000000)
  region size 1024K, 23 young (23552K), 0 survivors (0K)
 Metaspace       used 3011K, committed 3136K, reserved 393216K
  class space    used 384K, committed 448K, reserved 327680K
}
Event: 1.060 GC heap after
{Heap after GC invocations=1 (full 0):
 garbage-first heap   total 262144K, used 10644K [0x00000000e0000000, 0x0000000100000000)
  region size 1024K, 3 young (3072K), 3 survivors (3072K)
 Metaspace       used 3011K, committed 3136K, reserved 393216K
  class space    used 384K, committed 448K, reserved 327680K
}
Event: 1.447 GC heap before
{Heap before GC invocations=1 (full 0):
 garbage-first heap   total 262144K, used 38292K [0x00000000e0000000, 0x0000000100000000)
  region size 1024K, 30 young (30720K), 3 survivors (3072K)
 Metaspace       used 4099K, committed 4224K, reserved 393216K
  class space    used 504K, committed 576K, reserved 327680K
}
Event: 1.449 GC heap after
{Heap after GC invocations=2 (full 0):
 garbage-first heap   total 262144K, used 11894K [0x00000000e0000000, 0x0000000100000000)
  region size 1024K, 1 young (1024K), 1 survivors (1024K)
 Metaspace       used 4099K, committed 4224K, reserved 393216K
  class space    used 504K, committed 576K, reserved 327680K
}

Dll operation events (14 events):
Event: 0.015 Loaded shared library C:\Users\Administrator\.jdks\azul-17.0.8.1\bin\java.dll
Event: 0.031 Loaded shared library C:\Users\Administrator\.jdks\azul-17.0.8.1\bin\jsvml.dll
Event: 0.120 Loaded shared library C:\Users\Administrator\.jdks\azul-17.0.8.1\bin\zip.dll
Event: 0.122 Loaded shared library C:\Users\Administrator\.jdks\azul-17.0.8.1\bin\instrument.dll
Event: 0.128 Loaded shared library C:\Users\Administrator\.jdks\azul-17.0.8.1\bin\net.dll
Event: 0.129 Loaded shared library C:\Users\Administrator\.jdks\azul-17.0.8.1\bin\nio.dll
Event: 0.133 Loaded shared library C:\Users\Administrator\.jdks\azul-17.0.8.1\bin\zip.dll
Event: 0.414 Loaded shared library C:\Users\Administrator\.jdks\azul-17.0.8.1\bin\jimage.dll
Event: 0.488 Loaded shared library C:\Users\Administrator\.jdks\azul-17.0.8.1\bin\verify.dll
Event: 0.789 Loaded shared library C:\Users\Administrator\.gradle\native\c067742578af261105cb4f569cf0c3c89f3d7b1fecec35dd04571415982c5e48\windows-amd64\native-platform.dll
Event: 0.794 Loaded shared library C:\Users\Administrator\.gradle\native\38dada09dfb8b06ba9b0570ebf7e218e3eb74d4ef43ca46872605cf95ebc2f47\windows-amd64\native-platform-file-events.dll
Event: 2.013 Loaded shared library C:\Users\Administrator\.jdks\azul-17.0.8.1\bin\management.dll
Event: 2.017 Loaded shared library C:\Users\Administrator\.jdks\azul-17.0.8.1\bin\management_ext.dll
Event: 2.833 Loaded shared library C:\Users\Administrator\.jdks\azul-17.0.8.1\bin\sunmscapi.dll

Deoptimization events (20 events):
Event: 5.541 Thread 0x000002aaa4a92970 Uncommon trap: trap_request=0xffffff45 fr.pc=0x000002aa87b5411c relative=0x00000000000005fc
Event: 5.541 Thread 0x000002aaa4a92970 Uncommon trap: reason=unstable_if action=reinterpret pc=0x000002aa87b5411c method=java.io.File.getName()Ljava/lang/String; @ 16 c2
Event: 5.541 Thread 0x000002aaa4a92970 DEOPT PACKING pc=0x000002aa87b5411c sp=0x000000d0e2ffce90
Event: 5.541 Thread 0x000002aaa4a92970 DEOPT UNPACKING pc=0x000002aa875869a3 sp=0x000000d0e2ffce60 mode 2
Event: 5.589 Thread 0x000002aaa4a92970 DEOPT PACKING pc=0x000002aa803b826a sp=0x000000d0e2ffb6e0
Event: 5.589 Thread 0x000002aaa4a92970 DEOPT UNPACKING pc=0x000002aa87587143 sp=0x000000d0e2ffabf0 mode 0
Event: 5.828 Thread 0x000002aaa4a92970 Uncommon trap: trap_request=0xffffff45 fr.pc=0x000002aa87baeff4 relative=0x0000000000000074
Event: 5.828 Thread 0x000002aaa4a92970 Uncommon trap: reason=unstable_if action=reinterpret pc=0x000002aa87baeff4 method=jdk.internal.misc.Unsafe.convEndian(ZI)I @ 4 c2
Event: 5.828 Thread 0x000002aaa4a92970 DEOPT PACKING pc=0x000002aa87baeff4 sp=0x000000d0e2ffac80
Event: 5.828 Thread 0x000002aaa4a92970 DEOPT UNPACKING pc=0x000002aa875869a3 sp=0x000000d0e2ffab88 mode 2
Event: 5.828 Thread 0x000002aaa4a92970 Uncommon trap: trap_request=0xffffff45 fr.pc=0x000002aa87baecb8 relative=0x0000000000000038
Event: 5.828 Thread 0x000002aaa4a92970 Uncommon trap: reason=unstable_if action=reinterpret pc=0x000002aa87baecb8 method=jdk.internal.misc.Unsafe.convEndian(ZI)I @ 4 c2
Event: 5.828 Thread 0x000002aaa4a92970 DEOPT PACKING pc=0x000002aa87baecb8 sp=0x000000d0e2ffabe0
Event: 5.828 Thread 0x000002aaa4a92970 DEOPT UNPACKING pc=0x000002aa875869a3 sp=0x000000d0e2ffab78 mode 2
Event: 5.841 Thread 0x000002aaa4a92970 DEOPT PACKING pc=0x000002aa803b8249 sp=0x000000d0e2ffa7c0
Event: 5.841 Thread 0x000002aaa4a92970 DEOPT UNPACKING pc=0x000002aa87587143 sp=0x000000d0e2ff9cd0 mode 0
Event: 5.879 Thread 0x000002aaa4a92970 DEOPT PACKING pc=0x000002aa803b8249 sp=0x000000d0e2ffaca0
Event: 5.879 Thread 0x000002aaa4a92970 DEOPT UNPACKING pc=0x000002aa87587143 sp=0x000000d0e2ffa1b0 mode 0
Event: 5.916 Thread 0x000002aaa4a92970 DEOPT PACKING pc=0x000002aa803b8249 sp=0x000000d0e2ff7f00
Event: 5.916 Thread 0x000002aaa4a92970 DEOPT UNPACKING pc=0x000002aa87587143 sp=0x000000d0e2ff7410 mode 0

Classes unloaded (0 events):
No events

Classes redefined (0 events):
No events

Internal exceptions (20 events):
Event: 3.089 Thread 0x000002aaa4a92970 Exception <a 'java/lang/NoSuchMethodError'{0x00000000ece7e9f0}: 'void java.lang.invoke.DirectMethodHandle$Holder.invokeStatic(java.lang.Object, java.lang.Object)'> (0x00000000ece7e9f0) 
thrown [s\src\hotspot\share\interpreter\linkResolver.cpp, line 759]
Event: 3.193 Thread 0x000002aaa4a92970 Exception <a 'java/lang/NoSuchMethodError'{0x00000000ecaeb520}: 'java.lang.Object java.lang.invoke.DirectMethodHandle$Holder.newInvokeSpecial(java.lang.Object, java.lang.Object, java.lang.Object, java.lang.Object, java.lang.Object, java.lang.Object)'> (0x00000000ecaeb520) 
thrown [s\src\hotspot\share\interpreter\linkResolver.cpp, line 759]
Event: 3.196 Thread 0x000002aaa4a92970 Exception <a 'java/lang/NoSuchMethodError'{0x00000000ec9035c0}: 'void java.lang.invoke.DirectMethodHandle$Holder.invokeSpecial(java.lang.Object, java.lang.Object, java.lang.Object, java.lang.Object, java.lang.Object)'> (0x00000000ec9035c0) 
thrown [s\src\hotspot\share\interpreter\linkResolver.cpp, line 759]
Event: 3.198 Thread 0x000002aaa4a92970 Exception <a 'java/lang/NoSuchMethodError'{0x00000000ec917460}: 'void java.lang.invoke.DirectMethodHandle$Holder.invokeStaticInit(java.lang.Object, java.lang.Object)'> (0x00000000ec917460) 
thrown [s\src\hotspot\share\interpreter\linkResolver.cpp, line 759]
Event: 3.223 Thread 0x000002aaa4a92970 Exception <a 'java/lang/NoSuchMethodError'{0x00000000ec8219b8}: 'java.lang.Object java.lang.invoke.DirectMethodHandle$Holder.newInvokeSpecial(java.lang.Object, java.lang.Object, java.lang.Object, int, java.lang.Object, java.lang.Object)'> (0x00000000ec8219b8) 
thrown [s\src\hotspot\share\interpreter\linkResolver.cpp, line 759]
Event: 3.263 Thread 0x000002aaa4a92970 Exception <a 'java/lang/NoSuchMethodError'{0x00000000ec7e3370}: 'void java.lang.invoke.DelegatingMethodHandle$Holder.reinvoke_L(java.lang.Object, java.lang.Object, java.lang.Object, java.lang.Object, java.lang.Object, java.lang.Object, java.lang.Object, java.lang.Object, java.lang.Object, java.lang.Object)'> (0x00000000ec7e3370) 
thrown [s\src\hotspot\share\interpreter\linkResolver.cpp, line 759]
Event: 3.264 Thread 0x000002aaa4a92970 Exception <a 'java/lang/NoSuchMethodError'{0x00000000ec7eb7e0}: 'java.lang.Object java.lang.invoke.DirectMethodHandle$Holder.invokeSpecial(java.lang.Object, java.lang.Object, java.lang.Object, java.lang.Object, java.lang.Object, java.lang.Object, java.lang.Object, java.lang.Object, java.lang.Object, java.lang.Object)'> (0x00000000ec7eb7e0) 
thrown [s\src\hotspot\share\interpreter\linkResolver.cpp, line 759]
Event: 3.264 Thread 0x000002aaa4a92970 Exception <a 'java/lang/NoSuchMethodError'{0x00000000ec7f00b0}: 'java.lang.Object java.lang.invoke.Invokers$Holder.invoker(java.lang.Object, java.lang.Object, java.lang.Object, java.lang.Object, java.lang.Object, java.lang.Object, java.lang.Object, java.lang.Object, java.lang.Object, java.lang.Object)'> (0x00000000ec7f00b0) 
thrown [s\src\hotspot\share\interpreter\linkResolver.cpp, line 759]
Event: 3.265 Thread 0x000002aaa4a92970 Exception <a 'java/lang/NoSuchMethodError'{0x00000000ec7f5c38}: 'java.lang.Object java.lang.invoke.DirectMethodHandle$Holder.invokeSpecial(java.lang.Object, java.lang.Object, java.lang.Object, java.lang.Object, java.lang.Object, java.lang.Object, java.lang.Object, java.lang.Object, java.lang.Object, java.lang.Object, java.lang.Object)'> (0x00000000ec7f5c38) 
thrown [s\src\hotspot\share\interpreter\linkResolver.cpp, line 759]
Event: 3.369 Thread 0x000002aaa4a92970 Exception <a 'java/lang/NoSuchMethodError'{0x00000000ec1e2fb0}: 'void java.lang.invoke.DirectMethodHandle$Holder.invokeStaticInit(java.lang.Object)'> (0x00000000ec1e2fb0) 
thrown [s\src\hotspot\share\interpreter\linkResolver.cpp, line 759]
Event: 3.380 Thread 0x000002aaa4a92970 Exception <a 'java/lang/NoSuchMethodError'{0x00000000ec095900}: 'java.lang.Object java.lang.invoke.DirectMethodHandle$Holder.newInvokeSpecial(java.lang.Object, java.lang.Object, java.lang.Object, int)'> (0x00000000ec095900) 
thrown [s\src\hotspot\share\interpreter\linkResolver.cpp, line 759]
Event: 3.380 Thread 0x000002aaa4a92970 Exception <a 'java/lang/NoSuchMethodError'{0x00000000ec09a230}: 'java.lang.Object java.lang.invoke.DirectMethodHandle$Holder.invokeSpecial(java.lang.Object, java.lang.Object, java.lang.Object, java.lang.Object, int)'> (0x00000000ec09a230) 
thrown [s\src\hotspot\share\interpreter\linkResolver.cpp, line 759]
Event: 3.381 Thread 0x000002aaa4a92970 Exception <a 'java/lang/NoSuchMethodError'{0x00000000ec09e348}: 'java.lang.Object java.lang.invoke.Invokers$Holder.linkToTargetMethod(java.lang.Object, java.lang.Object, int, java.lang.Object)'> (0x00000000ec09e348) 
thrown [s\src\hotspot\share\interpreter\linkResolver.cpp, line 759]
Event: 5.648 Thread 0x000002aaa4a91a40 Exception <a 'java/lang/NoSuchMethodError'{0x00000000ed2bb2d0}: static Lorg/gradle/internal/build/event/types/DefaultOperationStartedProgressEvent;.<clinit>()V> (0x00000000ed2bb2d0) 
thrown [s\src\hotspot\share\prims\jni.cpp, line 1107]
Event: 5.649 Thread 0x000002aaa4a91a40 Exception <a 'java/lang/NoSuchMethodError'{0x00000000ed2bd398}: static Lorg/gradle/internal/build/event/types/AbstractProgressEvent;.<clinit>()V> (0x00000000ed2bd398) 
thrown [s\src\hotspot\share\prims\jni.cpp, line 1107]
Event: 5.650 Thread 0x000002aaa4a91a40 Exception <a 'java/lang/NoSuchMethodError'{0x00000000ed2c6458}: static Lorg/gradle/internal/build/event/types/DefaultOperationDescriptor;.<clinit>()V> (0x00000000ed2c6458) 
thrown [s\src\hotspot\share\prims\jni.cpp, line 1107]
Event: 5.652 Thread 0x000002aaa4a91a40 Exception <a 'java/lang/NoSuchMethodError'{0x00000000ed2dced0}: static Lorg/gradle/internal/operations/OperationIdentifier;.<clinit>()V> (0x00000000ed2dced0) 
thrown [s\src\hotspot\share\prims\jni.cpp, line 1107]
Event: 5.849 Thread 0x000002aaa4a92970 Exception <a 'java/lang/NoSuchMethodError'{0x00000000eafee020}: 'int java.lang.invoke.DirectMethodHandle$Holder.invokeSpecialIFC(java.lang.Object, java.lang.Object, java.lang.Object, java.lang.Object)'> (0x00000000eafee020) 
thrown [s\src\hotspot\share\interpreter\linkResolver.cpp, line 759]
Event: 5.851 Thread 0x000002aaa4a92970 Exception <a 'java/lang/NoSuchMethodError'{0x00000000eaffd2a0}: 'java.lang.Object java.lang.invoke.DirectMethodHandle$Holder.invokeInterface(java.lang.Object, java.lang.Object, java.lang.Object)'> (0x00000000eaffd2a0) 
thrown [s\src\hotspot\share\interpreter\linkResolver.cpp, line 759]
Event: 5.852 Thread 0x000002aaa4a92970 Exception <a 'java/lang/IncompatibleClassChangeError'{0x00000000eae015f0}: Found class java.lang.Object, but interface was expected> (0x00000000eae015f0) 
thrown [s\src\hotspot\share\interpreter\linkResolver.cpp, line 826]

VM Operations (20 events):
Event: 2.277 Executing VM operation: HandshakeAllThreads
Event: 2.277 Executing VM operation: HandshakeAllThreads done
Event: 2.419 Executing VM operation: HandshakeAllThreads
Event: 2.419 Executing VM operation: HandshakeAllThreads done
Event: 2.837 Executing VM operation: HandshakeAllThreads
Event: 2.837 Executing VM operation: HandshakeAllThreads done
Event: 2.837 Executing VM operation: Cleanup
Event: 2.837 Executing VM operation: Cleanup done
Event: 3.846 Executing VM operation: Cleanup
Event: 3.846 Executing VM operation: Cleanup done
Event: 4.847 Executing VM operation: Cleanup
Event: 4.847 Executing VM operation: Cleanup done
Event: 5.546 Executing VM operation: HandshakeAllThreads
Event: 5.546 Executing VM operation: HandshakeAllThreads done
Event: 5.546 Executing VM operation: HandshakeAllThreads
Event: 5.547 Executing VM operation: HandshakeAllThreads done
Event: 5.582 Executing VM operation: HandshakeAllThreads
Event: 5.582 Executing VM operation: HandshakeAllThreads done
Event: 5.583 Executing VM operation: HandshakeAllThreads
Event: 5.583 Executing VM operation: HandshakeAllThreads done

Events (20 events):
Event: 5.746 loading class java/security/KeyException
Event: 5.746 loading class java/security/KeyException done
Event: 5.746 loading class java/security/InvalidKeyException done
Event: 5.808 Thread 0x000002aaa5933310 Thread added: 0x000002aaa5933310
Event: 5.824 loading class sun/security/provider/MD5
Event: 5.825 loading class sun/security/provider/MD5 done
Event: 5.825 loading class sun/security/provider/SHA5$SHA512
Event: 5.825 loading class sun/security/provider/SHA5
Event: 5.825 loading class sun/security/provider/SHA5 done
Event: 5.825 loading class sun/security/provider/SHA5$SHA512 done
Event: 5.827 loading class sun/security/provider/ByteArrayAccess$LE
Event: 5.827 loading class sun/security/provider/ByteArrayAccess$LE done
Event: 5.846 loading class java/util/concurrent/Semaphore
Event: 5.846 loading class java/util/concurrent/Semaphore done
Event: 5.848 loading class java/nio/file/FileVisitOption
Event: 5.848 loading class java/nio/file/FileVisitOption done
Event: 5.852 loading class java/util/stream/ReduceOps$1
Event: 5.852 loading class java/util/stream/ReduceOps$1 done
Event: 5.852 loading class java/util/stream/ReduceOps$1ReducingSink
Event: 5.852 loading class java/util/stream/ReduceOps$1ReducingSink done


Dynamic libraries:
0x00007ff71e120000 - 0x00007ff71e12e000 	C:\Users\Administrator\.jdks\azul-17.0.8.1\bin\java.exe
0x00007ffc28a70000 - 0x00007ffc28c68000 	C:\Windows\SYSTEM32\ntdll.dll
0x00007ffc28540000 - 0x00007ffc285fd000 	C:\Windows\System32\KERNEL32.DLL
0x00007ffc263f0000 - 0x00007ffc266e6000 	C:\Windows\System32\KERNELBASE.dll
0x00007ffc26260000 - 0x00007ffc26360000 	C:\Windows\System32\ucrtbase.dll
0x00007ffc1de20000 - 0x00007ffc1de39000 	C:\Users\Administrator\.jdks\azul-17.0.8.1\bin\jli.dll
0x00007ffc26b20000 - 0x00007ffc26cbe000 	C:\Windows\System32\USER32.dll
0x00007ffc268c0000 - 0x00007ffc268e2000 	C:\Windows\System32\win32u.dll
0x00007ffc27060000 - 0x00007ffc2708c000 	C:\Windows\System32\GDI32.dll
0x00007ffc267a0000 - 0x00007ffc268ba000 	C:\Windows\System32\gdi32full.dll
0x00007ffc1de40000 - 0x00007ffc1de5b000 	C:\Users\Administrator\.jdks\azul-17.0.8.1\bin\VCRUNTIME140.dll
0x00007ffc26140000 - 0x00007ffc261dd000 	C:\Windows\System32\msvcp_win.dll
0x00007ffc11ff0000 - 0x00007ffc1228a000 	C:\Windows\WinSxS\amd64_microsoft.windows.common-controls_6595b64144ccf1df_6.0.19041.3636_none_60b6a03d71f818d5\COMCTL32.dll
0x00007ffc277e0000 - 0x00007ffc2787e000 	C:\Windows\System32\msvcrt.dll
0x00007ffc28510000 - 0x00007ffc28540000 	C:\Windows\System32\IMM32.DLL
0x00007ffc1de10000 - 0x00007ffc1de1c000 	C:\Users\Administrator\.jdks\azul-17.0.8.1\bin\vcruntime140_1.dll
0x00007ffbfc1f0000 - 0x00007ffbfc27d000 	C:\Users\Administrator\.jdks\azul-17.0.8.1\bin\msvcp140.dll
0x00007ffbe1fb0000 - 0x00007ffbe2c18000 	C:\Users\Administrator\.jdks\azul-17.0.8.1\bin\server\jvm.dll
0x00007ffc28690000 - 0x00007ffc28743000 	C:\Windows\System32\ADVAPI32.dll
0x00007ffc27db0000 - 0x00007ffc27e4f000 	C:\Windows\System32\sechost.dll
0x00007ffc28750000 - 0x00007ffc28876000 	C:\Windows\System32\RPCRT4.dll
0x00007ffc26230000 - 0x00007ffc26257000 	C:\Windows\System32\bcrypt.dll
0x00007ffc256e0000 - 0x00007ffc2572b000 	C:\Windows\SYSTEM32\POWRPROF.dll
0x00007ffc1dd30000 - 0x00007ffc1dd39000 	C:\Windows\SYSTEM32\WSOCK32.dll
0x00007ffc279d0000 - 0x00007ffc27a3b000 	C:\Windows\System32\WS2_32.dll
0x00007ffc14fa0000 - 0x00007ffc14fc7000 	C:\Windows\SYSTEM32\WINMM.dll
0x00007ffc20820000 - 0x00007ffc2082a000 	C:\Windows\SYSTEM32\VERSION.dll
0x00007ffc25550000 - 0x00007ffc25562000 	C:\Windows\SYSTEM32\UMPDC.dll
0x00007ffc24010000 - 0x00007ffc24022000 	C:\Windows\SYSTEM32\kernel.appcore.dll
0x00007ffc0f380000 - 0x00007ffc0f38a000 	C:\Users\Administrator\.jdks\azul-17.0.8.1\bin\jimage.dll
0x00007ffc12cb0000 - 0x00007ffc12e94000 	C:\Windows\SYSTEM32\DBGHELP.DLL
0x00007ffc0b030000 - 0x00007ffc0b064000 	C:\Windows\SYSTEM32\dbgcore.DLL
0x00007ffc26360000 - 0x00007ffc263e2000 	C:\Windows\System32\bcryptPrimitives.dll
0x00007ffc0aa60000 - 0x00007ffc0aa6e000 	C:\Users\Administrator\.jdks\azul-17.0.8.1\bin\instrument.dll
0x00007ffc0aa70000 - 0x00007ffc0aa95000 	C:\Users\Administrator\.jdks\azul-17.0.8.1\bin\java.dll
0x00007ffbfa9a0000 - 0x00007ffbfaa77000 	C:\Users\Administrator\.jdks\azul-17.0.8.1\bin\jsvml.dll
0x00007ffc27090000 - 0x00007ffc277d5000 	C:\Windows\System32\SHELL32.dll
0x00007ffc24210000 - 0x00007ffc249ab000 	C:\Windows\SYSTEM32\windows.storage.dll
0x00007ffc27a40000 - 0x00007ffc27d94000 	C:\Windows\System32\combase.dll
0x00007ffc25b70000 - 0x00007ffc25b9d000 	C:\Windows\SYSTEM32\Wldp.dll
0x00007ffc28460000 - 0x00007ffc2850d000 	C:\Windows\System32\SHCORE.dll
0x00007ffc26de0000 - 0x00007ffc26e35000 	C:\Windows\System32\shlwapi.dll
0x00007ffc26070000 - 0x00007ffc26095000 	C:\Windows\SYSTEM32\profapi.dll
0x00007ffc0abd0000 - 0x00007ffc0abe8000 	C:\Users\Administrator\.jdks\azul-17.0.8.1\bin\zip.dll
0x00007ffc0b2d0000 - 0x00007ffc0b2e9000 	C:\Users\Administrator\.jdks\azul-17.0.8.1\bin\net.dll
0x00007ffc20070000 - 0x00007ffc2017a000 	C:\Windows\SYSTEM32\WINHTTP.dll
0x00007ffc258d0000 - 0x00007ffc2593a000 	C:\Windows\system32\mswsock.dll
0x00007ffc0ad00000 - 0x00007ffc0ad16000 	C:\Users\Administrator\.jdks\azul-17.0.8.1\bin\nio.dll
0x00007ffc0acb0000 - 0x00007ffc0acc0000 	C:\Users\Administrator\.jdks\azul-17.0.8.1\bin\verify.dll
0x00007ffc0a5a0000 - 0x00007ffc0a5c7000 	C:\Users\Administrator\.gradle\native\c067742578af261105cb4f569cf0c3c89f3d7b1fecec35dd04571415982c5e48\windows-amd64\native-platform.dll
0x00007ffbf84a0000 - 0x00007ffbf85e4000 	C:\Users\Administrator\.gradle\native\38dada09dfb8b06ba9b0570ebf7e218e3eb74d4ef43ca46872605cf95ebc2f47\windows-amd64\native-platform-file-events.dll
0x00007ffc0aa50000 - 0x00007ffc0aa59000 	C:\Users\Administrator\.jdks\azul-17.0.8.1\bin\management.dll
0x00007ffc0a590000 - 0x00007ffc0a59b000 	C:\Users\Administrator\.jdks\azul-17.0.8.1\bin\management_ext.dll
0x00007ffc27da0000 - 0x00007ffc27da8000 	C:\Windows\System32\PSAPI.DLL
0x00007ffc25ac0000 - 0x00007ffc25ad8000 	C:\Windows\SYSTEM32\CRYPTSP.dll
0x00007ffc25190000 - 0x00007ffc251c4000 	C:\Windows\system32\rsaenh.dll
0x00007ffc25ff0000 - 0x00007ffc2601e000 	C:\Windows\SYSTEM32\USERENV.dll
0x00007ffc25ae0000 - 0x00007ffc25aec000 	C:\Windows\SYSTEM32\CRYPTBASE.dll
0x00007ffc25570000 - 0x00007ffc255ab000 	C:\Windows\SYSTEM32\IPHLPAPI.DLL
0x00007ffc26e40000 - 0x00007ffc26e48000 	C:\Windows\System32\NSI.dll
0x00007ffc208b0000 - 0x00007ffc208c7000 	C:\Windows\SYSTEM32\dhcpcsvc6.DLL
0x00007ffc20a70000 - 0x00007ffc20a8d000 	C:\Windows\SYSTEM32\dhcpcsvc.DLL
0x00007ffc255c0000 - 0x00007ffc2568a000 	C:\Windows\SYSTEM32\DNSAPI.dll
0x00007ffc0a580000 - 0x00007ffc0a58e000 	C:\Users\Administrator\.jdks\azul-17.0.8.1\bin\sunmscapi.dll
0x00007ffc26960000 - 0x00007ffc26abd000 	C:\Windows\System32\CRYPT32.dll
0x00007ffc25be0000 - 0x00007ffc25c08000 	C:\Windows\SYSTEM32\ncrypt.dll
0x00007ffc25ba0000 - 0x00007ffc25bdb000 	C:\Windows\SYSTEM32\NTASN1.dll
0x00007ffc0def0000 - 0x00007ffc0def7000 	C:\Windows\system32\wshunix.dll

dbghelp: loaded successfully - version: 4.0.5 - missing functions: none
symbol engine: initialized successfully - sym options: 0x614 - pdb path: .;C:\Users\Administrator\.jdks\azul-17.0.8.1\bin;C:\Windows\SYSTEM32;C:\Windows\WinSxS\amd64_microsoft.windows.common-controls_6595b64144ccf1df_6.0.19041.3636_none_60b6a03d71f818d5;C:\Users\Administrator\.jdks\azul-17.0.8.1\bin\server;C:\Users\Administrator\.gradle\native\c067742578af261105cb4f569cf0c3c89f3d7b1fecec35dd04571415982c5e48\windows-amd64;C:\Users\Administrator\.gradle\native\38dada09dfb8b06ba9b0570ebf7e218e3eb74d4ef43ca46872605cf95ebc2f47\windows-amd64

VM Arguments:
jvm_args: --add-opens=java.base/java.util=ALL-UNNAMED --add-opens=java.base/java.lang=ALL-UNNAMED --add-opens=java.base/java.lang.invoke=ALL-UNNAMED --add-opens=java.prefs/java.util.prefs=ALL-UNNAMED --add-opens=java.base/java.nio.charset=ALL-UNNAMED --add-opens=java.base/java.net=ALL-UNNAMED --add-opens=java.base/java.util.concurrent.atomic=ALL-UNNAMED -XX:MaxMetaspaceSize=384m -XX:+HeapDumpOnOutOfMemoryError -Xms256m -Xmx512m -Dfile.encoding=x-windows-949 -Duser.country=KR -Duser.language=ko -Duser.variant -javaagent:C:\Users\Administrator\.gradle\wrapper\dists\gradle-8.5-bin\5t9huq95ubn472n8rpzujfbqh\gradle-8.5\lib\agents\gradle-instrumentation-agent-8.5.jar 
java_command: org.gradle.launcher.daemon.bootstrap.GradleDaemon 8.5
java_class_path (initial): C:\Users\Administrator\.gradle\wrapper\dists\gradle-8.5-bin\5t9huq95ubn472n8rpzujfbqh\gradle-8.5\lib\gradle-launcher-8.5.jar
Launcher Type: SUN_STANDARD

[Global flags]
     intx CICompilerCount                          = 4                                         {product} {ergonomic}
   size_t CompressedClassSpaceSize                 = 335544320                                 {product} {ergonomic}
     uint ConcGCThreads                            = 3                                         {product} {ergonomic}
     uint G1ConcRefinementThreads                  = 10                                        {product} {ergonomic}
   size_t G1HeapRegionSize                         = 1048576                                   {product} {ergonomic}
    uintx GCDrainStackTargetSize                   = 64                                        {product} {ergonomic}
     bool HeapDumpOnOutOfMemoryError               = true                                   {manageable} {command line}
   size_t InitialHeapSize                          = 268435456                                 {product} {command line}
   size_t MarkStackSize                            = 4194304                                   {product} {ergonomic}
   size_t MaxHeapSize                              = 536870912                                 {product} {command line}
   size_t MaxMetaspaceSize                         = 402653184                                 {product} {command line}
   size_t MaxNewSize                               = 321912832                                 {product} {ergonomic}
   size_t MinHeapDeltaBytes                        = 1048576                                   {product} {ergonomic}
   size_t MinHeapSize                              = 268435456                                 {product} {command line}
    uintx NonNMethodCodeHeapSize                   = 5839372                                {pd product} {ergonomic}
    uintx NonProfiledCodeHeapSize                  = 122909434                              {pd product} {ergonomic}
    uintx ProfiledCodeHeapSize                     = 122909434                              {pd product} {ergonomic}
    uintx ReservedCodeCacheSize                    = 251658240                              {pd product} {ergonomic}
     bool SegmentedCodeCache                       = true                                      {product} {ergonomic}
   size_t SoftMaxHeapSize                          = 536870912                              {manageable} {ergonomic}
     bool UseCompressedClassPointers               = true                           {product lp64_product} {ergonomic}
     bool UseCompressedOops                        = true                           {product lp64_product} {ergonomic}
     bool UseG1GC                                  = true                                      {product} {ergonomic}
     bool UseLargePagesIndividualAllocation        = false                                  {pd product} {ergonomic}

Logging:
Log output configuration:
 #0: stdout all=warning uptime,level,tags
 #1: stderr all=off uptime,level,tags

Environment Variables:
JAVA_HOME=C:\Users\Administrator\.jdks\azul-17.0.8.1
CLASSPATH=C:\Users\Administrator\.jdks\azul-17.0.8.1\lib
PATH=C:\Program Files (x86)\Common Files\Intel\Shared Libraries\redist\intel64_win\compiler;C:\Program Files (x86)\Common Files\Intel\Shared Libraries\redist\intel64\compiler;C:\Windows\system32;C:\Windows;C:\Windows\System32\Wbem;C:\Windows\System32\WindowsPowerShell\v1.0\;C:\Windows\System32\OpenSSH\;C:\Program Files\Bandizip\;C:\Program Files\Git\cmd;C:\Users\Administrator\.jdks\azul-17.0.8.1\bin;C:\Users\Administrator\AppData\Local\Microsoft\WindowsApps;;C:\Users\Administrator\AppData\Local\Programs\Microsoft VS Code\bin;C:\Program Files\JetBrains\IntelliJ IDEA 2023.2.2\bin;
USERNAME=Administrator
OS=Windows_NT
PROCESSOR_IDENTIFIER=Intel64 Family 6 Model 158 Stepping 10, GenuineIntel
TMP=C:\Users\ADMINI~1\AppData\Local\Temp
TEMP=C:\Users\ADMINI~1\AppData\Local\Temp



---------------  S Y S T E M  ---------------

OS:
 Windows 10 , 64 bit Build 19041 (10.0.19041.3636)
OS uptime: 0 days 3:58 hours

CPU: total 12 (initial active 12) (6 cores per cpu, 2 threads per core) family 6 model 158 stepping 10 microcode 0xb4, cx8, cmov, fxsr, ht, mmx, 3dnowpref, sse, sse2, sse3, ssse3, sse4.1, sse4.2, popcnt, lzcnt, tsc, tscinvbit, avx, avx2, aes, erms, clmul, bmi1, bmi2, rtm, adx, fma, vzeroupper, clflush, clflushopt
Processor Information for all 12 processors :
  Max Mhz: 3192, Current Mhz: 3192, Mhz Limit: 3192

Memory: 4k page, system-wide physical 16301M (4141M free)
TotalPageFile size 20796M (AvailPageFile size 2526M)
current process WorkingSet (physical memory assigned to process): 214M, peak: 216M
current process commit charge ("private bytes"): 435M, peak: 437M

vm_info: OpenJDK 64-Bit Server VM (17.0.8.1+1-LTS) for windows-amd64 JRE (17.0.8.1+1-LTS) (Zulu17.44+53-CA), built on Aug 23 2023 12:46:03 by "zulu_re" with MS VC++ 16.10 / 16.11 (VS2019)

END.
