#
# A fatal error has been detected by the Java Runtime Environment:
#
#  EXCEPTION_ACCESS_VIOLATION (0xc0000005) at pc=0x00007ffbe22bc753, pid=8704, tid=724
#
# JRE version: OpenJDK Runtime Environment Zulu17.44+53-CA (17.0.8.1+1) (build 17.0.8.1+1-LTS)
# Java VM: OpenJDK 64-Bit Server VM Zulu17.44+53-CA (17.0.8.1+1-LTS, mixed mode, sharing, tiered, compressed oops, compressed class ptrs, g1 gc, windows-amd64)
# Problematic frame:
# V  [jvm.dll+0x30c753]
#
# No core dump will be written. Minidumps are not enabled by default on client versions of Windows
#
# If you would like to submit a bug report, please visit:
#   http://www.azul.com/support/
#

---------------  S U M M A R Y ------------

Command Line: --add-opens=java.base/java.util=ALL-UNNAMED --add-opens=java.base/java.lang=ALL-UNNAMED --add-opens=java.base/java.lang.invoke=ALL-UNNAMED --add-opens=java.prefs/java.util.prefs=ALL-UNNAMED --add-opens=java.base/java.nio.charset=ALL-UNNAMED --add-opens=java.base/java.net=ALL-UNNAMED --add-opens=java.base/java.util.concurrent.atomic=ALL-UNNAMED -XX:MaxMetaspaceSize=384m -XX:+HeapDumpOnOutOfMemoryError -Xms256m -Xmx512m -Dfile.encoding=x-windows-949 -Duser.country=KR -Duser.language=ko -Duser.variant -javaagent:C:\Users\Administrator\.gradle\wrapper\dists\gradle-8.5-bin\5t9huq95ubn472n8rpzujfbqh\gradle-8.5\lib\agents\gradle-instrumentation-agent-8.5.jar org.gradle.launcher.daemon.bootstrap.GradleDaemon 8.5

Host: Intel(R) Core(TM) i7-8700 CPU @ 3.20GHz, 12 cores, 15G,  Windows 10 , 64 bit Build 19041 (10.0.19041.3636)
Time: Mon Jan 15 12:43:15 2024  Windows 10 , 64 bit Build 19041 (10.0.19041.3636) elapsed time: 7.731564 seconds (0d 0h 0m 7s)

---------------  T H R E A D  ---------------

Current thread (0x00000228fc327e70):  GCTaskThread "GC Thread#1" [stack: 0x0000009dd4d00000,0x0000009dd4e00000] [id=724]

Stack: [0x0000009dd4d00000,0x0000009dd4e00000],  sp=0x0000009dd4dff5f0,  free space=1021k
Native frames: (J=compiled Java code, j=interpreted, Vv=VM code, C=native code)
V  [jvm.dll+0x30c753]
V  [jvm.dll+0x30ce28]
V  [jvm.dll+0x2e0a04]
V  [jvm.dll+0x2e11aa]
V  [jvm.dll+0x2e12a7]
V  [jvm.dll+0x2e685b]
V  [jvm.dll+0x868c6b]
V  [jvm.dll+0x868cb6]
V  [jvm.dll+0x7ebd7a]
V  [jvm.dll+0x67cf15]
C  [ucrtbase.dll+0x21bb2]
C  [KERNEL32.DLL+0x17344]
C  [ntdll.dll+0x526b1]


siginfo: EXCEPTION_ACCESS_VIOLATION (0xc0000005), reading address 0xffffffffffffffff


Register to memory mapping:

RIP=0x00007ffbe22bc753 jvm.dll
RAX=0x000000000000004d is an unknown value
RBX=0x0 is NULL
RCX=0x000002288032f7c0 points into unknown readable memory: 0x00007ffbe29111c0 | c0 11 91 e2 fb 7f 00 00
RDX=0x00000000e8391f08 is an oop: org.gradle.api.internal.initialization.RootClassLoaderScope 
{0x00000000e8391f08} - klass: 'org/gradle/api/internal/initialization/RootClassLoaderScope'
 - ---- fields (total size 6 words):
 - protected final 'id' 'Lorg/gradle/api/internal/initialization/ClassLoaderScopeIdentifier;' @12  a 'org/gradle/api/internal/initialization/ClassLoaderScopeIdentifier'{0x00000000e9804c50} (e9804c50)
 - protected final 'origin' 'Lorg/gradle/initialization/ClassLoaderScopeOrigin;' @16  NULL (0)
 - protected final 'classLoaderCache' 'Lorg/gradle/api/internal/initialization/loadercache/ClassLoaderCache;' @20  a 'org/gradle/api/internal/initialization/loadercache/DefaultClassLoaderCache'{0x00000000e99d3498} (e99d3498)
 - protected final 'listener' 'Lorg/gradle/initialization/ClassLoaderScopeRegistryListener;' @24  a 'jdk/proxy1/$Proxy34'{0x00000000e99f0f30} (e99f0f30)
 - private final 'localClassLoader' 'Ljava/lang/ClassLoader;' @28  a 'org/gradle/internal/classloader/VisitableURLClassLoader'{0x00000000e07721e8} (e07721e8)
 - private final 'cachingLocalClassLoader' 'Lorg/gradle/internal/classloader/CachingClassLoader;' @32  a 'org/gradle/internal/classloader/CachingClassLoader'{0x00000000e98084e0} (e98084e0)
 - private final 'exportClassLoader' 'Ljava/lang/ClassLoader;' @36  a 'org/gradle/internal/classloader/FilteringClassLoader'{0x00000000ee1009b8} (ee1009b8)
 - private final 'cachingExportClassLoader' 'Lorg/gradle/internal/classloader/CachingClassLoader;' @40  a 'org/gradle/internal/classloader/CachingClassLoader'{0x00000000e9833e80} (e9833e80)
RSP=0x0000009dd4dff5f0 points into unknown readable memory: 0x0000000000000000 | 00 00 00 00 00 00 00 00
RBP=0x00000228e42e1ad8 is a pointer to class: 
org.gradle.api.internal.initialization.RootClassLoaderScope {0x00000228e42e1ae0}
 - instance size:     6
 - klass size:        101
 - access:            public synchronized 
 - state:             fully_initialized
 - name:              'org/gradle/api/internal/initialization/RootClassLoaderScope'
 - super:             'org/gradle/api/internal/initialization/AbstractClassLoaderScope'
 - sub:               
 - arrays:            NULL
 - methods:           Array<T>(0x00000228f9150450)
 - method ordering:   Array<T>(0x00000228e3927700)
 - default_methods:   Array<T>(0x0000000000000000)
 - local interfaces:  Array<T>(0x00000228e3601d18)
 - trans. interfaces: Array<T>(0x00000228f9150fe0)
 - constants:         constant pool [88] {0x00000228f91500d8} for 'org/gradle/api/internal/initialization/RootClassLoaderScope' cache=0x00000228f9151bf8
 - class loader data:  loader data: 0x00000228e22fff00 for instance a 'org/gradle/internal/classloader/VisitableURLClassLoader'{0x00000000e07721e8}
 - source file:       'RootClassLoaderScope.java'
 - class annotations:       Array<T>(0x0000000000000000)
 - class type annotations:  Array<T>(0x0000000000000000)
 - field annotations:       Array<T>(0x0000000000000000)
 - field type annotations:  Array<T>(0x0000000000000000)
 - inner classes:     Array<T>(0x00000228e3601ca8)
 - nest members:     Array<T>(0x00000228e3601ca8)
 - permitted subclasses:     Array<T>(0x00000228e3601ca8)
 - java mirror:       a 'java/lang/Class'{0x00000000e87a7a00} = 'org/gradle/api/internal/initialization/RootClassLoaderScope'
 - vtable length      22  (start addr: 0x00000228e42e1ca8)
 - itable length      20 (start addr: 0x00000228e42e1d58)
 - ---- static fields (0 words):
 - ---- non-static fields (8 words):
 - protected final 'id' 'Lorg/gradle/api/internal/initialization/ClassLoaderScopeIdentifier;' @12 
 - protected final 'origin' 'Lorg/gradle/initialization/ClassLoaderScopeOrigin;' @16 
 - protected final 'classLoaderCache' 'Lorg/gradle/api/internal/initialization/loadercache/ClassLoaderCache;' @20 
 - protected final 'listener' 'Lorg/gradle/initialization/ClassLoaderScopeRegistryListener;' @24 
 - private final 'localClassLoader' 'Ljava/lang/ClassLoader;' @28 
 - private final 'cachingLocalClassLoader' 'Lorg/gradle/internal/classloader/CachingClassLoader;' @32 
 - private final 'exportClassLoader' 'Ljava/lang/ClassLoader;' @36 
 - private final 'cachingExportClassLoader' 'Lorg/gradle/internal/classloader/CachingClassLoader;' @40 
 - non-static oop maps: 12-40 
RSI=0x000002288032f640 points into unknown readable memory: 0x00007ffbe2911208 | 08 12 91 e2 fb 7f 00 00
RDI=0x0000000000000001 is an unknown value
R8 =0x00000228e42e1ad8 is a pointer to class: 
org.gradle.api.internal.initialization.RootClassLoaderScope {0x00000228e42e1ae0}
 - instance size:     6
 - klass size:        101
 - access:            public synchronized 
 - state:             fully_initialized
 - name:              'org/gradle/api/internal/initialization/RootClassLoaderScope'
 - super:             'org/gradle/api/internal/initialization/AbstractClassLoaderScope'
 - sub:               
 - arrays:            NULL
 - methods:           Array<T>(0x00000228f9150450)
 - method ordering:   Array<T>(0x00000228e3927700)
 - default_methods:   Array<T>(0x0000000000000000)
 - local interfaces:  Array<T>(0x00000228e3601d18)
 - trans. interfaces: Array<T>(0x00000228f9150fe0)
 - constants:         constant pool [88] {0x00000228f91500d8} for 'org/gradle/api/internal/initialization/RootClassLoaderScope' cache=0x00000228f9151bf8
 - class loader data:  loader data: 0x00000228e22fff00 for instance a 'org/gradle/internal/classloader/VisitableURLClassLoader'{0x00000000e07721e8}
 - source file:       'RootClassLoaderScope.java'
 - class annotations:       Array<T>(0x0000000000000000)
 - class type annotations:  Array<T>(0x0000000000000000)
 - field annotations:       Array<T>(0x0000000000000000)
 - field type annotations:  Array<T>(0x0000000000000000)
 - inner classes:     Array<T>(0x00000228e3601ca8)
 - nest members:     Array<T>(0x00000228e3601ca8)
 - permitted subclasses:     Array<T>(0x00000228e3601ca8)
 - java mirror:       a 'java/lang/Class'{0x00000000e87a7a00} = 'org/gradle/api/internal/initialization/RootClassLoaderScope'
 - vtable length      22  (start addr: 0x00000228e42e1ca8)
 - itable length      20 (start addr: 0x00000228e42e1d58)
 - ---- static fields (0 words):
 - ---- non-static fields (8 words):
 - protected final 'id' 'Lorg/gradle/api/internal/initialization/ClassLoaderScopeIdentifier;' @12 
 - protected final 'origin' 'Lorg/gradle/initialization/ClassLoaderScopeOrigin;' @16 
 - protected final 'classLoaderCache' 'Lorg/gradle/api/internal/initialization/loadercache/ClassLoaderCache;' @20 
 - protected final 'listener' 'Lorg/gradle/initialization/ClassLoaderScopeRegistryListener;' @24 
 - private final 'localClassLoader' 'Ljava/lang/ClassLoader;' @28 
 - private final 'cachingLocalClassLoader' 'Lorg/gradle/internal/classloader/CachingClassLoader;' @32 
 - private final 'exportClassLoader' 'Ljava/lang/ClassLoader;' @36 
 - private final 'cachingExportClassLoader' 'Lorg/gradle/internal/classloader/CachingClassLoader;' @40 
 - non-static oop maps: 12-40 
R9 =0x00007ffbe2aceff8 jvm.dll
R10=0x00000000e99fe3c0 is an oop: org.gradle.api.internal.initialization.RootClassLoaderScope 
{0x00000000e99fe3c0} - klass: 'org/gradle/api/internal/initialization/RootClassLoaderScope'
 - ---- fields (total size 6 words):
 - protected final 'id' 'Lorg/gradle/api/internal/initialization/ClassLoaderScopeIdentifier;' @12  a 'org/gradle/api/internal/initialization/ClassLoaderScopeIdentifier'{0x00000000e9804c50} (e9804c50)
 - protected final 'origin' 'Lorg/gradle/initialization/ClassLoaderScopeOrigin;' @16  NULL (0)
 - protected final 'classLoaderCache' 'Lorg/gradle/api/internal/initialization/loadercache/ClassLoaderCache;' @20  a 'org/gradle/api/internal/initialization/loadercache/DefaultClassLoaderCache'{0x00000000e99d3498} (e99d3498)
 - protected final 'listener' 'Lorg/gradle/initialization/ClassLoaderScopeRegistryListener;' @24  a 'jdk/proxy1/$Proxy34'{0x00000000e99f0f30} (e99f0f30)
 - private final 'localClassLoader' 'Ljava/lang/ClassLoader;' @28  a 'org/gradle/internal/classloader/VisitableURLClassLoader'{0x00000000e07721e8} (e07721e8)
 - private final 'cachingLocalClassLoader' 'Lorg/gradle/internal/classloader/CachingClassLoader;' @32  a 'org/gradle/internal/classloader/CachingClassLoader'{0x00000000e98084e0} (e98084e0)
 - private final 'exportClassLoader' 'Ljava/lang/ClassLoader;' @36  a 'org/gradle/internal/classloader/FilteringClassLoader'{0x00000000ee1009b8} (ee1009b8)
 - private final 'cachingExportClassLoader' 'Lorg/gradle/internal/classloader/CachingClassLoader;' @40  a 'org/gradle/internal/classloader/CachingClassLoader'{0x00000000e9833e80} (e9833e80)
R11=0x00000228c7028b20 points into unknown readable memory: 0x0000000000000000 | 00 00 00 00 00 00 00 00
R12=0x0000000000000006 is an unknown value
R13=0x0000000000000001 is an unknown value
R14=0x00000000e8391f08 is an oop: org.gradle.api.internal.initialization.RootClassLoaderScope 
{0x00000000e8391f08} - klass: 'org/gradle/api/internal/initialization/RootClassLoaderScope'
 - ---- fields (total size 6 words):
 - protected final 'id' 'Lorg/gradle/api/internal/initialization/ClassLoaderScopeIdentifier;' @12  a 'org/gradle/api/internal/initialization/ClassLoaderScopeIdentifier'{0x00000000e9804c50} (e9804c50)
 - protected final 'origin' 'Lorg/gradle/initialization/ClassLoaderScopeOrigin;' @16  NULL (0)
 - protected final 'classLoaderCache' 'Lorg/gradle/api/internal/initialization/loadercache/ClassLoaderCache;' @20  a 'org/gradle/api/internal/initialization/loadercache/DefaultClassLoaderCache'{0x00000000e99d3498} (e99d3498)
 - protected final 'listener' 'Lorg/gradle/initialization/ClassLoaderScopeRegistryListener;' @24  a 'jdk/proxy1/$Proxy34'{0x00000000e99f0f30} (e99f0f30)
 - private final 'localClassLoader' 'Ljava/lang/ClassLoader;' @28  a 'org/gradle/internal/classloader/VisitableURLClassLoader'{0x00000000e07721e8} (e07721e8)
 - private final 'cachingLocalClassLoader' 'Lorg/gradle/internal/classloader/CachingClassLoader;' @32  a 'org/gradle/internal/classloader/CachingClassLoader'{0x00000000e98084e0} (e98084e0)
 - private final 'exportClassLoader' 'Ljava/lang/ClassLoader;' @36  a 'org/gradle/internal/classloader/FilteringClassLoader'{0x00000000ee1009b8} (ee1009b8)
 - private final 'cachingExportClassLoader' 'Lorg/gradle/internal/classloader/CachingClassLoader;' @40  a 'org/gradle/internal/classloader/CachingClassLoader'{0x00000000e9833e80} (e9833e80)
R15=0x00000000e99fe3c0 is an oop: org.gradle.api.internal.initialization.RootClassLoaderScope 
{0x00000000e99fe3c0} - klass: 'org/gradle/api/internal/initialization/RootClassLoaderScope'
 - ---- fields (total size 6 words):
 - protected final 'id' 'Lorg/gradle/api/internal/initialization/ClassLoaderScopeIdentifier;' @12  a 'org/gradle/api/internal/initialization/ClassLoaderScopeIdentifier'{0x00000000e9804c50} (e9804c50)
 - protected final 'origin' 'Lorg/gradle/initialization/ClassLoaderScopeOrigin;' @16  NULL (0)
 - protected final 'classLoaderCache' 'Lorg/gradle/api/internal/initialization/loadercache/ClassLoaderCache;' @20  a 'org/gradle/api/internal/initialization/loadercache/DefaultClassLoaderCache'{0x00000000e99d3498} (e99d3498)
 - protected final 'listener' 'Lorg/gradle/initialization/ClassLoaderScopeRegistryListener;' @24  a 'jdk/proxy1/$Proxy34'{0x00000000e99f0f30} (e99f0f30)
 - private final 'localClassLoader' 'Ljava/lang/ClassLoader;' @28  a 'org/gradle/internal/classloader/VisitableURLClassLoader'{0x00000000e07721e8} (e07721e8)
 - private final 'cachingLocalClassLoader' 'Lorg/gradle/internal/classloader/CachingClassLoader;' @32  a 'org/gradle/internal/classloader/CachingClassLoader'{0x00000000e98084e0} (e98084e0)
 - private final 'exportClassLoader' 'Ljava/lang/ClassLoader;' @36  a 'org/gradle/internal/classloader/FilteringClassLoader'{0x00000000ee1009b8} (ee1009b8)
 - private final 'cachingExportClassLoader' 'Lorg/gradle/internal/classloader/CachingClassLoader;' @40  a 'org/gradle/internal/classloader/CachingClassLoader'{0x00000000e9833e80} (e9833e80)


Registers:
RAX=0x000000000000004d, RBX=0x0000000000000000, RCX=0x000002288032f7c0, RDX=0x00000000e8391f08
RSP=0x0000009dd4dff5f0, RBP=0x00000228e42e1ad8, RSI=0x000002288032f640, RDI=0x0000000000000001
R8 =0x00000228e42e1ad8, R9 =0x00007ffbe2aceff8, R10=0x00000000e99fe3c0, R11=0x00000228c7028b20
R12=0x0000000000000006, R13=0x0000000000000001, R14=0x00000000e8391f08, R15=0x00000000e99fe3c0
RIP=0x00007ffbe22bc753, EFLAGS=0x0000000000010246

Top of Stack: (sp=0x0000009dd4dff5f0)
0x0000009dd4dff5f0:   0000000000000000 0000000000000001
0x0000009dd4dff600:   00000228e31b2ab8 0000009dd4dff7a0
0x0000009dd4dff610:   0000000000000003 000002288032f640
0x0000009dd4dff620:   0000000000000001 00000228c70ca760
0x0000009dd4dff630:   00000000e8391e95 00007ffbe22bd346
0x0000009dd4dff640:   0000022880320000 0000000000000002
0x0000009dd4dff650:   000002288032f640 0000009dd4dff7a0
0x0000009dd4dff660:   0000000000000003 0000009dd3efe900
0x0000009dd4dff670:   00000000e8c91430 00000228c701f480
0x0000009dd4dff680:   000002288032f640 00007ffbe22bce28
0x0000009dd4dff690:   0000007300000000 0000022880320001
0x0000009dd4dff6a0:   0000000000000008 0000000000000001
0x0000009dd4dff6b0:   0000009dd4dff720 00007ffbe2290a04
0x0000009dd4dff6c0:   00000000e8c91431 00007ffbe290eb98
0x0000009dd4dff6d0:   0000009dd3efe900 0000000000000000
0x0000009dd4dff6e0:   000000000000000a 00007ffbe22b1cc7 

Instructions: (pc=0x00007ffbe22bc753)
0x00007ffbe22bc653:   c8 81 e1 ff ff 01 00 81 f9 fe ff 01 00 73 1b 48
0x00007ffbe22bc663:   8b 87 80 01 00 00 48 89 1c d0 8d 42 01 25 ff ff
0x00007ffbe22bc673:   01 00 89 87 80 00 00 00 eb 35 48 8b 8f a0 02 00
0x00007ffbe22bc683:   00 48 3b 8f 88 02 00 00 75 0f 48 8d 8f 80 02 00
0x00007ffbe22bc693:   00 e8 87 63 f4 ff 49 8b cd 48 8b 87 b8 02 00 00
0x00007ffbe22bc6a3:   48 89 1c c8 48 8d 41 01 48 89 87 a0 02 00 00 48
0x00007ffbe22bc6b3:   83 ed 01 75 88 0f b6 9c 24 a9 00 00 00 84 db 48
0x00007ffbe22bc6c3:   8d 96 80 01 00 00 45 8b cc 49 8b ce 41 0f 94 c5
0x00007ffbe22bc6d3:   45 33 c0 44 89 ae a0 01 00 00 e8 2e ea ff ff eb
0x00007ffbe22bc6e3:   73 48 3b 2d c5 94 89 00 75 41 44 38 ac 24 a0 00
0x00007ffbe22bc6f3:   00 00 75 37 0f b7 84 24 a8 00 00 00 66 c1 e8 08
0x00007ffbe22bc703:   84 c0 75 0b 3b 3d ab 94 89 00 0f 94 c0 eb 09 3b
0x00007ffbe22bc713:   3d a4 94 89 00 0f 92 c0 84 c0 74 0f 48 8d 8e f8
0x00007ffbe22bc723:   01 00 00 49 8b d7 e8 42 6e 45 00 84 db 4c 8d 0d
0x00007ffbe22bc733:   c1 28 81 00 48 8d 8e 80 01 00 00 4c 8b c5 41 0f
0x00007ffbe22bc743:   94 c5 49 8b d6 44 89 ae a0 01 00 00 48 63 45 0c
0x00007ffbe22bc753:   41 ff 14 c1 49 8b c6 48 83 c4 58 41 5f 41 5e 41
0x00007ffbe22bc763:   5d 41 5c 5f 5e 5d 5b c3 cc cc cc cc cc 48 89 5c
0x00007ffbe22bc773:   24 18 55 41 56 41 57 48 83 ec 20 4c 8b 32 48 8b
0x00007ffbe22bc783:   da 80 3d 65 e8 87 00 00 48 8b e9 74 0f 41 0f b6
0x00007ffbe22bc793:   c6 24 07 3c 05 75 05 45 33 f6 eb 04 49 83 e6 fc
0x00007ffbe22bc7a3:   80 3d 2b e7 87 00 00 b8 0c 00 00 00 44 8b 81 ec
0x00007ffbe22bc7b3:   01 00 00 ba 10 00 00 00 0f 45 d0 41 8b c8 8b 04
0x00007ffbe22bc7c3:   1a f0 42 0f c1 0c 32 44 8b 95 f4 01 00 00 2b c1
0x00007ffbe22bc7d3:   99 44 8b f9 41 f7 f8 44 8b c8 8b c1 99 41 8d 4a
0x00007ffbe22bc7e3:   ff 41 f7 f8 8b 95 f0 01 00 00 0f af c1 41 8b c9
0x00007ffbe22bc7f3:   ff c0 41 3b c1 0f 42 c8 8d 42 01 3b ca 0f 42 d1
0x00007ffbe22bc803:   44 3b c8 41 0f 42 c1 2b c2 44 3b d0 41 0f 42 c2
0x00007ffbe22bc813:   85 c0 0f 84 96 00 00 00 48 89 74 24 40 48 83 c3
0x00007ffbe22bc823:   02 48 89 7c 24 48 8b f0 0f 1f 44 00 00 48 8b 7d
0x00007ffbe22bc833:   10 8b 97 80 00 00 00 8b 87 00 01 00 00 8b ca 2b
0x00007ffbe22bc843:   c8 81 e1 ff ff 01 00 81 f9 fe ff 01 00 73 1b 48 


Stack slot to memory mapping:
stack at sp + 0 slots: 0x0 is NULL
stack at sp + 1 slots: 0x0000000000000001 is an unknown value
stack at sp + 2 slots: 0x00000228e31b2ab8 is a pointer to class: 
java.util.ArrayList$Itr {0x00000228e31b2ac0}
 - instance size:     4
 - klass size:        76
 - access:            synchronized 
 - state:             fully_initialized
 - name:              'java/util/ArrayList$Itr'
 - super:             'java/lang/Object'
 - sub:               
 - arrays:            NULL
 - methods:           Array<T>(0x00000228e37de3b0)
 - method ordering:   Array<T>(0x00000228e37de4c0)
 - default_methods:   Array<T>(0x0000000000000000)
 - local interfaces:  Array<T>(0x00000228e37ddbd0)
 - trans. interfaces: Array<T>(0x00000228e37ddbd0)
 - constants:         constant pool [103] {0x00000228e37ddde0} for 'java/util/ArrayList$Itr' cache=0x00000228e31b3100
 - class loader data:  loader data: 0x00000228e1ef9840 of 'bootstrap'
 - source file:       'ArrayList.java'
 - class annotations:       Array<T>(0x0000000000000000)
 - class type annotations:  Array<T>(0x0000000000000000)
 - field annotations:       Array<T>(0x0000000000000000)
 - field type annotations:  Array<T>(0x0000000000000000)
 - generic signature: 'Ljava/lang/Object;Ljava/util/Iterator<TE;>;'
 - inner classes:     Array<T>(0x00000228e37de398)
 - nest members:     Array<T>(0x00000228e3601ca8)
 - permitted subclasses:     Array<T>(0x00000228e3601ca8)
 - java mirror:       a 'java/lang/Class'{0x00000000e06577c8} = 'java/util/ArrayList$Itr'
 - vtable length      9  (start addr: 0x00000228e31b2c88)
 - itable length      8 (start addr: 0x00000228e31b2cd0)
 - ---- static fields (0 words):
 - ---- non-static fields (4 words):
 - 'cursor' 'I' @12 
 - 'lastRet' 'I' @16 
 - 'expectedModCount' 'I' @20 
 - final synthetic 'this$0' 'Ljava/util/ArrayList;' @24 
 - non-static oop maps: 24-24 
stack at sp + 3 slots: 0x0000009dd4dff7a0 points into unknown readable memory: 0x00007ffbe290aa30 | 30 aa 90 e2 fb 7f 00 00
stack at sp + 4 slots: 0x0000000000000003 is an unknown value
stack at sp + 5 slots: 0x000002288032f640 points into unknown readable memory: 0x00007ffbe2911208 | 08 12 91 e2 fb 7f 00 00
stack at sp + 6 slots: 0x0000000000000001 is an unknown value
stack at sp + 7 slots: 0x00000228c70ca760 points into unknown readable memory: 0x00000000e9900000 | 00 00 90 e9 00 00 00 00


---------------  P R O C E S S  ---------------

Threads class SMR info:
_java_thread_list=0x00000228e21d04c0, length=29, elements={
0x00000228c700e070, 0x00000228e202e8b0, 0x00000228e2030660, 0x00000228e20498a0,
0x00000228e204c690, 0x00000228e204cf70, 0x00000228e204d850, 0x00000228e204e510,
0x00000228e204eee0, 0x00000228e2051810, 0x00000228e21e49a0, 0x00000228e22e7c90,
0x00000228fe3b3020, 0x00000228e2388620, 0x00000228fcdaba00, 0x00000228fceae580,
0x00000228fe3bc550, 0x00000228fcbba260, 0x00000228fd06aac0, 0x00000228fd06afd0,
0x00000228fd06b4e0, 0x00000228fd06b9f0, 0x00000228fd068c60, 0x00000228fd06a5b0,
0x00000228fd069170, 0x00000228fdbb2800, 0x00000228fd068240, 0x00000228fd069680,
0x00000228fd068750
}

Java Threads: ( => current thread )
  0x00000228c700e070 JavaThread "main" [_thread_blocked, id=9036, stack(0x0000009dd3800000,0x0000009dd3900000)]
  0x00000228e202e8b0 JavaThread "Reference Handler" daemon [_thread_blocked, id=10376, stack(0x0000009dd3f00000,0x0000009dd4000000)]
  0x00000228e2030660 JavaThread "Finalizer" daemon [_thread_blocked, id=3816, stack(0x0000009dd4000000,0x0000009dd4100000)]
  0x00000228e20498a0 JavaThread "Signal Dispatcher" daemon [_thread_blocked, id=11192, stack(0x0000009dd4100000,0x0000009dd4200000)]
  0x00000228e204c690 JavaThread "Attach Listener" daemon [_thread_blocked, id=5216, stack(0x0000009dd4200000,0x0000009dd4300000)]
  0x00000228e204cf70 JavaThread "Service Thread" daemon [_thread_blocked, id=2212, stack(0x0000009dd4300000,0x0000009dd4400000)]
  0x00000228e204d850 JavaThread "Monitor Deflation Thread" daemon [_thread_blocked, id=10600, stack(0x0000009dd4400000,0x0000009dd4500000)]
  0x00000228e204e510 JavaThread "C2 CompilerThread0" daemon [_thread_in_native, id=10356, stack(0x0000009dd4500000,0x0000009dd4600000)]
  0x00000228e204eee0 JavaThread "C1 CompilerThread0" daemon [_thread_blocked, id=10272, stack(0x0000009dd4600000,0x0000009dd4700000)]
  0x00000228e2051810 JavaThread "Sweeper thread" daemon [_thread_blocked, id=6784, stack(0x0000009dd4700000,0x0000009dd4800000)]
  0x00000228e21e49a0 JavaThread "Common-Cleaner" daemon [_thread_blocked, id=11096, stack(0x0000009dd4800000,0x0000009dd4900000)]
  0x00000228e22e7c90 JavaThread "Notification Thread" daemon [_thread_blocked, id=8324, stack(0x0000009dd4900000,0x0000009dd4a00000)]
  0x00000228fe3b3020 JavaThread "Daemon health stats" [_thread_blocked, id=11524, stack(0x0000009dd5200000,0x0000009dd5300000)]
  0x00000228e2388620 JavaThread "Incoming local TCP Connector on port 51706" [_thread_in_native, id=12188, stack(0x0000009dd4b00000,0x0000009dd4c00000)]
  0x00000228fcdaba00 JavaThread "Daemon periodic checks" [_thread_blocked, id=12212, stack(0x0000009dd4c00000,0x0000009dd4d00000)]
  0x00000228fceae580 JavaThread "Daemon" [_thread_blocked, id=12220, stack(0x0000009dd5300000,0x0000009dd5400000)]
  0x00000228fe3bc550 JavaThread "Handler for socket connection from /127.0.0.1:51706 to /127.0.0.1:51707" [_thread_in_native, id=12224, stack(0x0000009dd5400000,0x0000009dd5500000)]
  0x00000228fcbba260 JavaThread "Cancel handler" [_thread_blocked, id=12240, stack(0x0000009dd5500000,0x0000009dd5600000)]
  0x00000228fd06aac0 JavaThread "Daemon worker" [_thread_blocked, id=12244, stack(0x0000009dd5600000,0x0000009dd5700000)]
  0x00000228fd06afd0 JavaThread "Asynchronous log dispatcher for DefaultDaemonConnection: socket connection from /127.0.0.1:51706 to /127.0.0.1:51707" [_thread_blocked, id=10792, stack(0x0000009dd5700000,0x0000009dd5800000)]
  0x00000228fd06b4e0 JavaThread "Stdin handler" [_thread_blocked, id=10976, stack(0x0000009dd5800000,0x0000009dd5900000)]
  0x00000228fd06b9f0 JavaThread "Daemon client event forwarder" [_thread_blocked, id=4640, stack(0x0000009dd5900000,0x0000009dd5a00000)]
  0x00000228fd068c60 JavaThread "Cache worker for journal cache (C:\Users\Administrator\.gradle\caches\journal-1)" [_thread_blocked, id=7928, stack(0x0000009dd5a00000,0x0000009dd5b00000)]
  0x00000228fd06a5b0 JavaThread "File lock request listener" [_thread_in_native, id=10676, stack(0x0000009dd5b00000,0x0000009dd5c00000)]
  0x00000228fd069170 JavaThread "File lock release action executor" [_thread_blocked, id=12880, stack(0x0000009dd5c00000,0x0000009dd5d00000)]
  0x00000228fdbb2800 JavaThread "C2 CompilerThread1" daemon [_thread_blocked, id=12904, stack(0x0000009dd5d00000,0x0000009dd5e00000)]
  0x00000228fd068240 JavaThread "Cache worker for file hash cache (C:\Users\Administrator\.gradle\caches\8.5\fileHashes)" [_thread_blocked, id=12956, stack(0x0000009dd5e00000,0x0000009dd5f00000)]
  0x00000228fd069680 JavaThread "File watcher server" daemon [_thread_in_native, id=12412, stack(0x0000009dd5f00000,0x0000009dd6000000)]
  0x00000228fd068750 JavaThread "File watcher consumer" daemon [_thread_blocked, id=12344, stack(0x0000009dd6000000,0x0000009dd6100000)]

Other Threads:
  0x00000228e2029920 VMThread "VM Thread" [stack: 0x0000009dd3e00000,0x0000009dd3f00000] [id=2588]
  0x00000228c700ef50 WatcherThread [stack: 0x0000009dd4a00000,0x0000009dd4b00000] [id=8752]
  0x00000228c703edb0 GCTaskThread "GC Thread#0" [stack: 0x0000009dd3900000,0x0000009dd3a00000] [id=10508]
=>0x00000228fc327e70 GCTaskThread "GC Thread#1" [stack: 0x0000009dd4d00000,0x0000009dd4e00000] [id=724]
  0x00000228fc329220 GCTaskThread "GC Thread#2" [stack: 0x0000009dd4e00000,0x0000009dd4f00000] [id=1208]
  0x00000228fc328c80 GCTaskThread "GC Thread#3" [stack: 0x0000009dd4f00000,0x0000009dd5000000] [id=11132]
  0x00000228fc3294f0 GCTaskThread "GC Thread#4" [stack: 0x0000009dd5000000,0x0000009dd5100000] [id=8968]
  0x00000228fc329a90 GCTaskThread "GC Thread#5" [stack: 0x0000009dd5100000,0x0000009dd5200000] [id=2880]
  0x00000228fc3289b0 GCTaskThread "GC Thread#6" [stack: 0x0000009dd6100000,0x0000009dd6200000] [id=12320]
  0x00000228fc474350 GCTaskThread "GC Thread#7" [stack: 0x0000009dd6200000,0x0000009dd6300000] [id=12356]
  0x00000228fc475ca0 GCTaskThread "GC Thread#8" [stack: 0x0000009dd6300000,0x0000009dd6400000] [id=12376]
  0x00000228fc474bc0 GCTaskThread "GC Thread#9" [stack: 0x0000009dd6400000,0x0000009dd6500000] [id=12560]
  0x00000228c7043c20 ConcurrentGCThread "G1 Main Marker" [stack: 0x0000009dd3a00000,0x0000009dd3b00000] [id=9440]
  0x00000228c7045560 ConcurrentGCThread "G1 Conc#0" [stack: 0x0000009dd3b00000,0x0000009dd3c00000] [id=10548]
  0x00000228c70ccfd0 ConcurrentGCThread "G1 Refine#0" [stack: 0x0000009dd3c00000,0x0000009dd3d00000] [id=6160]
  0x00000228c70cd920 ConcurrentGCThread "G1 Service" [stack: 0x0000009dd3d00000,0x0000009dd3e00000] [id=10300]

Threads with active compile tasks:
C2 CompilerThread0     7766 2601   !   4       java.net.URL::<init> (543 bytes)

VM state: at safepoint (normal execution)

VM Mutex/Monitor currently owned by a thread:  ([mutex/lock_event])
[0x00000228c700a3a0] Threads_lock - owner thread: 0x00000228e2029920
[0x00000228c7009980] Heap_lock - owner thread: 0x00000228fd06aac0

Heap address: 0x00000000e0000000, size: 512 MB, Compressed Oops mode: 32-bit

CDS archive(s) mapped at: [0x00000228e3000000-0x00000228e3c00000-0x00000228e3c00000), size 12582912, SharedBaseAddress: 0x00000228e3000000, ArchiveRelocationMode: 1.
Compressed class space mapped at: 0x00000228e4000000-0x00000228f8000000, reserved size: 335544320
Narrow klass base: 0x00000228e3000000, Narrow klass shift: 0, Narrow klass range: 0x100000000

GC Precious Log:
 CPUs: 12 total, 12 available
 Memory: 16301M
 Large Page Support: Disabled
 NUMA Support: Disabled
 Compressed Oops: Enabled (32-bit)
 Heap Region Size: 1M
 Heap Min Capacity: 256M
 Heap Initial Capacity: 256M
 Heap Max Capacity: 512M
 Pre-touch: Disabled
 Parallel Workers: 10
 Concurrent Workers: 3
 Concurrent Refinement Workers: 10
 Periodic GC: Disabled

Heap:
 garbage-first heap   total 262144K, used 128175K [0x00000000e0000000, 0x0000000100000000)
  region size 1024K, 125 young (128000K), 12 survivors (12288K)
 Metaspace       used 21204K, committed 21504K, reserved 393216K
  class space    used 3106K, committed 3264K, reserved 327680K

Heap Regions: E=young(eden), S=young(survivor), O=old, HS=humongous(starts), HC=humongous(continues), CS=collection set, F=free, OA=open archive, CA=closed archive, TAMS=top-at-mark-start (previous, next)
|   0|0x00000000e0000000, 0x00000000e0100000, 0x00000000e0100000|100%|HS|  |TAMS 0x00000000e0000000, 0x00000000e0100000| Complete 
|   1|0x00000000e0100000, 0x00000000e0200000, 0x00000000e0200000|100%|HC|  |TAMS 0x00000000e0100000, 0x00000000e0200000| Complete 
|   2|0x00000000e0200000, 0x00000000e0300000, 0x00000000e0300000|100%|HC|  |TAMS 0x00000000e0200000, 0x00000000e0300000| Complete 
|   3|0x00000000e0300000, 0x00000000e0400000, 0x00000000e0400000|100%|HC|  |TAMS 0x00000000e0300000, 0x00000000e0400000| Complete 
|   4|0x00000000e0400000, 0x00000000e0500000, 0x00000000e0500000|100%| O|  |TAMS 0x00000000e0400000, 0x00000000e0500000| Untracked 
|   5|0x00000000e0500000, 0x00000000e0600000, 0x00000000e0600000|100%| O|  |TAMS 0x00000000e0500000, 0x00000000e0600000| Untracked 
|   6|0x00000000e0600000, 0x00000000e0700000, 0x00000000e0700000|100%| O|  |TAMS 0x00000000e0600000, 0x00000000e0700000| Untracked 
|   7|0x00000000e0700000, 0x00000000e0800000, 0x00000000e0800000|100%| O|  |TAMS 0x00000000e0700000, 0x00000000e0800000| Untracked 
|   8|0x00000000e0800000, 0x00000000e0900000, 0x00000000e0900000|100%| O|  |TAMS 0x00000000e0800000, 0x00000000e0900000| Untracked 
|   9|0x00000000e0900000, 0x00000000e0a00000, 0x00000000e0a00000|100%| O|  |TAMS 0x00000000e0900000, 0x00000000e0a00000| Untracked 
|  10|0x00000000e0a00000, 0x00000000e0a6b000, 0x00000000e0b00000| 41%| O|  |TAMS 0x00000000e0a00000, 0x00000000e0a6b000| Untracked 
|  11|0x00000000e0b00000, 0x00000000e0c00000, 0x00000000e0c00000|100%|HS|  |TAMS 0x00000000e0b00000, 0x00000000e0c00000| Complete 
|  12|0x00000000e0c00000, 0x00000000e0c00000, 0x00000000e0d00000|  0%| F|  |TAMS 0x00000000e0c00000, 0x00000000e0c00000| Untracked 
|  13|0x00000000e0d00000, 0x00000000e0d00000, 0x00000000e0e00000|  0%| F|  |TAMS 0x00000000e0d00000, 0x00000000e0d00000| Untracked 
|  14|0x00000000e0e00000, 0x00000000e0e00000, 0x00000000e0f00000|  0%| F|  |TAMS 0x00000000e0e00000, 0x00000000e0e00000| Untracked 
|  15|0x00000000e0f00000, 0x00000000e0f00000, 0x00000000e1000000|  0%| F|  |TAMS 0x00000000e0f00000, 0x00000000e0f00000| Untracked 
|  16|0x00000000e1000000, 0x00000000e1000000, 0x00000000e1100000|  0%| F|  |TAMS 0x00000000e1000000, 0x00000000e1000000| Untracked 
|  17|0x00000000e1100000, 0x00000000e1100000, 0x00000000e1200000|  0%| F|  |TAMS 0x00000000e1100000, 0x00000000e1100000| Untracked 
|  18|0x00000000e1200000, 0x00000000e1200000, 0x00000000e1300000|  0%| F|  |TAMS 0x00000000e1200000, 0x00000000e1200000| Untracked 
|  19|0x00000000e1300000, 0x00000000e1300000, 0x00000000e1400000|  0%| F|  |TAMS 0x00000000e1300000, 0x00000000e1300000| Untracked 
|  20|0x00000000e1400000, 0x00000000e1400000, 0x00000000e1500000|  0%| F|  |TAMS 0x00000000e1400000, 0x00000000e1400000| Untracked 
|  21|0x00000000e1500000, 0x00000000e1500000, 0x00000000e1600000|  0%| F|  |TAMS 0x00000000e1500000, 0x00000000e1500000| Untracked 
|  22|0x00000000e1600000, 0x00000000e1600000, 0x00000000e1700000|  0%| F|  |TAMS 0x00000000e1600000, 0x00000000e1600000| Untracked 
|  23|0x00000000e1700000, 0x00000000e1700000, 0x00000000e1800000|  0%| F|  |TAMS 0x00000000e1700000, 0x00000000e1700000| Untracked 
|  24|0x00000000e1800000, 0x00000000e1800000, 0x00000000e1900000|  0%| F|  |TAMS 0x00000000e1800000, 0x00000000e1800000| Untracked 
|  25|0x00000000e1900000, 0x00000000e1900000, 0x00000000e1a00000|  0%| F|  |TAMS 0x00000000e1900000, 0x00000000e1900000| Untracked 
|  26|0x00000000e1a00000, 0x00000000e1a00000, 0x00000000e1b00000|  0%| F|  |TAMS 0x00000000e1a00000, 0x00000000e1a00000| Untracked 
|  27|0x00000000e1b00000, 0x00000000e1b00000, 0x00000000e1c00000|  0%| F|  |TAMS 0x00000000e1b00000, 0x00000000e1b00000| Untracked 
|  28|0x00000000e1c00000, 0x00000000e1c00000, 0x00000000e1d00000|  0%| F|  |TAMS 0x00000000e1c00000, 0x00000000e1c00000| Untracked 
|  29|0x00000000e1d00000, 0x00000000e1d00000, 0x00000000e1e00000|  0%| F|  |TAMS 0x00000000e1d00000, 0x00000000e1d00000| Untracked 
|  30|0x00000000e1e00000, 0x00000000e1e00000, 0x00000000e1f00000|  0%| F|  |TAMS 0x00000000e1e00000, 0x00000000e1e00000| Untracked 
|  31|0x00000000e1f00000, 0x00000000e1f00000, 0x00000000e2000000|  0%| F|  |TAMS 0x00000000e1f00000, 0x00000000e1f00000| Untracked 
|  32|0x00000000e2000000, 0x00000000e2000000, 0x00000000e2100000|  0%| F|  |TAMS 0x00000000e2000000, 0x00000000e2000000| Untracked 
|  33|0x00000000e2100000, 0x00000000e2100000, 0x00000000e2200000|  0%| F|  |TAMS 0x00000000e2100000, 0x00000000e2100000| Untracked 
|  34|0x00000000e2200000, 0x00000000e2200000, 0x00000000e2300000|  0%| F|  |TAMS 0x00000000e2200000, 0x00000000e2200000| Untracked 
|  35|0x00000000e2300000, 0x00000000e2300000, 0x00000000e2400000|  0%| F|  |TAMS 0x00000000e2300000, 0x00000000e2300000| Untracked 
|  36|0x00000000e2400000, 0x00000000e2400000, 0x00000000e2500000|  0%| F|  |TAMS 0x00000000e2400000, 0x00000000e2400000| Untracked 
|  37|0x00000000e2500000, 0x00000000e2500000, 0x00000000e2600000|  0%| F|  |TAMS 0x00000000e2500000, 0x00000000e2500000| Untracked 
|  38|0x00000000e2600000, 0x00000000e2600000, 0x00000000e2700000|  0%| F|  |TAMS 0x00000000e2600000, 0x00000000e2600000| Untracked 
|  39|0x00000000e2700000, 0x00000000e2700000, 0x00000000e2800000|  0%| F|  |TAMS 0x00000000e2700000, 0x00000000e2700000| Untracked 
|  40|0x00000000e2800000, 0x00000000e2800000, 0x00000000e2900000|  0%| F|  |TAMS 0x00000000e2800000, 0x00000000e2800000| Untracked 
|  41|0x00000000e2900000, 0x00000000e2900000, 0x00000000e2a00000|  0%| F|  |TAMS 0x00000000e2900000, 0x00000000e2900000| Untracked 
|  42|0x00000000e2a00000, 0x00000000e2a00000, 0x00000000e2b00000|  0%| F|  |TAMS 0x00000000e2a00000, 0x00000000e2a00000| Untracked 
|  43|0x00000000e2b00000, 0x00000000e2b00000, 0x00000000e2c00000|  0%| F|  |TAMS 0x00000000e2b00000, 0x00000000e2b00000| Untracked 
|  44|0x00000000e2c00000, 0x00000000e2c00000, 0x00000000e2d00000|  0%| F|  |TAMS 0x00000000e2c00000, 0x00000000e2c00000| Untracked 
|  45|0x00000000e2d00000, 0x00000000e2d00000, 0x00000000e2e00000|  0%| F|  |TAMS 0x00000000e2d00000, 0x00000000e2d00000| Untracked 
|  46|0x00000000e2e00000, 0x00000000e2e00000, 0x00000000e2f00000|  0%| F|  |TAMS 0x00000000e2e00000, 0x00000000e2e00000| Untracked 
|  47|0x00000000e2f00000, 0x00000000e2f00000, 0x00000000e3000000|  0%| F|  |TAMS 0x00000000e2f00000, 0x00000000e2f00000| Untracked 
|  48|0x00000000e3000000, 0x00000000e3000000, 0x00000000e3100000|  0%| F|  |TAMS 0x00000000e3000000, 0x00000000e3000000| Untracked 
|  49|0x00000000e3100000, 0x00000000e3100000, 0x00000000e3200000|  0%| F|  |TAMS 0x00000000e3100000, 0x00000000e3100000| Untracked 
|  50|0x00000000e3200000, 0x00000000e3200000, 0x00000000e3300000|  0%| F|  |TAMS 0x00000000e3200000, 0x00000000e3200000| Untracked 
|  51|0x00000000e3300000, 0x00000000e3300000, 0x00000000e3400000|  0%| F|  |TAMS 0x00000000e3300000, 0x00000000e3300000| Untracked 
|  52|0x00000000e3400000, 0x00000000e3400000, 0x00000000e3500000|  0%| F|  |TAMS 0x00000000e3400000, 0x00000000e3400000| Untracked 
|  53|0x00000000e3500000, 0x00000000e3500000, 0x00000000e3600000|  0%| F|  |TAMS 0x00000000e3500000, 0x00000000e3500000| Untracked 
|  54|0x00000000e3600000, 0x00000000e3600000, 0x00000000e3700000|  0%| F|  |TAMS 0x00000000e3600000, 0x00000000e3600000| Untracked 
|  55|0x00000000e3700000, 0x00000000e3700000, 0x00000000e3800000|  0%| F|  |TAMS 0x00000000e3700000, 0x00000000e3700000| Untracked 
|  56|0x00000000e3800000, 0x00000000e3800000, 0x00000000e3900000|  0%| F|  |TAMS 0x00000000e3800000, 0x00000000e3800000| Untracked 
|  57|0x00000000e3900000, 0x00000000e3900000, 0x00000000e3a00000|  0%| F|  |TAMS 0x00000000e3900000, 0x00000000e3900000| Untracked 
|  58|0x00000000e3a00000, 0x00000000e3a00000, 0x00000000e3b00000|  0%| F|  |TAMS 0x00000000e3a00000, 0x00000000e3a00000| Untracked 
|  59|0x00000000e3b00000, 0x00000000e3b00000, 0x00000000e3c00000|  0%| F|  |TAMS 0x00000000e3b00000, 0x00000000e3b00000| Untracked 
|  60|0x00000000e3c00000, 0x00000000e3c00000, 0x00000000e3d00000|  0%| F|  |TAMS 0x00000000e3c00000, 0x00000000e3c00000| Untracked 
|  61|0x00000000e3d00000, 0x00000000e3d00000, 0x00000000e3e00000|  0%| F|  |TAMS 0x00000000e3d00000, 0x00000000e3d00000| Untracked 
|  62|0x00000000e3e00000, 0x00000000e3e00000, 0x00000000e3f00000|  0%| F|  |TAMS 0x00000000e3e00000, 0x00000000e3e00000| Untracked 
|  63|0x00000000e3f00000, 0x00000000e3f00000, 0x00000000e4000000|  0%| F|  |TAMS 0x00000000e3f00000, 0x00000000e3f00000| Untracked 
|  64|0x00000000e4000000, 0x00000000e4000000, 0x00000000e4100000|  0%| F|  |TAMS 0x00000000e4000000, 0x00000000e4000000| Untracked 
|  65|0x00000000e4100000, 0x00000000e4100000, 0x00000000e4200000|  0%| F|  |TAMS 0x00000000e4100000, 0x00000000e4100000| Untracked 
|  66|0x00000000e4200000, 0x00000000e4200000, 0x00000000e4300000|  0%| F|  |TAMS 0x00000000e4200000, 0x00000000e4200000| Untracked 
|  67|0x00000000e4300000, 0x00000000e4300000, 0x00000000e4400000|  0%| F|  |TAMS 0x00000000e4300000, 0x00000000e4300000| Untracked 
|  68|0x00000000e4400000, 0x00000000e4400000, 0x00000000e4500000|  0%| F|  |TAMS 0x00000000e4400000, 0x00000000e4400000| Untracked 
|  69|0x00000000e4500000, 0x00000000e4500000, 0x00000000e4600000|  0%| F|  |TAMS 0x00000000e4500000, 0x00000000e4500000| Untracked 
|  70|0x00000000e4600000, 0x00000000e4600000, 0x00000000e4700000|  0%| F|  |TAMS 0x00000000e4600000, 0x00000000e4600000| Untracked 
|  71|0x00000000e4700000, 0x00000000e4700000, 0x00000000e4800000|  0%| F|  |TAMS 0x00000000e4700000, 0x00000000e4700000| Untracked 
|  72|0x00000000e4800000, 0x00000000e4800000, 0x00000000e4900000|  0%| F|  |TAMS 0x00000000e4800000, 0x00000000e4800000| Untracked 
|  73|0x00000000e4900000, 0x00000000e4900000, 0x00000000e4a00000|  0%| F|  |TAMS 0x00000000e4900000, 0x00000000e4900000| Untracked 
|  74|0x00000000e4a00000, 0x00000000e4a00000, 0x00000000e4b00000|  0%| F|  |TAMS 0x00000000e4a00000, 0x00000000e4a00000| Untracked 
|  75|0x00000000e4b00000, 0x00000000e4b00000, 0x00000000e4c00000|  0%| F|  |TAMS 0x00000000e4b00000, 0x00000000e4b00000| Untracked 
|  76|0x00000000e4c00000, 0x00000000e4c00000, 0x00000000e4d00000|  0%| F|  |TAMS 0x00000000e4c00000, 0x00000000e4c00000| Untracked 
|  77|0x00000000e4d00000, 0x00000000e4d00000, 0x00000000e4e00000|  0%| F|  |TAMS 0x00000000e4d00000, 0x00000000e4d00000| Untracked 
|  78|0x00000000e4e00000, 0x00000000e4e00000, 0x00000000e4f00000|  0%| F|  |TAMS 0x00000000e4e00000, 0x00000000e4e00000| Untracked 
|  79|0x00000000e4f00000, 0x00000000e4f00000, 0x00000000e5000000|  0%| F|  |TAMS 0x00000000e4f00000, 0x00000000e4f00000| Untracked 
|  80|0x00000000e5000000, 0x00000000e5000000, 0x00000000e5100000|  0%| F|  |TAMS 0x00000000e5000000, 0x00000000e5000000| Untracked 
|  81|0x00000000e5100000, 0x00000000e5100000, 0x00000000e5200000|  0%| F|  |TAMS 0x00000000e5100000, 0x00000000e5100000| Untracked 
|  82|0x00000000e5200000, 0x00000000e5200000, 0x00000000e5300000|  0%| F|  |TAMS 0x00000000e5200000, 0x00000000e5200000| Untracked 
|  83|0x00000000e5300000, 0x00000000e5300000, 0x00000000e5400000|  0%| F|  |TAMS 0x00000000e5300000, 0x00000000e5300000| Untracked 
|  84|0x00000000e5400000, 0x00000000e5400000, 0x00000000e5500000|  0%| F|  |TAMS 0x00000000e5400000, 0x00000000e5400000| Untracked 
|  85|0x00000000e5500000, 0x00000000e5500000, 0x00000000e5600000|  0%| F|  |TAMS 0x00000000e5500000, 0x00000000e5500000| Untracked 
|  86|0x00000000e5600000, 0x00000000e5600000, 0x00000000e5700000|  0%| F|  |TAMS 0x00000000e5600000, 0x00000000e5600000| Untracked 
|  87|0x00000000e5700000, 0x00000000e5700000, 0x00000000e5800000|  0%| F|  |TAMS 0x00000000e5700000, 0x00000000e5700000| Untracked 
|  88|0x00000000e5800000, 0x00000000e5800000, 0x00000000e5900000|  0%| F|  |TAMS 0x00000000e5800000, 0x00000000e5800000| Untracked 
|  89|0x00000000e5900000, 0x00000000e5900000, 0x00000000e5a00000|  0%| F|  |TAMS 0x00000000e5900000, 0x00000000e5900000| Untracked 
|  90|0x00000000e5a00000, 0x00000000e5a00000, 0x00000000e5b00000|  0%| F|  |TAMS 0x00000000e5a00000, 0x00000000e5a00000| Untracked 
|  91|0x00000000e5b00000, 0x00000000e5b00000, 0x00000000e5c00000|  0%| F|  |TAMS 0x00000000e5b00000, 0x00000000e5b00000| Untracked 
|  92|0x00000000e5c00000, 0x00000000e5c00000, 0x00000000e5d00000|  0%| F|  |TAMS 0x00000000e5c00000, 0x00000000e5c00000| Untracked 
|  93|0x00000000e5d00000, 0x00000000e5d00000, 0x00000000e5e00000|  0%| F|  |TAMS 0x00000000e5d00000, 0x00000000e5d00000| Untracked 
|  94|0x00000000e5e00000, 0x00000000e5e00000, 0x00000000e5f00000|  0%| F|  |TAMS 0x00000000e5e00000, 0x00000000e5e00000| Untracked 
|  95|0x00000000e5f00000, 0x00000000e5f00000, 0x00000000e6000000|  0%| F|  |TAMS 0x00000000e5f00000, 0x00000000e5f00000| Untracked 
|  96|0x00000000e6000000, 0x00000000e6000000, 0x00000000e6100000|  0%| F|  |TAMS 0x00000000e6000000, 0x00000000e6000000| Untracked 
|  97|0x00000000e6100000, 0x00000000e6100000, 0x00000000e6200000|  0%| F|  |TAMS 0x00000000e6100000, 0x00000000e6100000| Untracked 
|  98|0x00000000e6200000, 0x00000000e6200000, 0x00000000e6300000|  0%| F|  |TAMS 0x00000000e6200000, 0x00000000e6200000| Untracked 
|  99|0x00000000e6300000, 0x00000000e6300000, 0x00000000e6400000|  0%| F|  |TAMS 0x00000000e6300000, 0x00000000e6300000| Untracked 
| 100|0x00000000e6400000, 0x00000000e6400000, 0x00000000e6500000|  0%| F|  |TAMS 0x00000000e6400000, 0x00000000e6400000| Untracked 
| 101|0x00000000e6500000, 0x00000000e6500000, 0x00000000e6600000|  0%| F|  |TAMS 0x00000000e6500000, 0x00000000e6500000| Untracked 
| 102|0x00000000e6600000, 0x00000000e6600000, 0x00000000e6700000|  0%| F|  |TAMS 0x00000000e6600000, 0x00000000e6600000| Untracked 
| 103|0x00000000e6700000, 0x00000000e6700000, 0x00000000e6800000|  0%| F|  |TAMS 0x00000000e6700000, 0x00000000e6700000| Untracked 
| 104|0x00000000e6800000, 0x00000000e6800000, 0x00000000e6900000|  0%| F|  |TAMS 0x00000000e6800000, 0x00000000e6800000| Untracked 
| 105|0x00000000e6900000, 0x00000000e6900000, 0x00000000e6a00000|  0%| F|  |TAMS 0x00000000e6900000, 0x00000000e6900000| Untracked 
| 106|0x00000000e6a00000, 0x00000000e6a00000, 0x00000000e6b00000|  0%| F|  |TAMS 0x00000000e6a00000, 0x00000000e6a00000| Untracked 
| 107|0x00000000e6b00000, 0x00000000e6b00000, 0x00000000e6c00000|  0%| F|  |TAMS 0x00000000e6b00000, 0x00000000e6b00000| Untracked 
| 108|0x00000000e6c00000, 0x00000000e6c00000, 0x00000000e6d00000|  0%| F|  |TAMS 0x00000000e6c00000, 0x00000000e6c00000| Untracked 
| 109|0x00000000e6d00000, 0x00000000e6d00000, 0x00000000e6e00000|  0%| F|  |TAMS 0x00000000e6d00000, 0x00000000e6d00000| Untracked 
| 110|0x00000000e6e00000, 0x00000000e6e00000, 0x00000000e6f00000|  0%| F|  |TAMS 0x00000000e6e00000, 0x00000000e6e00000| Untracked 
| 111|0x00000000e6f00000, 0x00000000e6f00000, 0x00000000e7000000|  0%| F|  |TAMS 0x00000000e6f00000, 0x00000000e6f00000| Untracked 
| 112|0x00000000e7000000, 0x00000000e7000000, 0x00000000e7100000|  0%| F|  |TAMS 0x00000000e7000000, 0x00000000e7000000| Untracked 
| 113|0x00000000e7100000, 0x00000000e7100000, 0x00000000e7200000|  0%| F|  |TAMS 0x00000000e7100000, 0x00000000e7100000| Untracked 
| 114|0x00000000e7200000, 0x00000000e7200000, 0x00000000e7300000|  0%| F|  |TAMS 0x00000000e7200000, 0x00000000e7200000| Untracked 
| 115|0x00000000e7300000, 0x00000000e7300000, 0x00000000e7400000|  0%| F|  |TAMS 0x00000000e7300000, 0x00000000e7300000| Untracked 
| 116|0x00000000e7400000, 0x00000000e7400000, 0x00000000e7500000|  0%| F|  |TAMS 0x00000000e7400000, 0x00000000e7400000| Untracked 
| 117|0x00000000e7500000, 0x00000000e7500000, 0x00000000e7600000|  0%| F|  |TAMS 0x00000000e7500000, 0x00000000e7500000| Untracked 
| 118|0x00000000e7600000, 0x00000000e7600000, 0x00000000e7700000|  0%| F|  |TAMS 0x00000000e7600000, 0x00000000e7600000| Untracked 
| 119|0x00000000e7700000, 0x00000000e7700000, 0x00000000e7800000|  0%| F|  |TAMS 0x00000000e7700000, 0x00000000e7700000| Untracked 
| 120|0x00000000e7800000, 0x00000000e7800000, 0x00000000e7900000|  0%| F|  |TAMS 0x00000000e7800000, 0x00000000e7800000| Untracked 
| 121|0x00000000e7900000, 0x00000000e7900000, 0x00000000e7a00000|  0%| F|  |TAMS 0x00000000e7900000, 0x00000000e7900000| Untracked 
| 122|0x00000000e7a00000, 0x00000000e7a00000, 0x00000000e7b00000|  0%| F|  |TAMS 0x00000000e7a00000, 0x00000000e7a00000| Untracked 
| 123|0x00000000e7b00000, 0x00000000e7b00000, 0x00000000e7c00000|  0%| F|  |TAMS 0x00000000e7b00000, 0x00000000e7b00000| Untracked 
| 124|0x00000000e7c00000, 0x00000000e7c00000, 0x00000000e7d00000|  0%| F|  |TAMS 0x00000000e7c00000, 0x00000000e7c00000| Untracked 
| 125|0x00000000e7d00000, 0x00000000e7d00000, 0x00000000e7e00000|  0%| F|  |TAMS 0x00000000e7d00000, 0x00000000e7d00000| Untracked 
| 126|0x00000000e7e00000, 0x00000000e7e00000, 0x00000000e7f00000|  0%| F|  |TAMS 0x00000000e7e00000, 0x00000000e7e00000| Untracked 
| 127|0x00000000e7f00000, 0x00000000e7f00000, 0x00000000e8000000|  0%| F|  |TAMS 0x00000000e7f00000, 0x00000000e7f00000| Untracked 
| 128|0x00000000e8000000, 0x00000000e8000000, 0x00000000e8100000|  0%| F|  |TAMS 0x00000000e8000000, 0x00000000e8000000| Untracked 
| 129|0x00000000e8100000, 0x00000000e8100000, 0x00000000e8200000|  0%| F|  |TAMS 0x00000000e8100000, 0x00000000e8100000| Untracked 
| 130|0x00000000e8200000, 0x00000000e827ea88, 0x00000000e8300000| 49%| S|  |TAMS 0x00000000e8200000, 0x00000000e8200000| Complete 
| 131|0x00000000e8300000, 0x00000000e8400000, 0x00000000e8400000|100%| S|  |TAMS 0x00000000e8300000, 0x00000000e8300000| Complete 
| 132|0x00000000e8400000, 0x00000000e8500000, 0x00000000e8500000|100%| S|  |TAMS 0x00000000e8400000, 0x00000000e8400000| Complete 
| 133|0x00000000e8500000, 0x00000000e8600000, 0x00000000e8600000|100%| S|  |TAMS 0x00000000e8500000, 0x00000000e8500000| Complete 
| 134|0x00000000e8600000, 0x00000000e8700000, 0x00000000e8700000|100%| S|  |TAMS 0x00000000e8600000, 0x00000000e8600000| Complete 
| 135|0x00000000e8700000, 0x00000000e8800000, 0x00000000e8800000|100%| S|  |TAMS 0x00000000e8700000, 0x00000000e8700000| Complete 
| 136|0x00000000e8800000, 0x00000000e8900000, 0x00000000e8900000|100%| S|  |TAMS 0x00000000e8800000, 0x00000000e8800000| Complete 
| 137|0x00000000e8900000, 0x00000000e8a00000, 0x00000000e8a00000|100%| S|  |TAMS 0x00000000e8900000, 0x00000000e8900000| Complete 
| 138|0x00000000e8a00000, 0x00000000e8b00000, 0x00000000e8b00000|100%| S|  |TAMS 0x00000000e8a00000, 0x00000000e8a00000| Complete 
| 139|0x00000000e8b00000, 0x00000000e8c00000, 0x00000000e8c00000|100%| S|  |TAMS 0x00000000e8b00000, 0x00000000e8b00000| Complete 
| 140|0x00000000e8c00000, 0x00000000e8d00000, 0x00000000e8d00000|100%| S|  |TAMS 0x00000000e8c00000, 0x00000000e8c00000| Complete 
| 141|0x00000000e8d00000, 0x00000000e8e00000, 0x00000000e8e00000|100%| S|  |TAMS 0x00000000e8d00000, 0x00000000e8d00000| Complete 
| 142|0x00000000e8e00000, 0x00000000e8f00000, 0x00000000e8f00000|100%| E|CS|TAMS 0x00000000e8e00000, 0x00000000e8f00000| Complete 
| 143|0x00000000e8f00000, 0x00000000e9000000, 0x00000000e9000000|100%| E|CS|TAMS 0x00000000e8f00000, 0x00000000e9000000| Complete 
| 144|0x00000000e9000000, 0x00000000e9100000, 0x00000000e9100000|100%| E|CS|TAMS 0x00000000e9000000, 0x00000000e9100000| Complete 
| 145|0x00000000e9100000, 0x00000000e9200000, 0x00000000e9200000|100%| E|CS|TAMS 0x00000000e9100000, 0x00000000e9200000| Complete 
| 146|0x00000000e9200000, 0x00000000e9300000, 0x00000000e9300000|100%| E|CS|TAMS 0x00000000e9200000, 0x00000000e9300000| Complete 
| 147|0x00000000e9300000, 0x00000000e9400000, 0x00000000e9400000|100%| E|CS|TAMS 0x00000000e9300000, 0x00000000e9400000| Complete 
| 148|0x00000000e9400000, 0x00000000e9500000, 0x00000000e9500000|100%| E|CS|TAMS 0x00000000e9400000, 0x00000000e9500000| Complete 
| 149|0x00000000e9500000, 0x00000000e9600000, 0x00000000e9600000|100%| E|CS|TAMS 0x00000000e9500000, 0x00000000e9600000| Complete 
| 150|0x00000000e9600000, 0x00000000e9700000, 0x00000000e9700000|100%| E|CS|TAMS 0x00000000e9600000, 0x00000000e9700000| Complete 
| 151|0x00000000e9700000, 0x00000000e9800000, 0x00000000e9800000|100%| E|CS|TAMS 0x00000000e9700000, 0x00000000e9800000| Complete 
| 152|0x00000000e9800000, 0x00000000e9900000, 0x00000000e9900000|100%| E|CS|TAMS 0x00000000e9800000, 0x00000000e9900000| Complete 
| 153|0x00000000e9900000, 0x00000000e9a00000, 0x00000000e9a00000|100%| E|CS|TAMS 0x00000000e9900000, 0x00000000e9a00000| Complete 
| 154|0x00000000e9a00000, 0x00000000e9b00000, 0x00000000e9b00000|100%| E|CS|TAMS 0x00000000e9a00000, 0x00000000e9b00000| Complete 
| 155|0x00000000e9b00000, 0x00000000e9c00000, 0x00000000e9c00000|100%| E|CS|TAMS 0x00000000e9b00000, 0x00000000e9c00000| Complete 
| 156|0x00000000e9c00000, 0x00000000e9d00000, 0x00000000e9d00000|100%| E|CS|TAMS 0x00000000e9c00000, 0x00000000e9d00000| Complete 
| 157|0x00000000e9d00000, 0x00000000e9e00000, 0x00000000e9e00000|100%| E|CS|TAMS 0x00000000e9d00000, 0x00000000e9e00000| Complete 
| 158|0x00000000e9e00000, 0x00000000e9f00000, 0x00000000e9f00000|100%| E|CS|TAMS 0x00000000e9e00000, 0x00000000e9f00000| Complete 
| 159|0x00000000e9f00000, 0x00000000ea000000, 0x00000000ea000000|100%| E|CS|TAMS 0x00000000e9f00000, 0x00000000ea000000| Complete 
| 160|0x00000000ea000000, 0x00000000ea100000, 0x00000000ea100000|100%| E|CS|TAMS 0x00000000ea000000, 0x00000000ea100000| Complete 
| 161|0x00000000ea100000, 0x00000000ea200000, 0x00000000ea200000|100%| E|CS|TAMS 0x00000000ea100000, 0x00000000ea200000| Complete 
| 162|0x00000000ea200000, 0x00000000ea300000, 0x00000000ea300000|100%| E|CS|TAMS 0x00000000ea200000, 0x00000000ea300000| Complete 
| 163|0x00000000ea300000, 0x00000000ea400000, 0x00000000ea400000|100%| E|CS|TAMS 0x00000000ea300000, 0x00000000ea400000| Complete 
| 164|0x00000000ea400000, 0x00000000ea500000, 0x00000000ea500000|100%| E|CS|TAMS 0x00000000ea400000, 0x00000000ea500000| Complete 
| 165|0x00000000ea500000, 0x00000000ea600000, 0x00000000ea600000|100%| E|CS|TAMS 0x00000000ea500000, 0x00000000ea600000| Complete 
| 166|0x00000000ea600000, 0x00000000ea700000, 0x00000000ea700000|100%| E|CS|TAMS 0x00000000ea600000, 0x00000000ea700000| Complete 
| 167|0x00000000ea700000, 0x00000000ea800000, 0x00000000ea800000|100%| E|CS|TAMS 0x00000000ea700000, 0x00000000ea800000| Complete 
| 168|0x00000000ea800000, 0x00000000ea900000, 0x00000000ea900000|100%| E|CS|TAMS 0x00000000ea800000, 0x00000000ea900000| Complete 
| 169|0x00000000ea900000, 0x00000000eaa00000, 0x00000000eaa00000|100%| E|CS|TAMS 0x00000000ea900000, 0x00000000eaa00000| Complete 
| 170|0x00000000eaa00000, 0x00000000eab00000, 0x00000000eab00000|100%| E|CS|TAMS 0x00000000eaa00000, 0x00000000eab00000| Complete 
| 171|0x00000000eab00000, 0x00000000eac00000, 0x00000000eac00000|100%| E|CS|TAMS 0x00000000eab00000, 0x00000000eac00000| Complete 
| 172|0x00000000eac00000, 0x00000000ead00000, 0x00000000ead00000|100%| E|CS|TAMS 0x00000000eac00000, 0x00000000ead00000| Complete 
| 173|0x00000000ead00000, 0x00000000eae00000, 0x00000000eae00000|100%| E|CS|TAMS 0x00000000ead00000, 0x00000000eae00000| Complete 
| 174|0x00000000eae00000, 0x00000000eaf00000, 0x00000000eaf00000|100%| E|CS|TAMS 0x00000000eae00000, 0x00000000eaf00000| Complete 
| 175|0x00000000eaf00000, 0x00000000eb000000, 0x00000000eb000000|100%| E|CS|TAMS 0x00000000eaf00000, 0x00000000eb000000| Complete 
| 176|0x00000000eb000000, 0x00000000eb100000, 0x00000000eb100000|100%| E|CS|TAMS 0x00000000eb000000, 0x00000000eb100000| Complete 
| 177|0x00000000eb100000, 0x00000000eb200000, 0x00000000eb200000|100%| E|CS|TAMS 0x00000000eb100000, 0x00000000eb200000| Complete 
| 178|0x00000000eb200000, 0x00000000eb300000, 0x00000000eb300000|100%| E|CS|TAMS 0x00000000eb200000, 0x00000000eb300000| Complete 
| 179|0x00000000eb300000, 0x00000000eb400000, 0x00000000eb400000|100%| E|CS|TAMS 0x00000000eb300000, 0x00000000eb400000| Complete 
| 180|0x00000000eb400000, 0x00000000eb500000, 0x00000000eb500000|100%| E|CS|TAMS 0x00000000eb400000, 0x00000000eb500000| Complete 
| 181|0x00000000eb500000, 0x00000000eb600000, 0x00000000eb600000|100%| E|CS|TAMS 0x00000000eb500000, 0x00000000eb600000| Complete 
| 182|0x00000000eb600000, 0x00000000eb700000, 0x00000000eb700000|100%| E|CS|TAMS 0x00000000eb600000, 0x00000000eb700000| Complete 
| 183|0x00000000eb700000, 0x00000000eb800000, 0x00000000eb800000|100%| E|CS|TAMS 0x00000000eb700000, 0x00000000eb800000| Complete 
| 184|0x00000000eb800000, 0x00000000eb900000, 0x00000000eb900000|100%| E|CS|TAMS 0x00000000eb800000, 0x00000000eb900000| Complete 
| 185|0x00000000eb900000, 0x00000000eba00000, 0x00000000eba00000|100%| E|CS|TAMS 0x00000000eb900000, 0x00000000eba00000| Complete 
| 186|0x00000000eba00000, 0x00000000ebb00000, 0x00000000ebb00000|100%| E|CS|TAMS 0x00000000eba00000, 0x00000000ebb00000| Complete 
| 187|0x00000000ebb00000, 0x00000000ebc00000, 0x00000000ebc00000|100%| E|CS|TAMS 0x00000000ebb00000, 0x00000000ebc00000| Complete 
| 188|0x00000000ebc00000, 0x00000000ebd00000, 0x00000000ebd00000|100%| E|CS|TAMS 0x00000000ebc00000, 0x00000000ebd00000| Complete 
| 189|0x00000000ebd00000, 0x00000000ebe00000, 0x00000000ebe00000|100%| E|CS|TAMS 0x00000000ebd00000, 0x00000000ebe00000| Complete 
| 190|0x00000000ebe00000, 0x00000000ebf00000, 0x00000000ebf00000|100%| E|CS|TAMS 0x00000000ebe00000, 0x00000000ebf00000| Complete 
| 191|0x00000000ebf00000, 0x00000000ec000000, 0x00000000ec000000|100%| E|CS|TAMS 0x00000000ebf00000, 0x00000000ec000000| Complete 
| 192|0x00000000ec000000, 0x00000000ec100000, 0x00000000ec100000|100%| E|CS|TAMS 0x00000000ec000000, 0x00000000ec100000| Complete 
| 193|0x00000000ec100000, 0x00000000ec200000, 0x00000000ec200000|100%| E|CS|TAMS 0x00000000ec100000, 0x00000000ec200000| Complete 
| 194|0x00000000ec200000, 0x00000000ec300000, 0x00000000ec300000|100%| E|CS|TAMS 0x00000000ec200000, 0x00000000ec300000| Complete 
| 195|0x00000000ec300000, 0x00000000ec400000, 0x00000000ec400000|100%| E|CS|TAMS 0x00000000ec300000, 0x00000000ec400000| Complete 
| 196|0x00000000ec400000, 0x00000000ec500000, 0x00000000ec500000|100%| E|CS|TAMS 0x00000000ec400000, 0x00000000ec500000| Complete 
| 197|0x00000000ec500000, 0x00000000ec600000, 0x00000000ec600000|100%| E|CS|TAMS 0x00000000ec500000, 0x00000000ec600000| Complete 
| 198|0x00000000ec600000, 0x00000000ec700000, 0x00000000ec700000|100%| E|CS|TAMS 0x00000000ec600000, 0x00000000ec700000| Complete 
| 199|0x00000000ec700000, 0x00000000ec800000, 0x00000000ec800000|100%| E|CS|TAMS 0x00000000ec700000, 0x00000000ec800000| Complete 
| 200|0x00000000ec800000, 0x00000000ec900000, 0x00000000ec900000|100%| E|CS|TAMS 0x00000000ec800000, 0x00000000ec900000| Complete 
| 201|0x00000000ec900000, 0x00000000eca00000, 0x00000000eca00000|100%| E|CS|TAMS 0x00000000ec900000, 0x00000000eca00000| Complete 
| 202|0x00000000eca00000, 0x00000000ecb00000, 0x00000000ecb00000|100%| E|CS|TAMS 0x00000000eca00000, 0x00000000ecb00000| Complete 
| 203|0x00000000ecb00000, 0x00000000ecc00000, 0x00000000ecc00000|100%| E|CS|TAMS 0x00000000ecb00000, 0x00000000ecc00000| Complete 
| 204|0x00000000ecc00000, 0x00000000ecd00000, 0x00000000ecd00000|100%| E|CS|TAMS 0x00000000ecc00000, 0x00000000ecd00000| Complete 
| 205|0x00000000ecd00000, 0x00000000ece00000, 0x00000000ece00000|100%| E|CS|TAMS 0x00000000ecd00000, 0x00000000ece00000| Complete 
| 206|0x00000000ece00000, 0x00000000ecf00000, 0x00000000ecf00000|100%| E|CS|TAMS 0x00000000ece00000, 0x00000000ecf00000| Complete 
| 207|0x00000000ecf00000, 0x00000000ed000000, 0x00000000ed000000|100%| E|CS|TAMS 0x00000000ecf00000, 0x00000000ed000000| Complete 
| 208|0x00000000ed000000, 0x00000000ed100000, 0x00000000ed100000|100%| E|CS|TAMS 0x00000000ed000000, 0x00000000ed100000| Complete 
| 209|0x00000000ed100000, 0x00000000ed200000, 0x00000000ed200000|100%| E|CS|TAMS 0x00000000ed100000, 0x00000000ed200000| Complete 
| 210|0x00000000ed200000, 0x00000000ed300000, 0x00000000ed300000|100%| E|CS|TAMS 0x00000000ed200000, 0x00000000ed300000| Complete 
| 211|0x00000000ed300000, 0x00000000ed400000, 0x00000000ed400000|100%| E|CS|TAMS 0x00000000ed300000, 0x00000000ed400000| Complete 
| 212|0x00000000ed400000, 0x00000000ed500000, 0x00000000ed500000|100%| E|CS|TAMS 0x00000000ed400000, 0x00000000ed500000| Complete 
| 213|0x00000000ed500000, 0x00000000ed600000, 0x00000000ed600000|100%| E|CS|TAMS 0x00000000ed500000, 0x00000000ed600000| Complete 
| 214|0x00000000ed600000, 0x00000000ed700000, 0x00000000ed700000|100%| E|CS|TAMS 0x00000000ed600000, 0x00000000ed700000| Complete 
| 215|0x00000000ed700000, 0x00000000ed800000, 0x00000000ed800000|100%| E|CS|TAMS 0x00000000ed700000, 0x00000000ed800000| Complete 
| 216|0x00000000ed800000, 0x00000000ed900000, 0x00000000ed900000|100%| E|CS|TAMS 0x00000000ed800000, 0x00000000ed900000| Complete 
| 217|0x00000000ed900000, 0x00000000eda00000, 0x00000000eda00000|100%| E|CS|TAMS 0x00000000ed900000, 0x00000000eda00000| Complete 
| 218|0x00000000eda00000, 0x00000000edb00000, 0x00000000edb00000|100%| E|CS|TAMS 0x00000000eda00000, 0x00000000edb00000| Complete 
| 219|0x00000000edb00000, 0x00000000edc00000, 0x00000000edc00000|100%| E|CS|TAMS 0x00000000edb00000, 0x00000000edc00000| Complete 
| 220|0x00000000edc00000, 0x00000000edd00000, 0x00000000edd00000|100%| E|CS|TAMS 0x00000000edc00000, 0x00000000edd00000| Complete 
| 221|0x00000000edd00000, 0x00000000ede00000, 0x00000000ede00000|100%| E|CS|TAMS 0x00000000edd00000, 0x00000000ede00000| Complete 
| 222|0x00000000ede00000, 0x00000000edf00000, 0x00000000edf00000|100%| E|CS|TAMS 0x00000000ede00000, 0x00000000edf00000| Complete 
| 223|0x00000000edf00000, 0x00000000ee000000, 0x00000000ee000000|100%| E|CS|TAMS 0x00000000edf00000, 0x00000000ee000000| Complete 
| 224|0x00000000ee000000, 0x00000000ee100000, 0x00000000ee100000|100%| E|CS|TAMS 0x00000000ee000000, 0x00000000ee100000| Complete 
| 225|0x00000000ee100000, 0x00000000ee1c0e70, 0x00000000ee200000| 75%| E|CS|TAMS 0x00000000ee100000, 0x00000000ee1c0e70| Complete 
| 226|0x00000000ee200000, 0x00000000ee300000, 0x00000000ee300000|100%| E|CS|TAMS 0x00000000ee200000, 0x00000000ee300000| Complete 
| 227|0x00000000ee300000, 0x00000000ee400000, 0x00000000ee400000|100%| E|CS|TAMS 0x00000000ee300000, 0x00000000ee400000| Complete 
| 228|0x00000000ee400000, 0x00000000ee500000, 0x00000000ee500000|100%| E|CS|TAMS 0x00000000ee400000, 0x00000000ee500000| Complete 
| 229|0x00000000ee500000, 0x00000000ee600000, 0x00000000ee600000|100%| E|CS|TAMS 0x00000000ee500000, 0x00000000ee600000| Complete 
| 230|0x00000000ee600000, 0x00000000ee700000, 0x00000000ee700000|100%| E|CS|TAMS 0x00000000ee600000, 0x00000000ee700000| Complete 
| 231|0x00000000ee700000, 0x00000000ee800000, 0x00000000ee800000|100%| E|CS|TAMS 0x00000000ee700000, 0x00000000ee800000| Complete 
| 232|0x00000000ee800000, 0x00000000ee900000, 0x00000000ee900000|100%| E|CS|TAMS 0x00000000ee800000, 0x00000000ee900000| Complete 
| 233|0x00000000ee900000, 0x00000000eea00000, 0x00000000eea00000|100%| E|CS|TAMS 0x00000000ee900000, 0x00000000eea00000| Complete 
| 234|0x00000000eea00000, 0x00000000eeb00000, 0x00000000eeb00000|100%| E|CS|TAMS 0x00000000eea00000, 0x00000000eeb00000| Complete 
| 235|0x00000000eeb00000, 0x00000000eec00000, 0x00000000eec00000|100%| E|CS|TAMS 0x00000000eeb00000, 0x00000000eec00000| Complete 
| 236|0x00000000eec00000, 0x00000000eed00000, 0x00000000eed00000|100%| E|CS|TAMS 0x00000000eec00000, 0x00000000eed00000| Complete 
| 237|0x00000000eed00000, 0x00000000eee00000, 0x00000000eee00000|100%| E|CS|TAMS 0x00000000eed00000, 0x00000000eee00000| Complete 
| 238|0x00000000eee00000, 0x00000000eef00000, 0x00000000eef00000|100%| E|CS|TAMS 0x00000000eee00000, 0x00000000eef00000| Complete 
| 239|0x00000000eef00000, 0x00000000ef000000, 0x00000000ef000000|100%| E|CS|TAMS 0x00000000eef00000, 0x00000000ef000000| Complete 
| 240|0x00000000ef000000, 0x00000000ef100000, 0x00000000ef100000|100%| E|CS|TAMS 0x00000000ef000000, 0x00000000ef100000| Complete 
| 241|0x00000000ef100000, 0x00000000ef200000, 0x00000000ef200000|100%| E|CS|TAMS 0x00000000ef100000, 0x00000000ef200000| Complete 
| 242|0x00000000ef200000, 0x00000000ef300000, 0x00000000ef300000|100%| E|CS|TAMS 0x00000000ef200000, 0x00000000ef300000| Complete 
| 243|0x00000000ef300000, 0x00000000ef400000, 0x00000000ef400000|100%| E|CS|TAMS 0x00000000ef300000, 0x00000000ef400000| Complete 
| 244|0x00000000ef400000, 0x00000000ef500000, 0x00000000ef500000|100%| E|CS|TAMS 0x00000000ef400000, 0x00000000ef500000| Complete 
| 245|0x00000000ef500000, 0x00000000ef600000, 0x00000000ef600000|100%| E|CS|TAMS 0x00000000ef500000, 0x00000000ef600000| Complete 
| 246|0x00000000ef600000, 0x00000000ef700000, 0x00000000ef700000|100%| E|CS|TAMS 0x00000000ef600000, 0x00000000ef700000| Complete 
| 247|0x00000000ef700000, 0x00000000ef800000, 0x00000000ef800000|100%| E|CS|TAMS 0x00000000ef700000, 0x00000000ef800000| Complete 
| 248|0x00000000ef800000, 0x00000000ef900000, 0x00000000ef900000|100%| E|CS|TAMS 0x00000000ef800000, 0x00000000ef900000| Complete 
| 249|0x00000000ef900000, 0x00000000efa00000, 0x00000000efa00000|100%| E|CS|TAMS 0x00000000ef900000, 0x00000000efa00000| Complete 
| 250|0x00000000efa00000, 0x00000000efb00000, 0x00000000efb00000|100%| E|CS|TAMS 0x00000000efa00000, 0x00000000efb00000| Complete 
| 251|0x00000000efb00000, 0x00000000efc00000, 0x00000000efc00000|100%| E|CS|TAMS 0x00000000efb00000, 0x00000000efc00000| Complete 
| 252|0x00000000efc00000, 0x00000000efd00000, 0x00000000efd00000|100%| E|CS|TAMS 0x00000000efc00000, 0x00000000efd00000| Complete 
| 253|0x00000000efd00000, 0x00000000efe00000, 0x00000000efe00000|100%| E|CS|TAMS 0x00000000efd00000, 0x00000000efe00000| Complete 
| 254|0x00000000efe00000, 0x00000000eff00000, 0x00000000eff00000|100%| E|CS|TAMS 0x00000000efe00000, 0x00000000eff00000| Complete 
| 255|0x00000000eff00000, 0x00000000f0000000, 0x00000000f0000000|100%| E|CS|TAMS 0x00000000eff00000, 0x00000000f0000000| Complete 

Card table byte_map: [0x00000228de1f0000,0x00000228de2f0000] _byte_map_base: 0x00000228ddaf0000

Marking Bits (Prev, Next): (CMBitMap*) 0x00000228c703f2f0, (CMBitMap*) 0x00000228c703f330
 Prev Bits: [0x00000228de3f0000, 0x00000228debf0000)
 Next Bits: [0x00000228debf0000, 0x00000228df3f0000)

Polling page: 0x00000228c4e20000

Metaspace:

Usage:
  Non-class:     17.67 MB used.
      Class:      3.03 MB used.
       Both:     20.71 MB used.

Virtual space:
  Non-class space:       64.00 MB reserved,      17.81 MB ( 28%) committed,  1 nodes.
      Class space:      320.00 MB reserved,       3.19 MB ( <1%) committed,  1 nodes.
             Both:      384.00 MB reserved,      21.00 MB (  5%) committed. 

Chunk freelists:
   Non-Class:  13.38 MB
       Class:  12.86 MB
        Both:  26.23 MB

MaxMetaspaceSize: 384.00 MB
CompressedClassSpaceSize: 320.00 MB
Initial GC threshold: 21.00 MB
Current GC threshold: 21.00 MB
CDS: on
MetaspaceReclaimPolicy: balanced
 - commit_granule_bytes: 65536.
 - commit_granule_words: 8192.
 - virtual_space_node_default_size: 8388608.
 - enlarge_chunks_in_place: 1.
 - new_chunks_are_fully_committed: 0.
 - uncommit_free_chunks: 1.
 - use_allocation_guard: 0.
 - handle_deallocations: 1.


Internal statistics:

num_allocs_failed_limit: 3.
num_arena_births: 244.
num_arena_deaths: 0.
num_vsnodes_births: 2.
num_vsnodes_deaths: 0.
num_space_committed: 336.
num_space_uncommitted: 0.
num_chunks_returned_to_freelist: 3.
num_chunks_taken_from_freelist: 978.
num_chunk_merges: 3.
num_chunk_splits: 659.
num_chunks_enlarged: 485.
num_inconsistent_stats: 0.

CodeHeap 'non-profiled nmethods': size=120000Kb used=1486Kb max_used=1486Kb free=118514Kb
 bounds [0x00000228d6670000, 0x00000228d68e0000, 0x00000228ddba0000]
CodeHeap 'profiled nmethods': size=120000Kb used=5442Kb max_used=5442Kb free=114557Kb
 bounds [0x00000228ceba0000, 0x00000228cf100000, 0x00000228d60d0000]
CodeHeap 'non-nmethods': size=5760Kb used=1238Kb max_used=1335Kb free=4521Kb
 bounds [0x00000228d60d0000, 0x00000228d6340000, 0x00000228d6670000]
 total_blobs=3208 nmethods=2660 adapters=460
 compilation: enabled
              stopped_count=0, restarted_count=0
 full_count=0

Compilation events (20 events):
Event: 7.695 Thread 0x00000228e204eee0 2654       3       java.util.stream.AbstractPipeline::evaluate (94 bytes)
Event: 7.695 Thread 0x00000228e204eee0 nmethod 2654 0x00000228cf0e6410 code [0x00000228cf0e6640, 0x00000228cf0e6ce8]
Event: 7.695 Thread 0x00000228e204eee0 2655       3       sun.security.provider.SHA::implCompress (13 bytes)
Event: 7.695 Thread 0x00000228e204eee0 nmethod 2655 0x00000228cf0e6f10 code [0x00000228cf0e7100, 0x00000228cf0e7568]
Event: 7.695 Thread 0x00000228e204eee0 2656       3       sun.security.provider.SHA::implCompressCheck (27 bytes)
Event: 7.696 Thread 0x00000228e204eee0 nmethod 2656 0x00000228cf0e7790 code [0x00000228cf0e7960, 0x00000228cf0e7d18]
Event: 7.698 Thread 0x00000228e204eee0 2657       3       jdk.internal.org.objectweb.asm.ClassReader::readShort (27 bytes)
Event: 7.698 Thread 0x00000228e204eee0 nmethod 2657 0x00000228cf0e7e90 code [0x00000228cf0e8020, 0x00000228cf0e8198]
Event: 7.702 Thread 0x00000228e204eee0 2658       3       java.lang.invoke.MemberName::asSpecial (89 bytes)
Event: 7.703 Thread 0x00000228e204eee0 nmethod 2658 0x00000228cf0e8290 code [0x00000228cf0e8560, 0x00000228cf0e9228]
Event: 7.703 Thread 0x00000228e204eee0 2659       3       java.lang.invoke.MethodHandles$Lookup::ensureDefineClassPermission (38 bytes)
Event: 7.703 Thread 0x00000228e204eee0 nmethod 2659 0x00000228cf0e9690 code [0x00000228cf0e98a0, 0x00000228cf0e9fb8]
Event: 7.703 Thread 0x00000228e204eee0 2660   !   3       java.lang.invoke.MethodHandles$Lookup$ClassFile::newInstance (370 bytes)
Event: 7.705 Thread 0x00000228e204eee0 nmethod 2660 0x00000228cf0ea210 code [0x00000228cf0ea8e0, 0x00000228cf0ed738]
Event: 7.705 Thread 0x00000228e204eee0 2662       3       java.util.concurrent.locks.ReentrantLock::lock (8 bytes)
Event: 7.705 Thread 0x00000228e204eee0 nmethod 2662 0x00000228cf0eed90 code [0x00000228cf0eef40, 0x00000228cf0ef1f8]
Event: 7.705 Thread 0x00000228e204eee0 2663       3       java.util.concurrent.locks.ReentrantLock$Sync::lock (13 bytes)
Event: 7.705 Thread 0x00000228e204eee0 nmethod 2663 0x00000228cf0ef310 code [0x00000228cf0ef4c0, 0x00000228cf0ef6f8]
Event: 7.705 Thread 0x00000228e204eee0 2661       3       java.util.ImmutableCollections$Set12::<init> (53 bytes)
Event: 7.706 Thread 0x00000228e204eee0 nmethod 2661 0x00000228cf0ef790 code [0x00000228cf0efa40, 0x00000228cf0f0708]

GC Heap History (5 events):
Event: 0.910 GC heap before
{Heap before GC invocations=0 (full 0):
 garbage-first heap   total 262144K, used 26624K [0x00000000e0000000, 0x0000000100000000)
  region size 1024K, 23 young (23552K), 0 survivors (0K)
 Metaspace       used 3111K, committed 3264K, reserved 393216K
  class space    used 402K, committed 448K, reserved 327680K
}
Event: 0.963 GC heap after
{Heap after GC invocations=1 (full 0):
 garbage-first heap   total 262144K, used 10552K [0x00000000e0000000, 0x0000000100000000)
  region size 1024K, 3 young (3072K), 3 survivors (3072K)
 Metaspace       used 3111K, committed 3264K, reserved 393216K
  class space    used 402K, committed 448K, reserved 327680K
}
Event: 1.295 GC heap before
{Heap before GC invocations=1 (full 0):
 garbage-first heap   total 262144K, used 38200K [0x00000000e0000000, 0x0000000100000000)
  region size 1024K, 30 young (30720K), 3 survivors (3072K)
 Metaspace       used 4063K, committed 4224K, reserved 393216K
  class space    used 504K, committed 576K, reserved 327680K
}
Event: 1.297 GC heap after
{Heap after GC invocations=2 (full 0):
 garbage-first heap   total 262144K, used 11439K [0x00000000e0000000, 0x0000000100000000)
  region size 1024K, 1 young (1024K), 1 survivors (1024K)
 Metaspace       used 4063K, committed 4224K, reserved 393216K
  class space    used 504K, committed 576K, reserved 327680K
}
Event: 7.724 GC heap before
{Heap before GC invocations=2 (full 0):
 garbage-first heap   total 262144K, used 126127K [0x00000000e0000000, 0x0000000100000000)
  region size 1024K, 114 young (116736K), 1 survivors (1024K)
 Metaspace       used 21204K, committed 21504K, reserved 393216K
  class space    used 3106K, committed 3264K, reserved 327680K
}

Dll operation events (14 events):
Event: 0.008 Loaded shared library C:\Users\Administrator\.jdks\azul-17.0.8.1\bin\java.dll
Event: 0.023 Loaded shared library C:\Users\Administrator\.jdks\azul-17.0.8.1\bin\jsvml.dll
Event: 0.097 Loaded shared library C:\Users\Administrator\.jdks\azul-17.0.8.1\bin\zip.dll
Event: 0.099 Loaded shared library C:\Users\Administrator\.jdks\azul-17.0.8.1\bin\instrument.dll
Event: 0.102 Loaded shared library C:\Users\Administrator\.jdks\azul-17.0.8.1\bin\net.dll
Event: 0.104 Loaded shared library C:\Users\Administrator\.jdks\azul-17.0.8.1\bin\nio.dll
Event: 0.107 Loaded shared library C:\Users\Administrator\.jdks\azul-17.0.8.1\bin\zip.dll
Event: 0.256 Loaded shared library C:\Users\Administrator\.jdks\azul-17.0.8.1\bin\jimage.dll
Event: 0.390 Loaded shared library C:\Users\Administrator\.jdks\azul-17.0.8.1\bin\verify.dll
Event: 0.678 Loaded shared library C:\Users\Administrator\.gradle\native\c067742578af261105cb4f569cf0c3c89f3d7b1fecec35dd04571415982c5e48\windows-amd64\native-platform.dll
Event: 0.683 Loaded shared library C:\Users\Administrator\.gradle\native\38dada09dfb8b06ba9b0570ebf7e218e3eb74d4ef43ca46872605cf95ebc2f47\windows-amd64\native-platform-file-events.dll
Event: 2.261 Loaded shared library C:\Users\Administrator\.jdks\azul-17.0.8.1\bin\management.dll
Event: 2.265 Loaded shared library C:\Users\Administrator\.jdks\azul-17.0.8.1\bin\management_ext.dll
Event: 3.580 Loaded shared library C:\Users\Administrator\.jdks\azul-17.0.8.1\bin\sunmscapi.dll

Deoptimization events (20 events):
Event: 7.172 Thread 0x00000228fd06aac0 DEOPT PACKING pc=0x00000228d6760648 sp=0x0000009dd56faf30
Event: 7.172 Thread 0x00000228fd06aac0 DEOPT UNPACKING pc=0x00000228d61269a3 sp=0x0000009dd56fadc8 mode 2
Event: 7.172 Thread 0x00000228fd06aac0 Uncommon trap: trap_request=0xffffff45 fr.pc=0x00000228d675e3f4 relative=0x0000000000000074
Event: 7.172 Thread 0x00000228fd06aac0 Uncommon trap: reason=unstable_if action=reinterpret pc=0x00000228d675e3f4 method=jdk.internal.misc.Unsafe.convEndian(ZI)I @ 4 c2
Event: 7.172 Thread 0x00000228fd06aac0 DEOPT PACKING pc=0x00000228d675e3f4 sp=0x0000009dd56fae90
Event: 7.172 Thread 0x00000228fd06aac0 DEOPT UNPACKING pc=0x00000228d61269a3 sp=0x0000009dd56fadc0 mode 2
Event: 7.184 Thread 0x00000228fd06aac0 DEOPT PACKING pc=0x00000228cef34e6a sp=0x0000009dd56fa9e0
Event: 7.184 Thread 0x00000228fd06aac0 DEOPT UNPACKING pc=0x00000228d6127143 sp=0x0000009dd56f9ef0 mode 0
Event: 7.224 Thread 0x00000228fd06aac0 DEOPT PACKING pc=0x00000228cef34e49 sp=0x0000009dd56faec0
Event: 7.224 Thread 0x00000228fd06aac0 DEOPT UNPACKING pc=0x00000228d6127143 sp=0x0000009dd56fa3d0 mode 0
Event: 7.238 Thread 0x00000228fd06aac0 DEOPT PACKING pc=0x00000228cef34e49 sp=0x0000009dd56f8120
Event: 7.238 Thread 0x00000228fd06aac0 DEOPT UNPACKING pc=0x00000228d6127143 sp=0x0000009dd56f7630 mode 0
Event: 7.419 Thread 0x00000228fd06aac0 Uncommon trap: trap_request=0xffffff45 fr.pc=0x00000228d6782930 relative=0x00000000000003f0
Event: 7.419 Thread 0x00000228fd06aac0 Uncommon trap: reason=unstable_if action=reinterpret pc=0x00000228d6782930 method=java.util.HashMap.getNode(Ljava/lang/Object;)Ljava/util/HashMap$Node; @ 131 c2
Event: 7.419 Thread 0x00000228fd06aac0 DEOPT PACKING pc=0x00000228d6782930 sp=0x0000009dd56fb080
Event: 7.419 Thread 0x00000228fd06aac0 DEOPT UNPACKING pc=0x00000228d61269a3 sp=0x0000009dd56fafa0 mode 2
Event: 7.642 Thread 0x00000228fd06aac0 Uncommon trap: trap_request=0xffffff76 fr.pc=0x00000228d67d54a4 relative=0x0000000000000184
Event: 7.642 Thread 0x00000228fd06aac0 Uncommon trap: reason=predicate action=maybe_recompile pc=0x00000228d67d54a4 method=com.google.common.base.CharMatcher.indexIn(Ljava/lang/CharSequence;I)I @ 19 c2
Event: 7.642 Thread 0x00000228fd06aac0 DEOPT PACKING pc=0x00000228d67d54a4 sp=0x0000009dd56fa740
Event: 7.642 Thread 0x00000228fd06aac0 DEOPT UNPACKING pc=0x00000228d61269a3 sp=0x0000009dd56fa6d0 mode 2

Classes unloaded (0 events):
No events

Classes redefined (0 events):
No events

Internal exceptions (20 events):
Event: 6.859 Thread 0x00000228fd06b9f0 Exception <a 'java/lang/NoSuchMethodError'{0x00000000ebf3c838}: static Lorg/gradle/internal/build/event/types/AbstractProgressEvent;.<clinit>()V> (0x00000000ebf3c838) 
thrown [s\src\hotspot\share\prims\jni.cpp, line 1107]
Event: 6.860 Thread 0x00000228fd06b9f0 Exception <a 'java/lang/NoSuchMethodError'{0x00000000ebf458f8}: static Lorg/gradle/internal/build/event/types/DefaultOperationDescriptor;.<clinit>()V> (0x00000000ebf458f8) 
thrown [s\src\hotspot\share\prims\jni.cpp, line 1107]
Event: 6.862 Thread 0x00000228fd06b9f0 Exception <a 'java/lang/NoSuchMethodError'{0x00000000ebf5c370}: static Lorg/gradle/internal/operations/OperationIdentifier;.<clinit>()V> (0x00000000ebf5c370) 
thrown [s\src\hotspot\share\prims\jni.cpp, line 1107]
Event: 7.191 Thread 0x00000228fd06aac0 Exception <a 'java/lang/NoSuchMethodError'{0x00000000eaf4e778}: 'int java.lang.invoke.DirectMethodHandle$Holder.invokeSpecialIFC(java.lang.Object, java.lang.Object, java.lang.Object, java.lang.Object)'> (0x00000000eaf4e778) 
thrown [s\src\hotspot\share\interpreter\linkResolver.cpp, line 759]
Event: 7.193 Thread 0x00000228fd06aac0 Exception <a 'java/lang/NoSuchMethodError'{0x00000000eaf5d9f8}: 'java.lang.Object java.lang.invoke.DirectMethodHandle$Holder.invokeInterface(java.lang.Object, java.lang.Object, java.lang.Object)'> (0x00000000eaf5d9f8) 
thrown [s\src\hotspot\share\interpreter\linkResolver.cpp, line 759]
Event: 7.193 Thread 0x00000228fd06aac0 Exception <a 'java/lang/IncompatibleClassChangeError'{0x00000000eaf618b8}: Found class java.lang.Object, but interface was expected> (0x00000000eaf618b8) 
thrown [s\src\hotspot\share\interpreter\linkResolver.cpp, line 826]
Event: 7.260 Thread 0x00000228fd06aac0 Exception <a 'java/lang/NoSuchMethodError'{0x00000000eadcc930}: 'int java.lang.invoke.DirectMethodHandle$Holder.invokeStatic(java.lang.Object, java.lang.Object, java.lang.Object, java.lang.Object)'> (0x00000000eadcc930) 
thrown [s\src\hotspot\share\interpreter\linkResolver.cpp, line 759]
Event: 7.262 Thread 0x00000228fd06aac0 Exception <a 'java/lang/NoSuchMethodError'{0x00000000eadd0558}: 'java.lang.Object java.lang.invoke.Invokers$Holder.invokeExact_MT(java.lang.Object, java.lang.Object, java.lang.Object, java.lang.Object, java.lang.Object, java.lang.Object)'> (0x00000000eadd0558) 
thrown [s\src\hotspot\share\interpreter\linkResolver.cpp, line 759]
Event: 7.403 Thread 0x00000228fd06aac0 Exception <a 'java/lang/NoSuchMethodError'{0x00000000ea4b4a68}: 'java.lang.Object java.lang.invoke.DirectMethodHandle$Holder.invokeVirtual(java.lang.Object, java.lang.Object, java.lang.Object, java.lang.Object)'> (0x00000000ea4b4a68) 
thrown [s\src\hotspot\share\interpreter\linkResolver.cpp, line 759]
Event: 7.428 Thread 0x00000228fd06aac0 Exception <a 'java/lang/NoSuchMethodError'{0x00000000ea3fcfe8}: 'java.lang.Object java.lang.invoke.DirectMethodHandle$Holder.newInvokeSpecial(java.lang.Object, java.lang.Object, java.lang.Object, java.lang.Object, java.lang.Object, java.lang.Object, java.lang.Object)'> (0x00000000ea3fcfe8) 
thrown [s\src\hotspot\share\interpreter\linkResolver.cpp, line 759]
Event: 7.428 Thread 0x00000228fd06aac0 Exception <a 'java/lang/NoSuchMethodError'{0x00000000ea202160}: 'java.lang.Object java.lang.invoke.Invokers$Holder.linkToTargetMethod(java.lang.Object, java.lang.Object, java.lang.Object, java.lang.Object, java.lang.Object, java.lang.Object, java.lang.Object)'> (0x00000000ea202160) 
thrown [s\src\hotspot\share\interpreter\linkResolver.cpp, line 759]
Event: 7.446 Thread 0x00000228fd06aac0 Exception <a 'java/lang/NoSuchMethodError'{0x00000000ea1592a0}: 'java.lang.Object java.lang.invoke.DirectMethodHandle$Holder.invokeVirtual(java.lang.Object, java.lang.Object, java.lang.Object, java.lang.Object, java.lang.Object, java.lang.Object, java.lang.Object, java.lang.Object, java.lang.Object, java.lang.Object, java.lang.Object, java.lang.Object, java.lang.Object, java.lang.Object, java.lang.Object, java.lang.Object, java.lang.Object, java.lang.Object, java.lang.Object, java.lang.Object, java.lang.Ob
Event: 7.676 Thread 0x00000228fd06aac0 Exception <a 'java/lang/NoSuchMethodError'{0x00000000e9202aa0}: 'void java.lang.invoke.DirectMethodHandle$Holder.invokeStatic(java.lang.Object, java.lang.Object, java.lang.Object, java.lang.Object)'> (0x00000000e9202aa0) 
thrown [s\src\hotspot\share\interpreter\linkResolver.cpp, line 759]
Event: 7.678 Thread 0x00000228fd06aac0 Exception <a 'java/lang/NoSuchMethodError'{0x00000000e92172d0}: 'int java.lang.invoke.DirectMethodHandle$Holder.invokeVirtual(java.lang.Object, java.lang.Object)'> (0x00000000e92172d0) 
thrown [s\src\hotspot\share\interpreter\linkResolver.cpp, line 759]
Event: 7.679 Thread 0x00000228fd06aac0 Exception <a 'java/lang/NoSuchMethodError'{0x00000000e9229bf8}: 'java.lang.Object java.lang.invoke.DirectMethodHandle$Holder.invokeStaticInit(java.lang.Object, java.lang.Object, java.lang.Object)'> (0x00000000e9229bf8) 
thrown [s\src\hotspot\share\interpreter\linkResolver.cpp, line 759]
Event: 7.682 Thread 0x00000228fd06aac0 Exception <a 'java/lang/NoSuchMethodError'{0x00000000e9250c60}: 'int java.lang.invoke.DirectMethodHandle$Holder.invokeVirtual(java.lang.Object, java.lang.Object, java.lang.Object)'> (0x00000000e9250c60) 
thrown [s\src\hotspot\share\interpreter\linkResolver.cpp, line 759]
Event: 7.693 Thread 0x00000228fd06b9f0 Exception <a 'java/lang/NoSuchMethodError'{0x00000000ebf66028}: static Lorg/gradle/internal/build/event/types/DefaultOperationFinishedProgressEvent;.<clinit>()V> (0x00000000ebf66028) 
thrown [s\src\hotspot\share\prims\jni.cpp, line 1107]
Event: 7.695 Thread 0x00000228fd06b9f0 Exception <a 'java/lang/NoSuchMethodError'{0x00000000ebf7e048}: static Lorg/gradle/internal/build/event/types/DefaultSuccessResult;.<clinit>()V> (0x00000000ebf7e048) 
thrown [s\src\hotspot\share\prims\jni.cpp, line 1107]
Event: 7.695 Thread 0x00000228fd06b9f0 Exception <a 'java/lang/NoSuchMethodError'{0x00000000ebf7ed38}: static Lorg/gradle/internal/build/event/types/AbstractOperationResult;.<clinit>()V> (0x00000000ebf7ed38) 
thrown [s\src\hotspot\share\prims\jni.cpp, line 1107]
Event: 7.695 Thread 0x00000228fd06b9f0 Exception <a 'java/lang/NoSuchMethodError'{0x00000000ebf7fcf8}: static Lorg/gradle/internal/build/event/types/AbstractResult;.<clinit>()V> (0x00000000ebf7fcf8) 
thrown [s\src\hotspot\share\prims\jni.cpp, line 1107]

VM Operations (20 events):
Event: 3.613 Executing VM operation: Cleanup done
Event: 4.444 Executing VM operation: HandshakeAllThreads
Event: 4.444 Executing VM operation: HandshakeAllThreads done
Event: 5.454 Executing VM operation: Cleanup
Event: 5.455 Executing VM operation: Cleanup done
Event: 6.706 Executing VM operation: HandshakeAllThreads
Event: 6.706 Executing VM operation: HandshakeAllThreads done
Event: 6.706 Executing VM operation: Cleanup
Event: 6.707 Executing VM operation: Cleanup done
Event: 6.786 Executing VM operation: HandshakeAllThreads
Event: 6.786 Executing VM operation: HandshakeAllThreads done
Event: 6.796 Executing VM operation: HandshakeAllThreads
Event: 6.796 Executing VM operation: HandshakeAllThreads done
Event: 7.708 Executing VM operation: HandshakeAllThreads
Event: 7.708 Executing VM operation: HandshakeAllThreads done
Event: 7.708 Executing VM operation: Cleanup
Event: 7.709 Executing VM operation: Cleanup done
Event: 7.709 Executing VM operation: HandshakeAllThreads
Event: 7.709 Executing VM operation: HandshakeAllThreads done
Event: 7.724 Executing VM operation: CollectForMetadataAllocation

Events (20 events):
Event: 7.378 loading class javax/xml/xpath/XPathExpressionException
Event: 7.378 loading class javax/xml/xpath/XPathException
Event: 7.378 loading class javax/xml/xpath/XPathException done
Event: 7.378 loading class javax/xml/xpath/XPathExpressionException done
Event: 7.378 loading class org/xml/sax/ErrorHandler
Event: 7.378 loading class org/xml/sax/ErrorHandler done
Event: 7.627 loading class java/util/function/UnaryOperator
Event: 7.627 loading class java/util/function/UnaryOperator done
Event: 7.637 loading class java/util/concurrent/TimeoutException
Event: 7.637 loading class java/util/concurrent/TimeoutException done
Event: 7.637 loading class java/util/concurrent/CancellationException
Event: 7.637 loading class java/util/concurrent/CancellationException done
Event: 7.665 Thread 0x00000228fd069680 Thread added: 0x00000228fd069680
Event: 7.665 loading class java/util/concurrent/locks/AbstractQueuedSynchronizer$SharedNode
Event: 7.665 loading class java/util/concurrent/locks/AbstractQueuedSynchronizer$SharedNode done
Event: 7.674 loading class java/io/InterruptedIOException
Event: 7.674 loading class java/io/InterruptedIOException done
Event: 7.676 Thread 0x00000228fd068750 Thread added: 0x00000228fd068750
Event: 7.681 loading class java/util/ArrayDeque$DeqSpliterator
Event: 7.681 loading class java/util/ArrayDeque$DeqSpliterator done


Dynamic libraries:
0x00007ff71e120000 - 0x00007ff71e12e000 	C:\Users\Administrator\.jdks\azul-17.0.8.1\bin\java.exe
0x00007ffc28a70000 - 0x00007ffc28c68000 	C:\Windows\SYSTEM32\ntdll.dll
0x00007ffc28540000 - 0x00007ffc285fd000 	C:\Windows\System32\KERNEL32.DLL
0x00007ffc263f0000 - 0x00007ffc266e6000 	C:\Windows\System32\KERNELBASE.dll
0x00007ffc26260000 - 0x00007ffc26360000 	C:\Windows\System32\ucrtbase.dll
0x00007ffc1de20000 - 0x00007ffc1de39000 	C:\Users\Administrator\.jdks\azul-17.0.8.1\bin\jli.dll
0x00007ffc26b20000 - 0x00007ffc26cbe000 	C:\Windows\System32\USER32.dll
0x00007ffc268c0000 - 0x00007ffc268e2000 	C:\Windows\System32\win32u.dll
0x00007ffc1de40000 - 0x00007ffc1de5b000 	C:\Users\Administrator\.jdks\azul-17.0.8.1\bin\VCRUNTIME140.dll
0x00007ffc27060000 - 0x00007ffc2708c000 	C:\Windows\System32\GDI32.dll
0x00007ffc267a0000 - 0x00007ffc268ba000 	C:\Windows\System32\gdi32full.dll
0x00007ffc26140000 - 0x00007ffc261dd000 	C:\Windows\System32\msvcp_win.dll
0x00007ffc11ff0000 - 0x00007ffc1228a000 	C:\Windows\WinSxS\amd64_microsoft.windows.common-controls_6595b64144ccf1df_6.0.19041.3636_none_60b6a03d71f818d5\COMCTL32.dll
0x00007ffc277e0000 - 0x00007ffc2787e000 	C:\Windows\System32\msvcrt.dll
0x00007ffc28510000 - 0x00007ffc28540000 	C:\Windows\System32\IMM32.DLL
0x00007ffc1de10000 - 0x00007ffc1de1c000 	C:\Users\Administrator\.jdks\azul-17.0.8.1\bin\vcruntime140_1.dll
0x00007ffbfc1f0000 - 0x00007ffbfc27d000 	C:\Users\Administrator\.jdks\azul-17.0.8.1\bin\msvcp140.dll
0x00007ffbe1fb0000 - 0x00007ffbe2c18000 	C:\Users\Administrator\.jdks\azul-17.0.8.1\bin\server\jvm.dll
0x00007ffc28690000 - 0x00007ffc28743000 	C:\Windows\System32\ADVAPI32.dll
0x00007ffc27db0000 - 0x00007ffc27e4f000 	C:\Windows\System32\sechost.dll
0x00007ffc28750000 - 0x00007ffc28876000 	C:\Windows\System32\RPCRT4.dll
0x00007ffc26230000 - 0x00007ffc26257000 	C:\Windows\System32\bcrypt.dll
0x00007ffc256e0000 - 0x00007ffc2572b000 	C:\Windows\SYSTEM32\POWRPROF.dll
0x00007ffc14fa0000 - 0x00007ffc14fc7000 	C:\Windows\SYSTEM32\WINMM.dll
0x00007ffc20820000 - 0x00007ffc2082a000 	C:\Windows\SYSTEM32\VERSION.dll
0x00007ffc1dd30000 - 0x00007ffc1dd39000 	C:\Windows\SYSTEM32\WSOCK32.dll
0x00007ffc279d0000 - 0x00007ffc27a3b000 	C:\Windows\System32\ws2_32.DLL
0x00007ffc25550000 - 0x00007ffc25562000 	C:\Windows\SYSTEM32\UMPDC.dll
0x00007ffc24010000 - 0x00007ffc24022000 	C:\Windows\SYSTEM32\kernel.appcore.dll
0x00007ffc0f380000 - 0x00007ffc0f38a000 	C:\Users\Administrator\.jdks\azul-17.0.8.1\bin\jimage.dll
0x00007ffc12cb0000 - 0x00007ffc12e94000 	C:\Windows\SYSTEM32\DBGHELP.DLL
0x00007ffc0b030000 - 0x00007ffc0b064000 	C:\Windows\SYSTEM32\dbgcore.DLL
0x00007ffc26360000 - 0x00007ffc263e2000 	C:\Windows\System32\bcryptPrimitives.dll
0x00007ffc0aa60000 - 0x00007ffc0aa6e000 	C:\Users\Administrator\.jdks\azul-17.0.8.1\bin\instrument.dll
0x00007ffc0aa70000 - 0x00007ffc0aa95000 	C:\Users\Administrator\.jdks\azul-17.0.8.1\bin\java.dll
0x00007ffbfa9a0000 - 0x00007ffbfaa77000 	C:\Users\Administrator\.jdks\azul-17.0.8.1\bin\jsvml.dll
0x00007ffc27090000 - 0x00007ffc277d5000 	C:\Windows\System32\SHELL32.dll
0x00007ffc24210000 - 0x00007ffc249ab000 	C:\Windows\SYSTEM32\windows.storage.dll
0x00007ffc27a40000 - 0x00007ffc27d94000 	C:\Windows\System32\combase.dll
0x00007ffc25b70000 - 0x00007ffc25b9d000 	C:\Windows\SYSTEM32\Wldp.dll
0x00007ffc28460000 - 0x00007ffc2850d000 	C:\Windows\System32\SHCORE.dll
0x00007ffc26de0000 - 0x00007ffc26e35000 	C:\Windows\System32\shlwapi.dll
0x00007ffc26070000 - 0x00007ffc26095000 	C:\Windows\SYSTEM32\profapi.dll
0x00007ffc0abd0000 - 0x00007ffc0abe8000 	C:\Users\Administrator\.jdks\azul-17.0.8.1\bin\zip.dll
0x00007ffc0b2d0000 - 0x00007ffc0b2e9000 	C:\Users\Administrator\.jdks\azul-17.0.8.1\bin\net.dll
0x00007ffc20070000 - 0x00007ffc2017a000 	C:\Windows\SYSTEM32\WINHTTP.dll
0x00007ffc258d0000 - 0x00007ffc2593a000 	C:\Windows\system32\mswsock.dll
0x00007ffc0ad00000 - 0x00007ffc0ad16000 	C:\Users\Administrator\.jdks\azul-17.0.8.1\bin\nio.dll
0x00007ffc0acb0000 - 0x00007ffc0acc0000 	C:\Users\Administrator\.jdks\azul-17.0.8.1\bin\verify.dll
0x00007ffc0a5a0000 - 0x00007ffc0a5c7000 	C:\Users\Administrator\.gradle\native\c067742578af261105cb4f569cf0c3c89f3d7b1fecec35dd04571415982c5e48\windows-amd64\native-platform.dll
0x00007ffbf84a0000 - 0x00007ffbf85e4000 	C:\Users\Administrator\.gradle\native\38dada09dfb8b06ba9b0570ebf7e218e3eb74d4ef43ca46872605cf95ebc2f47\windows-amd64\native-platform-file-events.dll
0x00007ffc0aa50000 - 0x00007ffc0aa59000 	C:\Users\Administrator\.jdks\azul-17.0.8.1\bin\management.dll
0x00007ffc0a590000 - 0x00007ffc0a59b000 	C:\Users\Administrator\.jdks\azul-17.0.8.1\bin\management_ext.dll
0x00007ffc27da0000 - 0x00007ffc27da8000 	C:\Windows\System32\PSAPI.DLL
0x00007ffc25ac0000 - 0x00007ffc25ad8000 	C:\Windows\SYSTEM32\CRYPTSP.dll
0x00007ffc25190000 - 0x00007ffc251c4000 	C:\Windows\system32\rsaenh.dll
0x00007ffc25ff0000 - 0x00007ffc2601e000 	C:\Windows\SYSTEM32\USERENV.dll
0x00007ffc25ae0000 - 0x00007ffc25aec000 	C:\Windows\SYSTEM32\CRYPTBASE.dll
0x00007ffc25570000 - 0x00007ffc255ab000 	C:\Windows\SYSTEM32\IPHLPAPI.DLL
0x00007ffc26e40000 - 0x00007ffc26e48000 	C:\Windows\System32\NSI.dll
0x00007ffc208b0000 - 0x00007ffc208c7000 	C:\Windows\SYSTEM32\dhcpcsvc6.DLL
0x00007ffc20a70000 - 0x00007ffc20a8d000 	C:\Windows\SYSTEM32\dhcpcsvc.DLL
0x00007ffc255c0000 - 0x00007ffc2568a000 	C:\Windows\SYSTEM32\DNSAPI.dll
0x00007ffc0a580000 - 0x00007ffc0a58e000 	C:\Users\Administrator\.jdks\azul-17.0.8.1\bin\sunmscapi.dll
0x00007ffc26960000 - 0x00007ffc26abd000 	C:\Windows\System32\CRYPT32.dll
0x00007ffc25be0000 - 0x00007ffc25c08000 	C:\Windows\SYSTEM32\ncrypt.dll
0x00007ffc25ba0000 - 0x00007ffc25bdb000 	C:\Windows\SYSTEM32\NTASN1.dll
0x00007ffc0def0000 - 0x00007ffc0def7000 	C:\Windows\system32\wshunix.dll

dbghelp: loaded successfully - version: 4.0.5 - missing functions: none
symbol engine: initialized successfully - sym options: 0x614 - pdb path: .;C:\Users\Administrator\.jdks\azul-17.0.8.1\bin;C:\Windows\SYSTEM32;C:\Windows\WinSxS\amd64_microsoft.windows.common-controls_6595b64144ccf1df_6.0.19041.3636_none_60b6a03d71f818d5;C:\Users\Administrator\.jdks\azul-17.0.8.1\bin\server;C:\Users\Administrator\.gradle\native\c067742578af261105cb4f569cf0c3c89f3d7b1fecec35dd04571415982c5e48\windows-amd64;C:\Users\Administrator\.gradle\native\38dada09dfb8b06ba9b0570ebf7e218e3eb74d4ef43ca46872605cf95ebc2f47\windows-amd64

VM Arguments:
jvm_args: --add-opens=java.base/java.util=ALL-UNNAMED --add-opens=java.base/java.lang=ALL-UNNAMED --add-opens=java.base/java.lang.invoke=ALL-UNNAMED --add-opens=java.prefs/java.util.prefs=ALL-UNNAMED --add-opens=java.base/java.nio.charset=ALL-UNNAMED --add-opens=java.base/java.net=ALL-UNNAMED --add-opens=java.base/java.util.concurrent.atomic=ALL-UNNAMED -XX:MaxMetaspaceSize=384m -XX:+HeapDumpOnOutOfMemoryError -Xms256m -Xmx512m -Dfile.encoding=x-windows-949 -Duser.country=KR -Duser.language=ko -Duser.variant -javaagent:C:\Users\Administrator\.gradle\wrapper\dists\gradle-8.5-bin\5t9huq95ubn472n8rpzujfbqh\gradle-8.5\lib\agents\gradle-instrumentation-agent-8.5.jar 
java_command: org.gradle.launcher.daemon.bootstrap.GradleDaemon 8.5
java_class_path (initial): C:\Users\Administrator\.gradle\wrapper\dists\gradle-8.5-bin\5t9huq95ubn472n8rpzujfbqh\gradle-8.5\lib\gradle-launcher-8.5.jar
Launcher Type: SUN_STANDARD

[Global flags]
     intx CICompilerCount                          = 4                                         {product} {ergonomic}
   size_t CompressedClassSpaceSize                 = 335544320                                 {product} {ergonomic}
     uint ConcGCThreads                            = 3                                         {product} {ergonomic}
     uint G1ConcRefinementThreads                  = 10                                        {product} {ergonomic}
   size_t G1HeapRegionSize                         = 1048576                                   {product} {ergonomic}
    uintx GCDrainStackTargetSize                   = 64                                        {product} {ergonomic}
     bool HeapDumpOnOutOfMemoryError               = true                                   {manageable} {command line}
   size_t InitialHeapSize                          = 268435456                                 {product} {command line}
   size_t MarkStackSize                            = 4194304                                   {product} {ergonomic}
   size_t MaxHeapSize                              = 536870912                                 {product} {command line}
   size_t MaxMetaspaceSize                         = 402653184                                 {product} {command line}
   size_t MaxNewSize                               = 321912832                                 {product} {ergonomic}
   size_t MinHeapDeltaBytes                        = 1048576                                   {product} {ergonomic}
   size_t MinHeapSize                              = 268435456                                 {product} {command line}
    uintx NonNMethodCodeHeapSize                   = 5839372                                {pd product} {ergonomic}
    uintx NonProfiledCodeHeapSize                  = 122909434                              {pd product} {ergonomic}
    uintx ProfiledCodeHeapSize                     = 122909434                              {pd product} {ergonomic}
    uintx ReservedCodeCacheSize                    = 251658240                              {pd product} {ergonomic}
     bool SegmentedCodeCache                       = true                                      {product} {ergonomic}
   size_t SoftMaxHeapSize                          = 536870912                              {manageable} {ergonomic}
     bool UseCompressedClassPointers               = true                           {product lp64_product} {ergonomic}
     bool UseCompressedOops                        = true                           {product lp64_product} {ergonomic}
     bool UseG1GC                                  = true                                      {product} {ergonomic}
     bool UseLargePagesIndividualAllocation        = false                                  {pd product} {ergonomic}

Logging:
Log output configuration:
 #0: stdout all=warning uptime,level,tags
 #1: stderr all=off uptime,level,tags

Environment Variables:
JAVA_HOME=C:\Users\Administrator\.jdks\azul-17.0.8.1
CLASSPATH=C:\Users\Administrator\.jdks\azul-17.0.8.1\lib
PATH=C:\Program Files (x86)\Common Files\Intel\Shared Libraries\redist\intel64_win\compiler;C:\Program Files (x86)\Common Files\Intel\Shared Libraries\redist\intel64\compiler;C:\Windows\system32;C:\Windows;C:\Windows\System32\Wbem;C:\Windows\System32\WindowsPowerShell\v1.0\;C:\Windows\System32\OpenSSH\;C:\Program Files\Bandizip\;C:\Program Files\Git\cmd;C:\Users\Administrator\.jdks\azul-17.0.8.1\bin;C:\Users\Administrator\AppData\Local\Microsoft\WindowsApps;;C:\Users\Administrator\AppData\Local\Programs\Microsoft VS Code\bin;C:\Program Files\JetBrains\IntelliJ IDEA 2023.2.2\bin;
USERNAME=Administrator
OS=Windows_NT
PROCESSOR_IDENTIFIER=Intel64 Family 6 Model 158 Stepping 10, GenuineIntel
TMP=C:\Users\ADMINI~1\AppData\Local\Temp
TEMP=C:\Users\ADMINI~1\AppData\Local\Temp



---------------  S Y S T E M  ---------------

OS:
 Windows 10 , 64 bit Build 19041 (10.0.19041.3636)
OS uptime: 0 days 3:58 hours

CPU: total 12 (initial active 12) (6 cores per cpu, 2 threads per core) family 6 model 158 stepping 10 microcode 0xb4, cx8, cmov, fxsr, ht, mmx, 3dnowpref, sse, sse2, sse3, ssse3, sse4.1, sse4.2, popcnt, lzcnt, tsc, tscinvbit, avx, avx2, aes, erms, clmul, bmi1, bmi2, rtm, adx, fma, vzeroupper, clflush, clflushopt
Processor Information for all 12 processors :
  Max Mhz: 3192, Current Mhz: 3192, Mhz Limit: 3192

Memory: 4k page, system-wide physical 16301M (4029M free)
TotalPageFile size 20796M (AvailPageFile size 2140M)
current process WorkingSet (physical memory assigned to process): 260M, peak: 260M
current process commit charge ("private bytes"): 438M, peak: 440M

vm_info: OpenJDK 64-Bit Server VM (17.0.8.1+1-LTS) for windows-amd64 JRE (17.0.8.1+1-LTS) (Zulu17.44+53-CA), built on Aug 23 2023 12:46:03 by "zulu_re" with MS VC++ 16.10 / 16.11 (VS2019)

END.
