[2024-01-10 10:07:24 [32mINFO [0;39m restartedMain] [com.green.greengram4.Greengram5Application] [36mStarting Greengram4Application using Java 17.0.8.1 with PID 4368 (D:\Students\kth\greengram4\build\classes\java\main started by Administrator in D:\Students\kth\greengram4)[0;39m
[2024-01-10 10:07:24 [32mINFO [0;39m restartedMain] [com.green.greengram4.Greengram5Application] [36mNo active profile set, falling back to 1 default profile: "default"[0;39m
[2024-01-10 10:07:24 [32mINFO [0;39m restartedMain] [org.springframework.boot.devtools.env.DevToolsPropertyDefaultsPostProcessor] [36mDevtools property defaults active! Set 'spring.devtools.add-properties' to 'false' to disable[0;39m
[2024-01-10 10:07:24 [32mINFO [0;39m restartedMain] [org.springframework.boot.devtools.env.DevToolsPropertyDefaultsPostProcessor] [36mFor additional web related logging consider setting the 'logging.level.web' property to 'DEBUG'[0;39m
[2024-01-10 10:07:25 [32mINFO [0;39m restartedMain] [org.springframework.boot.web.embedded.tomcat.TomcatWebServer] [36mTomcat initialized with port 8080 (http)[0;39m
[2024-01-10 10:07:25 [32mINFO [0;39m restartedMain] [org.apache.coyote.http11.Http11NioProtocol] [36mInitializing ProtocolHandler ["http-nio-8080"][0;39m
[2024-01-10 10:07:25 [32mINFO [0;39m restartedMain] [org.apache.catalina.core.StandardService] [36mStarting service [Tomcat][0;39m
[2024-01-10 10:07:25 [32mINFO [0;39m restartedMain] [org.apache.catalina.core.StandardEngine] [36mStarting Servlet engine: [Apache Tomcat/10.1.17][0;39m
[2024-01-10 10:07:25 [32mINFO [0;39m restartedMain] [org.apache.catalina.core.ContainerBase.[Tomcat].[localhost].[/]] [36mInitializing Spring embedded WebApplicationContext[0;39m
[2024-01-10 10:07:25 [32mINFO [0;39m restartedMain] [org.springframework.boot.web.servlet.context.ServletWebServerApplicationContext] [36mRoot WebApplicationContext: initialization completed in 1105 ms[0;39m
[2024-01-10 10:07:25 [32mINFO [0;39m restartedMain] [com.green.greengram4.common.FirebaseConfiguration] [36mFirebaseApp Initialization Complete !!![0;39m
[2024-01-10 10:07:25 [33mWARN [0;39m restartedMain] [org.springframework.boot.autoconfigure.security.servlet.UserDetailsServiceAutoConfiguration] [36m

Using generated security password: b9257855-6ec8-4a42-ae32-bb865e718a6d

This generated password is for development use only. Your security configuration must be updated before running your application in production.
[0;39m
[2024-01-10 10:07:25 [32mINFO [0;39m restartedMain] [org.springframework.boot.autoconfigure.web.servlet.WelcomePageHandlerMapping] [36mAdding welcome page: class path resource [static/index.html][0;39m
[2024-01-10 10:07:25 [32mINFO [0;39m restartedMain] [org.springframework.security.web.DefaultSecurityFilterChain] [36mWill secure any request with [org.springframework.security.web.session.DisableEncodeUrlFilter@1f518fc3, org.springframework.security.web.context.request.async.WebAsyncManagerIntegrationFilter@371bc3d8, org.springframework.security.web.context.SecurityContextHolderFilter@4196f8e7, org.springframework.security.web.header.HeaderWriterFilter@9ae4e01, org.springframework.web.filter.CorsFilter@6b819c53, org.springframework.security.web.authentication.logout.LogoutFilter@443a591, com.green.greengram4.security.JwtAuthenticationFilter@7e4dbee7, org.springframework.security.web.savedrequest.RequestCacheAwareFilter@19c557eb, org.springframework.security.web.servletapi.SecurityContextHolderAwareRequestFilter@98c9867, org.springframework.security.web.authentication.AnonymousAuthenticationFilter@55f51b60, org.springframework.security.web.session.SessionManagementFilter@3a64b747, org.springframework.security.web.access.ExceptionTranslationFilter@4de5d263, org.springframework.security.web.access.intercept.AuthorizationFilter@4a8c5dcc][0;39m
[2024-01-10 10:07:26 [32mINFO [0;39m restartedMain] [org.springframework.boot.devtools.autoconfigure.OptionalLiveReloadServer] [36mLiveReload server is running on port 35729[0;39m
[2024-01-10 10:07:26 [32mINFO [0;39m restartedMain] [org.apache.coyote.http11.Http11NioProtocol] [36mStarting ProtocolHandler ["http-nio-8080"][0;39m
[2024-01-10 10:07:26 [32mINFO [0;39m restartedMain] [org.springframework.boot.web.embedded.tomcat.TomcatWebServer] [36mTomcat started on port 8080 (http) with context path ''[0;39m
[2024-01-10 10:07:26 [32mINFO [0;39m restartedMain] [com.green.greengram4.Greengram5Application] [36mStarted Greengram4Application in 2.403 seconds (process running for 3.284)[0;39m
[2024-01-10 10:07:50 [32mINFO [0;39m http-nio-8080-exec-1] [org.apache.catalina.core.ContainerBase.[Tomcat].[localhost].[/]] [36mInitializing Spring DispatcherServlet 'dispatcherServlet'[0;39m
[2024-01-10 10:07:50 [32mINFO [0;39m http-nio-8080-exec-1] [org.springframework.web.servlet.DispatcherServlet] [36mInitializing Servlet 'dispatcherServlet'[0;39m
[2024-01-10 10:07:50 [32mINFO [0;39m http-nio-8080-exec-1] [org.springframework.web.servlet.DispatcherServlet] [36mCompleted initialization in 1 ms[0;39m
[2024-01-10 10:07:50 [32mINFO [0;39m http-nio-8080-exec-1] [com.green.greengram4.security.JwtAuthenticationFilter] [36mtoken : null[0;39m
[2024-01-10 10:07:50 [32mINFO [0;39m http-nio-8080-exec-2] [com.green.greengram4.security.JwtAuthenticationFilter] [36mtoken : null[0;39m
[2024-01-10 10:07:50 [32mINFO [0;39m http-nio-8080-exec-3] [com.green.greengram4.security.JwtAuthenticationFilter] [36mtoken : null[0;39m
[2024-01-10 10:07:50 [32mINFO [0;39m http-nio-8080-exec-5] [com.green.greengram4.security.JwtAuthenticationFilter] [36mtoken : null[0;39m
[2024-01-10 10:07:50 [32mINFO [0;39m http-nio-8080-exec-5] [org.springdoc.api.AbstractOpenApiResource] [36mInit duration for springdoc-openapi is: 185 ms[0;39m
[2024-01-10 10:08:01 [32mINFO [0;39m http-nio-8080-exec-4] [com.green.greengram4.security.JwtAuthenticationFilter] [36mtoken : null[0;39m
[2024-01-10 10:08:01 [32mINFO [0;39m http-nio-8080-exec-4] [com.zaxxer.hikari.HikariDataSource] [36mHikariPool-1 - Starting...[0;39m
[2024-01-10 10:08:01 [32mINFO [0;39m http-nio-8080-exec-4] [com.zaxxer.hikari.pool.HikariPool] [36mHikariPool-1 - Added connection org.mariadb.jdbc.Connection@53e4e26a[0;39m
[2024-01-10 10:08:01 [32mINFO [0;39m http-nio-8080-exec-4] [com.zaxxer.hikari.HikariDataSource] [36mHikariPool-1 - Start completed.[0;39m
[2024-01-10 10:09:30 [32mINFO [0;39m http-nio-8080-exec-8] [com.green.greengram4.security.JwtAuthenticationFilter] [36mtoken : eyJhbGciOiJIUzI1NiJ9.eyJ1c2VyIjoie1wiaXVzZXJcIjo3fSIsImlhdCI6MTcwNDg0ODg4MSwiZXhwIjoxNzA0ODU2MDgxfQ.QXQ6myqemNMlXUTQb6c902KcexyHeeJrNOrcfGvWgAA[0;39m
[2024-01-10 10:10:43 [33mWARN [0;39m HikariPool-1 housekeeper] [com.zaxxer.hikari.pool.HikariPool] [36mHikariPool-1 - Thread starvation or clock leap detected (housekeeper delta=1m41s939ms842µs500ns).[0;39m
[2024-01-10 10:10:43 [32mINFO [0;39m http-nio-8080-exec-8] [com.green.greengram4.feed.FeedService] [36mfeedResult : 1[0;39m
[2024-01-10 10:10:43 [32mINFO [0;39m http-nio-8080-exec-8] [com.green.greengram4.feed.FeedService] [36mpicsResult : 1[0;39m
[2024-01-10 10:10:43 [32mINFO [0;39m SpringApplicationShutdownHook] [com.zaxxer.hikari.HikariDataSource] [36mHikariPool-1 - Shutdown initiated...[0;39m
[2024-01-10 10:10:43 [32mINFO [0;39m SpringApplicationShutdownHook] [com.zaxxer.hikari.HikariDataSource] [36mHikariPool-1 - Shutdown completed.[0;39m
[2024-01-10 10:10:51 [32mINFO [0;39m restartedMain] [com.green.greengram4.Greengram5Application] [36mStarting Greengram4Application using Java 17.0.8.1 with PID 4900 (D:\Students\kth\greengram4\build\classes\java\main started by Administrator in D:\Students\kth\greengram4)[0;39m
[2024-01-10 10:10:51 [32mINFO [0;39m restartedMain] [com.green.greengram4.Greengram5Application] [36mNo active profile set, falling back to 1 default profile: "default"[0;39m
[2024-01-10 10:10:51 [32mINFO [0;39m restartedMain] [org.springframework.boot.devtools.env.DevToolsPropertyDefaultsPostProcessor] [36mDevtools property defaults active! Set 'spring.devtools.add-properties' to 'false' to disable[0;39m
[2024-01-10 10:10:51 [32mINFO [0;39m restartedMain] [org.springframework.boot.devtools.env.DevToolsPropertyDefaultsPostProcessor] [36mFor additional web related logging consider setting the 'logging.level.web' property to 'DEBUG'[0;39m
[2024-01-10 10:10:52 [32mINFO [0;39m restartedMain] [org.springframework.boot.web.embedded.tomcat.TomcatWebServer] [36mTomcat initialized with port 8080 (http)[0;39m
[2024-01-10 10:10:52 [32mINFO [0;39m restartedMain] [org.apache.coyote.http11.Http11NioProtocol] [36mInitializing ProtocolHandler ["http-nio-8080"][0;39m
[2024-01-10 10:10:52 [32mINFO [0;39m restartedMain] [org.apache.catalina.core.StandardService] [36mStarting service [Tomcat][0;39m
[2024-01-10 10:10:52 [32mINFO [0;39m restartedMain] [org.apache.catalina.core.StandardEngine] [36mStarting Servlet engine: [Apache Tomcat/10.1.17][0;39m
[2024-01-10 10:10:52 [32mINFO [0;39m restartedMain] [org.apache.catalina.core.ContainerBase.[Tomcat].[localhost].[/]] [36mInitializing Spring embedded WebApplicationContext[0;39m
[2024-01-10 10:10:52 [32mINFO [0;39m restartedMain] [org.springframework.boot.web.servlet.context.ServletWebServerApplicationContext] [36mRoot WebApplicationContext: initialization completed in 929 ms[0;39m
[2024-01-10 10:10:52 [32mINFO [0;39m restartedMain] [com.green.greengram4.common.FirebaseConfiguration] [36mFirebaseApp Initialization Complete !!![0;39m
[2024-01-10 10:10:52 [33mWARN [0;39m restartedMain] [org.springframework.boot.autoconfigure.security.servlet.UserDetailsServiceAutoConfiguration] [36m

Using generated security password: 71e5b919-951b-430a-80a1-02c8529c5b96

This generated password is for development use only. Your security configuration must be updated before running your application in production.
[0;39m
[2024-01-10 10:10:52 [32mINFO [0;39m restartedMain] [org.springframework.boot.autoconfigure.web.servlet.WelcomePageHandlerMapping] [36mAdding welcome page: class path resource [static/index.html][0;39m
[2024-01-10 10:10:52 [32mINFO [0;39m restartedMain] [org.springframework.security.web.DefaultSecurityFilterChain] [36mWill secure any request with [org.springframework.security.web.session.DisableEncodeUrlFilter@1f518fc3, org.springframework.security.web.context.request.async.WebAsyncManagerIntegrationFilter@371bc3d8, org.springframework.security.web.context.SecurityContextHolderFilter@4196f8e7, org.springframework.security.web.header.HeaderWriterFilter@9ae4e01, org.springframework.web.filter.CorsFilter@6b819c53, org.springframework.security.web.authentication.logout.LogoutFilter@443a591, com.green.greengram4.security.JwtAuthenticationFilter@7e4dbee7, org.springframework.security.web.savedrequest.RequestCacheAwareFilter@19c557eb, org.springframework.security.web.servletapi.SecurityContextHolderAwareRequestFilter@98c9867, org.springframework.security.web.authentication.AnonymousAuthenticationFilter@55f51b60, org.springframework.security.web.session.SessionManagementFilter@3a64b747, org.springframework.security.web.access.ExceptionTranslationFilter@4de5d263, org.springframework.security.web.access.intercept.AuthorizationFilter@4a8c5dcc][0;39m
[2024-01-10 10:10:52 [32mINFO [0;39m restartedMain] [org.springframework.boot.devtools.autoconfigure.OptionalLiveReloadServer] [36mLiveReload server is running on port 35729[0;39m
[2024-01-10 10:10:52 [32mINFO [0;39m restartedMain] [org.apache.coyote.http11.Http11NioProtocol] [36mStarting ProtocolHandler ["http-nio-8080"][0;39m
[2024-01-10 10:10:52 [32mINFO [0;39m restartedMain] [org.springframework.boot.web.embedded.tomcat.TomcatWebServer] [36mTomcat started on port 8080 (http) with context path ''[0;39m
[2024-01-10 10:10:52 [32mINFO [0;39m restartedMain] [com.green.greengram4.Greengram5Application] [36mStarted Greengram4Application in 2.031 seconds (process running for 2.471)[0;39m
[2024-01-10 10:10:54 [32mINFO [0;39m http-nio-8080-exec-1] [org.apache.catalina.core.ContainerBase.[Tomcat].[localhost].[/]] [36mInitializing Spring DispatcherServlet 'dispatcherServlet'[0;39m
[2024-01-10 10:10:54 [32mINFO [0;39m http-nio-8080-exec-1] [org.springframework.web.servlet.DispatcherServlet] [36mInitializing Servlet 'dispatcherServlet'[0;39m
[2024-01-10 10:10:54 [32mINFO [0;39m http-nio-8080-exec-1] [org.springframework.web.servlet.DispatcherServlet] [36mCompleted initialization in 2 ms[0;39m
[2024-01-10 10:10:54 [32mINFO [0;39m http-nio-8080-exec-1] [com.green.greengram4.security.JwtAuthenticationFilter] [36mtoken : eyJhbGciOiJIUzI1NiJ9.eyJ1c2VyIjoie1wiaXVzZXJcIjo3fSIsImlhdCI6MTcwNDg0ODg4MSwiZXhwIjoxNzA0ODU2MDgxfQ.QXQ6myqemNMlXUTQb6c902KcexyHeeJrNOrcfGvWgAA[0;39m
[2024-01-10 10:11:12 [32mINFO [0;39m http-nio-8080-exec-1] [com.zaxxer.hikari.HikariDataSource] [36mHikariPool-1 - Starting...[0;39m
[2024-01-10 10:11:12 [32mINFO [0;39m http-nio-8080-exec-1] [com.zaxxer.hikari.pool.HikariPool] [36mHikariPool-1 - Added connection org.mariadb.jdbc.Connection@6a7803a8[0;39m
[2024-01-10 10:11:12 [32mINFO [0;39m http-nio-8080-exec-1] [com.zaxxer.hikari.HikariDataSource] [36mHikariPool-1 - Start completed.[0;39m
[2024-01-10 10:11:12 [32mINFO [0;39m http-nio-8080-exec-1] [com.green.greengram4.feed.FeedService] [36mfeedResult : 1[0;39m
[2024-01-10 10:11:12 [32mINFO [0;39m http-nio-8080-exec-1] [com.green.greengram4.feed.FeedService] [36mpicsResult : 1[0;39m
[2024-01-10 10:11:12 [32mINFO [0;39m SpringApplicationShutdownHook] [com.zaxxer.hikari.HikariDataSource] [36mHikariPool-1 - Shutdown initiated...[0;39m
[2024-01-10 10:11:12 [32mINFO [0;39m SpringApplicationShutdownHook] [com.zaxxer.hikari.HikariDataSource] [36mHikariPool-1 - Shutdown completed.[0;39m
[2024-01-10 10:33:39 [32mINFO [0;39m restartedMain] [com.green.greengram4.Greengram5Application] [36mStarting Greengram4Application using Java 17.0.8.1 with PID 8604 (D:\Students\kth\greengram4\build\classes\java\main started by Administrator in D:\Students\kth\greengram4)[0;39m
[2024-01-10 10:33:39 [32mINFO [0;39m restartedMain] [com.green.greengram4.Greengram5Application] [36mNo active profile set, falling back to 1 default profile: "default"[0;39m
[2024-01-10 10:33:39 [32mINFO [0;39m restartedMain] [org.springframework.boot.devtools.env.DevToolsPropertyDefaultsPostProcessor] [36mDevtools property defaults active! Set 'spring.devtools.add-properties' to 'false' to disable[0;39m
[2024-01-10 10:33:39 [32mINFO [0;39m restartedMain] [org.springframework.boot.devtools.env.DevToolsPropertyDefaultsPostProcessor] [36mFor additional web related logging consider setting the 'logging.level.web' property to 'DEBUG'[0;39m
[2024-01-10 10:33:40 [32mINFO [0;39m restartedMain] [org.springframework.boot.web.embedded.tomcat.TomcatWebServer] [36mTomcat initialized with port 8080 (http)[0;39m
[2024-01-10 10:33:40 [32mINFO [0;39m restartedMain] [org.apache.coyote.http11.Http11NioProtocol] [36mInitializing ProtocolHandler ["http-nio-8080"][0;39m
[2024-01-10 10:33:40 [32mINFO [0;39m restartedMain] [org.apache.catalina.core.StandardService] [36mStarting service [Tomcat][0;39m
[2024-01-10 10:33:40 [32mINFO [0;39m restartedMain] [org.apache.catalina.core.StandardEngine] [36mStarting Servlet engine: [Apache Tomcat/10.1.17][0;39m
[2024-01-10 10:33:40 [32mINFO [0;39m restartedMain] [org.apache.catalina.core.ContainerBase.[Tomcat].[localhost].[/]] [36mInitializing Spring embedded WebApplicationContext[0;39m
[2024-01-10 10:33:40 [32mINFO [0;39m restartedMain] [org.springframework.boot.web.servlet.context.ServletWebServerApplicationContext] [36mRoot WebApplicationContext: initialization completed in 947 ms[0;39m
[2024-01-10 10:33:40 [32mINFO [0;39m restartedMain] [com.green.greengram4.common.FirebaseConfiguration] [36mFirebaseApp Initialization Complete !!![0;39m
[2024-01-10 10:33:40 [33mWARN [0;39m restartedMain] [org.springframework.boot.autoconfigure.security.servlet.UserDetailsServiceAutoConfiguration] [36m

Using generated security password: ba8dacbf-7ec6-4f03-b300-25e064ec2b91

This generated password is for development use only. Your security configuration must be updated before running your application in production.
[0;39m
[2024-01-10 10:33:40 [32mINFO [0;39m restartedMain] [org.springframework.boot.autoconfigure.web.servlet.WelcomePageHandlerMapping] [36mAdding welcome page: class path resource [static/index.html][0;39m
[2024-01-10 10:33:40 [32mINFO [0;39m restartedMain] [org.springframework.security.web.DefaultSecurityFilterChain] [36mWill secure any request with [org.springframework.security.web.session.DisableEncodeUrlFilter@488ed883, org.springframework.security.web.context.request.async.WebAsyncManagerIntegrationFilter@1f518fc3, org.springframework.security.web.context.SecurityContextHolderFilter@10300d31, org.springframework.security.web.header.HeaderWriterFilter@74a4a087, org.springframework.web.filter.CorsFilter@371bc3d8, org.springframework.security.web.authentication.logout.LogoutFilter@5125edf, com.green.greengram4.security.JwtAuthenticationFilter@782ec79d, org.springframework.security.web.savedrequest.RequestCacheAwareFilter@5ed7b11d, org.springframework.security.web.servletapi.SecurityContextHolderAwareRequestFilter@19c557eb, org.springframework.security.web.authentication.AnonymousAuthenticationFilter@6b819c53, org.springframework.security.web.session.SessionManagementFilter@597110c0, org.springframework.security.web.access.ExceptionTranslationFilter@238e6034, org.springframework.security.web.access.intercept.AuthorizationFilter@14786e07][0;39m
[2024-01-10 10:33:41 [32mINFO [0;39m restartedMain] [org.springframework.boot.devtools.autoconfigure.OptionalLiveReloadServer] [36mLiveReload server is running on port 35729[0;39m
[2024-01-10 10:33:41 [32mINFO [0;39m restartedMain] [org.apache.coyote.http11.Http11NioProtocol] [36mStarting ProtocolHandler ["http-nio-8080"][0;39m
[2024-01-10 10:33:41 [32mINFO [0;39m restartedMain] [org.springframework.boot.web.embedded.tomcat.TomcatWebServer] [36mTomcat started on port 8080 (http) with context path ''[0;39m
[2024-01-10 10:33:41 [32mINFO [0;39m restartedMain] [com.green.greengram4.Greengram5Application] [36mStarted Greengram4Application in 2.381 seconds (process running for 2.82)[0;39m
[2024-01-10 10:33:47 [32mINFO [0;39m http-nio-8080-exec-2] [org.apache.catalina.core.ContainerBase.[Tomcat].[localhost].[/]] [36mInitializing Spring DispatcherServlet 'dispatcherServlet'[0;39m
[2024-01-10 10:33:47 [32mINFO [0;39m http-nio-8080-exec-2] [org.springframework.web.servlet.DispatcherServlet] [36mInitializing Servlet 'dispatcherServlet'[0;39m
[2024-01-10 10:33:47 [32mINFO [0;39m http-nio-8080-exec-2] [org.springframework.web.servlet.DispatcherServlet] [36mCompleted initialization in 1 ms[0;39m
[2024-01-10 10:33:48 [32mINFO [0;39m http-nio-8080-exec-2] [com.green.greengram4.security.JwtAuthenticationFilter] [36mtoken : eyJhbGciOiJIUzI1NiJ9.eyJ1c2VyIjoie1wiaXVzZXJcIjo3fSIsImlhdCI6MTcwNDg0ODg4MSwiZXhwIjoxNzA0ODU2MDgxfQ.QXQ6myqemNMlXUTQb6c902KcexyHeeJrNOrcfGvWgAA[0;39m
[2024-01-10 10:33:48 [32mINFO [0;39m http-nio-8080-exec-2] [com.zaxxer.hikari.HikariDataSource] [36mHikariPool-1 - Starting...[0;39m
[2024-01-10 10:33:48 [32mINFO [0;39m http-nio-8080-exec-2] [com.zaxxer.hikari.pool.HikariPool] [36mHikariPool-1 - Added connection org.mariadb.jdbc.Connection@51d4af9d[0;39m
[2024-01-10 10:33:48 [32mINFO [0;39m http-nio-8080-exec-2] [com.zaxxer.hikari.HikariDataSource] [36mHikariPool-1 - Start completed.[0;39m
[2024-01-10 10:33:54 [32mINFO [0;39m SpringApplicationShutdownHook] [com.zaxxer.hikari.HikariDataSource] [36mHikariPool-1 - Shutdown initiated...[0;39m
[2024-01-10 10:33:54 [32mINFO [0;39m SpringApplicationShutdownHook] [com.zaxxer.hikari.HikariDataSource] [36mHikariPool-1 - Shutdown completed.[0;39m
[2024-01-10 10:33:58 [32mINFO [0;39m restartedMain] [com.green.greengram4.Greengram5Application] [36mStarting Greengram4Application using Java 17.0.8.1 with PID 6688 (D:\Students\kth\greengram4\build\classes\java\main started by Administrator in D:\Students\kth\greengram4)[0;39m
[2024-01-10 10:33:58 [32mINFO [0;39m restartedMain] [com.green.greengram4.Greengram5Application] [36mNo active profile set, falling back to 1 default profile: "default"[0;39m
[2024-01-10 10:33:58 [32mINFO [0;39m restartedMain] [org.springframework.boot.devtools.env.DevToolsPropertyDefaultsPostProcessor] [36mDevtools property defaults active! Set 'spring.devtools.add-properties' to 'false' to disable[0;39m
[2024-01-10 10:33:58 [32mINFO [0;39m restartedMain] [org.springframework.boot.devtools.env.DevToolsPropertyDefaultsPostProcessor] [36mFor additional web related logging consider setting the 'logging.level.web' property to 'DEBUG'[0;39m
[2024-01-10 10:33:59 [32mINFO [0;39m restartedMain] [org.springframework.boot.web.embedded.tomcat.TomcatWebServer] [36mTomcat initialized with port 8080 (http)[0;39m
[2024-01-10 10:33:59 [32mINFO [0;39m restartedMain] [org.apache.coyote.http11.Http11NioProtocol] [36mInitializing ProtocolHandler ["http-nio-8080"][0;39m
[2024-01-10 10:33:59 [32mINFO [0;39m restartedMain] [org.apache.catalina.core.StandardService] [36mStarting service [Tomcat][0;39m
[2024-01-10 10:33:59 [32mINFO [0;39m restartedMain] [org.apache.catalina.core.StandardEngine] [36mStarting Servlet engine: [Apache Tomcat/10.1.17][0;39m
[2024-01-10 10:33:59 [32mINFO [0;39m restartedMain] [org.apache.catalina.core.ContainerBase.[Tomcat].[localhost].[/]] [36mInitializing Spring embedded WebApplicationContext[0;39m
[2024-01-10 10:33:59 [32mINFO [0;39m restartedMain] [org.springframework.boot.web.servlet.context.ServletWebServerApplicationContext] [36mRoot WebApplicationContext: initialization completed in 927 ms[0;39m
[2024-01-10 10:33:59 [32mINFO [0;39m restartedMain] [com.green.greengram4.common.FirebaseConfiguration] [36mFirebaseApp Initialization Complete !!![0;39m
[2024-01-10 10:33:59 [33mWARN [0;39m restartedMain] [org.springframework.boot.autoconfigure.security.servlet.UserDetailsServiceAutoConfiguration] [36m

Using generated security password: 265ae295-53c3-460f-a70e-b3ed766416a5

This generated password is for development use only. Your security configuration must be updated before running your application in production.
[0;39m
[2024-01-10 10:33:59 [32mINFO [0;39m restartedMain] [org.springframework.boot.autoconfigure.web.servlet.WelcomePageHandlerMapping] [36mAdding welcome page: class path resource [static/index.html][0;39m
[2024-01-10 10:34:00 [32mINFO [0;39m restartedMain] [org.springframework.security.web.DefaultSecurityFilterChain] [36mWill secure any request with [org.springframework.security.web.session.DisableEncodeUrlFilter@23b22142, org.springframework.security.web.context.request.async.WebAsyncManagerIntegrationFilter@747e36d0, org.springframework.security.web.context.SecurityContextHolderFilter@50e9e901, org.springframework.security.web.header.HeaderWriterFilter@34d9857, org.springframework.web.filter.CorsFilter@7d3c7d6e, org.springframework.security.web.authentication.logout.LogoutFilter@12bc952, com.green.greengram4.security.JwtAuthenticationFilter@5604ef9c, org.springframework.security.web.savedrequest.RequestCacheAwareFilter@215d093e, org.springframework.security.web.servletapi.SecurityContextHolderAwareRequestFilter@16d105f7, org.springframework.security.web.authentication.AnonymousAuthenticationFilter@46846978, org.springframework.security.web.session.SessionManagementFilter@2f406a1e, org.springframework.security.web.access.ExceptionTranslationFilter@265223e9, org.springframework.security.web.access.intercept.AuthorizationFilter@10d8e86c][0;39m
[2024-01-10 10:34:00 [32mINFO [0;39m restartedMain] [org.springframework.boot.devtools.autoconfigure.OptionalLiveReloadServer] [36mLiveReload server is running on port 35729[0;39m
[2024-01-10 10:34:00 [32mINFO [0;39m restartedMain] [org.apache.coyote.http11.Http11NioProtocol] [36mStarting ProtocolHandler ["http-nio-8080"][0;39m
[2024-01-10 10:34:00 [32mINFO [0;39m restartedMain] [org.springframework.boot.web.embedded.tomcat.TomcatWebServer] [36mTomcat started on port 8080 (http) with context path ''[0;39m
[2024-01-10 10:34:00 [32mINFO [0;39m restartedMain] [com.green.greengram4.Greengram5Application] [36mStarted Greengram4Application in 2.01 seconds (process running for 2.445)[0;39m
[2024-01-10 10:34:02 [32mINFO [0;39m http-nio-8080-exec-1] [org.apache.catalina.core.ContainerBase.[Tomcat].[localhost].[/]] [36mInitializing Spring DispatcherServlet 'dispatcherServlet'[0;39m
[2024-01-10 10:34:02 [32mINFO [0;39m http-nio-8080-exec-1] [org.springframework.web.servlet.DispatcherServlet] [36mInitializing Servlet 'dispatcherServlet'[0;39m
[2024-01-10 10:34:02 [32mINFO [0;39m http-nio-8080-exec-1] [org.springframework.web.servlet.DispatcherServlet] [36mCompleted initialization in 0 ms[0;39m
[2024-01-10 10:34:02 [32mINFO [0;39m http-nio-8080-exec-1] [com.green.greengram4.security.JwtAuthenticationFilter] [36mtoken : eyJhbGciOiJIUzI1NiJ9.eyJ1c2VyIjoie1wiaXVzZXJcIjo3fSIsImlhdCI6MTcwNDg0ODg4MSwiZXhwIjoxNzA0ODU2MDgxfQ.QXQ6myqemNMlXUTQb6c902KcexyHeeJrNOrcfGvWgAA[0;39m
[2024-01-10 10:34:02 [32mINFO [0;39m http-nio-8080-exec-1] [com.zaxxer.hikari.HikariDataSource] [36mHikariPool-1 - Starting...[0;39m
[2024-01-10 10:34:02 [32mINFO [0;39m http-nio-8080-exec-1] [com.zaxxer.hikari.pool.HikariPool] [36mHikariPool-1 - Added connection org.mariadb.jdbc.Connection@f2dccd3[0;39m
[2024-01-10 10:34:02 [32mINFO [0;39m http-nio-8080-exec-1] [com.zaxxer.hikari.HikariDataSource] [36mHikariPool-1 - Start completed.[0;39m
[2024-01-10 10:34:33 [32mINFO [0;39m SpringApplicationShutdownHook] [com.zaxxer.hikari.HikariDataSource] [36mHikariPool-1 - Shutdown initiated...[0;39m
[2024-01-10 10:34:33 [32mINFO [0;39m SpringApplicationShutdownHook] [com.zaxxer.hikari.HikariDataSource] [36mHikariPool-1 - Shutdown completed.[0;39m
[2024-01-10 10:34:35 [32mINFO [0;39m restartedMain] [com.green.greengram4.Greengram5Application] [36mStarting Greengram4Application using Java 17.0.8.1 with PID 2324 (D:\Students\kth\greengram4\build\classes\java\main started by Administrator in D:\Students\kth\greengram4)[0;39m
[2024-01-10 10:34:35 [32mINFO [0;39m restartedMain] [com.green.greengram4.Greengram5Application] [36mNo active profile set, falling back to 1 default profile: "default"[0;39m
[2024-01-10 10:34:35 [32mINFO [0;39m restartedMain] [org.springframework.boot.devtools.env.DevToolsPropertyDefaultsPostProcessor] [36mDevtools property defaults active! Set 'spring.devtools.add-properties' to 'false' to disable[0;39m
[2024-01-10 10:34:35 [32mINFO [0;39m restartedMain] [org.springframework.boot.devtools.env.DevToolsPropertyDefaultsPostProcessor] [36mFor additional web related logging consider setting the 'logging.level.web' property to 'DEBUG'[0;39m
[2024-01-10 10:34:36 [32mINFO [0;39m restartedMain] [org.springframework.boot.web.embedded.tomcat.TomcatWebServer] [36mTomcat initialized with port 8080 (http)[0;39m
[2024-01-10 10:34:36 [32mINFO [0;39m restartedMain] [org.apache.coyote.http11.Http11NioProtocol] [36mInitializing ProtocolHandler ["http-nio-8080"][0;39m
[2024-01-10 10:34:36 [32mINFO [0;39m restartedMain] [org.apache.catalina.core.StandardService] [36mStarting service [Tomcat][0;39m
[2024-01-10 10:34:36 [32mINFO [0;39m restartedMain] [org.apache.catalina.core.StandardEngine] [36mStarting Servlet engine: [Apache Tomcat/10.1.17][0;39m
[2024-01-10 10:34:36 [32mINFO [0;39m restartedMain] [org.apache.catalina.core.ContainerBase.[Tomcat].[localhost].[/]] [36mInitializing Spring embedded WebApplicationContext[0;39m
[2024-01-10 10:34:36 [32mINFO [0;39m restartedMain] [org.springframework.boot.web.servlet.context.ServletWebServerApplicationContext] [36mRoot WebApplicationContext: initialization completed in 946 ms[0;39m
[2024-01-10 10:34:36 [32mINFO [0;39m restartedMain] [com.green.greengram4.common.FirebaseConfiguration] [36mFirebaseApp Initialization Complete !!![0;39m
[2024-01-10 10:34:37 [33mWARN [0;39m restartedMain] [org.springframework.boot.autoconfigure.security.servlet.UserDetailsServiceAutoConfiguration] [36m

Using generated security password: 1b1385f0-59a6-4a5a-86bb-df64054bb9cc

This generated password is for development use only. Your security configuration must be updated before running your application in production.
[0;39m
[2024-01-10 10:34:37 [32mINFO [0;39m restartedMain] [org.springframework.boot.autoconfigure.web.servlet.WelcomePageHandlerMapping] [36mAdding welcome page: class path resource [static/index.html][0;39m
[2024-01-10 10:34:37 [32mINFO [0;39m restartedMain] [org.springframework.security.web.DefaultSecurityFilterChain] [36mWill secure any request with [org.springframework.security.web.session.DisableEncodeUrlFilter@d06c0b9, org.springframework.security.web.context.request.async.WebAsyncManagerIntegrationFilter@23b22142, org.springframework.security.web.context.SecurityContextHolderFilter@1ae5bbd1, org.springframework.security.web.header.HeaderWriterFilter@27cfaa0a, org.springframework.web.filter.CorsFilter@747e36d0, org.springframework.security.web.authentication.logout.LogoutFilter@61336647, com.green.greengram4.security.JwtAuthenticationFilter@62eccf0, org.springframework.security.web.savedrequest.RequestCacheAwareFilter@7cd57998, org.springframework.security.web.servletapi.SecurityContextHolderAwareRequestFilter@215d093e, org.springframework.security.web.authentication.AnonymousAuthenticationFilter@7d3c7d6e, org.springframework.security.web.session.SessionManagementFilter@18ba5f8b, org.springframework.security.web.access.ExceptionTranslationFilter@39b45b1e, org.springframework.security.web.access.intercept.AuthorizationFilter@550f62b1][0;39m
[2024-01-10 10:34:37 [32mINFO [0;39m restartedMain] [org.springframework.boot.devtools.autoconfigure.OptionalLiveReloadServer] [36mLiveReload server is running on port 35729[0;39m
[2024-01-10 10:34:37 [32mINFO [0;39m restartedMain] [org.apache.coyote.http11.Http11NioProtocol] [36mStarting ProtocolHandler ["http-nio-8080"][0;39m
[2024-01-10 10:34:37 [32mINFO [0;39m restartedMain] [org.springframework.boot.web.embedded.tomcat.TomcatWebServer] [36mTomcat started on port 8080 (http) with context path ''[0;39m
[2024-01-10 10:34:37 [32mINFO [0;39m restartedMain] [com.green.greengram4.Greengram5Application] [36mStarted Greengram4Application in 2.036 seconds (process running for 2.468)[0;39m
[2024-01-10 10:34:38 [32mINFO [0;39m http-nio-8080-exec-1] [org.apache.catalina.core.ContainerBase.[Tomcat].[localhost].[/]] [36mInitializing Spring DispatcherServlet 'dispatcherServlet'[0;39m
[2024-01-10 10:34:38 [32mINFO [0;39m http-nio-8080-exec-1] [org.springframework.web.servlet.DispatcherServlet] [36mInitializing Servlet 'dispatcherServlet'[0;39m
[2024-01-10 10:34:38 [32mINFO [0;39m http-nio-8080-exec-1] [org.springframework.web.servlet.DispatcherServlet] [36mCompleted initialization in 1 ms[0;39m
[2024-01-10 10:34:39 [32mINFO [0;39m http-nio-8080-exec-1] [com.green.greengram4.security.JwtAuthenticationFilter] [36mtoken : eyJhbGciOiJIUzI1NiJ9.eyJ1c2VyIjoie1wiaXVzZXJcIjo3fSIsImlhdCI6MTcwNDg0ODg4MSwiZXhwIjoxNzA0ODU2MDgxfQ.QXQ6myqemNMlXUTQb6c902KcexyHeeJrNOrcfGvWgAA[0;39m
[2024-01-10 10:34:47 [32mINFO [0;39m http-nio-8080-exec-1] [com.zaxxer.hikari.HikariDataSource] [36mHikariPool-1 - Starting...[0;39m
[2024-01-10 10:34:47 [32mINFO [0;39m http-nio-8080-exec-1] [com.zaxxer.hikari.pool.HikariPool] [36mHikariPool-1 - Added connection org.mariadb.jdbc.Connection@4b1dd936[0;39m
[2024-01-10 10:34:47 [32mINFO [0;39m http-nio-8080-exec-1] [com.zaxxer.hikari.HikariDataSource] [36mHikariPool-1 - Start completed.[0;39m
[2024-01-10 10:35:24 [33mWARN [0;39m HikariPool-1 housekeeper] [com.zaxxer.hikari.pool.HikariPool] [36mHikariPool-1 - Thread starvation or clock leap detected (housekeeper delta=1m6s619ms886µs500ns).[0;39m
[2024-01-10 10:45:01 [33mWARN [0;39m HikariPool-1 housekeeper] [com.zaxxer.hikari.pool.HikariPool] [36mHikariPool-1 - Thread starvation or clock leap detected (housekeeper delta=8m26s137ms603µs200ns).[0;39m
[2024-01-10 11:00:20 [33mWARN [0;39m HikariPool-1 housekeeper] [com.zaxxer.hikari.pool.HikariPool] [36mHikariPool-1 - Thread starvation or clock leap detected (housekeeper delta=15m19s524ms446µs100ns).[0;39m
[2024-01-10 11:00:20 [32mINFO [0;39m SpringApplicationShutdownHook] [com.zaxxer.hikari.HikariDataSource] [36mHikariPool-1 - Shutdown initiated...[0;39m
[2024-01-10 11:00:20 [32mINFO [0;39m SpringApplicationShutdownHook] [com.zaxxer.hikari.HikariDataSource] [36mHikariPool-1 - Shutdown completed.[0;39m
