[2024-02-22 09:26:10 [32mINFO [0;39m background-preinit] [org.hibernate.validator.internal.util.Version] [36mHV000001: Hibernate Validator 8.0.1.Final[0;39m
[2024-02-22 09:26:10 [32mINFO [0;39m restartedMain] [com.green.greengram4.Greengram5Application] [36mStarting Greengram5Application using Java 17.0.8.1 with PID 1884 (D:\Students\kth\greengram5\build\classes\java\main started by Administrator in D:\Students\kth\greengram5)[0;39m
[2024-02-22 09:26:10 [32mINFO [0;39m restartedMain] [com.green.greengram4.Greengram5Application] [36mThe following 1 profile is active: "jpa"[0;39m
[2024-02-22 09:26:10 [32mINFO [0;39m restartedMain] [org.springframework.boot.devtools.env.DevToolsPropertyDefaultsPostProcessor] [36mDevtools property defaults active! Set 'spring.devtools.add-properties' to 'false' to disable[0;39m
[2024-02-22 09:26:10 [32mINFO [0;39m restartedMain] [org.springframework.boot.devtools.env.DevToolsPropertyDefaultsPostProcessor] [36mFor additional web related logging consider setting the 'logging.level.web' property to 'DEBUG'[0;39m
[2024-02-22 09:26:11 [32mINFO [0;39m restartedMain] [org.springframework.data.repository.config.RepositoryConfigurationDelegate] [36mBootstrapping Spring Data JPA repositories in DEFAULT mode.[0;39m
[2024-02-22 09:26:11 [32mINFO [0;39m restartedMain] [org.springframework.data.repository.config.RepositoryConfigurationDelegate] [36mFinished Spring Data repository scanning in 137 ms. Found 5 JPA repository interfaces.[0;39m
[2024-02-22 09:26:12 [32mINFO [0;39m restartedMain] [org.springframework.boot.web.embedded.tomcat.TomcatWebServer] [36mTomcat initialized with port 8082 (http)[0;39m
[2024-02-22 09:26:12 [32mINFO [0;39m restartedMain] [org.apache.coyote.http11.Http11NioProtocol] [36mInitializing ProtocolHandler ["http-nio-8082"][0;39m
[2024-02-22 09:26:12 [32mINFO [0;39m restartedMain] [org.apache.catalina.core.StandardService] [36mStarting service [Tomcat][0;39m
[2024-02-22 09:26:12 [32mINFO [0;39m restartedMain] [org.apache.catalina.core.StandardEngine] [36mStarting Servlet engine: [Apache Tomcat/10.1.17][0;39m
[2024-02-22 09:26:12 [32mINFO [0;39m restartedMain] [org.apache.catalina.core.ContainerBase.[Tomcat].[localhost].[/]] [36mInitializing Spring embedded WebApplicationContext[0;39m
[2024-02-22 09:26:12 [32mINFO [0;39m restartedMain] [org.springframework.boot.web.servlet.context.ServletWebServerApplicationContext] [36mRoot WebApplicationContext: initialization completed in 1539 ms[0;39m
[2024-02-22 09:26:12 [32mINFO [0;39m restartedMain] [org.hibernate.jpa.internal.util.LogHelper] [36mHHH000204: Processing PersistenceUnitInfo [name: default][0;39m
[2024-02-22 09:26:12 [32mINFO [0;39m restartedMain] [org.hibernate.Version] [36mHHH000412: Hibernate ORM core version 6.4.1.Final[0;39m
[2024-02-22 09:26:12 [32mINFO [0;39m restartedMain] [org.hibernate.cache.internal.RegionFactoryInitiator] [36mHHH000026: Second-level cache disabled[0;39m
[2024-02-22 09:26:12 [32mINFO [0;39m restartedMain] [org.springframework.orm.jpa.persistenceunit.SpringPersistenceUnitInfo] [36mNo LoadTimeWeaver setup: ignoring JPA class transformer[0;39m
[2024-02-22 09:26:12 [32mINFO [0;39m restartedMain] [com.zaxxer.hikari.HikariDataSource] [36mHikariPool-1 - Starting...[0;39m
[2024-02-22 09:26:12 [32mINFO [0;39m restartedMain] [com.zaxxer.hikari.pool.HikariPool] [36mHikariPool-1 - Added connection org.mariadb.jdbc.Connection@53667a9f[0;39m
[2024-02-22 09:26:12 [32mINFO [0;39m restartedMain] [com.zaxxer.hikari.HikariDataSource] [36mHikariPool-1 - Start completed.[0;39m
[2024-02-22 09:26:13 [32mINFO [0;39m restartedMain] [org.hibernate.engine.transaction.jta.platform.internal.JtaPlatformInitiator] [36mHHH000489: No JTA platform available (set 'hibernate.transaction.jta.platform' to enable JTA platform integration)[0;39m
[2024-02-22 09:26:14 [32mINFO [0;39m restartedMain] [org.springframework.orm.jpa.LocalContainerEntityManagerFactoryBean] [36mInitialized JPA EntityManagerFactory for persistence unit 'default'[0;39m
[2024-02-22 09:26:14 [32mINFO [0;39m restartedMain] [com.green.greengram4.common.FirebaseConfiguration] [36mFirebaseApp Initialization Complete !!![0;39m
[2024-02-22 09:26:15 [32mINFO [0;39m restartedMain] [org.springframework.boot.autoconfigure.web.servlet.WelcomePageHandlerMapping] [36mAdding welcome page: class path resource [static/index.html][0;39m
[2024-02-22 09:26:15 [32mINFO [0;39m restartedMain] [org.springframework.security.web.DefaultSecurityFilterChain] [36mWill secure any request with [org.springframework.security.web.session.DisableEncodeUrlFilter@2e902d35, org.springframework.security.web.context.request.async.WebAsyncManagerIntegrationFilter@4b1e7c93, org.springframework.security.web.context.SecurityContextHolderFilter@316475b1, org.springframework.security.web.header.HeaderWriterFilter@24e8a10a, org.springframework.web.filter.CorsFilter@7e726795, org.springframework.security.web.authentication.logout.LogoutFilter@58e1f464, org.springframework.security.oauth2.client.web.OAuth2AuthorizationRequestRedirectFilter@2d0e33d, org.springframework.security.oauth2.client.web.OAuth2LoginAuthenticationFilter@6e51674b, com.green.greengram4.security.JwtAuthenticationFilter@5eb3e7d5, org.springframework.security.web.savedrequest.RequestCacheAwareFilter@31cae248, org.springframework.security.web.servletapi.SecurityContextHolderAwareRequestFilter@5c697839, org.springframework.security.web.authentication.AnonymousAuthenticationFilter@60e93c5e, org.springframework.security.web.session.SessionManagementFilter@5dbb25a8, org.springframework.security.web.access.ExceptionTranslationFilter@50d5769c, org.springframework.security.web.access.intercept.AuthorizationFilter@39af0d41][0;39m
[2024-02-22 09:26:15 [32mINFO [0;39m restartedMain] [org.springframework.boot.devtools.autoconfigure.OptionalLiveReloadServer] [36mLiveReload server is running on port 35729[0;39m
[2024-02-22 09:26:15 [32mINFO [0;39m restartedMain] [org.apache.coyote.http11.Http11NioProtocol] [36mStarting ProtocolHandler ["http-nio-8082"][0;39m
[2024-02-22 09:26:15 [32mINFO [0;39m restartedMain] [org.springframework.boot.web.embedded.tomcat.TomcatWebServer] [36mTomcat started on port 8082 (http) with context path ''[0;39m
[2024-02-22 09:26:15 [32mINFO [0;39m restartedMain] [com.green.greengram4.Greengram5Application] [36mStarted Greengram5Application in 5.254 seconds (process running for 5.871)[0;39m
[2024-02-22 09:26:28 [32mINFO [0;39m File Watcher] [org.springframework.boot.devtools.autoconfigure.LocalDevToolsAutoConfiguration$RestartingClassPathChangeChangedEventListener] [36mRestarting due to 6 class path changes (0 additions, 0 deletions, 6 modifications)[0;39m
[2024-02-22 09:26:28 [32mINFO [0;39m Thread-5] [org.apache.coyote.http11.Http11NioProtocol] [36mStopping ProtocolHandler ["http-nio-8082"][0;39m
[2024-02-22 09:26:28 [32mINFO [0;39m Thread-5] [org.springframework.orm.jpa.LocalContainerEntityManagerFactoryBean] [36mClosing JPA EntityManagerFactory for persistence unit 'default'[0;39m
[2024-02-22 09:26:28 [32mINFO [0;39m Thread-5] [com.zaxxer.hikari.HikariDataSource] [36mHikariPool-1 - Shutdown initiated...[0;39m
[2024-02-22 09:26:28 [32mINFO [0;39m Thread-5] [com.zaxxer.hikari.HikariDataSource] [36mHikariPool-1 - Shutdown completed.[0;39m
[2024-02-22 09:26:28 [32mINFO [0;39m restartedMain] [com.green.greengram4.Greengram5Application] [36mStarting Greengram5Application using Java 17.0.8.1 with PID 1884 (D:\Students\kth\greengram5\build\classes\java\main started by Administrator in D:\Students\kth\greengram5)[0;39m
[2024-02-22 09:26:28 [32mINFO [0;39m restartedMain] [com.green.greengram4.Greengram5Application] [36mThe following 1 profile is active: "jpa"[0;39m
[2024-02-22 09:26:28 [32mINFO [0;39m restartedMain] [org.springframework.data.repository.config.RepositoryConfigurationDelegate] [36mBootstrapping Spring Data JPA repositories in DEFAULT mode.[0;39m
[2024-02-22 09:26:28 [32mINFO [0;39m restartedMain] [org.springframework.data.repository.config.RepositoryConfigurationDelegate] [36mFinished Spring Data repository scanning in 16 ms. Found 5 JPA repository interfaces.[0;39m
[2024-02-22 09:26:29 [32mINFO [0;39m restartedMain] [org.springframework.boot.web.embedded.tomcat.TomcatWebServer] [36mTomcat initialized with port 8082 (http)[0;39m
[2024-02-22 09:26:29 [32mINFO [0;39m restartedMain] [org.apache.coyote.http11.Http11NioProtocol] [36mInitializing ProtocolHandler ["http-nio-8082"][0;39m
[2024-02-22 09:26:29 [32mINFO [0;39m restartedMain] [org.apache.catalina.core.StandardService] [36mStarting service [Tomcat][0;39m
[2024-02-22 09:26:29 [32mINFO [0;39m restartedMain] [org.apache.catalina.core.StandardEngine] [36mStarting Servlet engine: [Apache Tomcat/10.1.17][0;39m
[2024-02-22 09:26:29 [32mINFO [0;39m restartedMain] [org.apache.catalina.core.ContainerBase.[Tomcat].[localhost].[/]] [36mInitializing Spring embedded WebApplicationContext[0;39m
[2024-02-22 09:26:29 [32mINFO [0;39m restartedMain] [org.springframework.boot.web.servlet.context.ServletWebServerApplicationContext] [36mRoot WebApplicationContext: initialization completed in 346 ms[0;39m
[2024-02-22 09:26:29 [32mINFO [0;39m restartedMain] [org.hibernate.jpa.internal.util.LogHelper] [36mHHH000204: Processing PersistenceUnitInfo [name: default][0;39m
[2024-02-22 09:26:29 [32mINFO [0;39m restartedMain] [org.hibernate.cache.internal.RegionFactoryInitiator] [36mHHH000026: Second-level cache disabled[0;39m
[2024-02-22 09:26:29 [32mINFO [0;39m restartedMain] [org.springframework.orm.jpa.persistenceunit.SpringPersistenceUnitInfo] [36mNo LoadTimeWeaver setup: ignoring JPA class transformer[0;39m
[2024-02-22 09:26:29 [32mINFO [0;39m restartedMain] [com.zaxxer.hikari.HikariDataSource] [36mHikariPool-2 - Starting...[0;39m
[2024-02-22 09:26:29 [32mINFO [0;39m restartedMain] [com.zaxxer.hikari.pool.HikariPool] [36mHikariPool-2 - Added connection org.mariadb.jdbc.Connection@30cb99ea[0;39m
[2024-02-22 09:26:29 [32mINFO [0;39m restartedMain] [com.zaxxer.hikari.HikariDataSource] [36mHikariPool-2 - Start completed.[0;39m
[2024-02-22 09:26:29 [32mINFO [0;39m restartedMain] [org.hibernate.engine.transaction.jta.platform.internal.JtaPlatformInitiator] [36mHHH000489: No JTA platform available (set 'hibernate.transaction.jta.platform' to enable JTA platform integration)[0;39m
[2024-02-22 09:26:29 [32mINFO [0;39m restartedMain] [org.springframework.orm.jpa.LocalContainerEntityManagerFactoryBean] [36mInitialized JPA EntityManagerFactory for persistence unit 'default'[0;39m
[2024-02-22 09:26:29 [32mINFO [0;39m restartedMain] [org.springframework.boot.autoconfigure.web.servlet.WelcomePageHandlerMapping] [36mAdding welcome page: class path resource [static/index.html][0;39m
[2024-02-22 09:26:30 [32mINFO [0;39m restartedMain] [org.springframework.security.web.DefaultSecurityFilterChain] [36mWill secure any request with [org.springframework.security.web.session.DisableEncodeUrlFilter@722ab1df, org.springframework.security.web.context.request.async.WebAsyncManagerIntegrationFilter@6301cdd4, org.springframework.security.web.context.SecurityContextHolderFilter@6a34675c, org.springframework.security.web.header.HeaderWriterFilter@61a196f, org.springframework.web.filter.CorsFilter@d89b8ec, org.springframework.security.web.authentication.logout.LogoutFilter@112f9c02, org.springframework.security.oauth2.client.web.OAuth2AuthorizationRequestRedirectFilter@62fe6896, org.springframework.security.oauth2.client.web.OAuth2LoginAuthenticationFilter@4ad722e9, com.green.greengram4.security.JwtAuthenticationFilter@540c1264, org.springframework.security.web.savedrequest.RequestCacheAwareFilter@3b375870, org.springframework.security.web.servletapi.SecurityContextHolderAwareRequestFilter@6db0ef18, org.springframework.security.web.authentication.AnonymousAuthenticationFilter@7eba03de, org.springframework.security.web.session.SessionManagementFilter@7a6496b, org.springframework.security.web.access.ExceptionTranslationFilter@60d6209a, org.springframework.security.web.access.intercept.AuthorizationFilter@7a7847b3][0;39m
[2024-02-22 09:26:30 [32mINFO [0;39m restartedMain] [org.springframework.boot.devtools.autoconfigure.OptionalLiveReloadServer] [36mLiveReload server is running on port 35729[0;39m
[2024-02-22 09:26:30 [32mINFO [0;39m restartedMain] [org.apache.coyote.http11.Http11NioProtocol] [36mStarting ProtocolHandler ["http-nio-8082"][0;39m
[2024-02-22 09:26:30 [32mINFO [0;39m restartedMain] [org.springframework.boot.web.embedded.tomcat.TomcatWebServer] [36mTomcat started on port 8082 (http) with context path ''[0;39m
[2024-02-22 09:26:30 [32mINFO [0;39m restartedMain] [com.green.greengram4.Greengram5Application] [36mStarted Greengram5Application in 1.419 seconds (process running for 20.46)[0;39m
[2024-02-22 09:26:30 [32mINFO [0;39m restartedMain] [org.springframework.boot.devtools.autoconfigure.ConditionEvaluationDeltaLoggingListener] [36mCondition evaluation unchanged[0;39m
[2024-02-22 09:26:57 [32mINFO [0;39m SpringApplicationShutdownHook] [org.springframework.orm.jpa.LocalContainerEntityManagerFactoryBean] [36mClosing JPA EntityManagerFactory for persistence unit 'default'[0;39m
[2024-02-22 09:26:57 [32mINFO [0;39m SpringApplicationShutdownHook] [com.zaxxer.hikari.HikariDataSource] [36mHikariPool-2 - Shutdown initiated...[0;39m
[2024-02-22 09:26:57 [32mINFO [0;39m SpringApplicationShutdownHook] [com.zaxxer.hikari.HikariDataSource] [36mHikariPool-2 - Shutdown completed.[0;39m
[2024-02-22 09:26:59 [32mINFO [0;39m background-preinit] [org.hibernate.validator.internal.util.Version] [36mHV000001: Hibernate Validator 8.0.1.Final[0;39m
[2024-02-22 09:26:59 [32mINFO [0;39m restartedMain] [com.green.greengram4.Greengram5Application] [36mStarting Greengram5Application using Java 17.0.8.1 with PID 10040 (D:\Students\kth\greengram5\build\classes\java\main started by Administrator in D:\Students\kth\greengram5)[0;39m
[2024-02-22 09:26:59 [32mINFO [0;39m restartedMain] [com.green.greengram4.Greengram5Application] [36mThe following 1 profile is active: "jpa"[0;39m
[2024-02-22 09:26:59 [32mINFO [0;39m restartedMain] [org.springframework.boot.devtools.env.DevToolsPropertyDefaultsPostProcessor] [36mDevtools property defaults active! Set 'spring.devtools.add-properties' to 'false' to disable[0;39m
[2024-02-22 09:26:59 [32mINFO [0;39m restartedMain] [org.springframework.boot.devtools.env.DevToolsPropertyDefaultsPostProcessor] [36mFor additional web related logging consider setting the 'logging.level.web' property to 'DEBUG'[0;39m
[2024-02-22 09:27:00 [32mINFO [0;39m restartedMain] [org.springframework.data.repository.config.RepositoryConfigurationDelegate] [36mBootstrapping Spring Data JPA repositories in DEFAULT mode.[0;39m
[2024-02-22 09:27:00 [32mINFO [0;39m restartedMain] [org.springframework.data.repository.config.RepositoryConfigurationDelegate] [36mFinished Spring Data repository scanning in 101 ms. Found 5 JPA repository interfaces.[0;39m
[2024-02-22 09:27:00 [32mINFO [0;39m restartedMain] [org.springframework.boot.web.embedded.tomcat.TomcatWebServer] [36mTomcat initialized with port 8082 (http)[0;39m
[2024-02-22 09:27:00 [32mINFO [0;39m restartedMain] [org.apache.coyote.http11.Http11NioProtocol] [36mInitializing ProtocolHandler ["http-nio-8082"][0;39m
[2024-02-22 09:27:00 [32mINFO [0;39m restartedMain] [org.apache.catalina.core.StandardService] [36mStarting service [Tomcat][0;39m
[2024-02-22 09:27:00 [32mINFO [0;39m restartedMain] [org.apache.catalina.core.StandardEngine] [36mStarting Servlet engine: [Apache Tomcat/10.1.17][0;39m
[2024-02-22 09:27:00 [32mINFO [0;39m restartedMain] [org.apache.catalina.core.ContainerBase.[Tomcat].[localhost].[/]] [36mInitializing Spring embedded WebApplicationContext[0;39m
[2024-02-22 09:27:00 [32mINFO [0;39m restartedMain] [org.springframework.boot.web.servlet.context.ServletWebServerApplicationContext] [36mRoot WebApplicationContext: initialization completed in 1179 ms[0;39m
[2024-02-22 09:27:00 [32mINFO [0;39m restartedMain] [org.hibernate.jpa.internal.util.LogHelper] [36mHHH000204: Processing PersistenceUnitInfo [name: default][0;39m
[2024-02-22 09:27:00 [32mINFO [0;39m restartedMain] [org.hibernate.Version] [36mHHH000412: Hibernate ORM core version 6.4.1.Final[0;39m
[2024-02-22 09:27:00 [32mINFO [0;39m restartedMain] [org.hibernate.cache.internal.RegionFactoryInitiator] [36mHHH000026: Second-level cache disabled[0;39m
[2024-02-22 09:27:01 [32mINFO [0;39m restartedMain] [org.springframework.orm.jpa.persistenceunit.SpringPersistenceUnitInfo] [36mNo LoadTimeWeaver setup: ignoring JPA class transformer[0;39m
[2024-02-22 09:27:01 [32mINFO [0;39m restartedMain] [com.zaxxer.hikari.HikariDataSource] [36mHikariPool-1 - Starting...[0;39m
[2024-02-22 09:27:01 [32mINFO [0;39m restartedMain] [com.zaxxer.hikari.pool.HikariPool] [36mHikariPool-1 - Added connection org.mariadb.jdbc.Connection@a659d55[0;39m
[2024-02-22 09:27:01 [32mINFO [0;39m restartedMain] [com.zaxxer.hikari.HikariDataSource] [36mHikariPool-1 - Start completed.[0;39m
[2024-02-22 09:27:01 [32mINFO [0;39m restartedMain] [org.hibernate.engine.transaction.jta.platform.internal.JtaPlatformInitiator] [36mHHH000489: No JTA platform available (set 'hibernate.transaction.jta.platform' to enable JTA platform integration)[0;39m
[2024-02-22 09:27:02 [33mWARN [0;39m restartedMain] [org.mariadb.jdbc.message.server.ErrorPacket] [36mError: 4091-42S02: Unknown SEQUENCE: 'greengram5_jpa.t_dm_msg_seq'[0;39m
[2024-02-22 09:27:02 [33mWARN [0;39m restartedMain] [org.hibernate.tool.schema.internal.ExceptionHandlerLoggedImpl] [36mGenerationTarget encountered exception accepting command : Error executing DDL "
    drop sequence t_dm_msg_seq" via JDBC [(conn=25) Unknown SEQUENCE: 'greengram5_jpa.t_dm_msg_seq'][0;39m
org.hibernate.tool.schema.spi.CommandAcceptanceException: Error executing DDL "
    drop sequence t_dm_msg_seq" via JDBC [(conn=25) Unknown SEQUENCE: 'greengram5_jpa.t_dm_msg_seq']
	at org.hibernate.tool.schema.internal.exec.GenerationTargetToDatabase.accept(GenerationTargetToDatabase.java:94)
	at org.hibernate.tool.schema.internal.Helper.applySqlString(Helper.java:233)
	at org.hibernate.tool.schema.internal.Helper.applySqlStrings(Helper.java:217)
	at org.hibernate.tool.schema.internal.SchemaDropperImpl.dropSequences(SchemaDropperImpl.java:337)
	at org.hibernate.tool.schema.internal.SchemaDropperImpl.dropConstraintsTablesSequences(SchemaDropperImpl.java:265)
	at org.hibernate.tool.schema.internal.SchemaDropperImpl.dropFromMetadata(SchemaDropperImpl.java:215)
	at org.hibernate.tool.schema.internal.SchemaDropperImpl.performDrop(SchemaDropperImpl.java:185)
	at org.hibernate.tool.schema.internal.SchemaDropperImpl.doDrop(SchemaDropperImpl.java:155)
	at org.hibernate.tool.schema.internal.SchemaDropperImpl.doDrop(SchemaDropperImpl.java:115)
	at org.hibernate.tool.schema.spi.SchemaManagementToolCoordinator.performDatabaseAction(SchemaManagementToolCoordinator.java:244)
	at org.hibernate.tool.schema.spi.SchemaManagementToolCoordinator.lambda$process$5(SchemaManagementToolCoordinator.java:145)
	at java.base/java.util.HashMap.forEach(HashMap.java:1421)
	at org.hibernate.tool.schema.spi.SchemaManagementToolCoordinator.process(SchemaManagementToolCoordinator.java:142)
	at org.hibernate.boot.internal.SessionFactoryObserverForSchemaExport.sessionFactoryCreated(SessionFactoryObserverForSchemaExport.java:37)
	at org.hibernate.internal.SessionFactoryObserverChain.sessionFactoryCreated(SessionFactoryObserverChain.java:35)
	at org.hibernate.internal.SessionFactoryImpl.<init>(SessionFactoryImpl.java:315)
	at org.hibernate.boot.internal.SessionFactoryBuilderImpl.build(SessionFactoryBuilderImpl.java:450)
	at org.hibernate.jpa.boot.internal.EntityManagerFactoryBuilderImpl.build(EntityManagerFactoryBuilderImpl.java:1507)
	at org.springframework.orm.jpa.vendor.SpringHibernateJpaPersistenceProvider.createContainerEntityManagerFactory(SpringHibernateJpaPersistenceProvider.java:75)
	at org.springframework.orm.jpa.LocalContainerEntityManagerFactoryBean.createNativeEntityManagerFactory(LocalContainerEntityManagerFactoryBean.java:376)
	at org.springframework.orm.jpa.AbstractEntityManagerFactoryBean.buildNativeEntityManagerFactory(AbstractEntityManagerFactoryBean.java:409)
	at org.springframework.orm.jpa.AbstractEntityManagerFactoryBean.afterPropertiesSet(AbstractEntityManagerFactoryBean.java:396)
	at org.springframework.orm.jpa.LocalContainerEntityManagerFactoryBean.afterPropertiesSet(LocalContainerEntityManagerFactoryBean.java:352)
	at org.springframework.beans.factory.support.AbstractAutowireCapableBeanFactory.invokeInitMethods(AbstractAutowireCapableBeanFactory.java:1820)
	at org.springframework.beans.factory.support.AbstractAutowireCapableBeanFactory.initializeBean(AbstractAutowireCapableBeanFactory.java:1769)
	at org.springframework.beans.factory.support.AbstractAutowireCapableBeanFactory.doCreateBean(AbstractAutowireCapableBeanFactory.java:599)
	at org.springframework.beans.factory.support.AbstractAutowireCapableBeanFactory.createBean(AbstractAutowireCapableBeanFactory.java:521)
	at org.springframework.beans.factory.support.AbstractBeanFactory.lambda$doGetBean$0(AbstractBeanFactory.java:325)
	at org.springframework.beans.factory.support.DefaultSingletonBeanRegistry.getSingleton(DefaultSingletonBeanRegistry.java:234)
	at org.springframework.beans.factory.support.AbstractBeanFactory.doGetBean(AbstractBeanFactory.java:323)
	at org.springframework.beans.factory.support.AbstractBeanFactory.getBean(AbstractBeanFactory.java:199)
	at org.springframework.context.support.AbstractApplicationContext.getBean(AbstractApplicationContext.java:1232)
	at org.springframework.context.support.AbstractApplicationContext.finishBeanFactoryInitialization(AbstractApplicationContext.java:950)
	at org.springframework.context.support.AbstractApplicationContext.refresh(AbstractApplicationContext.java:625)
	at org.springframework.boot.web.servlet.context.ServletWebServerApplicationContext.refresh(ServletWebServerApplicationContext.java:146)
	at org.springframework.boot.SpringApplication.refresh(SpringApplication.java:762)
	at org.springframework.boot.SpringApplication.refreshContext(SpringApplication.java:464)
	at org.springframework.boot.SpringApplication.run(SpringApplication.java:334)
	at org.springframework.boot.SpringApplication.run(SpringApplication.java:1358)
	at org.springframework.boot.SpringApplication.run(SpringApplication.java:1347)
	at com.green.greengram4.Greengram5Application.main(Greengram5Application.java:16)
	at java.base/jdk.internal.reflect.NativeMethodAccessorImpl.invoke0(Native Method)
	at java.base/jdk.internal.reflect.NativeMethodAccessorImpl.invoke(NativeMethodAccessorImpl.java:77)
	at java.base/jdk.internal.reflect.DelegatingMethodAccessorImpl.invoke(DelegatingMethodAccessorImpl.java:43)
	at java.base/java.lang.reflect.Method.invoke(Method.java:568)
	at org.springframework.boot.devtools.restart.RestartLauncher.run(RestartLauncher.java:50)
Caused by: java.sql.SQLSyntaxErrorException: (conn=25) Unknown SEQUENCE: 'greengram5_jpa.t_dm_msg_seq'
	at org.mariadb.jdbc.export.ExceptionFactory.createException(ExceptionFactory.java:282)
	at org.mariadb.jdbc.export.ExceptionFactory.create(ExceptionFactory.java:370)
	at org.mariadb.jdbc.message.ClientMessage.readPacket(ClientMessage.java:134)
	at org.mariadb.jdbc.client.impl.StandardClient.readPacket(StandardClient.java:883)
	at org.mariadb.jdbc.client.impl.StandardClient.readResults(StandardClient.java:822)
	at org.mariadb.jdbc.client.impl.StandardClient.readResponse(StandardClient.java:741)
	at org.mariadb.jdbc.client.impl.StandardClient.execute(StandardClient.java:665)
	at org.mariadb.jdbc.Statement.executeInternal(Statement.java:956)
	at org.mariadb.jdbc.Statement.execute(Statement.java:1082)
	at org.mariadb.jdbc.Statement.execute(Statement.java:474)
	at com.zaxxer.hikari.pool.ProxyStatement.execute(ProxyStatement.java:94)
	at com.zaxxer.hikari.pool.HikariProxyStatement.execute(HikariProxyStatement.java)
	at org.hibernate.tool.schema.internal.exec.GenerationTargetToDatabase.accept(GenerationTargetToDatabase.java:80)
	... 45 common frames omitted
[2024-02-22 09:27:02 [32mINFO [0;39m restartedMain] [org.springframework.orm.jpa.LocalContainerEntityManagerFactoryBean] [36mInitialized JPA EntityManagerFactory for persistence unit 'default'[0;39m
[2024-02-22 09:27:02 [32mINFO [0;39m restartedMain] [com.green.greengram4.common.FirebaseConfiguration] [36mFirebaseApp Initialization Complete !!![0;39m
[2024-02-22 09:27:03 [32mINFO [0;39m restartedMain] [org.springframework.boot.autoconfigure.web.servlet.WelcomePageHandlerMapping] [36mAdding welcome page: class path resource [static/index.html][0;39m
[2024-02-22 09:27:03 [32mINFO [0;39m restartedMain] [org.springframework.security.web.DefaultSecurityFilterChain] [36mWill secure any request with [org.springframework.security.web.session.DisableEncodeUrlFilter@2329e86b, org.springframework.security.web.context.request.async.WebAsyncManagerIntegrationFilter@68a3e979, org.springframework.security.web.context.SecurityContextHolderFilter@45d50321, org.springframework.security.web.header.HeaderWriterFilter@33d60b2e, org.springframework.web.filter.CorsFilter@35a4ea78, org.springframework.security.web.authentication.logout.LogoutFilter@3627f5f5, org.springframework.security.oauth2.client.web.OAuth2AuthorizationRequestRedirectFilter@60e93c5e, org.springframework.security.oauth2.client.web.OAuth2LoginAuthenticationFilter@69245cb3, com.green.greengram4.security.JwtAuthenticationFilter@21cd174d, org.springframework.security.web.savedrequest.RequestCacheAwareFilter@f6967fe, org.springframework.security.web.servletapi.SecurityContextHolderAwareRequestFilter@4d722230, org.springframework.security.web.authentication.AnonymousAuthenticationFilter@41e74da4, org.springframework.security.web.session.SessionManagementFilter@4d7426e9, org.springframework.security.web.access.ExceptionTranslationFilter@48b8d347, org.springframework.security.web.access.intercept.AuthorizationFilter@2be3dc6][0;39m
[2024-02-22 09:27:03 [32mINFO [0;39m restartedMain] [org.springframework.boot.devtools.autoconfigure.OptionalLiveReloadServer] [36mLiveReload server is running on port 35729[0;39m
[2024-02-22 09:27:03 [32mINFO [0;39m restartedMain] [org.apache.coyote.http11.Http11NioProtocol] [36mStarting ProtocolHandler ["http-nio-8082"][0;39m
[2024-02-22 09:27:03 [32mINFO [0;39m restartedMain] [org.springframework.boot.web.embedded.tomcat.TomcatWebServer] [36mTomcat started on port 8082 (http) with context path ''[0;39m
[2024-02-22 09:27:03 [32mINFO [0;39m restartedMain] [com.green.greengram4.Greengram5Application] [36mStarted Greengram5Application in 4.433 seconds (process running for 4.863)[0;39m
[2024-02-22 09:28:15 [32mINFO [0;39m File Watcher] [org.springframework.boot.devtools.autoconfigure.LocalDevToolsAutoConfiguration$RestartingClassPathChangeChangedEventListener] [36mRestarting due to 5 class path changes (0 additions, 0 deletions, 5 modifications)[0;39m
[2024-02-22 09:28:15 [32mINFO [0;39m Thread-5] [org.apache.coyote.http11.Http11NioProtocol] [36mStopping ProtocolHandler ["http-nio-8082"][0;39m
[2024-02-22 09:28:15 [32mINFO [0;39m Thread-5] [org.springframework.orm.jpa.LocalContainerEntityManagerFactoryBean] [36mClosing JPA EntityManagerFactory for persistence unit 'default'[0;39m
[2024-02-22 09:28:15 [32mINFO [0;39m Thread-5] [com.zaxxer.hikari.HikariDataSource] [36mHikariPool-1 - Shutdown initiated...[0;39m
[2024-02-22 09:28:15 [32mINFO [0;39m Thread-5] [com.zaxxer.hikari.HikariDataSource] [36mHikariPool-1 - Shutdown completed.[0;39m
[2024-02-22 09:28:16 [32mINFO [0;39m restartedMain] [com.green.greengram4.Greengram5Application] [36mStarting Greengram5Application using Java 17.0.8.1 with PID 10040 (D:\Students\kth\greengram5\build\classes\java\main started by Administrator in D:\Students\kth\greengram5)[0;39m
[2024-02-22 09:28:16 [32mINFO [0;39m restartedMain] [com.green.greengram4.Greengram5Application] [36mThe following 1 profile is active: "jpa"[0;39m
[2024-02-22 09:28:16 [32mINFO [0;39m restartedMain] [org.springframework.data.repository.config.RepositoryConfigurationDelegate] [36mBootstrapping Spring Data JPA repositories in DEFAULT mode.[0;39m
[2024-02-22 09:28:16 [32mINFO [0;39m restartedMain] [org.springframework.data.repository.config.RepositoryConfigurationDelegate] [36mFinished Spring Data repository scanning in 16 ms. Found 5 JPA repository interfaces.[0;39m
[2024-02-22 09:28:16 [32mINFO [0;39m restartedMain] [org.springframework.boot.web.embedded.tomcat.TomcatWebServer] [36mTomcat initialized with port 8082 (http)[0;39m
[2024-02-22 09:28:16 [32mINFO [0;39m restartedMain] [org.apache.coyote.http11.Http11NioProtocol] [36mInitializing ProtocolHandler ["http-nio-8082"][0;39m
[2024-02-22 09:28:16 [32mINFO [0;39m restartedMain] [org.apache.catalina.core.StandardService] [36mStarting service [Tomcat][0;39m
[2024-02-22 09:28:16 [32mINFO [0;39m restartedMain] [org.apache.catalina.core.StandardEngine] [36mStarting Servlet engine: [Apache Tomcat/10.1.17][0;39m
[2024-02-22 09:28:16 [32mINFO [0;39m restartedMain] [org.apache.catalina.core.ContainerBase.[Tomcat].[localhost].[/]] [36mInitializing Spring embedded WebApplicationContext[0;39m
[2024-02-22 09:28:16 [32mINFO [0;39m restartedMain] [org.springframework.boot.web.servlet.context.ServletWebServerApplicationContext] [36mRoot WebApplicationContext: initialization completed in 315 ms[0;39m
[2024-02-22 09:28:16 [32mINFO [0;39m restartedMain] [org.hibernate.jpa.internal.util.LogHelper] [36mHHH000204: Processing PersistenceUnitInfo [name: default][0;39m
[2024-02-22 09:28:16 [32mINFO [0;39m restartedMain] [org.hibernate.cache.internal.RegionFactoryInitiator] [36mHHH000026: Second-level cache disabled[0;39m
[2024-02-22 09:28:16 [32mINFO [0;39m restartedMain] [org.springframework.orm.jpa.persistenceunit.SpringPersistenceUnitInfo] [36mNo LoadTimeWeaver setup: ignoring JPA class transformer[0;39m
[2024-02-22 09:28:16 [32mINFO [0;39m restartedMain] [com.zaxxer.hikari.HikariDataSource] [36mHikariPool-2 - Starting...[0;39m
[2024-02-22 09:28:16 [32mINFO [0;39m restartedMain] [com.zaxxer.hikari.pool.HikariPool] [36mHikariPool-2 - Added connection org.mariadb.jdbc.Connection@70bcbe16[0;39m
[2024-02-22 09:28:16 [32mINFO [0;39m restartedMain] [com.zaxxer.hikari.HikariDataSource] [36mHikariPool-2 - Start completed.[0;39m
[2024-02-22 09:28:16 [32mINFO [0;39m restartedMain] [org.hibernate.engine.transaction.jta.platform.internal.JtaPlatformInitiator] [36mHHH000489: No JTA platform available (set 'hibernate.transaction.jta.platform' to enable JTA platform integration)[0;39m
[2024-02-22 09:28:17 [32mINFO [0;39m restartedMain] [org.springframework.orm.jpa.LocalContainerEntityManagerFactoryBean] [36mInitialized JPA EntityManagerFactory for persistence unit 'default'[0;39m
[2024-02-22 09:28:17 [32mINFO [0;39m restartedMain] [org.springframework.boot.autoconfigure.web.servlet.WelcomePageHandlerMapping] [36mAdding welcome page: class path resource [static/index.html][0;39m
[2024-02-22 09:28:17 [32mINFO [0;39m restartedMain] [org.springframework.security.web.DefaultSecurityFilterChain] [36mWill secure any request with [org.springframework.security.web.session.DisableEncodeUrlFilter@7bcf76c2, org.springframework.security.web.context.request.async.WebAsyncManagerIntegrationFilter@69931295, org.springframework.security.web.context.SecurityContextHolderFilter@36f5d0d3, org.springframework.security.web.header.HeaderWriterFilter@76f105c9, org.springframework.web.filter.CorsFilter@67ceba41, org.springframework.security.web.authentication.logout.LogoutFilter@2e25671, org.springframework.security.oauth2.client.web.OAuth2AuthorizationRequestRedirectFilter@21a67d0b, org.springframework.security.oauth2.client.web.OAuth2LoginAuthenticationFilter@52a13a10, com.green.greengram4.security.JwtAuthenticationFilter@95cf2d8, org.springframework.security.web.savedrequest.RequestCacheAwareFilter@2e568638, org.springframework.security.web.servletapi.SecurityContextHolderAwareRequestFilter@50771176, org.springframework.security.web.authentication.AnonymousAuthenticationFilter@3ce46d12, org.springframework.security.web.session.SessionManagementFilter@2cbcc102, org.springframework.security.web.access.ExceptionTranslationFilter@30651bde, org.springframework.security.web.access.intercept.AuthorizationFilter@708b3987][0;39m
[2024-02-22 09:28:17 [32mINFO [0;39m restartedMain] [org.springframework.boot.devtools.autoconfigure.OptionalLiveReloadServer] [36mLiveReload server is running on port 35729[0;39m
[2024-02-22 09:28:17 [32mINFO [0;39m restartedMain] [org.apache.coyote.http11.Http11NioProtocol] [36mStarting ProtocolHandler ["http-nio-8082"][0;39m
[2024-02-22 09:28:17 [32mINFO [0;39m restartedMain] [org.springframework.boot.web.embedded.tomcat.TomcatWebServer] [36mTomcat started on port 8082 (http) with context path ''[0;39m
[2024-02-22 09:28:17 [32mINFO [0;39m restartedMain] [com.green.greengram4.Greengram5Application] [36mStarted Greengram5Application in 1.421 seconds (process running for 78.668)[0;39m
[2024-02-22 09:28:17 [32mINFO [0;39m restartedMain] [org.springframework.boot.devtools.autoconfigure.ConditionEvaluationDeltaLoggingListener] [36mCondition evaluation unchanged[0;39m
[2024-02-22 09:28:20 [32mINFO [0;39m SpringApplicationShutdownHook] [org.springframework.orm.jpa.LocalContainerEntityManagerFactoryBean] [36mClosing JPA EntityManagerFactory for persistence unit 'default'[0;39m
[2024-02-22 09:28:20 [32mINFO [0;39m SpringApplicationShutdownHook] [com.zaxxer.hikari.HikariDataSource] [36mHikariPool-2 - Shutdown initiated...[0;39m
[2024-02-22 09:28:20 [32mINFO [0;39m SpringApplicationShutdownHook] [com.zaxxer.hikari.HikariDataSource] [36mHikariPool-2 - Shutdown completed.[0;39m
[2024-02-22 09:28:22 [32mINFO [0;39m background-preinit] [org.hibernate.validator.internal.util.Version] [36mHV000001: Hibernate Validator 8.0.1.Final[0;39m
[2024-02-22 09:28:22 [32mINFO [0;39m restartedMain] [com.green.greengram4.Greengram5Application] [36mStarting Greengram5Application using Java 17.0.8.1 with PID 1620 (D:\Students\kth\greengram5\build\classes\java\main started by Administrator in D:\Students\kth\greengram5)[0;39m
[2024-02-22 09:28:22 [32mINFO [0;39m restartedMain] [com.green.greengram4.Greengram5Application] [36mThe following 1 profile is active: "jpa"[0;39m
[2024-02-22 09:28:22 [32mINFO [0;39m restartedMain] [org.springframework.boot.devtools.env.DevToolsPropertyDefaultsPostProcessor] [36mDevtools property defaults active! Set 'spring.devtools.add-properties' to 'false' to disable[0;39m
[2024-02-22 09:28:22 [32mINFO [0;39m restartedMain] [org.springframework.boot.devtools.env.DevToolsPropertyDefaultsPostProcessor] [36mFor additional web related logging consider setting the 'logging.level.web' property to 'DEBUG'[0;39m
[2024-02-22 09:28:22 [32mINFO [0;39m restartedMain] [org.springframework.data.repository.config.RepositoryConfigurationDelegate] [36mBootstrapping Spring Data JPA repositories in DEFAULT mode.[0;39m
[2024-02-22 09:28:22 [32mINFO [0;39m restartedMain] [org.springframework.data.repository.config.RepositoryConfigurationDelegate] [36mFinished Spring Data repository scanning in 104 ms. Found 5 JPA repository interfaces.[0;39m
[2024-02-22 09:28:23 [32mINFO [0;39m restartedMain] [org.springframework.boot.web.embedded.tomcat.TomcatWebServer] [36mTomcat initialized with port 8082 (http)[0;39m
[2024-02-22 09:28:23 [32mINFO [0;39m restartedMain] [org.apache.coyote.http11.Http11NioProtocol] [36mInitializing ProtocolHandler ["http-nio-8082"][0;39m
[2024-02-22 09:28:23 [32mINFO [0;39m restartedMain] [org.apache.catalina.core.StandardService] [36mStarting service [Tomcat][0;39m
[2024-02-22 09:28:23 [32mINFO [0;39m restartedMain] [org.apache.catalina.core.StandardEngine] [36mStarting Servlet engine: [Apache Tomcat/10.1.17][0;39m
[2024-02-22 09:28:23 [32mINFO [0;39m restartedMain] [org.apache.catalina.core.ContainerBase.[Tomcat].[localhost].[/]] [36mInitializing Spring embedded WebApplicationContext[0;39m
[2024-02-22 09:28:23 [32mINFO [0;39m restartedMain] [org.springframework.boot.web.servlet.context.ServletWebServerApplicationContext] [36mRoot WebApplicationContext: initialization completed in 1222 ms[0;39m
[2024-02-22 09:28:23 [32mINFO [0;39m restartedMain] [org.hibernate.jpa.internal.util.LogHelper] [36mHHH000204: Processing PersistenceUnitInfo [name: default][0;39m
[2024-02-22 09:28:23 [32mINFO [0;39m restartedMain] [org.hibernate.Version] [36mHHH000412: Hibernate ORM core version 6.4.1.Final[0;39m
[2024-02-22 09:28:23 [32mINFO [0;39m restartedMain] [org.hibernate.cache.internal.RegionFactoryInitiator] [36mHHH000026: Second-level cache disabled[0;39m
[2024-02-22 09:28:23 [32mINFO [0;39m restartedMain] [org.springframework.orm.jpa.persistenceunit.SpringPersistenceUnitInfo] [36mNo LoadTimeWeaver setup: ignoring JPA class transformer[0;39m
[2024-02-22 09:28:23 [32mINFO [0;39m restartedMain] [com.zaxxer.hikari.HikariDataSource] [36mHikariPool-1 - Starting...[0;39m
[2024-02-22 09:28:23 [32mINFO [0;39m restartedMain] [com.zaxxer.hikari.pool.HikariPool] [36mHikariPool-1 - Added connection org.mariadb.jdbc.Connection@1d6b5159[0;39m
[2024-02-22 09:28:23 [32mINFO [0;39m restartedMain] [com.zaxxer.hikari.HikariDataSource] [36mHikariPool-1 - Start completed.[0;39m
[2024-02-22 09:28:24 [32mINFO [0;39m restartedMain] [org.hibernate.engine.transaction.jta.platform.internal.JtaPlatformInitiator] [36mHHH000489: No JTA platform available (set 'hibernate.transaction.jta.platform' to enable JTA platform integration)[0;39m
[2024-02-22 09:28:24 [33mWARN [0;39m restartedMain] [org.mariadb.jdbc.message.server.ErrorPacket] [36mError: 4091-42S02: Unknown SEQUENCE: 'greengram5_jpa.t_dm_msg_seq'[0;39m
[2024-02-22 09:28:24 [33mWARN [0;39m restartedMain] [org.hibernate.tool.schema.internal.ExceptionHandlerLoggedImpl] [36mGenerationTarget encountered exception accepting command : Error executing DDL "
    drop sequence t_dm_msg_seq" via JDBC [(conn=45) Unknown SEQUENCE: 'greengram5_jpa.t_dm_msg_seq'][0;39m
org.hibernate.tool.schema.spi.CommandAcceptanceException: Error executing DDL "
    drop sequence t_dm_msg_seq" via JDBC [(conn=45) Unknown SEQUENCE: 'greengram5_jpa.t_dm_msg_seq']
	at org.hibernate.tool.schema.internal.exec.GenerationTargetToDatabase.accept(GenerationTargetToDatabase.java:94)
	at org.hibernate.tool.schema.internal.Helper.applySqlString(Helper.java:233)
	at org.hibernate.tool.schema.internal.Helper.applySqlStrings(Helper.java:217)
	at org.hibernate.tool.schema.internal.SchemaDropperImpl.dropSequences(SchemaDropperImpl.java:337)
	at org.hibernate.tool.schema.internal.SchemaDropperImpl.dropConstraintsTablesSequences(SchemaDropperImpl.java:265)
	at org.hibernate.tool.schema.internal.SchemaDropperImpl.dropFromMetadata(SchemaDropperImpl.java:215)
	at org.hibernate.tool.schema.internal.SchemaDropperImpl.performDrop(SchemaDropperImpl.java:185)
	at org.hibernate.tool.schema.internal.SchemaDropperImpl.doDrop(SchemaDropperImpl.java:155)
	at org.hibernate.tool.schema.internal.SchemaDropperImpl.doDrop(SchemaDropperImpl.java:115)
	at org.hibernate.tool.schema.spi.SchemaManagementToolCoordinator.performDatabaseAction(SchemaManagementToolCoordinator.java:244)
	at org.hibernate.tool.schema.spi.SchemaManagementToolCoordinator.lambda$process$5(SchemaManagementToolCoordinator.java:145)
	at java.base/java.util.HashMap.forEach(HashMap.java:1421)
	at org.hibernate.tool.schema.spi.SchemaManagementToolCoordinator.process(SchemaManagementToolCoordinator.java:142)
	at org.hibernate.boot.internal.SessionFactoryObserverForSchemaExport.sessionFactoryCreated(SessionFactoryObserverForSchemaExport.java:37)
	at org.hibernate.internal.SessionFactoryObserverChain.sessionFactoryCreated(SessionFactoryObserverChain.java:35)
	at org.hibernate.internal.SessionFactoryImpl.<init>(SessionFactoryImpl.java:315)
	at org.hibernate.boot.internal.SessionFactoryBuilderImpl.build(SessionFactoryBuilderImpl.java:450)
	at org.hibernate.jpa.boot.internal.EntityManagerFactoryBuilderImpl.build(EntityManagerFactoryBuilderImpl.java:1507)
	at org.springframework.orm.jpa.vendor.SpringHibernateJpaPersistenceProvider.createContainerEntityManagerFactory(SpringHibernateJpaPersistenceProvider.java:75)
	at org.springframework.orm.jpa.LocalContainerEntityManagerFactoryBean.createNativeEntityManagerFactory(LocalContainerEntityManagerFactoryBean.java:376)
	at org.springframework.orm.jpa.AbstractEntityManagerFactoryBean.buildNativeEntityManagerFactory(AbstractEntityManagerFactoryBean.java:409)
	at org.springframework.orm.jpa.AbstractEntityManagerFactoryBean.afterPropertiesSet(AbstractEntityManagerFactoryBean.java:396)
	at org.springframework.orm.jpa.LocalContainerEntityManagerFactoryBean.afterPropertiesSet(LocalContainerEntityManagerFactoryBean.java:352)
	at org.springframework.beans.factory.support.AbstractAutowireCapableBeanFactory.invokeInitMethods(AbstractAutowireCapableBeanFactory.java:1820)
	at org.springframework.beans.factory.support.AbstractAutowireCapableBeanFactory.initializeBean(AbstractAutowireCapableBeanFactory.java:1769)
	at org.springframework.beans.factory.support.AbstractAutowireCapableBeanFactory.doCreateBean(AbstractAutowireCapableBeanFactory.java:599)
	at org.springframework.beans.factory.support.AbstractAutowireCapableBeanFactory.createBean(AbstractAutowireCapableBeanFactory.java:521)
	at org.springframework.beans.factory.support.AbstractBeanFactory.lambda$doGetBean$0(AbstractBeanFactory.java:325)
	at org.springframework.beans.factory.support.DefaultSingletonBeanRegistry.getSingleton(DefaultSingletonBeanRegistry.java:234)
	at org.springframework.beans.factory.support.AbstractBeanFactory.doGetBean(AbstractBeanFactory.java:323)
	at org.springframework.beans.factory.support.AbstractBeanFactory.getBean(AbstractBeanFactory.java:199)
	at org.springframework.context.support.AbstractApplicationContext.getBean(AbstractApplicationContext.java:1232)
	at org.springframework.context.support.AbstractApplicationContext.finishBeanFactoryInitialization(AbstractApplicationContext.java:950)
	at org.springframework.context.support.AbstractApplicationContext.refresh(AbstractApplicationContext.java:625)
	at org.springframework.boot.web.servlet.context.ServletWebServerApplicationContext.refresh(ServletWebServerApplicationContext.java:146)
	at org.springframework.boot.SpringApplication.refresh(SpringApplication.java:762)
	at org.springframework.boot.SpringApplication.refreshContext(SpringApplication.java:464)
	at org.springframework.boot.SpringApplication.run(SpringApplication.java:334)
	at org.springframework.boot.SpringApplication.run(SpringApplication.java:1358)
	at org.springframework.boot.SpringApplication.run(SpringApplication.java:1347)
	at com.green.greengram4.Greengram5Application.main(Greengram5Application.java:16)
	at java.base/jdk.internal.reflect.NativeMethodAccessorImpl.invoke0(Native Method)
	at java.base/jdk.internal.reflect.NativeMethodAccessorImpl.invoke(NativeMethodAccessorImpl.java:77)
	at java.base/jdk.internal.reflect.DelegatingMethodAccessorImpl.invoke(DelegatingMethodAccessorImpl.java:43)
	at java.base/java.lang.reflect.Method.invoke(Method.java:568)
	at org.springframework.boot.devtools.restart.RestartLauncher.run(RestartLauncher.java:50)
Caused by: java.sql.SQLSyntaxErrorException: (conn=45) Unknown SEQUENCE: 'greengram5_jpa.t_dm_msg_seq'
	at org.mariadb.jdbc.export.ExceptionFactory.createException(ExceptionFactory.java:282)
	at org.mariadb.jdbc.export.ExceptionFactory.create(ExceptionFactory.java:370)
	at org.mariadb.jdbc.message.ClientMessage.readPacket(ClientMessage.java:134)
	at org.mariadb.jdbc.client.impl.StandardClient.readPacket(StandardClient.java:883)
	at org.mariadb.jdbc.client.impl.StandardClient.readResults(StandardClient.java:822)
	at org.mariadb.jdbc.client.impl.StandardClient.readResponse(StandardClient.java:741)
	at org.mariadb.jdbc.client.impl.StandardClient.execute(StandardClient.java:665)
	at org.mariadb.jdbc.Statement.executeInternal(Statement.java:956)
	at org.mariadb.jdbc.Statement.execute(Statement.java:1082)
	at org.mariadb.jdbc.Statement.execute(Statement.java:474)
	at com.zaxxer.hikari.pool.ProxyStatement.execute(ProxyStatement.java:94)
	at com.zaxxer.hikari.pool.HikariProxyStatement.execute(HikariProxyStatement.java)
	at org.hibernate.tool.schema.internal.exec.GenerationTargetToDatabase.accept(GenerationTargetToDatabase.java:80)
	... 45 common frames omitted
[2024-02-22 09:28:25 [32mINFO [0;39m restartedMain] [org.springframework.orm.jpa.LocalContainerEntityManagerFactoryBean] [36mInitialized JPA EntityManagerFactory for persistence unit 'default'[0;39m
[2024-02-22 09:28:25 [32mINFO [0;39m restartedMain] [com.green.greengram4.common.FirebaseConfiguration] [36mFirebaseApp Initialization Complete !!![0;39m
[2024-02-22 09:28:25 [32mINFO [0;39m restartedMain] [org.springframework.boot.autoconfigure.web.servlet.WelcomePageHandlerMapping] [36mAdding welcome page: class path resource [static/index.html][0;39m
[2024-02-22 09:28:26 [32mINFO [0;39m restartedMain] [org.springframework.security.web.DefaultSecurityFilterChain] [36mWill secure any request with [org.springframework.security.web.session.DisableEncodeUrlFilter@69082ed0, org.springframework.security.web.context.request.async.WebAsyncManagerIntegrationFilter@4c2dbc22, org.springframework.security.web.context.SecurityContextHolderFilter@25510053, org.springframework.security.web.header.HeaderWriterFilter@7c6e1177, org.springframework.web.filter.CorsFilter@688d6b6a, org.springframework.security.web.authentication.logout.LogoutFilter@7dfff415, org.springframework.security.oauth2.client.web.OAuth2AuthorizationRequestRedirectFilter@43135115, org.springframework.security.oauth2.client.web.OAuth2LoginAuthenticationFilter@567e7fcc, com.green.greengram4.security.JwtAuthenticationFilter@39b63dfb, org.springframework.security.web.savedrequest.RequestCacheAwareFilter@11ddfcf6, org.springframework.security.web.servletapi.SecurityContextHolderAwareRequestFilter@23b0d7a4, org.springframework.security.web.authentication.AnonymousAuthenticationFilter@4087f0a4, org.springframework.security.web.session.SessionManagementFilter@81912f9, org.springframework.security.web.access.ExceptionTranslationFilter@47b44197, org.springframework.security.web.access.intercept.AuthorizationFilter@44d348e0][0;39m
[2024-02-22 09:28:26 [32mINFO [0;39m restartedMain] [org.springframework.boot.devtools.autoconfigure.OptionalLiveReloadServer] [36mLiveReload server is running on port 35729[0;39m
[2024-02-22 09:28:26 [32mINFO [0;39m restartedMain] [org.apache.coyote.http11.Http11NioProtocol] [36mStarting ProtocolHandler ["http-nio-8082"][0;39m
[2024-02-22 09:28:26 [32mINFO [0;39m restartedMain] [org.springframework.boot.web.embedded.tomcat.TomcatWebServer] [36mTomcat started on port 8082 (http) with context path ''[0;39m
[2024-02-22 09:28:26 [32mINFO [0;39m restartedMain] [com.green.greengram4.Greengram5Application] [36mStarted Greengram5Application in 4.469 seconds (process running for 4.902)[0;39m
[2024-02-22 09:32:22 [32mINFO [0;39m SpringApplicationShutdownHook] [org.springframework.orm.jpa.LocalContainerEntityManagerFactoryBean] [36mClosing JPA EntityManagerFactory for persistence unit 'default'[0;39m
[2024-02-22 09:32:22 [32mINFO [0;39m SpringApplicationShutdownHook] [com.zaxxer.hikari.HikariDataSource] [36mHikariPool-1 - Shutdown initiated...[0;39m
[2024-02-22 09:32:22 [32mINFO [0;39m SpringApplicationShutdownHook] [com.zaxxer.hikari.HikariDataSource] [36mHikariPool-1 - Shutdown completed.[0;39m
