[2024-01-15 11:37:50 [32mINFO [0;39m restartedMain] [com.green.greengram4.Greengram4Application] [36mStarting Greengram4Application using Java 17.0.8.1 with PID 7560 (D:\Students\kth\greengram4\build\classes\java\main started by Administrator in D:\Students\kth\greengram4)[0;39m
[2024-01-15 11:37:50 [32mINFO [0;39m restartedMain] [com.green.greengram4.Greengram4Application] [36mNo active profile set, falling back to 1 default profile: "default"[0;39m
[2024-01-15 11:37:50 [32mINFO [0;39m restartedMain] [org.springframework.boot.devtools.env.DevToolsPropertyDefaultsPostProcessor] [36mDevtools property defaults active! Set 'spring.devtools.add-properties' to 'false' to disable[0;39m
[2024-01-15 11:37:50 [32mINFO [0;39m restartedMain] [org.springframework.boot.devtools.env.DevToolsPropertyDefaultsPostProcessor] [36mFor additional web related logging consider setting the 'logging.level.web' property to 'DEBUG'[0;39m
[2024-01-15 11:37:51 [32mINFO [0;39m restartedMain] [org.springframework.boot.web.embedded.tomcat.TomcatWebServer] [36mTomcat initialized with port 8080 (http)[0;39m
[2024-01-15 11:37:51 [32mINFO [0;39m restartedMain] [org.apache.coyote.http11.Http11NioProtocol] [36mInitializing ProtocolHandler ["http-nio-8080"][0;39m
[2024-01-15 11:37:51 [32mINFO [0;39m restartedMain] [org.apache.catalina.core.StandardService] [36mStarting service [Tomcat][0;39m
[2024-01-15 11:37:51 [32mINFO [0;39m restartedMain] [org.apache.catalina.core.StandardEngine] [36mStarting Servlet engine: [Apache Tomcat/10.1.17][0;39m
[2024-01-15 11:37:51 [32mINFO [0;39m restartedMain] [org.apache.catalina.core.ContainerBase.[Tomcat].[localhost].[/]] [36mInitializing Spring embedded WebApplicationContext[0;39m
[2024-01-15 11:37:51 [32mINFO [0;39m restartedMain] [org.springframework.boot.web.servlet.context.ServletWebServerApplicationContext] [36mRoot WebApplicationContext: initialization completed in 926 ms[0;39m
[2024-01-15 11:37:51 [32mINFO [0;39m restartedMain] [com.green.greengram4.common.FirebaseConfiguration] [36mFirebaseApp Initialization Complete !!![0;39m
[2024-01-15 11:37:51 [33mWARN [0;39m restartedMain] [org.springframework.boot.autoconfigure.security.servlet.UserDetailsServiceAutoConfiguration] [36m

Using generated security password: 05415c57-e21d-417e-947b-56ac101c1258

This generated password is for development use only. Your security configuration must be updated before running your application in production.
[0;39m
[2024-01-15 11:37:51 [32mINFO [0;39m restartedMain] [org.springframework.boot.autoconfigure.web.servlet.WelcomePageHandlerMapping] [36mAdding welcome page: class path resource [static/index.html][0;39m
[2024-01-15 11:37:51 [32mINFO [0;39m restartedMain] [org.springframework.security.web.DefaultSecurityFilterChain] [36mWill secure any request with [org.springframework.security.web.session.DisableEncodeUrlFilter@785461a8, org.springframework.security.web.context.request.async.WebAsyncManagerIntegrationFilter@4074a8b7, org.springframework.security.web.context.SecurityContextHolderFilter@5d5a9194, org.springframework.security.web.header.HeaderWriterFilter@13b4a48, org.springframework.web.filter.CorsFilter@197be0d1, org.springframework.security.web.authentication.logout.LogoutFilter@594638f0, com.green.greengram4.security.JwtAuthenticationFilter@3e2ebd14, org.springframework.security.web.savedrequest.RequestCacheAwareFilter@48466834, org.springframework.security.web.servletapi.SecurityContextHolderAwareRequestFilter@3b8354c7, org.springframework.security.web.authentication.AnonymousAuthenticationFilter@4b9d94dd, org.springframework.security.web.session.SessionManagementFilter@7eba0d63, org.springframework.security.web.access.ExceptionTranslationFilter@7f4ab31f, org.springframework.security.web.access.intercept.AuthorizationFilter@4c2e86cb][0;39m
[2024-01-15 11:37:51 [32mINFO [0;39m restartedMain] [org.springframework.boot.devtools.autoconfigure.OptionalLiveReloadServer] [36mLiveReload server is running on port 35729[0;39m
[2024-01-15 11:37:51 [32mINFO [0;39m restartedMain] [org.apache.coyote.http11.Http11NioProtocol] [36mStarting ProtocolHandler ["http-nio-8080"][0;39m
[2024-01-15 11:37:51 [32mINFO [0;39m restartedMain] [org.springframework.boot.web.embedded.tomcat.TomcatWebServer] [36mTomcat started on port 8080 (http) with context path ''[0;39m
[2024-01-15 11:37:51 [32mINFO [0;39m restartedMain] [com.green.greengram4.Greengram4Application] [36mStarted Greengram4Application in 1.992 seconds (process running for 2.415)[0;39m
[2024-01-15 11:38:02 [32mINFO [0;39m restartedMain] [com.green.greengram4.Greengram4Application] [36mStarting Greengram4Application using Java 17.0.8.1 with PID 8340 (D:\Students\kth\greengram4\build\classes\java\main started by Administrator in D:\Students\kth\greengram4)[0;39m
[2024-01-15 11:38:02 [32mINFO [0;39m restartedMain] [com.green.greengram4.Greengram4Application] [36mNo active profile set, falling back to 1 default profile: "default"[0;39m
[2024-01-15 11:38:02 [32mINFO [0;39m restartedMain] [org.springframework.boot.devtools.env.DevToolsPropertyDefaultsPostProcessor] [36mDevtools property defaults active! Set 'spring.devtools.add-properties' to 'false' to disable[0;39m
[2024-01-15 11:38:02 [32mINFO [0;39m restartedMain] [org.springframework.boot.devtools.env.DevToolsPropertyDefaultsPostProcessor] [36mFor additional web related logging consider setting the 'logging.level.web' property to 'DEBUG'[0;39m
[2024-01-15 11:38:03 [32mINFO [0;39m restartedMain] [org.springframework.boot.web.embedded.tomcat.TomcatWebServer] [36mTomcat initialized with port 8080 (http)[0;39m
[2024-01-15 11:38:03 [32mINFO [0;39m restartedMain] [org.apache.coyote.http11.Http11NioProtocol] [36mInitializing ProtocolHandler ["http-nio-8080"][0;39m
[2024-01-15 11:38:03 [32mINFO [0;39m restartedMain] [org.apache.catalina.core.StandardService] [36mStarting service [Tomcat][0;39m
[2024-01-15 11:38:03 [32mINFO [0;39m restartedMain] [org.apache.catalina.core.StandardEngine] [36mStarting Servlet engine: [Apache Tomcat/10.1.17][0;39m
[2024-01-15 11:38:03 [32mINFO [0;39m restartedMain] [org.apache.catalina.core.ContainerBase.[Tomcat].[localhost].[/]] [36mInitializing Spring embedded WebApplicationContext[0;39m
[2024-01-15 11:38:03 [32mINFO [0;39m restartedMain] [org.springframework.boot.web.servlet.context.ServletWebServerApplicationContext] [36mRoot WebApplicationContext: initialization completed in 938 ms[0;39m
[2024-01-15 11:38:03 [32mINFO [0;39m restartedMain] [com.green.greengram4.common.FirebaseConfiguration] [36mFirebaseApp Initialization Complete !!![0;39m
[2024-01-15 11:38:03 [33mWARN [0;39m restartedMain] [org.springframework.boot.autoconfigure.security.servlet.UserDetailsServiceAutoConfiguration] [36m

Using generated security password: b59787d0-a3ea-4c35-8a7c-aa8aab05782b

This generated password is for development use only. Your security configuration must be updated before running your application in production.
[0;39m
[2024-01-15 11:38:03 [32mINFO [0;39m restartedMain] [org.springframework.boot.autoconfigure.web.servlet.WelcomePageHandlerMapping] [36mAdding welcome page: class path resource [static/index.html][0;39m
[2024-01-15 11:38:03 [32mINFO [0;39m restartedMain] [org.springframework.security.web.DefaultSecurityFilterChain] [36mWill secure any request with [org.springframework.security.web.session.DisableEncodeUrlFilter@709c83d5, org.springframework.security.web.context.request.async.WebAsyncManagerIntegrationFilter@554b2add, org.springframework.security.web.context.SecurityContextHolderFilter@b265bdb, org.springframework.security.web.header.HeaderWriterFilter@5291603, org.springframework.web.filter.CorsFilter@53445fd2, org.springframework.security.web.authentication.logout.LogoutFilter@3d64d3d9, com.green.greengram4.security.JwtAuthenticationFilter@59b5f896, org.springframework.security.web.savedrequest.RequestCacheAwareFilter@238e6034, org.springframework.security.web.servletapi.SecurityContextHolderAwareRequestFilter@4de5d263, org.springframework.security.web.authentication.AnonymousAuthenticationFilter@7db463df, org.springframework.security.web.session.SessionManagementFilter@4bfc8fcd, org.springframework.security.web.access.ExceptionTranslationFilter@265a1e44, org.springframework.security.web.access.intercept.AuthorizationFilter@405ca5ce][0;39m
[2024-01-15 11:38:04 [32mINFO [0;39m restartedMain] [org.springframework.boot.devtools.autoconfigure.OptionalLiveReloadServer] [36mLiveReload server is running on port 35729[0;39m
[2024-01-15 11:38:04 [32mINFO [0;39m restartedMain] [org.apache.coyote.http11.Http11NioProtocol] [36mStarting ProtocolHandler ["http-nio-8080"][0;39m
[2024-01-15 11:38:04 [32mINFO [0;39m restartedMain] [org.springframework.boot.web.embedded.tomcat.TomcatWebServer] [36mTomcat started on port 8080 (http) with context path ''[0;39m
[2024-01-15 11:38:04 [32mINFO [0;39m restartedMain] [com.green.greengram4.Greengram4Application] [36mStarted Greengram4Application in 2.028 seconds (process running for 2.477)[0;39m
[2024-01-15 11:38:23 [32mINFO [0;39m http-nio-8080-exec-1] [org.apache.catalina.core.ContainerBase.[Tomcat].[localhost].[/]] [36mInitializing Spring DispatcherServlet 'dispatcherServlet'[0;39m
[2024-01-15 11:38:23 [32mINFO [0;39m http-nio-8080-exec-1] [org.springframework.web.servlet.DispatcherServlet] [36mInitializing Servlet 'dispatcherServlet'[0;39m
[2024-01-15 11:38:23 [32mINFO [0;39m http-nio-8080-exec-1] [org.springframework.web.servlet.DispatcherServlet] [36mCompleted initialization in 1 ms[0;39m
[2024-01-15 11:38:23 [32mINFO [0;39m http-nio-8080-exec-1] [com.green.greengram4.security.JwtAuthenticationFilter] [36mtoken : null[0;39m
[2024-01-15 11:38:23 [32mINFO [0;39m http-nio-8080-exec-2] [com.green.greengram4.security.JwtAuthenticationFilter] [36mtoken : null[0;39m
[2024-01-15 11:38:23 [32mINFO [0;39m http-nio-8080-exec-3] [com.green.greengram4.security.JwtAuthenticationFilter] [36mtoken : null[0;39m
[2024-01-15 11:38:23 [32mINFO [0;39m http-nio-8080-exec-6] [com.green.greengram4.security.JwtAuthenticationFilter] [36mtoken : null[0;39m
[2024-01-15 11:38:23 [32mINFO [0;39m http-nio-8080-exec-4] [com.green.greengram4.security.JwtAuthenticationFilter] [36mtoken : null[0;39m
[2024-01-15 11:38:23 [32mINFO [0;39m http-nio-8080-exec-5] [com.green.greengram4.security.JwtAuthenticationFilter] [36mtoken : null[0;39m
[2024-01-15 11:38:23 [32mINFO [0;39m http-nio-8080-exec-7] [com.green.greengram4.security.JwtAuthenticationFilter] [36mtoken : null[0;39m
[2024-01-15 11:38:23 [32mINFO [0;39m http-nio-8080-exec-8] [com.green.greengram4.security.JwtAuthenticationFilter] [36mtoken : null[0;39m
[2024-01-15 11:38:23 [32mINFO [0;39m http-nio-8080-exec-9] [com.green.greengram4.security.JwtAuthenticationFilter] [36mtoken : null[0;39m
[2024-01-15 11:38:23 [32mINFO [0;39m http-nio-8080-exec-9] [org.springdoc.api.AbstractOpenApiResource] [36mInit duration for springdoc-openapi is: 175 ms[0;39m
[2024-01-15 11:38:34 [32mINFO [0;39m http-nio-8080-exec-10] [com.green.greengram4.security.JwtAuthenticationFilter] [36mtoken : null[0;39m
[2024-01-15 11:38:34 [32mINFO [0;39m http-nio-8080-exec-10] [com.zaxxer.hikari.HikariDataSource] [36mHikariPool-1 - Starting...[0;39m
[2024-01-15 11:38:34 [32mINFO [0;39m http-nio-8080-exec-10] [com.zaxxer.hikari.pool.HikariPool] [36mHikariPool-1 - Added connection org.mariadb.jdbc.Connection@2d4529d[0;39m
[2024-01-15 11:38:34 [32mINFO [0;39m http-nio-8080-exec-10] [com.zaxxer.hikari.HikariDataSource] [36mHikariPool-1 - Start completed.[0;39m
[2024-01-15 11:40:07 [32mINFO [0;39m http-nio-8080-exec-7] [com.green.greengram4.security.JwtAuthenticationFilter] [36mtoken : eyJhbGciOiJIUzI1NiJ9.eyJ1c2VyIjoie1wiaXVzZXJcIjo1fSIsImlhdCI6MTcwNTI4NjMxNCwiZXhwIjoxNzA1MjkzNTE0fQ.wVovd7w3iq68zYCT3fcRgGvwkAJ7ZmhxTqOCnBelfbc[0;39m
[2024-01-15 11:40:07 [32mINFO [0;39m http-nio-8080-exec-7] [com.green.greengram4.feed.FeedController] [36mpics : [org.springframework.web.multipart.support.StandardMultipartHttpServletRequest$StandardMultipartFile@1b21fda2, org.springframework.web.multipart.support.StandardMultipartHttpServletRequest$StandardMultipartFile@4d5972fa][0;39m
[2024-01-15 11:40:07 [32mINFO [0;39m http-nio-8080-exec-7] [com.green.greengram4.feed.FeedController] [36mdto : FeedInsDto(iuser=0, contents=포스트맨 테스트22, location=대구)[0;39m
[2024-01-15 12:19:56 [32mINFO [0;39m File Watcher] [org.springframework.boot.devtools.autoconfigure.LocalDevToolsAutoConfiguration$RestartingClassPathChangeChangedEventListener] [36mRestarting due to 32 class path changes (0 additions, 0 deletions, 32 modifications)[0;39m
[2024-01-15 12:19:56 [32mINFO [0;39m Thread-5] [org.apache.coyote.http11.Http11NioProtocol] [36mStopping ProtocolHandler ["http-nio-8080"][0;39m
[2024-01-15 12:19:56 [32mINFO [0;39m Thread-5] [com.zaxxer.hikari.HikariDataSource] [36mHikariPool-1 - Shutdown initiated...[0;39m
[2024-01-15 12:19:56 [32mINFO [0;39m Thread-5] [com.zaxxer.hikari.HikariDataSource] [36mHikariPool-1 - Shutdown completed.[0;39m
[2024-01-15 12:19:56 [32mINFO [0;39m restartedMain] [com.green.greengram4.Greengram4Application] [36mStarting Greengram4Application using Java 17.0.8.1 with PID 8340 (D:\Students\kth\greengram4\build\classes\java\main started by Administrator in D:\Students\kth\greengram4)[0;39m
[2024-01-15 12:19:56 [32mINFO [0;39m restartedMain] [com.green.greengram4.Greengram4Application] [36mNo active profile set, falling back to 1 default profile: "default"[0;39m
[2024-01-15 12:19:57 [32mINFO [0;39m restartedMain] [org.springframework.boot.web.embedded.tomcat.TomcatWebServer] [36mTomcat initialized with port 8080 (http)[0;39m
[2024-01-15 12:19:57 [32mINFO [0;39m restartedMain] [org.apache.coyote.http11.Http11NioProtocol] [36mInitializing ProtocolHandler ["http-nio-8080"][0;39m
[2024-01-15 12:19:57 [32mINFO [0;39m restartedMain] [org.apache.catalina.core.StandardService] [36mStarting service [Tomcat][0;39m
[2024-01-15 12:19:57 [32mINFO [0;39m restartedMain] [org.apache.catalina.core.StandardEngine] [36mStarting Servlet engine: [Apache Tomcat/10.1.17][0;39m
[2024-01-15 12:19:57 [32mINFO [0;39m restartedMain] [org.apache.catalina.core.ContainerBase.[Tomcat].[localhost].[/]] [36mInitializing Spring embedded WebApplicationContext[0;39m
[2024-01-15 12:19:57 [32mINFO [0;39m restartedMain] [org.springframework.boot.web.servlet.context.ServletWebServerApplicationContext] [36mRoot WebApplicationContext: initialization completed in 435 ms[0;39m
[2024-01-15 12:19:57 [33mWARN [0;39m restartedMain] [org.springframework.boot.autoconfigure.security.servlet.UserDetailsServiceAutoConfiguration] [36m

Using generated security password: f358a4fc-f247-493a-a932-d325ca3e7add

This generated password is for development use only. Your security configuration must be updated before running your application in production.
[0;39m
[2024-01-15 12:19:57 [32mINFO [0;39m restartedMain] [org.springframework.boot.autoconfigure.web.servlet.WelcomePageHandlerMapping] [36mAdding welcome page: class path resource [static/index.html][0;39m
[2024-01-15 12:19:57 [32mINFO [0;39m restartedMain] [org.springframework.security.web.DefaultSecurityFilterChain] [36mWill secure any request with [org.springframework.security.web.session.DisableEncodeUrlFilter@3b4c101e, org.springframework.security.web.context.request.async.WebAsyncManagerIntegrationFilter@426ed0d1, org.springframework.security.web.context.SecurityContextHolderFilter@4e89f0ff, org.springframework.security.web.header.HeaderWriterFilter@5a085ce0, org.springframework.web.filter.CorsFilter@a3f8914, org.springframework.security.web.authentication.logout.LogoutFilter@5db61cf4, com.green.greengram4.security.JwtAuthenticationFilter@1c3f02df, org.springframework.security.web.savedrequest.RequestCacheAwareFilter@4c63776d, org.springframework.security.web.servletapi.SecurityContextHolderAwareRequestFilter@5414dd5d, org.springframework.security.web.authentication.AnonymousAuthenticationFilter@5ba2736c, org.springframework.security.web.session.SessionManagementFilter@4a42a7f8, org.springframework.security.web.access.ExceptionTranslationFilter@4c19de35, org.springframework.security.web.access.intercept.AuthorizationFilter@56f0f788][0;39m
[2024-01-15 12:19:57 [32mINFO [0;39m restartedMain] [org.springframework.boot.devtools.autoconfigure.OptionalLiveReloadServer] [36mLiveReload server is running on port 35729[0;39m
[2024-01-15 12:19:57 [32mINFO [0;39m restartedMain] [org.apache.coyote.http11.Http11NioProtocol] [36mStarting ProtocolHandler ["http-nio-8080"][0;39m
[2024-01-15 12:19:57 [32mINFO [0;39m restartedMain] [org.springframework.boot.web.embedded.tomcat.TomcatWebServer] [36mTomcat started on port 8080 (http) with context path ''[0;39m
[2024-01-15 12:19:57 [32mINFO [0;39m restartedMain] [com.green.greengram4.Greengram4Application] [36mStarted Greengram4Application in 0.743 seconds (process running for 2515.821)[0;39m
[2024-01-15 12:19:57 [32mINFO [0;39m restartedMain] [org.springframework.boot.devtools.autoconfigure.ConditionEvaluationDeltaLoggingListener] [36mCondition evaluation unchanged[0;39m
