[2024-01-03 13:16:22 [32mINFO [0;39m restartedMain] [com.green.greengram4.Greengram5Application] [36mStarting Greengram4Application using Java 17.0.8.1 with PID 2856 (D:\Students\kth\greengram4\build\classes\java\main started by Administrator in D:\Students\kth\greengram4)[0;39m
[2024-01-03 13:16:22 [32mINFO [0;39m restartedMain] [com.green.greengram4.Greengram5Application] [36mNo active profile set, falling back to 1 default profile: "default"[0;39m
[2024-01-03 13:16:22 [32mINFO [0;39m restartedMain] [org.springframework.boot.devtools.env.DevToolsPropertyDefaultsPostProcessor] [36mDevtools property defaults active! Set 'spring.devtools.add-properties' to 'false' to disable[0;39m
[2024-01-03 13:16:22 [32mINFO [0;39m restartedMain] [org.springframework.boot.devtools.env.DevToolsPropertyDefaultsPostProcessor] [36mFor additional web related logging consider setting the 'logging.level.web' property to 'DEBUG'[0;39m
[2024-01-03 13:16:23 [32mINFO [0;39m restartedMain] [org.springframework.boot.web.embedded.tomcat.TomcatWebServer] [36mTomcat initialized with port 8082 (http)[0;39m
[2024-01-03 13:16:23 [32mINFO [0;39m restartedMain] [org.apache.coyote.http11.Http11NioProtocol] [36mInitializing ProtocolHandler ["http-nio-8082"][0;39m
[2024-01-03 13:16:23 [32mINFO [0;39m restartedMain] [org.apache.catalina.core.StandardService] [36mStarting service [Tomcat][0;39m
[2024-01-03 13:16:23 [32mINFO [0;39m restartedMain] [org.apache.catalina.core.StandardEngine] [36mStarting Servlet engine: [Apache Tomcat/10.1.17][0;39m
[2024-01-03 13:16:23 [32mINFO [0;39m restartedMain] [org.apache.catalina.core.ContainerBase.[Tomcat].[localhost].[/]] [36mInitializing Spring embedded WebApplicationContext[0;39m
[2024-01-03 13:16:23 [32mINFO [0;39m restartedMain] [org.springframework.boot.web.servlet.context.ServletWebServerApplicationContext] [36mRoot WebApplicationContext: initialization completed in 875 ms[0;39m
[2024-01-03 13:16:23 [32mINFO [0;39m restartedMain] [com.green.greengram4.common.FirebaseConfiguration] [36mFirebaseApp Initialization Complete !!![0;39m
[2024-01-03 13:16:23 [32mINFO [0;39m restartedMain] [org.springframework.boot.autoconfigure.web.servlet.WelcomePageHandlerMapping] [36mAdding welcome page: class path resource [static/index.html][0;39m
[2024-01-03 13:16:23 [33mWARN [0;39m restartedMain] [org.springframework.boot.autoconfigure.security.servlet.UserDetailsServiceAutoConfiguration] [36m

Using generated security password: 6ca3a6c9-51ef-4a51-85ff-b6f9b7c90062

This generated password is for development use only. Your security configuration must be updated before running your application in production.
[0;39m
[2024-01-03 13:16:24 [32mINFO [0;39m restartedMain] [org.springframework.security.web.DefaultSecurityFilterChain] [36mWill secure any request with [org.springframework.security.web.session.DisableEncodeUrlFilter@1a956408, org.springframework.security.web.context.request.async.WebAsyncManagerIntegrationFilter@42089745, org.springframework.security.web.context.SecurityContextHolderFilter@132f430a, org.springframework.security.web.header.HeaderWriterFilter@36502c6, org.springframework.web.filter.CorsFilter@78dc8f7, org.springframework.security.web.csrf.CsrfFilter@476310bc, org.springframework.security.web.authentication.logout.LogoutFilter@3d3aaddb, org.springframework.security.web.authentication.UsernamePasswordAuthenticationFilter@726a6a38, org.springframework.security.web.authentication.ui.DefaultLoginPageGeneratingFilter@321c0d20, org.springframework.security.web.authentication.ui.DefaultLogoutPageGeneratingFilter@13bbd1f2, org.springframework.security.web.authentication.www.BasicAuthenticationFilter@3f6cf53a, org.springframework.security.web.savedrequest.RequestCacheAwareFilter@bb7030e, org.springframework.security.web.servletapi.SecurityContextHolderAwareRequestFilter@70bb0149, org.springframework.security.web.authentication.AnonymousAuthenticationFilter@223f42a9, org.springframework.security.web.access.ExceptionTranslationFilter@6c8ddada, org.springframework.security.web.access.intercept.AuthorizationFilter@66144bf0][0;39m
[2024-01-03 13:16:24 [32mINFO [0;39m restartedMain] [org.springframework.boot.devtools.autoconfigure.OptionalLiveReloadServer] [36mLiveReload server is running on port 35729[0;39m
[2024-01-03 13:16:24 [32mINFO [0;39m restartedMain] [org.apache.coyote.http11.Http11NioProtocol] [36mStarting ProtocolHandler ["http-nio-8082"][0;39m
[2024-01-03 13:16:24 [32mINFO [0;39m restartedMain] [org.springframework.boot.web.embedded.tomcat.TomcatWebServer] [36mTomcat started on port 8082 (http) with context path ''[0;39m
[2024-01-03 13:16:24 [32mINFO [0;39m restartedMain] [com.green.greengram4.Greengram5Application] [36mStarted Greengram4Application in 2.049 seconds (process running for 2.58)[0;39m
[2024-01-03 13:16:32 [32mINFO [0;39m http-nio-8082-exec-1] [org.apache.catalina.core.ContainerBase.[Tomcat].[localhost].[/]] [36mInitializing Spring DispatcherServlet 'dispatcherServlet'[0;39m
[2024-01-03 13:16:32 [32mINFO [0;39m http-nio-8082-exec-1] [org.springframework.web.servlet.DispatcherServlet] [36mInitializing Servlet 'dispatcherServlet'[0;39m
[2024-01-03 13:16:32 [32mINFO [0;39m http-nio-8082-exec-1] [org.springframework.web.servlet.DispatcherServlet] [36mCompleted initialization in 0 ms[0;39m
