[2024-01-12 09:51:53 [32mINFO [0;39m restartedMain] [com.green.greengram4.Greengram4Application] [36mStarting Greengram4Application using Java 17.0.8.1 with PID 3900 (D:\Students\kth\greengram4\build\classes\java\main started by Administrator in D:\Students\kth\greengram4)[0;39m
[2024-01-12 09:51:53 [32mINFO [0;39m restartedMain] [com.green.greengram4.Greengram4Application] [36mNo active profile set, falling back to 1 default profile: "default"[0;39m
[2024-01-12 09:51:53 [32mINFO [0;39m restartedMain] [org.springframework.boot.devtools.env.DevToolsPropertyDefaultsPostProcessor] [36mDevtools property defaults active! Set 'spring.devtools.add-properties' to 'false' to disable[0;39m
[2024-01-12 09:51:53 [32mINFO [0;39m restartedMain] [org.springframework.boot.devtools.env.DevToolsPropertyDefaultsPostProcessor] [36mFor additional web related logging consider setting the 'logging.level.web' property to 'DEBUG'[0;39m
[2024-01-12 09:51:55 [32mINFO [0;39m restartedMain] [org.springframework.boot.web.embedded.tomcat.TomcatWebServer] [36mTomcat initialized with port 8080 (http)[0;39m
[2024-01-12 09:51:55 [32mINFO [0;39m restartedMain] [org.apache.coyote.http11.Http11NioProtocol] [36mInitializing ProtocolHandler ["http-nio-8080"][0;39m
[2024-01-12 09:51:55 [32mINFO [0;39m restartedMain] [org.apache.catalina.core.StandardService] [36mStarting service [Tomcat][0;39m
[2024-01-12 09:51:55 [32mINFO [0;39m restartedMain] [org.apache.catalina.core.StandardEngine] [36mStarting Servlet engine: [Apache Tomcat/10.1.17][0;39m
[2024-01-12 09:51:55 [32mINFO [0;39m restartedMain] [org.apache.catalina.core.ContainerBase.[Tomcat].[localhost].[/]] [36mInitializing Spring embedded WebApplicationContext[0;39m
[2024-01-12 09:51:55 [32mINFO [0;39m restartedMain] [org.springframework.boot.web.servlet.context.ServletWebServerApplicationContext] [36mRoot WebApplicationContext: initialization completed in 1118 ms[0;39m
[2024-01-12 09:51:55 [32mINFO [0;39m restartedMain] [com.green.greengram4.common.FirebaseConfiguration] [36mFirebaseApp Initialization Complete !!![0;39m
[2024-01-12 09:51:55 [33mWARN [0;39m restartedMain] [org.springframework.boot.autoconfigure.security.servlet.UserDetailsServiceAutoConfiguration] [36m

Using generated security password: 922519d2-a1b2-4bb8-82a3-7cd9abdc4980

This generated password is for development use only. Your security configuration must be updated before running your application in production.
[0;39m
[2024-01-12 09:51:55 [32mINFO [0;39m restartedMain] [org.springframework.boot.autoconfigure.web.servlet.WelcomePageHandlerMapping] [36mAdding welcome page: class path resource [static/index.html][0;39m
[2024-01-12 09:51:55 [32mINFO [0;39m restartedMain] [org.springframework.security.web.DefaultSecurityFilterChain] [36mWill secure any request with [org.springframework.security.web.session.DisableEncodeUrlFilter@37895273, org.springframework.security.web.context.request.async.WebAsyncManagerIntegrationFilter@3cc9012a, org.springframework.security.web.context.SecurityContextHolderFilter@601c63d7, org.springframework.security.web.header.HeaderWriterFilter@2a8e00d3, org.springframework.web.filter.CorsFilter@551a1455, org.springframework.security.web.authentication.logout.LogoutFilter@27cfaa0a, com.green.greengram4.security.JwtAuthenticationFilter@1a8c76b7, org.springframework.security.web.savedrequest.RequestCacheAwareFilter@6b99382b, org.springframework.security.web.servletapi.SecurityContextHolderAwareRequestFilter@5529c60a, org.springframework.security.web.authentication.AnonymousAuthenticationFilter@2421fbaa, org.springframework.security.web.session.SessionManagementFilter@16ad20b6, org.springframework.security.web.access.ExceptionTranslationFilter@acbde5b, org.springframework.security.web.access.intercept.AuthorizationFilter@7abe3ea6][0;39m
[2024-01-12 09:51:55 [32mINFO [0;39m restartedMain] [org.springframework.boot.devtools.autoconfigure.OptionalLiveReloadServer] [36mLiveReload server is running on port 35729[0;39m
[2024-01-12 09:51:55 [32mINFO [0;39m restartedMain] [org.apache.coyote.http11.Http11NioProtocol] [36mStarting ProtocolHandler ["http-nio-8080"][0;39m
[2024-01-12 09:51:55 [32mINFO [0;39m restartedMain] [org.springframework.boot.web.embedded.tomcat.TomcatWebServer] [36mTomcat started on port 8080 (http) with context path ''[0;39m
[2024-01-12 09:51:55 [32mINFO [0;39m restartedMain] [com.green.greengram4.Greengram4Application] [36mStarted Greengram4Application in 2.417 seconds (process running for 3.257)[0;39m
[2024-01-12 09:52:02 [32mINFO [0;39m http-nio-8080-exec-1] [org.apache.catalina.core.ContainerBase.[Tomcat].[localhost].[/]] [36mInitializing Spring DispatcherServlet 'dispatcherServlet'[0;39m
[2024-01-12 09:52:02 [32mINFO [0;39m http-nio-8080-exec-1] [org.springframework.web.servlet.DispatcherServlet] [36mInitializing Servlet 'dispatcherServlet'[0;39m
[2024-01-12 09:52:02 [32mINFO [0;39m http-nio-8080-exec-1] [org.springframework.web.servlet.DispatcherServlet] [36mCompleted initialization in 1 ms[0;39m
[2024-01-12 09:52:02 [32mINFO [0;39m http-nio-8080-exec-1] [com.green.greengram4.security.JwtAuthenticationFilter] [36mtoken : null[0;39m
[2024-01-12 09:52:02 [32mINFO [0;39m http-nio-8080-exec-3] [com.green.greengram4.security.JwtAuthenticationFilter] [36mtoken : null[0;39m
[2024-01-12 09:52:02 [32mINFO [0;39m http-nio-8080-exec-2] [com.green.greengram4.security.JwtAuthenticationFilter] [36mtoken : null[0;39m
[2024-01-12 09:52:02 [32mINFO [0;39m http-nio-8080-exec-4] [com.green.greengram4.security.JwtAuthenticationFilter] [36mtoken : null[0;39m
[2024-01-12 09:52:02 [32mINFO [0;39m http-nio-8080-exec-6] [com.green.greengram4.security.JwtAuthenticationFilter] [36mtoken : null[0;39m
[2024-01-12 09:52:02 [32mINFO [0;39m http-nio-8080-exec-5] [com.green.greengram4.security.JwtAuthenticationFilter] [36mtoken : null[0;39m
[2024-01-12 09:52:02 [32mINFO [0;39m http-nio-8080-exec-7] [com.green.greengram4.security.JwtAuthenticationFilter] [36mtoken : null[0;39m
[2024-01-12 09:52:02 [32mINFO [0;39m http-nio-8080-exec-8] [com.green.greengram4.security.JwtAuthenticationFilter] [36mtoken : null[0;39m
[2024-01-12 09:52:02 [32mINFO [0;39m http-nio-8080-exec-9] [com.green.greengram4.security.JwtAuthenticationFilter] [36mtoken : null[0;39m
[2024-01-12 09:52:03 [32mINFO [0;39m http-nio-8080-exec-9] [org.springdoc.api.AbstractOpenApiResource] [36mInit duration for springdoc-openapi is: 195 ms[0;39m
[2024-01-12 09:54:51 [32mINFO [0;39m http-nio-8080-exec-6] [com.green.greengram4.security.JwtAuthenticationFilter] [36mtoken : null[0;39m
[2024-01-12 09:54:51 [32mINFO [0;39m http-nio-8080-exec-6] [com.zaxxer.hikari.HikariDataSource] [36mHikariPool-1 - Starting...[0;39m
[2024-01-12 09:54:51 [32mINFO [0;39m http-nio-8080-exec-6] [com.zaxxer.hikari.pool.HikariPool] [36mHikariPool-1 - Added connection org.mariadb.jdbc.Connection@711cfc0f[0;39m
[2024-01-12 09:54:51 [32mINFO [0;39m http-nio-8080-exec-6] [com.zaxxer.hikari.HikariDataSource] [36mHikariPool-1 - Start completed.[0;39m
[2024-01-12 09:56:39 [32mINFO [0;39m SpringApplicationShutdownHook] [com.zaxxer.hikari.HikariDataSource] [36mHikariPool-1 - Shutdown initiated...[0;39m
[2024-01-12 09:56:39 [32mINFO [0;39m SpringApplicationShutdownHook] [com.zaxxer.hikari.HikariDataSource] [36mHikariPool-1 - Shutdown completed.[0;39m
[2024-01-12 10:34:49 [32mINFO [0;39m restartedMain] [com.green.greengram4.Greengram4Application] [36mStarting Greengram4Application using Java 17.0.8.1 with PID 9316 (D:\Students\kth\greengram4\build\classes\java\main started by Administrator in D:\Students\kth\greengram4)[0;39m
[2024-01-12 10:34:49 [32mINFO [0;39m restartedMain] [com.green.greengram4.Greengram4Application] [36mNo active profile set, falling back to 1 default profile: "default"[0;39m
[2024-01-12 10:34:49 [32mINFO [0;39m restartedMain] [org.springframework.boot.devtools.env.DevToolsPropertyDefaultsPostProcessor] [36mDevtools property defaults active! Set 'spring.devtools.add-properties' to 'false' to disable[0;39m
[2024-01-12 10:34:49 [32mINFO [0;39m restartedMain] [org.springframework.boot.devtools.env.DevToolsPropertyDefaultsPostProcessor] [36mFor additional web related logging consider setting the 'logging.level.web' property to 'DEBUG'[0;39m
[2024-01-12 10:34:50 [32mINFO [0;39m restartedMain] [org.springframework.boot.web.embedded.tomcat.TomcatWebServer] [36mTomcat initialized with port 8080 (http)[0;39m
[2024-01-12 10:34:50 [32mINFO [0;39m restartedMain] [org.apache.coyote.http11.Http11NioProtocol] [36mInitializing ProtocolHandler ["http-nio-8080"][0;39m
[2024-01-12 10:34:50 [32mINFO [0;39m restartedMain] [org.apache.catalina.core.StandardService] [36mStarting service [Tomcat][0;39m
[2024-01-12 10:34:50 [32mINFO [0;39m restartedMain] [org.apache.catalina.core.StandardEngine] [36mStarting Servlet engine: [Apache Tomcat/10.1.17][0;39m
[2024-01-12 10:34:50 [32mINFO [0;39m restartedMain] [org.apache.catalina.core.ContainerBase.[Tomcat].[localhost].[/]] [36mInitializing Spring embedded WebApplicationContext[0;39m
[2024-01-12 10:34:50 [32mINFO [0;39m restartedMain] [org.springframework.boot.web.servlet.context.ServletWebServerApplicationContext] [36mRoot WebApplicationContext: initialization completed in 887 ms[0;39m
[2024-01-12 10:34:50 [32mINFO [0;39m restartedMain] [com.green.greengram4.common.FirebaseConfiguration] [36mFirebaseApp Initialization Complete !!![0;39m
[2024-01-12 10:34:50 [33mWARN [0;39m restartedMain] [org.springframework.boot.autoconfigure.security.servlet.UserDetailsServiceAutoConfiguration] [36m

Using generated security password: b9c888d7-09f1-44ae-a19b-7a49d0cfdf81

This generated password is for development use only. Your security configuration must be updated before running your application in production.
[0;39m
[2024-01-12 10:34:50 [32mINFO [0;39m restartedMain] [org.springframework.boot.autoconfigure.web.servlet.WelcomePageHandlerMapping] [36mAdding welcome page: class path resource [static/index.html][0;39m
[2024-01-12 10:34:50 [32mINFO [0;39m restartedMain] [org.springframework.security.web.DefaultSecurityFilterChain] [36mWill secure any request with [org.springframework.security.web.session.DisableEncodeUrlFilter@78b63296, org.springframework.security.web.context.request.async.WebAsyncManagerIntegrationFilter@59d0686, org.springframework.security.web.context.SecurityContextHolderFilter@44e33009, org.springframework.security.web.header.HeaderWriterFilter@45892fec, org.springframework.web.filter.CorsFilter@2827256a, org.springframework.security.web.authentication.logout.LogoutFilter@1c737d5c, com.green.greengram4.security.JwtAuthenticationFilter@813fac8, org.springframework.security.web.savedrequest.RequestCacheAwareFilter@673e3fb9, org.springframework.security.web.servletapi.SecurityContextHolderAwareRequestFilter@1708b462, org.springframework.security.web.authentication.AnonymousAuthenticationFilter@67af3daa, org.springframework.security.web.session.SessionManagementFilter@4509f262, org.springframework.security.web.access.ExceptionTranslationFilter@52b597d6, org.springframework.security.web.access.intercept.AuthorizationFilter@34f925fb][0;39m
[2024-01-12 10:34:51 [32mINFO [0;39m restartedMain] [org.springframework.boot.devtools.autoconfigure.OptionalLiveReloadServer] [36mLiveReload server is running on port 35729[0;39m
[2024-01-12 10:34:51 [32mINFO [0;39m restartedMain] [org.apache.coyote.http11.Http11NioProtocol] [36mStarting ProtocolHandler ["http-nio-8080"][0;39m
[2024-01-12 10:34:51 [32mINFO [0;39m restartedMain] [org.springframework.boot.web.embedded.tomcat.TomcatWebServer] [36mTomcat started on port 8080 (http) with context path ''[0;39m
[2024-01-12 10:34:51 [32mINFO [0;39m restartedMain] [com.green.greengram4.Greengram4Application] [36mStarted Greengram4Application in 1.912 seconds (process running for 2.309)[0;39m
[2024-01-12 10:47:29 [32mINFO [0;39m restartedMain] [com.green.greengram4.Greengram4Application] [36mStarting Greengram4Application using Java 17.0.8.1 with PID 3180 (D:\Students\kth\greengram4\build\classes\java\main started by Administrator in D:\Students\kth\greengram4)[0;39m
[2024-01-12 10:47:29 [32mINFO [0;39m restartedMain] [com.green.greengram4.Greengram4Application] [36mNo active profile set, falling back to 1 default profile: "default"[0;39m
[2024-01-12 10:47:29 [32mINFO [0;39m restartedMain] [org.springframework.boot.devtools.env.DevToolsPropertyDefaultsPostProcessor] [36mDevtools property defaults active! Set 'spring.devtools.add-properties' to 'false' to disable[0;39m
[2024-01-12 10:47:29 [32mINFO [0;39m restartedMain] [org.springframework.boot.devtools.env.DevToolsPropertyDefaultsPostProcessor] [36mFor additional web related logging consider setting the 'logging.level.web' property to 'DEBUG'[0;39m
[2024-01-12 10:47:30 [32mINFO [0;39m restartedMain] [org.springframework.boot.web.embedded.tomcat.TomcatWebServer] [36mTomcat initialized with port 8080 (http)[0;39m
[2024-01-12 10:47:30 [32mINFO [0;39m restartedMain] [org.apache.coyote.http11.Http11NioProtocol] [36mInitializing ProtocolHandler ["http-nio-8080"][0;39m
[2024-01-12 10:47:30 [32mINFO [0;39m restartedMain] [org.apache.catalina.core.StandardService] [36mStarting service [Tomcat][0;39m
[2024-01-12 10:47:30 [32mINFO [0;39m restartedMain] [org.apache.catalina.core.StandardEngine] [36mStarting Servlet engine: [Apache Tomcat/10.1.17][0;39m
[2024-01-12 10:47:30 [32mINFO [0;39m restartedMain] [org.apache.catalina.core.ContainerBase.[Tomcat].[localhost].[/]] [36mInitializing Spring embedded WebApplicationContext[0;39m
[2024-01-12 10:47:30 [32mINFO [0;39m restartedMain] [org.springframework.boot.web.servlet.context.ServletWebServerApplicationContext] [36mRoot WebApplicationContext: initialization completed in 938 ms[0;39m
[2024-01-12 10:47:30 [32mINFO [0;39m restartedMain] [com.green.greengram4.common.FirebaseConfiguration] [36mFirebaseApp Initialization Complete !!![0;39m
[2024-01-12 10:47:30 [33mWARN [0;39m restartedMain] [org.springframework.boot.autoconfigure.security.servlet.UserDetailsServiceAutoConfiguration] [36m

Using generated security password: 4bfb078d-9808-4dab-9b8b-24fc69864ddb

This generated password is for development use only. Your security configuration must be updated before running your application in production.
[0;39m
[2024-01-12 10:47:30 [32mINFO [0;39m restartedMain] [org.springframework.boot.autoconfigure.web.servlet.WelcomePageHandlerMapping] [36mAdding welcome page: class path resource [static/index.html][0;39m
[2024-01-12 10:47:31 [32mINFO [0;39m restartedMain] [org.springframework.security.web.DefaultSecurityFilterChain] [36mWill secure any request with [org.springframework.security.web.session.DisableEncodeUrlFilter@605ff8c9, org.springframework.security.web.context.request.async.WebAsyncManagerIntegrationFilter@6384a72b, org.springframework.security.web.context.SecurityContextHolderFilter@5edc01e5, org.springframework.security.web.header.HeaderWriterFilter@23f8ae6a, org.springframework.web.filter.CorsFilter@3aa51073, org.springframework.security.web.authentication.logout.LogoutFilter@3a64b747, com.green.greengram4.security.JwtAuthenticationFilter@3952c9cb, org.springframework.security.web.savedrequest.RequestCacheAwareFilter@5aa8fed7, org.springframework.security.web.servletapi.SecurityContextHolderAwareRequestFilter@461283e7, org.springframework.security.web.authentication.AnonymousAuthenticationFilter@6419ab94, org.springframework.security.web.session.SessionManagementFilter@20d6b017, org.springframework.security.web.access.ExceptionTranslationFilter@23f5fab9, org.springframework.security.web.access.intercept.AuthorizationFilter@3b871be2][0;39m
[2024-01-12 10:47:31 [32mINFO [0;39m restartedMain] [org.springframework.boot.devtools.autoconfigure.OptionalLiveReloadServer] [36mLiveReload server is running on port 35729[0;39m
[2024-01-12 10:47:31 [32mINFO [0;39m restartedMain] [org.apache.coyote.http11.Http11NioProtocol] [36mStarting ProtocolHandler ["http-nio-8080"][0;39m
[2024-01-12 10:47:31 [32mINFO [0;39m restartedMain] [org.springframework.boot.web.embedded.tomcat.TomcatWebServer] [36mTomcat started on port 8080 (http) with context path ''[0;39m
[2024-01-12 10:47:31 [32mINFO [0;39m restartedMain] [com.green.greengram4.Greengram4Application] [36mStarted Greengram4Application in 2.056 seconds (process running for 2.504)[0;39m
[2024-01-12 10:47:34 [32mINFO [0;39m http-nio-8080-exec-1] [org.apache.catalina.core.ContainerBase.[Tomcat].[localhost].[/]] [36mInitializing Spring DispatcherServlet 'dispatcherServlet'[0;39m
[2024-01-12 10:47:34 [32mINFO [0;39m http-nio-8080-exec-1] [org.springframework.web.servlet.DispatcherServlet] [36mInitializing Servlet 'dispatcherServlet'[0;39m
[2024-01-12 10:47:34 [32mINFO [0;39m http-nio-8080-exec-1] [org.springframework.web.servlet.DispatcherServlet] [36mCompleted initialization in 1 ms[0;39m
[2024-01-12 10:47:34 [32mINFO [0;39m http-nio-8080-exec-1] [com.green.greengram4.security.JwtAuthenticationFilter] [36mtoken : eyJhbGciOiJIUzI1NiJ9.eyJ1c2VyIjoie1wiaXVzZXJcIjo1fSIsImlhdCI6MTcwNTAyMDg5MSwiZXhwIjoxNzA1MDI4MDkxfQ.IO98wthNxADWXQsEgRPukhUrS01lcWKRlP3LoFQmcvs[0;39m
[2024-01-12 10:47:34 [33mWARN [0;39m http-nio-8080-exec-1] [org.springframework.web.servlet.mvc.support.DefaultHandlerExceptionResolver] [36mResolved [org.springframework.web.multipart.MaxUploadSizeExceededException: Maximum upload size exceeded][0;39m
[2024-01-12 10:47:34 [33mWARN [0;39m http-nio-8080-exec-1] [org.springframework.web.servlet.mvc.support.DefaultHandlerExceptionResolver] [36mResolved [org.springframework.web.multipart.MaxUploadSizeExceededException: Maximum upload size exceeded][0;39m
[2024-01-12 10:50:20 [32mINFO [0;39m File Watcher] [org.springframework.boot.devtools.autoconfigure.LocalDevToolsAutoConfiguration$RestartingClassPathChangeChangedEventListener] [36mRestarting due to 2 class path changes (0 additions, 2 deletions, 0 modifications)[0;39m
[2024-01-12 10:50:20 [32mINFO [0;39m Thread-5] [org.apache.coyote.http11.Http11NioProtocol] [36mStopping ProtocolHandler ["http-nio-8080"][0;39m
[2024-01-12 10:50:20 [32mINFO [0;39m restartedMain] [com.green.greengram4.Greengram4Application] [36mStarting Greengram4Application using Java 17.0.8.1 with PID 3180 (D:\Students\kth\greengram4\build\classes\java\main started by Administrator in D:\Students\kth\greengram4)[0;39m
[2024-01-12 10:50:20 [32mINFO [0;39m restartedMain] [com.green.greengram4.Greengram4Application] [36mNo active profile set, falling back to 1 default profile: "default"[0;39m
[2024-01-12 10:50:20 [32mINFO [0;39m restartedMain] [org.springframework.boot.web.embedded.tomcat.TomcatWebServer] [36mTomcat initialized with port 8080 (http)[0;39m
[2024-01-12 10:50:20 [32mINFO [0;39m restartedMain] [org.apache.coyote.http11.Http11NioProtocol] [36mInitializing ProtocolHandler ["http-nio-8080"][0;39m
[2024-01-12 10:50:20 [32mINFO [0;39m restartedMain] [org.apache.catalina.core.StandardService] [36mStarting service [Tomcat][0;39m
[2024-01-12 10:50:20 [32mINFO [0;39m restartedMain] [org.apache.catalina.core.StandardEngine] [36mStarting Servlet engine: [Apache Tomcat/10.1.17][0;39m
[2024-01-12 10:50:20 [32mINFO [0;39m restartedMain] [org.apache.catalina.core.ContainerBase.[Tomcat].[localhost].[/]] [36mInitializing Spring embedded WebApplicationContext[0;39m
[2024-01-12 10:50:20 [32mINFO [0;39m restartedMain] [org.springframework.boot.web.servlet.context.ServletWebServerApplicationContext] [36mRoot WebApplicationContext: initialization completed in 291 ms[0;39m
[2024-01-12 10:50:21 [33mWARN [0;39m restartedMain] [org.springframework.boot.autoconfigure.security.servlet.UserDetailsServiceAutoConfiguration] [36m

Using generated security password: f9b4400b-8c73-4645-9460-e34d02227a4c

This generated password is for development use only. Your security configuration must be updated before running your application in production.
[0;39m
[2024-01-12 10:50:21 [32mINFO [0;39m restartedMain] [org.springframework.boot.autoconfigure.web.servlet.WelcomePageHandlerMapping] [36mAdding welcome page: class path resource [static/index.html][0;39m
[2024-01-12 10:50:21 [32mINFO [0;39m restartedMain] [org.springframework.security.web.DefaultSecurityFilterChain] [36mWill secure any request with [org.springframework.security.web.session.DisableEncodeUrlFilter@52638560, org.springframework.security.web.context.request.async.WebAsyncManagerIntegrationFilter@210a51c3, org.springframework.security.web.context.SecurityContextHolderFilter@56bfa392, org.springframework.security.web.header.HeaderWriterFilter@26a31e2, org.springframework.web.filter.CorsFilter@4ab10dd6, org.springframework.security.web.authentication.logout.LogoutFilter@2b7b0c3b, com.green.greengram4.security.JwtAuthenticationFilter@129b9cd9, org.springframework.security.web.savedrequest.RequestCacheAwareFilter@66012018, org.springframework.security.web.servletapi.SecurityContextHolderAwareRequestFilter@35b7e81b, org.springframework.security.web.authentication.AnonymousAuthenticationFilter@45ee4b8a, org.springframework.security.web.session.SessionManagementFilter@576c53ba, org.springframework.security.web.access.ExceptionTranslationFilter@1634d75a, org.springframework.security.web.access.intercept.AuthorizationFilter@4e682705][0;39m
[2024-01-12 10:50:21 [32mINFO [0;39m restartedMain] [org.springframework.boot.devtools.autoconfigure.OptionalLiveReloadServer] [36mLiveReload server is running on port 35729[0;39m
[2024-01-12 10:50:21 [32mINFO [0;39m restartedMain] [org.apache.coyote.http11.Http11NioProtocol] [36mStarting ProtocolHandler ["http-nio-8080"][0;39m
[2024-01-12 10:50:21 [32mINFO [0;39m restartedMain] [org.springframework.boot.web.embedded.tomcat.TomcatWebServer] [36mTomcat started on port 8080 (http) with context path ''[0;39m
[2024-01-12 10:50:21 [32mINFO [0;39m restartedMain] [com.green.greengram4.Greengram4Application] [36mStarted Greengram4Application in 0.497 seconds (process running for 172.39)[0;39m
[2024-01-12 10:50:21 [32mINFO [0;39m restartedMain] [org.springframework.boot.devtools.autoconfigure.ConditionEvaluationDeltaLoggingListener] [36mCondition evaluation unchanged[0;39m
[2024-01-12 10:50:22 [32mINFO [0;39m File Watcher] [org.springframework.boot.devtools.autoconfigure.LocalDevToolsAutoConfiguration$RestartingClassPathChangeChangedEventListener] [36mRestarting due to 34 class path changes (2 additions, 0 deletions, 32 modifications)[0;39m
[2024-01-12 10:50:22 [32mINFO [0;39m Thread-7] [org.apache.coyote.http11.Http11NioProtocol] [36mStopping ProtocolHandler ["http-nio-8080"][0;39m
[2024-01-12 10:50:22 [32mINFO [0;39m restartedMain] [com.green.greengram4.Greengram4Application] [36mStarting Greengram4Application using Java 17.0.8.1 with PID 3180 (D:\Students\kth\greengram4\build\classes\java\main started by Administrator in D:\Students\kth\greengram4)[0;39m
[2024-01-12 10:50:22 [32mINFO [0;39m restartedMain] [com.green.greengram4.Greengram4Application] [36mNo active profile set, falling back to 1 default profile: "default"[0;39m
[2024-01-12 10:50:22 [32mINFO [0;39m restartedMain] [org.springframework.boot.web.embedded.tomcat.TomcatWebServer] [36mTomcat initialized with port 8080 (http)[0;39m
[2024-01-12 10:50:22 [32mINFO [0;39m restartedMain] [org.apache.coyote.http11.Http11NioProtocol] [36mInitializing ProtocolHandler ["http-nio-8080"][0;39m
[2024-01-12 10:50:22 [32mINFO [0;39m restartedMain] [org.apache.catalina.core.StandardService] [36mStarting service [Tomcat][0;39m
[2024-01-12 10:50:22 [32mINFO [0;39m restartedMain] [org.apache.catalina.core.StandardEngine] [36mStarting Servlet engine: [Apache Tomcat/10.1.17][0;39m
[2024-01-12 10:50:22 [32mINFO [0;39m restartedMain] [org.apache.catalina.core.ContainerBase.[Tomcat].[localhost].[/]] [36mInitializing Spring embedded WebApplicationContext[0;39m
[2024-01-12 10:50:22 [32mINFO [0;39m restartedMain] [org.springframework.boot.web.servlet.context.ServletWebServerApplicationContext] [36mRoot WebApplicationContext: initialization completed in 255 ms[0;39m
[2024-01-12 10:50:22 [33mWARN [0;39m restartedMain] [org.springframework.boot.autoconfigure.security.servlet.UserDetailsServiceAutoConfiguration] [36m

Using generated security password: 90096a33-2287-4163-b4b8-3ab9c673a172

This generated password is for development use only. Your security configuration must be updated before running your application in production.
[0;39m
[2024-01-12 10:50:22 [32mINFO [0;39m restartedMain] [org.springframework.boot.autoconfigure.web.servlet.WelcomePageHandlerMapping] [36mAdding welcome page: class path resource [static/index.html][0;39m
[2024-01-12 10:50:22 [32mINFO [0;39m restartedMain] [org.springframework.security.web.DefaultSecurityFilterChain] [36mWill secure any request with [org.springframework.security.web.session.DisableEncodeUrlFilter@16b3d76b, org.springframework.security.web.context.request.async.WebAsyncManagerIntegrationFilter@96cb3f8, org.springframework.security.web.context.SecurityContextHolderFilter@e4d5396, org.springframework.security.web.header.HeaderWriterFilter@1cc86c1e, org.springframework.web.filter.CorsFilter@6ba7c50d, org.springframework.security.web.authentication.logout.LogoutFilter@2237bee3, com.green.greengram4.security.JwtAuthenticationFilter@c66f005, org.springframework.security.web.savedrequest.RequestCacheAwareFilter@43499506, org.springframework.security.web.servletapi.SecurityContextHolderAwareRequestFilter@1cbea9ed, org.springframework.security.web.authentication.AnonymousAuthenticationFilter@217016ab, org.springframework.security.web.session.SessionManagementFilter@55a1e8e4, org.springframework.security.web.access.ExceptionTranslationFilter@14fb2647, org.springframework.security.web.access.intercept.AuthorizationFilter@44c1cb91][0;39m
[2024-01-12 10:50:23 [32mINFO [0;39m restartedMain] [org.springframework.boot.devtools.autoconfigure.OptionalLiveReloadServer] [36mLiveReload server is running on port 35729[0;39m
[2024-01-12 10:50:23 [32mINFO [0;39m restartedMain] [org.apache.coyote.http11.Http11NioProtocol] [36mStarting ProtocolHandler ["http-nio-8080"][0;39m
[2024-01-12 10:50:23 [32mINFO [0;39m restartedMain] [org.springframework.boot.web.embedded.tomcat.TomcatWebServer] [36mTomcat started on port 8080 (http) with context path ''[0;39m
[2024-01-12 10:50:23 [32mINFO [0;39m restartedMain] [com.green.greengram4.Greengram4Application] [36mStarted Greengram4Application in 0.444 seconds (process running for 174.309)[0;39m
[2024-01-12 10:50:23 [32mINFO [0;39m restartedMain] [org.springframework.boot.devtools.autoconfigure.ConditionEvaluationDeltaLoggingListener] [36mCondition evaluation unchanged[0;39m
[2024-01-12 10:50:39 [32mINFO [0;39m restartedMain] [com.green.greengram4.Greengram4Application] [36mStarting Greengram4Application using Java 17.0.8.1 with PID 7160 (D:\Students\kth\greengram4\build\classes\java\main started by Administrator in D:\Students\kth\greengram4)[0;39m
[2024-01-12 10:50:39 [32mINFO [0;39m restartedMain] [com.green.greengram4.Greengram4Application] [36mNo active profile set, falling back to 1 default profile: "default"[0;39m
[2024-01-12 10:50:39 [32mINFO [0;39m restartedMain] [org.springframework.boot.devtools.env.DevToolsPropertyDefaultsPostProcessor] [36mDevtools property defaults active! Set 'spring.devtools.add-properties' to 'false' to disable[0;39m
[2024-01-12 10:50:39 [32mINFO [0;39m restartedMain] [org.springframework.boot.devtools.env.DevToolsPropertyDefaultsPostProcessor] [36mFor additional web related logging consider setting the 'logging.level.web' property to 'DEBUG'[0;39m
[2024-01-12 10:50:40 [32mINFO [0;39m restartedMain] [org.springframework.boot.web.embedded.tomcat.TomcatWebServer] [36mTomcat initialized with port 8080 (http)[0;39m
[2024-01-12 10:50:40 [32mINFO [0;39m restartedMain] [org.apache.coyote.http11.Http11NioProtocol] [36mInitializing ProtocolHandler ["http-nio-8080"][0;39m
[2024-01-12 10:50:40 [32mINFO [0;39m restartedMain] [org.apache.catalina.core.StandardService] [36mStarting service [Tomcat][0;39m
[2024-01-12 10:50:40 [32mINFO [0;39m restartedMain] [org.apache.catalina.core.StandardEngine] [36mStarting Servlet engine: [Apache Tomcat/10.1.17][0;39m
[2024-01-12 10:50:40 [32mINFO [0;39m restartedMain] [org.apache.catalina.core.ContainerBase.[Tomcat].[localhost].[/]] [36mInitializing Spring embedded WebApplicationContext[0;39m
[2024-01-12 10:50:40 [32mINFO [0;39m restartedMain] [org.springframework.boot.web.servlet.context.ServletWebServerApplicationContext] [36mRoot WebApplicationContext: initialization completed in 953 ms[0;39m
[2024-01-12 10:50:40 [32mINFO [0;39m restartedMain] [com.green.greengram4.common.FirebaseConfiguration] [36mFirebaseApp Initialization Complete !!![0;39m
[2024-01-12 10:50:40 [33mWARN [0;39m restartedMain] [org.springframework.boot.autoconfigure.security.servlet.UserDetailsServiceAutoConfiguration] [36m

Using generated security password: c15b6667-5aa0-4bd5-bf4e-18bc858c8193

This generated password is for development use only. Your security configuration must be updated before running your application in production.
[0;39m
[2024-01-12 10:50:40 [32mINFO [0;39m restartedMain] [org.springframework.boot.autoconfigure.web.servlet.WelcomePageHandlerMapping] [36mAdding welcome page: class path resource [static/index.html][0;39m
[2024-01-12 10:50:40 [32mINFO [0;39m restartedMain] [org.springframework.security.web.DefaultSecurityFilterChain] [36mWill secure any request with [org.springframework.security.web.session.DisableEncodeUrlFilter@6d3c1091, org.springframework.security.web.context.request.async.WebAsyncManagerIntegrationFilter@45305b10, org.springframework.security.web.context.SecurityContextHolderFilter@1df250c2, org.springframework.security.web.header.HeaderWriterFilter@6ecb1ee, org.springframework.web.filter.CorsFilter@5125edf, org.springframework.security.web.authentication.logout.LogoutFilter@410e7943, com.green.greengram4.security.JwtAuthenticationFilter@43766a46, org.springframework.security.web.savedrequest.RequestCacheAwareFilter@626b5b1e, org.springframework.security.web.servletapi.SecurityContextHolderAwareRequestFilter@265a1e44, org.springframework.security.web.authentication.AnonymousAuthenticationFilter@443a591, org.springframework.security.web.session.SessionManagementFilter@4c42380f, org.springframework.security.web.access.ExceptionTranslationFilter@49f00c9b, org.springframework.security.web.access.intercept.AuthorizationFilter@1a364244][0;39m
[2024-01-12 10:50:41 [32mINFO [0;39m restartedMain] [org.springframework.boot.devtools.autoconfigure.OptionalLiveReloadServer] [36mLiveReload server is running on port 35729[0;39m
[2024-01-12 10:50:41 [32mINFO [0;39m restartedMain] [org.apache.coyote.http11.Http11NioProtocol] [36mStarting ProtocolHandler ["http-nio-8080"][0;39m
[2024-01-12 10:50:41 [32mINFO [0;39m restartedMain] [org.springframework.boot.web.embedded.tomcat.TomcatWebServer] [36mTomcat started on port 8080 (http) with context path ''[0;39m
[2024-01-12 10:50:41 [32mINFO [0;39m restartedMain] [com.green.greengram4.Greengram4Application] [36mStarted Greengram4Application in 2.187 seconds (process running for 2.688)[0;39m
[2024-01-12 10:51:12 [32mINFO [0;39m http-nio-8080-exec-2] [org.apache.catalina.core.ContainerBase.[Tomcat].[localhost].[/]] [36mInitializing Spring DispatcherServlet 'dispatcherServlet'[0;39m
[2024-01-12 10:51:12 [32mINFO [0;39m http-nio-8080-exec-2] [org.springframework.web.servlet.DispatcherServlet] [36mInitializing Servlet 'dispatcherServlet'[0;39m
[2024-01-12 10:51:12 [32mINFO [0;39m http-nio-8080-exec-2] [org.springframework.web.servlet.DispatcherServlet] [36mCompleted initialization in 0 ms[0;39m
[2024-01-12 10:51:12 [32mINFO [0;39m http-nio-8080-exec-2] [com.green.greengram4.security.JwtAuthenticationFilter] [36mtoken : eyJhbGciOiJIUzI1NiJ9.eyJ1c2VyIjoie1wiaXVzZXJcIjo1fSIsImlhdCI6MTcwNTAyMDg5MSwiZXhwIjoxNzA1MDI4MDkxfQ.IO98wthNxADWXQsEgRPukhUrS01lcWKRlP3LoFQmcvs[0;39m
[2024-01-12 10:51:18 [32mINFO [0;39m http-nio-8080-exec-2] [com.green.greengram4.feed.FeedController] [36mpics : [org.springframework.web.multipart.support.StandardMultipartHttpServletRequest$StandardMultipartFile@3f68f5b1, org.springframework.web.multipart.support.StandardMultipartHttpServletRequest$StandardMultipartFile@2e767187][0;39m
[2024-01-12 10:52:02 [32mINFO [0;39m http-nio-8080-exec-2] [com.green.greengram4.feed.FeedController] [36mdto : FeedInsDto(iuser=0, contents=포스트맨 테스트, location=대구)[0;39m
[2024-01-12 10:52:02 [32mINFO [0;39m http-nio-8080-exec-2] [com.zaxxer.hikari.HikariDataSource] [36mHikariPool-1 - Starting...[0;39m
[2024-01-12 10:52:03 [32mINFO [0;39m http-nio-8080-exec-2] [com.zaxxer.hikari.pool.HikariPool] [36mHikariPool-1 - Added connection org.mariadb.jdbc.Connection@25d7cdb8[0;39m
[2024-01-12 10:52:03 [32mINFO [0;39m http-nio-8080-exec-2] [com.zaxxer.hikari.HikariDataSource] [36mHikariPool-1 - Start completed.[0;39m
[2024-01-12 10:52:03 [32mINFO [0;39m http-nio-8080-exec-2] [com.green.greengram4.feed.FeedService] [36mfeedResult : 1[0;39m
[2024-01-12 10:52:03 [32mINFO [0;39m SpringApplicationShutdownHook] [com.zaxxer.hikari.HikariDataSource] [36mHikariPool-1 - Shutdown initiated...[0;39m
[2024-01-12 10:52:03 [32mINFO [0;39m SpringApplicationShutdownHook] [com.zaxxer.hikari.HikariDataSource] [36mHikariPool-1 - Shutdown completed.[0;39m
[2024-01-12 15:02:40 [32mINFO [0;39m restartedMain] [com.green.greengram4.Greengram4Application] [36mStarting Greengram4Application using Java 17.0.8.1 with PID 11084 (D:\Students\kth\greengram4\build\classes\java\main started by Administrator in D:\Students\kth\greengram4)[0;39m
[2024-01-12 15:02:40 [32mINFO [0;39m restartedMain] [com.green.greengram4.Greengram4Application] [36mNo active profile set, falling back to 1 default profile: "default"[0;39m
[2024-01-12 15:02:40 [32mINFO [0;39m restartedMain] [org.springframework.boot.devtools.env.DevToolsPropertyDefaultsPostProcessor] [36mDevtools property defaults active! Set 'spring.devtools.add-properties' to 'false' to disable[0;39m
[2024-01-12 15:02:40 [32mINFO [0;39m restartedMain] [org.springframework.boot.devtools.env.DevToolsPropertyDefaultsPostProcessor] [36mFor additional web related logging consider setting the 'logging.level.web' property to 'DEBUG'[0;39m
[2024-01-12 15:02:40 [32mINFO [0;39m restartedMain] [org.springframework.boot.web.embedded.tomcat.TomcatWebServer] [36mTomcat initialized with port 8080 (http)[0;39m
[2024-01-12 15:02:41 [32mINFO [0;39m restartedMain] [org.apache.coyote.http11.Http11NioProtocol] [36mInitializing ProtocolHandler ["http-nio-8080"][0;39m
[2024-01-12 15:02:41 [32mINFO [0;39m restartedMain] [org.apache.catalina.core.StandardService] [36mStarting service [Tomcat][0;39m
[2024-01-12 15:02:41 [32mINFO [0;39m restartedMain] [org.apache.catalina.core.StandardEngine] [36mStarting Servlet engine: [Apache Tomcat/10.1.17][0;39m
[2024-01-12 15:02:41 [32mINFO [0;39m restartedMain] [org.apache.catalina.core.ContainerBase.[Tomcat].[localhost].[/]] [36mInitializing Spring embedded WebApplicationContext[0;39m
[2024-01-12 15:02:41 [32mINFO [0;39m restartedMain] [org.springframework.boot.web.servlet.context.ServletWebServerApplicationContext] [36mRoot WebApplicationContext: initialization completed in 923 ms[0;39m
[2024-01-12 15:02:41 [32mINFO [0;39m restartedMain] [com.green.greengram4.common.FirebaseConfiguration] [36mFirebaseApp Initialization Complete !!![0;39m
[2024-01-12 15:02:41 [33mWARN [0;39m restartedMain] [org.springframework.boot.autoconfigure.security.servlet.UserDetailsServiceAutoConfiguration] [36m

Using generated security password: fac44cae-b37b-4c68-a2a4-8d5d62a7a218

This generated password is for development use only. Your security configuration must be updated before running your application in production.
[0;39m
[2024-01-12 15:02:41 [32mINFO [0;39m restartedMain] [org.springframework.boot.autoconfigure.web.servlet.WelcomePageHandlerMapping] [36mAdding welcome page: class path resource [static/index.html][0;39m
[2024-01-12 15:02:41 [32mINFO [0;39m restartedMain] [org.springframework.security.web.DefaultSecurityFilterChain] [36mWill secure any request with [org.springframework.security.web.session.DisableEncodeUrlFilter@62ad2e4b, org.springframework.security.web.context.request.async.WebAsyncManagerIntegrationFilter@50a204be, org.springframework.security.web.context.SecurityContextHolderFilter@7883802a, org.springframework.security.web.header.HeaderWriterFilter@2d1466c5, org.springframework.web.filter.CorsFilter@679fd543, org.springframework.security.web.authentication.logout.LogoutFilter@43800b23, com.green.greengram4.security.JwtAuthenticationFilter@1acae2ec, org.springframework.security.web.savedrequest.RequestCacheAwareFilter@b2e47fa, org.springframework.security.web.servletapi.SecurityContextHolderAwareRequestFilter@603a1294, org.springframework.security.web.authentication.AnonymousAuthenticationFilter@196d26b8, org.springframework.security.web.session.SessionManagementFilter@96f8e50, org.springframework.security.web.access.ExceptionTranslationFilter@13ca57bd, org.springframework.security.web.access.intercept.AuthorizationFilter@30a053ab][0;39m
[2024-01-12 15:02:41 [32mINFO [0;39m restartedMain] [org.springframework.boot.devtools.autoconfigure.OptionalLiveReloadServer] [36mLiveReload server is running on port 35729[0;39m
[2024-01-12 15:02:41 [32mINFO [0;39m restartedMain] [org.apache.coyote.http11.Http11NioProtocol] [36mStarting ProtocolHandler ["http-nio-8080"][0;39m
[2024-01-12 15:02:41 [32mINFO [0;39m restartedMain] [org.springframework.boot.web.embedded.tomcat.TomcatWebServer] [36mTomcat started on port 8080 (http) with context path ''[0;39m
[2024-01-12 15:02:41 [32mINFO [0;39m restartedMain] [com.green.greengram4.Greengram4Application] [36mStarted Greengram4Application in 1.991 seconds (process running for 2.392)[0;39m
[2024-01-12 15:02:48 [32mINFO [0;39m http-nio-8080-exec-1] [org.apache.catalina.core.ContainerBase.[Tomcat].[localhost].[/]] [36mInitializing Spring DispatcherServlet 'dispatcherServlet'[0;39m
[2024-01-12 15:02:48 [32mINFO [0;39m http-nio-8080-exec-1] [org.springframework.web.servlet.DispatcherServlet] [36mInitializing Servlet 'dispatcherServlet'[0;39m
[2024-01-12 15:02:48 [32mINFO [0;39m http-nio-8080-exec-1] [org.springframework.web.servlet.DispatcherServlet] [36mCompleted initialization in 1 ms[0;39m
[2024-01-12 15:02:48 [32mINFO [0;39m http-nio-8080-exec-1] [com.green.greengram4.security.JwtAuthenticationFilter] [36mtoken : null[0;39m
[2024-01-12 15:02:48 [32mINFO [0;39m http-nio-8080-exec-2] [com.green.greengram4.security.JwtAuthenticationFilter] [36mtoken : null[0;39m
[2024-01-12 15:02:48 [32mINFO [0;39m http-nio-8080-exec-6] [com.green.greengram4.security.JwtAuthenticationFilter] [36mtoken : null[0;39m
[2024-01-12 15:02:48 [32mINFO [0;39m http-nio-8080-exec-8] [com.green.greengram4.security.JwtAuthenticationFilter] [36mtoken : null[0;39m
[2024-01-12 15:02:48 [32mINFO [0;39m http-nio-8080-exec-3] [com.green.greengram4.security.JwtAuthenticationFilter] [36mtoken : null[0;39m
[2024-01-12 15:02:48 [32mINFO [0;39m http-nio-8080-exec-5] [com.green.greengram4.security.JwtAuthenticationFilter] [36mtoken : null[0;39m
[2024-01-12 15:02:48 [32mINFO [0;39m http-nio-8080-exec-7] [com.green.greengram4.security.JwtAuthenticationFilter] [36mtoken : null[0;39m
[2024-01-12 15:02:49 [32mINFO [0;39m http-nio-8080-exec-4] [com.green.greengram4.security.JwtAuthenticationFilter] [36mtoken : null[0;39m
[2024-01-12 15:02:49 [32mINFO [0;39m http-nio-8080-exec-9] [com.green.greengram4.security.JwtAuthenticationFilter] [36mtoken : null[0;39m
[2024-01-12 15:02:49 [32mINFO [0;39m http-nio-8080-exec-9] [org.springdoc.api.AbstractOpenApiResource] [36mInit duration for springdoc-openapi is: 175 ms[0;39m
[2024-01-12 15:03:04 [32mINFO [0;39m http-nio-8080-exec-10] [com.green.greengram4.security.JwtAuthenticationFilter] [36mtoken : null[0;39m
[2024-01-12 15:03:04 [32mINFO [0;39m http-nio-8080-exec-10] [com.zaxxer.hikari.HikariDataSource] [36mHikariPool-1 - Starting...[0;39m
[2024-01-12 15:03:04 [32mINFO [0;39m http-nio-8080-exec-10] [com.zaxxer.hikari.pool.HikariPool] [36mHikariPool-1 - Added connection org.mariadb.jdbc.Connection@b9432ec[0;39m
[2024-01-12 15:03:04 [32mINFO [0;39m http-nio-8080-exec-10] [com.zaxxer.hikari.HikariDataSource] [36mHikariPool-1 - Start completed.[0;39m
[2024-01-12 16:52:44 [32mINFO [0;39m SpringApplicationShutdownHook] [com.zaxxer.hikari.HikariDataSource] [36mHikariPool-1 - Shutdown initiated...[0;39m
[2024-01-12 16:52:44 [32mINFO [0;39m SpringApplicationShutdownHook] [com.zaxxer.hikari.HikariDataSource] [36mHikariPool-1 - Shutdown completed.[0;39m
