[2024-01-23 10:50:50 [32mINFO [0;39m background-preinit] [org.hibernate.validator.internal.util.Version] [36mHV000001: Hibernate Validator 8.0.1.Final[0;39m
[2024-01-23 10:50:50 [32mINFO [0;39m restartedMain] [com.green.greengram4.Greengram4Application] [36mStarting Greengram4Application using Java 17.0.8.1 with PID 6280 (D:\Students\kth\greengram4\build\classes\java\main started by Administrator in D:\Students\kth\greengram4)[0;39m
[2024-01-23 10:50:50 [32mINFO [0;39m restartedMain] [com.green.greengram4.Greengram4Application] [36mNo active profile set, falling back to 1 default profile: "default"[0;39m
[2024-01-23 10:50:50 [32mINFO [0;39m restartedMain] [org.springframework.boot.devtools.env.DevToolsPropertyDefaultsPostProcessor] [36mDevtools property defaults active! Set 'spring.devtools.add-properties' to 'false' to disable[0;39m
[2024-01-23 10:50:50 [32mINFO [0;39m restartedMain] [org.springframework.boot.devtools.env.DevToolsPropertyDefaultsPostProcessor] [36mFor additional web related logging consider setting the 'logging.level.web' property to 'DEBUG'[0;39m
[2024-01-23 10:50:51 [32mINFO [0;39m restartedMain] [org.springframework.boot.web.embedded.tomcat.TomcatWebServer] [36mTomcat initialized with port 8080 (http)[0;39m
[2024-01-23 10:50:51 [32mINFO [0;39m restartedMain] [org.apache.coyote.http11.Http11NioProtocol] [36mInitializing ProtocolHandler ["http-nio-8080"][0;39m
[2024-01-23 10:50:51 [32mINFO [0;39m restartedMain] [org.apache.catalina.core.StandardService] [36mStarting service [Tomcat][0;39m
[2024-01-23 10:50:51 [32mINFO [0;39m restartedMain] [org.apache.catalina.core.StandardEngine] [36mStarting Servlet engine: [Apache Tomcat/10.1.17][0;39m
[2024-01-23 10:50:51 [32mINFO [0;39m restartedMain] [org.apache.catalina.core.ContainerBase.[Tomcat].[localhost].[/]] [36mInitializing Spring embedded WebApplicationContext[0;39m
[2024-01-23 10:50:51 [32mINFO [0;39m restartedMain] [org.springframework.boot.web.servlet.context.ServletWebServerApplicationContext] [36mRoot WebApplicationContext: initialization completed in 991 ms[0;39m
[2024-01-23 10:50:51 [32mINFO [0;39m restartedMain] [com.green.greengram4.common.FirebaseConfiguration] [36mFirebaseApp Initialization Complete !!![0;39m
[2024-01-23 10:50:51 [33mWARN [0;39m restartedMain] [org.springframework.boot.autoconfigure.security.servlet.UserDetailsServiceAutoConfiguration] [36m

Using generated security password: f6617f26-6bf7-405c-bb26-5e68fb806af8

This generated password is for development use only. Your security configuration must be updated before running your application in production.
[0;39m
[2024-01-23 10:50:51 [32mINFO [0;39m restartedMain] [org.springframework.boot.autoconfigure.web.servlet.WelcomePageHandlerMapping] [36mAdding welcome page: class path resource [static/index.html][0;39m
[2024-01-23 10:50:51 [32mINFO [0;39m restartedMain] [org.springframework.security.web.DefaultSecurityFilterChain] [36mWill secure any request with [org.springframework.security.web.session.DisableEncodeUrlFilter@4162ca8c, org.springframework.security.web.context.request.async.WebAsyncManagerIntegrationFilter@8259c8, org.springframework.security.web.context.SecurityContextHolderFilter@4a8d2cd4, org.springframework.security.web.header.HeaderWriterFilter@12bff861, org.springframework.web.filter.CorsFilter@74c19cb4, org.springframework.security.web.authentication.logout.LogoutFilter@37f72530, com.green.greengram4.security.JwtAuthenticationFilter@2a270070, org.springframework.security.web.savedrequest.RequestCacheAwareFilter@68d9dab5, org.springframework.security.web.servletapi.SecurityContextHolderAwareRequestFilter@7359cf5d, org.springframework.security.web.authentication.AnonymousAuthenticationFilter@2acddb56, org.springframework.security.web.session.SessionManagementFilter@1f38fadf, org.springframework.security.web.access.ExceptionTranslationFilter@3907bc5c, org.springframework.security.web.access.intercept.AuthorizationFilter@5cf3aa52][0;39m
[2024-01-23 10:50:52 [32mINFO [0;39m restartedMain] [org.springframework.boot.devtools.autoconfigure.OptionalLiveReloadServer] [36mLiveReload server is running on port 35729[0;39m
[2024-01-23 10:50:52 [32mINFO [0;39m restartedMain] [org.apache.coyote.http11.Http11NioProtocol] [36mStarting ProtocolHandler ["http-nio-8080"][0;39m
[2024-01-23 10:50:52 [32mINFO [0;39m restartedMain] [org.springframework.boot.web.embedded.tomcat.TomcatWebServer] [36mTomcat started on port 8080 (http) with context path ''[0;39m
[2024-01-23 10:50:52 [32mINFO [0;39m restartedMain] [com.green.greengram4.Greengram4Application] [36mStarted Greengram4Application in 2.111 seconds (process running for 2.51)[0;39m
